Log file open, 04/11/17 01:29:23
LogInit:Display: Running engine for game: PurgaStory
LogPlatformFile: Not using cached read wrapper
LogInit:Display: RandInit(-1448134543) SRandInit(-1448134543).
LogTaskGraph: Started task graph with 5 named threads and 8 total threads with 1 sets of task threads.
LogStats: Stats thread started at 0.185186
LogPluginManager: Loaded Plugin Paper2D, From D:/Unreal/Epic Games/4.14/Engine/Plugins/2D/Paper2D/Paper2D.uplugin
LogPluginManager: Loaded Plugin LightPropagationVolume, From D:/Unreal/Epic Games/4.14/Engine/Plugins/Blendables/LightPropagationVolume/LightPropagationVolume.uplugin
LogPluginManager: Loaded Plugin BlankPlugin, From D:/Unreal/Epic Games/4.14/Engine/Plugins/Developer/BlankPlugin/BlankPlugin.uplugin
LogPluginManager: Loaded Plugin CodeLiteSourceCodeAccess, From D:/Unreal/Epic Games/4.14/Engine/Plugins/Developer/CodeLiteSourceCodeAccess/CodeLiteSourceCodeAccess.uplugin
LogPluginManager: Loaded Plugin GitSourceControl, From D:/Unreal/Epic Games/4.14/Engine/Plugins/Developer/GitSourceControl/GitSourceControl.uplugin
LogPluginManager: Loaded Plugin KDevelopSourceCodeAccess, From D:/Unreal/Epic Games/4.14/Engine/Plugins/Developer/KDevelopSourceCodeAccess/KDevelopSourceCodeAccess.uplugin
LogPluginManager: Loaded Plugin NullSourceCodeAccess, From D:/Unreal/Epic Games/4.14/Engine/Plugins/Developer/NullSourceCodeAccess/NullSourceCodeAccess.uplugin
LogPluginManager: Loaded Plugin OneSkyLocalizationService, From D:/Unreal/Epic Games/4.14/Engine/Plugins/Developer/OneSkyLocalizationService/OneSkyLocalizationService.uplugin
LogPluginManager: Loaded Plugin PerforceSourceControl, From D:/Unreal/Epic Games/4.14/Engine/Plugins/Developer/PerforceSourceControl/PerforceSourceControl.uplugin
LogPluginManager: Loaded Plugin SubversionSourceControl, From D:/Unreal/Epic Games/4.14/Engine/Plugins/Developer/SubversionSourceControl/SubversionSourceControl.uplugin
LogPluginManager: Loaded Plugin UObjectPlugin, From D:/Unreal/Epic Games/4.14/Engine/Plugins/Developer/UObjectPlugin/UObjectPlugin.uplugin
LogPluginManager: Loaded Plugin VisualStudioSourceCodeAccess, From D:/Unreal/Epic Games/4.14/Engine/Plugins/Developer/VisualStudioSourceCodeAccess/VisualStudioSourceCodeAccess.uplugin
LogPluginManager: Loaded Plugin XCodeSourceCodeAccess, From D:/Unreal/Epic Games/4.14/Engine/Plugins/Developer/XCodeSourceCodeAccess/XCodeSourceCodeAccess.uplugin
LogPluginManager: Loaded Plugin AudioCapture, From D:/Unreal/Epic Games/4.14/Engine/Plugins/Editor/AudioCapture/AudioCapture.uplugin
LogPluginManager: Loaded Plugin EpicSurvey, From D:/Unreal/Epic Games/4.14/Engine/Plugins/Editor/EpicSurvey/EpicSurvey.uplugin
LogPluginManager: Loaded Plugin MacGraphicsSwitching, From D:/Unreal/Epic Games/4.14/Engine/Plugins/Editor/MacGraphicsSwitching/MacGraphicsSwitching.uplugin
LogPluginManager: Loaded Plugin MobileLauncherProfileWizard, From D:/Unreal/Epic Games/4.14/Engine/Plugins/Editor/MobileLauncherProfileWizard/MobileLauncherProfileWizard.uplugin
LogPluginManager: Loaded Plugin PluginBrowser, From D:/Unreal/Epic Games/4.14/Engine/Plugins/Editor/PluginBrowser/PluginBrowser.uplugin
LogPluginManager: Loaded Plugin SpeedTreeImporter, From D:/Unreal/Epic Games/4.14/Engine/Plugins/Editor/SpeedTreeImporter/SpeedTreeImporter.uplugin
LogPluginManager: Loaded Plugin SuperSearchEditor, From D:/Unreal/Epic Games/4.14/Engine/Plugins/Editor/SuperSearchEditor/SuperSearchEditor.uplugin
LogPluginManager: Loaded Plugin AlembicImporter, From D:/Unreal/Epic Games/4.14/Engine/Plugins/Experimental/AlembicImporter/AlembicImporter.uplugin
LogPluginManager: Loaded Plugin BlueprintStats, From D:/Unreal/Epic Games/4.14/Engine/Plugins/Experimental/BlueprintStats/BlueprintStats.uplugin
LogPluginManager: Loaded Plugin CharacterAI, From D:/Unreal/Epic Games/4.14/Engine/Plugins/Experimental/CharacterAI/CharacterAI.uplugin
LogPluginManager: Loaded Plugin CodeEditor, From D:/Unreal/Epic Games/4.14/Engine/Plugins/Experimental/CodeEditor/CodeEditor.uplugin
LogPluginManager: Loaded Plugin CodeView, From D:/Unreal/Epic Games/4.14/Engine/Plugins/Experimental/CodeView/CodeView.uplugin
LogPluginManager: Loaded Plugin HTML5Networking, From D:/Unreal/Epic Games/4.14/Engine/Plugins/Experimental/HTML5Networking/HTML5Networking.uplugin
LogPluginManager: Loaded Plugin OSVR, From D:/Unreal/Epic Games/4.14/Engine/Plugins/Experimental/OSVR/OSVR.uplugin
LogPluginManager: Loaded Plugin Phya, From D:/Unreal/Epic Games/4.14/Engine/Plugins/Experimental/Phya/Phya.uplugin
LogPluginManager: Loaded Plugin SignificanceManager, From D:/Unreal/Epic Games/4.14/Engine/Plugins/Experimental/SignificanceManager/SignificanceManager.uplugin
LogPluginManager: Loaded Plugin SimpleHMD, From D:/Unreal/Epic Games/4.14/Engine/Plugins/Experimental/SimpleHMD/SimpleHMD.uplugin
LogPluginManager: Loaded Plugin StereoPanorama, From D:/Unreal/Epic Games/4.14/Engine/Plugins/Experimental/StereoPanorama/StereoPanorama.uplugin
LogPluginManager: Loaded Plugin StructBox, From D:/Unreal/Epic Games/4.14/Engine/Plugins/Experimental/StructBox/StructBox.uplugin
LogPluginManager: Loaded Plugin Substance, From D:/Unreal/Epic Games/4.14/Engine/Plugins/Marketplace/Substance/Substance.uplugin
LogPluginManager: Loaded Plugin AndroidMedia, From D:/Unreal/Epic Games/4.14/Engine/Plugins/Media/AndroidMedia/AndroidMedia.uplugin
LogPluginManager: Loaded Plugin AvfMedia, From D:/Unreal/Epic Games/4.14/Engine/Plugins/Media/AvfMedia/AvfMedia.uplugin
LogPluginManager: Loaded Plugin MediaPlayerEditor, From D:/Unreal/Epic Games/4.14/Engine/Plugins/Media/MediaPlayerEditor/MediaPlayerEditor.uplugin
LogPluginManager: Loaded Plugin WmfMedia, From D:/Unreal/Epic Games/4.14/Engine/Plugins/Media/WmfMedia/WmfMedia.uplugin
LogPluginManager: Loaded Plugin MessagingDebugger, From D:/Unreal/Epic Games/4.14/Engine/Plugins/Messaging/MessagingDebugger/MessagingDebugger.uplugin
LogPluginManager: Loaded Plugin TcpMessaging, From D:/Unreal/Epic Games/4.14/Engine/Plugins/Messaging/TcpMessaging/TcpMessaging.uplugin
LogPluginManager: Loaded Plugin UdpMessaging, From D:/Unreal/Epic Games/4.14/Engine/Plugins/Messaging/UdpMessaging/UdpMessaging.uplugin
LogPluginManager: Loaded Plugin LevelSequenceEditor, From D:/Unreal/Epic Games/4.14/Engine/Plugins/MovieScene/LevelSequenceEditor/LevelSequenceEditor.uplugin
LogPluginManager: Loaded Plugin MatineeToLevelSequence, From D:/Unreal/Epic Games/4.14/Engine/Plugins/MovieScene/MatineeToLevelSequence/MatineeToLevelSequence.uplugin
LogPluginManager: Loaded Plugin NetcodeUnitTest, From D:/Unreal/Epic Games/4.14/Engine/Plugins/NetcodeUnitTest/NetcodeUnitTest/NetcodeUnitTest.uplugin
LogPluginManager: Loaded Plugin NUTUnrealEngine4, From D:/Unreal/Epic Games/4.14/Engine/Plugins/NetcodeUnitTest/NUTUnrealEngine4/NUTUnrealEngine4.uplugin
LogPluginManager: Loaded Plugin OnlineSubsystemGameCircle, From D:/Unreal/Epic Games/4.14/Engine/Plugins/Online/Android/OnlineSubsystemGameCircle/OnlineSubsystemGameCircle.uplugin
LogPluginManager: Loaded Plugin OnlineSubsystemGooglePlay, From D:/Unreal/Epic Games/4.14/Engine/Plugins/Online/Android/OnlineSubsystemGooglePlay/OnlineSubsystemGooglePlay.uplugin
LogPluginManager: Loaded Plugin OnlineSubsystemIOS, From D:/Unreal/Epic Games/4.14/Engine/Plugins/Online/IOS/OnlineSubsystemIOS/OnlineSubsystemIOS.uplugin
LogPluginManager: Loaded Plugin OnlineFramework, From D:/Unreal/Epic Games/4.14/Engine/Plugins/Online/OnlineFramework/OnlineFramework.uplugin
LogPluginManager: Loaded Plugin OnlineSubsystem, From D:/Unreal/Epic Games/4.14/Engine/Plugins/Online/OnlineSubsystem/OnlineSubsystem.uplugin
LogPluginManager: Loaded Plugin OnlineSubsystemAmazon, From D:/Unreal/Epic Games/4.14/Engine/Plugins/Online/OnlineSubsystemAmazon/OnlineSubsystemAmazon.uplugin
LogPluginManager: Loaded Plugin OnlineSubsystemFacebook, From D:/Unreal/Epic Games/4.14/Engine/Plugins/Online/OnlineSubsystemFacebook/OnlineSubsystemFacebook.uplugin
LogPluginManager: Loaded Plugin OnlineSubsystemNull, From D:/Unreal/Epic Games/4.14/Engine/Plugins/Online/OnlineSubsystemNull/OnlineSubsystemNull.uplugin
LogPluginManager: Loaded Plugin OnlineSubsystemOculus, From D:/Unreal/Epic Games/4.14/Engine/Plugins/Online/OnlineSubsystemOculus/OnlineSubsystemOculus.uplugin
LogPluginManager: Loaded Plugin OnlineSubsystemSteam, From D:/Unreal/Epic Games/4.14/Engine/Plugins/Online/OnlineSubsystemSteam/OnlineSubsystemSteam.uplugin
LogPluginManager: Loaded Plugin OnlineSubsystemUtils, From D:/Unreal/Epic Games/4.14/Engine/Plugins/Online/OnlineSubsystemUtils/OnlineSubsystemUtils.uplugin
LogPluginManager: Loaded Plugin IOSTapJoy, From D:/Unreal/Epic Games/4.14/Engine/Plugins/Runtime/Advertising/IOSTapJoy/IOSTapJoy.uplugin
LogPluginManager: Loaded Plugin AnalyticsBlueprintLibrary, From D:/Unreal/Epic Games/4.14/Engine/Plugins/Runtime/Analytics/AnalyticsBlueprintLibrary/AnalyticsBlueprintLibrary.uplugin
LogPluginManager: Loaded Plugin AnalyticsMulticast, From D:/Unreal/Epic Games/4.14/Engine/Plugins/Runtime/Analytics/AnalyticsMulticast/AnalyticsMulticast.uplugin
LogPluginManager: Loaded Plugin Apsalar, From D:/Unreal/Epic Games/4.14/Engine/Plugins/Runtime/Analytics/Apsalar/Apsalar.uplugin
LogPluginManager: Loaded Plugin FileLogging, From D:/Unreal/Epic Games/4.14/Engine/Plugins/Runtime/Analytics/FileLogging/FileLogging.uplugin
LogPluginManager: Loaded Plugin Flurry, From D:/Unreal/Epic Games/4.14/Engine/Plugins/Runtime/Analytics/Flurry/Flurry.uplugin
LogPluginManager: Loaded Plugin AndroidDeviceProfileSelector, From D:/Unreal/Epic Games/4.14/Engine/Plugins/Runtime/AndroidDeviceProfileSelector/AndroidDeviceProfileSelector.uplugin
LogPluginManager: Loaded Plugin AndroidMoviePlayer, From D:/Unreal/Epic Games/4.14/Engine/Plugins/Runtime/AndroidMoviePlayer/AndroidMoviePlayer.uplugin
LogPluginManager: Loaded Plugin AppleMoviePlayer, From D:/Unreal/Epic Games/4.14/Engine/Plugins/Runtime/AppleMoviePlayer/AppleMoviePlayer.uplugin
LogPluginManager: Loaded Plugin ArchVisCharacter, From D:/Unreal/Epic Games/4.14/Engine/Plugins/Runtime/ArchVisCharacter/ArchVisCharacter.uplugin
LogPluginManager: Loaded Plugin CableComponent, From D:/Unreal/Epic Games/4.14/Engine/Plugins/Runtime/CableComponent/CableComponent.uplugin
LogPluginManager: Loaded Plugin CustomMeshComponent, From D:/Unreal/Epic Games/4.14/Engine/Plugins/Runtime/CustomMeshComponent/CustomMeshComponent.uplugin
LogPluginManager: Loaded Plugin ExampleDeviceProfileSelector, From D:/Unreal/Epic Games/4.14/Engine/Plugins/Runtime/ExampleDeviceProfileSelector/ExampleDeviceProfileSelector.uplugin
LogPluginManager: Loaded Plugin GearVR, From D:/Unreal/Epic Games/4.14/Engine/Plugins/Runtime/GearVR/GearVR.uplugin
LogPluginManager: Loaded Plugin GoogleVRController, From D:/Unreal/Epic Games/4.14/Engine/Plugins/Runtime/GoogleVR/GoogleVRController/GoogleVRController.uplugin
LogPluginManager: Loaded Plugin GoogleVRHMD, From D:/Unreal/Epic Games/4.14/Engine/Plugins/Runtime/GoogleVR/GoogleVRHMD/GoogleVRHMD.uplugin
LogPluginManager: Loaded Plugin IOSDeviceProfileSelector, From D:/Unreal/Epic Games/4.14/Engine/Plugins/Runtime/IOSDeviceProfileSelector/IOSDeviceProfileSelector.uplugin
LogPluginManager: Loaded Plugin LeapMotion, From D:/Unreal/Epic Games/4.14/Engine/Plugins/Runtime/LeapMotion/LeapMotion.uplugin
LogPluginManager: Loaded Plugin LinuxDeviceProfileSelector, From D:/Unreal/Epic Games/4.14/Engine/Plugins/Runtime/LinuxDeviceProfileSelector/LinuxDeviceProfileSelector.uplugin
LogPluginManager: Loaded Plugin MIDIDevice, From D:/Unreal/Epic Games/4.14/Engine/Plugins/Runtime/MIDIDevice/MIDIDevice.uplugin
LogPluginManager: Loaded Plugin MobilePatchingUtils, From D:/Unreal/Epic Games/4.14/Engine/Plugins/Runtime/MobilePatchingUtils/MobilePatchingUtils.uplugin
LogPluginManager: Loaded Plugin Ansel, From D:/Unreal/Epic Games/4.14/Engine/Plugins/Runtime/Nvidia/Ansel/Ansel.uplugin
LogPluginManager: Loaded Plugin OculusAudio, From D:/Unreal/Epic Games/4.14/Engine/Plugins/Runtime/OculusAudio/OculusAudio.uplugin
LogPluginManager: Loaded Plugin OculusInput, From D:/Unreal/Epic Games/4.14/Engine/Plugins/Runtime/OculusInput/OculusInput.uplugin
LogPluginManager: Loaded Plugin OculusLibrary, From D:/Unreal/Epic Games/4.14/Engine/Plugins/Runtime/OculusLibrary/OculusLibrary.uplugin
LogPluginManager: Loaded Plugin OculusRift, From D:/Unreal/Epic Games/4.14/Engine/Plugins/Runtime/OculusRift/OculusRift.uplugin
LogPluginManager: Loaded Plugin Oodle, From D:/Unreal/Epic Games/4.14/Engine/Plugins/Runtime/PacketHandlers/CompressionComponents/Oodle/Oodle.uplugin
LogPluginManager: Loaded Plugin ProceduralMeshComponent, From D:/Unreal/Epic Games/4.14/Engine/Plugins/Runtime/ProceduralMeshComponent/ProceduralMeshComponent.uplugin
LogPluginManager: Loaded Plugin SoundMod, From D:/Unreal/Epic Games/4.14/Engine/Plugins/Runtime/SoundMod/SoundMod.uplugin
LogPluginManager: Loaded Plugin SoundVisualizations, From D:/Unreal/Epic Games/4.14/Engine/Plugins/Runtime/SoundVisualizations/SoundVisualizations.uplugin
LogPluginManager: Loaded Plugin SteamController, From D:/Unreal/Epic Games/4.14/Engine/Plugins/Runtime/Steam/SteamController/SteamController.uplugin
LogPluginManager: Loaded Plugin SteamVR, From D:/Unreal/Epic Games/4.14/Engine/Plugins/Runtime/Steam/SteamVR/SteamVR.uplugin
LogPluginManager: Loaded Plugin WebBrowserWidget, From D:/Unreal/Epic Games/4.14/Engine/Plugins/Runtime/WebBrowserWidget/WebBrowserWidget.uplugin
LogPluginManager: Loaded Plugin WindowsDeviceProfileSelector, From D:/Unreal/Epic Games/4.14/Engine/Plugins/Runtime/WindowsDeviceProfileSelector/WindowsDeviceProfileSelector.uplugin
LogPluginManager: Loaded Plugin WindowsMoviePlayer, From D:/Unreal/Epic Games/4.14/Engine/Plugins/Runtime/WindowsMoviePlayer/WindowsMoviePlayer.uplugin
LogPluginManager: Loaded Plugin ScriptPlugin, From D:/Unreal/Epic Games/4.14/Engine/Plugins/ScriptPlugin/ScriptPlugin.uplugin
LogPluginManager: Loaded Plugin SlateRemote, From D:/Unreal/Epic Games/4.14/Engine/Plugins/Slate/SlateRemote/SlateRemote.uplugin
LogPluginManager: Loaded Plugin EditorTests, From D:/Unreal/Epic Games/4.14/Engine/Plugins/Tests/EditorTests/EditorTests.uplugin
LogPluginManager: Loaded Plugin FbxAutomationTestBuilder, From D:/Unreal/Epic Games/4.14/Engine/Plugins/Tests/FbxAutomationTestBuilder/FbxAutomationTestBuilder.uplugin
LogPluginManager: Loaded Plugin FunctionalTestingEditor, From D:/Unreal/Epic Games/4.14/Engine/Plugins/Tests/FunctionalTestingEditor/FunctionalTestingEditor.uplugin
LogPluginManager: Loaded Plugin RuntimeTests, From D:/Unreal/Epic Games/4.14/Engine/Plugins/Tests/RuntimeTests/RuntimeTests.uplugin
LogPluginManager: Loaded Plugin ScreenshotTools, From D:/Unreal/Epic Games/4.14/Engine/Plugins/Tests/ScreenshotTools/ScreenshotTools.uplugin
LogInit: Using libcurl 7.47.1
LogInit:  - built for x86_64-pc-win32
LogInit:  - supports SSL with OpenSSL/1.0.2g
LogInit:  - supports HTTP deflate (compression) using libz 1.2.8
LogInit:  - other features:
LogInit:      CURL_VERSION_SSL
LogInit:      CURL_VERSION_LIBZ
LogInit:      CURL_VERSION_IPV6
LogInit:      CURL_VERSION_ASYNCHDNS
LogInit:      CURL_VERSION_LARGEFILE
LogInit:      CURL_VERSION_IDN
LogInit:  CurlRequestOptions (configurable via config and command line):
LogInit:  - bVerifyPeer = false  - Libcurl will NOT verify peer certificate
LogInit:  - bUseHttpProxy = false  - Libcurl will NOT use HTTP proxy
LogInit:  - bDontReuseConnections = false  - Libcurl will reuse connections
LogInit:  - CertBundlePath = nullptr  - Libcurl will use whatever was configured at build time.
LogOnline:Display: STEAM: Loading Steam SDK 1.32
LogOnline:Warning: STEAM: Steam API disabled!
LogOnline:Display: STEAM: OnlineSubsystemSteam::Shutdown()
LogInit: WinSock: version 1.1 (2.2), MaxSocks=32767, MaxUdp=65467
LogInit: Build: ++UE4+Release-4.14-CL-3249277
LogInit: Engine Version: 4.14.3-3249277+++UE4+Release-4.14
LogInit: Compatible Engine Version: 4.14.0-3195953+++UE4+Release-4.14
LogInit: Net CL: 3195953
LogDevObjectVersion: Number of dev versions registered: 13
LogDevObjectVersion:   Dev-Blueprints (B0D832E4-1F89-4F0D-ACCF-7EB736FD4AA2): 7
LogDevObjectVersion:   Dev-Build (E1C64328-A22C-4D53-A36C-8E866417BD8C): 0
LogDevObjectVersion:   Dev-Core (375EC13C-06E4-48FB-B500-84F0262A717E): 1
LogDevObjectVersion:   Dev-Editor (E4B068ED-F494-42E9-A231-DA0B2E46BB41): 8
LogDevObjectVersion:   Dev-Framework (CFFC743F-43B0-4480-9391-14DF171D2073): 17
LogDevObjectVersion:   Dev-Mobile (B02B49B5-BB20-44E9-A304-32B752E40360): 0
LogDevObjectVersion:   Dev-Networking (A4E4105C-59A1-49B5-A7C5-40C4547EDFEE): 0
LogDevObjectVersion:   Dev-Online (39C831C9-5AE6-47DC-9A44-9C173E1C8E7C): 0
LogDevObjectVersion:   Dev-Physics (78F01B33-EBEA-4F98-B9B4-84EACCB95AA2): 0
LogDevObjectVersion:   Dev-Platform (6631380F-2D4D-43E0-8009-CF276956A95A): 0
LogDevObjectVersion:   Dev-Rendering (12F88B9F-8875-4AFC-A67C-D90C383ABD29): 12
LogDevObjectVersion:   Dev-Sequencer (7B5AE74C-D270-4C10-A958-57980B212A5A): 1
LogDevObjectVersion:   Dev-VR (D7296918-1DD6-4BDD-9DE2-64A83CC13884): 0
LogInit: Compiled (64-bit): Jan  6 2017 10:49:43
LogInit: Compiled with Visual C++: 19.00.23026.00
LogInit: Build Configuration: Development
LogInit: Branch Name: ++UE4+Release-4.14
LogInit: Command line:  
LogInit: Base directory: D:/Unreal/Epic Games/4.14/Engine/Binaries/Win64/
LogInit: Installed Engine Build: 1
LogInit: Presizing for max 8388607 objects, including 0 objects not considered by GC, pre-allocating 0 bytes for permanent pool.
LogInit: Object subsystem initialized
[2017.04.10-17.29.25:206][  0]LogInit: Selected Device Profile: [Windows]
[2017.04.10-17.29.25:206][  0]LogInit: Applying CVar settings loaded from the selected device profile: [Windows]
[2017.04.10-17.29.25:270][  0]LogInit: Computer: ASUS
[2017.04.10-17.29.25:270][  0]LogInit: User: User
[2017.04.10-17.29.25:270][  0]LogInit: CPU Page size=65536, Cores=4
[2017.04.10-17.29.25:270][  0]LogInit: High frequency timer resolution =2.533194 MHz
[2017.04.10-17.29.25:271][  0]LogMemory: Memory total: Physical=11.9GB (12GB approx)
[2017.04.10-17.29.25:271][  0]LogMemory: Platform Memory Stats for Windows
[2017.04.10-17.29.25:271][  0]LogMemory: Process Physical Memory: 267.72 MB used, 267.72 MB peak
[2017.04.10-17.29.25:271][  0]LogMemory: Process Virtual Memory: 263.14 MB used, 263.14 MB peak
[2017.04.10-17.29.25:271][  0]LogMemory: Physical Memory: 4568.62 MB used,  7608.27 MB free, 12176.89 MB total
[2017.04.10-17.29.25:271][  0]LogMemory: Virtual Memory: 680.30 MB used,  7608.27 MB free, 134217728.00 MB total
[2017.04.10-17.29.25:360][  0]LogTextLocalizationManager: No specific translations for ('en-SG') exist, so ('en') translations will be used.
[2017.04.10-17.29.27:268][  0]LogD3D11RHI: D3D11 adapters:
[2017.04.10-17.29.27:332][  0]LogD3D11RHI:    0. 'NVIDIA GeForce GTX 950M' (Feature Level 11_0)
[2017.04.10-17.29.27:332][  0]LogD3D11RHI:       4036/0/6088 MB DedicatedVideo/DedicatedSystem/SharedSystem, Outputs:1, VendorId:0x10de
[2017.04.10-17.29.27:350][  0]LogD3D11RHI:    1. 'Intel(R) HD Graphics 4600' (Feature Level 11_0)
[2017.04.10-17.29.27:350][  0]LogD3D11RHI:       112/0/2048 MB DedicatedVideo/DedicatedSystem/SharedSystem, Outputs:0, VendorId:0x8086
[2017.04.10-17.29.27:354][  0]LogD3D11RHI:    2. 'Microsoft Basic Render Driver' (Feature Level 11_0)
[2017.04.10-17.29.27:354][  0]LogD3D11RHI:       0/0/6088 MB DedicatedVideo/DedicatedSystem/SharedSystem, Outputs:0, VendorId:0x1414
[2017.04.10-17.29.27:354][  0]LogD3D11RHI: Chosen D3D11 Adapter: 0
[2017.04.10-17.29.27:368][  0]LogD3D11RHI: Creating new Direct3DDevice
[2017.04.10-17.29.27:368][  0]LogD3D11RHI:     GPU DeviceId: 0x139a (for the marketing name, search the web for "GPU Device Id")
[2017.04.10-17.29.27:368][  0]LogWindows: EnumDisplayDevices:
[2017.04.10-17.29.27:369][  0]LogWindows:    0. 'Intel(R) HD Graphics 4600' (P:1 D:1)
[2017.04.10-17.29.27:369][  0]LogWindows:    1. 'Intel(R) HD Graphics 4600' (P:0 D:0)
[2017.04.10-17.29.27:370][  0]LogWindows:    2. 'Intel(R) HD Graphics 4600' (P:0 D:0)
[2017.04.10-17.29.27:370][  0]LogWindows: DebugString: PrimaryIsNotTheChoosenAdapter PrimaryIsNotTheChoosenAdapter PrimaryIsNotTheChoosenAdapter FoundDriverCount:0 
[2017.04.10-17.29.27:370][  0]LogD3D11RHI:     Adapter Name: NVIDIA GeForce GTX 950M
[2017.04.10-17.29.27:370][  0]LogD3D11RHI:   Driver Version: Unknown (internal:Unknown, unified:Unknown)
[2017.04.10-17.29.27:370][  0]LogD3D11RHI:      Driver Date: Unknown
[2017.04.10-17.29.27:370][  0]LogRHI: Texture pool is 1361 MB (70% of 1945 MB)
[2017.04.10-17.29.27:419][  0]LogD3D11RHI: Async texture creation enabled
[2017.04.10-17.29.27:449][  0]LogD3D11RHI: GPU Timing Frequency: 1000.000000 (Debug: 2 1)
[2017.04.10-17.29.27:450][  0]LogShaderCompilers: Guid format shader working directory is 16 characters bigger than the processId version (../../../../../PurgaStory_v3/Intermediate/Shaders/WorkingDirectory/14972/).
[2017.04.10-17.29.27:451][  0]LogShaderCompilers: Cleaned the shader compiler working directory 'C:/Users/User/AppData/Local/Temp/UnrealShaderWorkingDir/13FBD4DC4CD3DD252993D1B02B5765B0/'.
[2017.04.10-17.29.27:451][  0]LogShaderCompilers:Display: Using Local Shader Compiler.
[2017.04.10-17.29.32:018][  0]LogTemp:Display: Loaded TP AllDesktopTargetPlatform
[2017.04.10-17.29.32:117][  0]LogTemp:Display: Loaded TP MacClientTargetPlatform
[2017.04.10-17.29.32:337][  0]LogTemp:Display: Loaded TP MacNoEditorTargetPlatform
[2017.04.10-17.29.32:512][  0]LogTemp:Display: Loaded TP MacServerTargetPlatform
[2017.04.10-17.29.32:685][  0]LogTemp:Display: Loaded TP MacTargetPlatform
[2017.04.10-17.29.32:860][  0]LogTemp:Display: Loaded TP WindowsClientTargetPlatform
[2017.04.10-17.29.33:036][  0]LogTemp:Display: Loaded TP WindowsNoEditorTargetPlatform
[2017.04.10-17.29.33:200][  0]LogTemp:Display: Loaded TP WindowsServerTargetPlatform
[2017.04.10-17.29.33:334][  0]LogTemp:Display: Loaded TP WindowsTargetPlatform
[2017.04.10-17.29.33:499][  0]LogTemp:Display: Loaded TP AndroidTargetPlatform
[2017.04.10-17.29.33:656][  0]LogTemp:Display: Loaded TP Android_ASTCTargetPlatform
[2017.04.10-17.29.33:821][  0]LogTemp:Display: Loaded TP Android_ATCTargetPlatform
[2017.04.10-17.29.33:982][  0]LogTemp:Display: Loaded TP Android_DXTTargetPlatform
[2017.04.10-17.29.34:152][  0]LogTemp:Display: Loaded TP Android_ETC1TargetPlatform
[2017.04.10-17.29.34:328][  0]LogTemp:Display: Loaded TP Android_ETC2TargetPlatform
[2017.04.10-17.29.34:673][  0]LogTemp:Display: Loaded TP Android_MultiTargetPlatform
[2017.04.10-17.29.34:674][  0]LogTemp:Display: Loaded TP Android_PVRTCTargetPlatform
[2017.04.10-17.29.34:791][  0]LogTemp:Display: Loaded TP HTML5TargetPlatform
[2017.04.10-17.29.35:034][  0]LogTemp:Display: Loaded TP IOSTargetPlatform
[2017.04.10-17.29.35:196][  0]LogTemp:Display: Loaded TP TVOSTargetPlatform
[2017.04.10-17.29.35:375][  0]LogTemp:Display: Loaded TP LinuxClientTargetPlatform
[2017.04.10-17.29.35:550][  0]LogTemp:Display: Loaded TP LinuxNoEditorTargetPlatform
[2017.04.10-17.29.35:729][  0]LogTemp:Display: Loaded TP LinuxServerTargetPlatform
[2017.04.10-17.29.35:907][  0]LogTemp:Display: Loaded TP LinuxTargetPlatform
[2017.04.10-17.29.35:907][  0]LogTargetPlatformManager:Display: Building Assets For Windows
[2017.04.10-17.29.37:044][  0]LogDerivedDataCache:Display: Max Cache Size: 512 MB
[2017.04.10-17.29.37:226][  0]LogDerivedDataCache: Loaded boot cache 0.18s 50MB C:/Users/User/AppData/Local/UnrealEngine/4.14/DerivedDataCache/Boot.ddc.
[2017.04.10-17.29.37:226][  0]LogDerivedDataCache:Display: Loaded Boot cache: C:/Users/User/AppData/Local/UnrealEngine/4.14/DerivedDataCache/Boot.ddc
[2017.04.10-17.29.37:227][  0]LogDerivedDataCache: FDerivedDataBackendGraph:  Pak pak cache file ../../../../../PurgaStory_v3/DerivedDataCache/DDC.ddp not found, will not use a pak cache.
[2017.04.10-17.29.37:227][  0]LogDerivedDataCache: Unable to find inner node Pak for hierarchical cache Hierarchy.
[2017.04.10-17.29.37:227][  0]LogDerivedDataCache: FDerivedDataBackendGraph:  CompressedPak pak cache file ../../../../../PurgaStory_v3/DerivedDataCache/Compressed.ddp not found, will not use a pak cache.
[2017.04.10-17.29.37:227][  0]LogDerivedDataCache: Unable to find inner node CompressedPak for hierarchical cache Hierarchy.
[2017.04.10-17.29.37:299][  0]LogDerivedDataCache:Display: Pak cache opened for reading ../../../Engine/DerivedDataCache/Compressed.ddp.
[2017.04.10-17.29.37:314][  0]LogDerivedDataCache: Using Local data cache path C:/Users/User/AppData/Local/UnrealEngine/Common/DerivedDataCache: Writable
[2017.04.10-17.29.38:052][  0]LogInit: Selected Device Profile: [Windows]
[2017.04.10-17.29.38:062][  0]LogContentStreaming: Texture pool size is 0.00 MB
[2017.04.10-17.29.38:779][  0]LogMeshUtilities: Using QuadricMeshReduction for automatic static mesh reduction
[2017.04.10-17.29.38:906][  0]LogSimplygon: Simplygon DLL not present - disabling.
[2017.04.10-17.29.39:042][  0]LogMeshUtilities: Using SimplygonSwarm for distributed automatic mesh merging
[2017.04.10-17.29.39:042][  0]LogMeshUtilities: No automatic skeletal mesh reduction module available
[2017.04.10-17.29.39:042][  0]LogMeshUtilities: No automatic mesh merging module available
[2017.04.10-17.29.40:843][  0]LogNetVersion: GetLocalNetworkVersion: CL: 3195953, ProjectName: purgastory, ProjectVersion: , EngineNetworkVersion: 2, GameNetworkVersion: 0, NetworkChecksum: 4090582873
[2017.04.10-17.29.40:975][  0]LogAssetRegistry: FAssetRegistry took 0.0233 seconds to start up
[2017.04.10-17.29.41:159][  0]LogPackageLocalizationCache: Processed 3 localized package path(s) for 2 prioritized culture(s) in 0.095261 seconds
[2017.04.10-17.29.41:186][  0]LogUObjectArray: 31953 objects as part of root set at end of initial load.
[2017.04.10-17.29.41:186][  0]LogUObjectAllocator: 7149664 out of 0 bytes used by permanent object pool.
[2017.04.10-17.29.41:186][  0]LogUObjectArray: CloseDisregardForGC: 0/0 objects in disregard for GC pool
[2017.04.10-17.29.44:589][  0]LogSlate: Using Freetype 2.6.0
[2017.04.10-17.29.44:591][  0]LogSlate: SlateFontCache - WITH_FREETYPE: 1, WITH_HARFBUZZ: 1
[2017.04.10-17.29.44:591][  0]LogSlate: SlateFontCache - WITH_FREETYPE: 1, WITH_HARFBUZZ: 1
[2017.04.10-17.29.47:651][  0]LogSubstanceCoreModule: Substance [CPU] Engine Loaded, Max Texture Size = 2048
[2017.04.10-17.29.47:728][  0]LogTcpMessaging: Initializing TcpMessaging bridge
[2017.04.10-17.29.47:826][  0]LogUdpMessaging: Initializing bridge on interface 0.0.0.0:0 to multicast group 230.0.0.1:6666.
[2017.04.10-17.29.48:608][  0]LogMaterial: Uniform references updated for custom material expression Custom.
[2017.04.10-17.29.49:781][  0]SourceControl: Info Source control is disabled
[2017.04.10-17.29.49:924][  0]SourceControl: Info Source control is disabled
[2017.04.10-17.29.50:070][  0]SourceControl: Info Source control is disabled
[2017.04.10-17.29.50:210][  0]SourceControl: Info Source control is disabled
[2017.04.10-17.29.55:022][  0]LogEngine: Initializing Engine...
[2017.04.10-17.29.55:024][  0]LogHMD: Failed to initialize OpenVR with code 110
[2017.04.10-17.29.55:767][  0]LogAIModule: Creating AISystem for world Untitled
[2017.04.10-17.29.55:783][  0]LogInit: XAudio2 using 'Speakers (Conexant SmartAudio HD)' : 2 channels at 48 kHz using 32 bits per sample (channel mask 0x3)
[2017.04.10-17.29.55:816][  0]LogInit: FAudioDevice initialized.
[2017.04.10-17.29.55:879][  0]LogDerivedDataCache: Saved boot cache 0.06s 50MB C:/Users/User/AppData/Local/UnrealEngine/4.14/DerivedDataCache/Boot.ddc.
[2017.04.10-17.29.55:900][  0]LogInit: Texture streaming: Enabled
[2017.04.10-17.29.56:468][  0]LogInit: Transaction tracking system initialized
[2017.04.10-17.29.58:349][  0]BlueprintLog: New page: Editor Load
[2017.04.10-17.30.01:306][  0]LocalizationService: Info Localization service is disabled
[2017.04.10-17.30.03:426][  0]LogConsoleResponse:Display: 
[2017.04.10-17.30.03:990][  0]LogCook:Display: Max memory allowance for cook 16384mb min free memory 0mb
[2017.04.10-17.30.03:990][  0]LogCook:Display: Mobile HDR setting 1
[2017.04.10-17.30.04:443][  0]LogFileCache: Scanning file cache for directory 'D:/Unreal/PurgaStory_v3/Content/' took 0.05s
[2017.04.10-17.30.07:996][  0]SourceControl: Info Source control is disabled
[2017.04.10-17.30.07:996][  0]Cmd: MAP LOAD FILE="../../../../../PurgaStory_v3/Content/Multiplayer/Maps/MP_mainMenu.umap" TEMPLATE=0 SHOWPROGRESS=1 FEATURELEVEL=3
[2017.04.10-17.30.07:998][  0]LightingResults: New page: Lighting Build
[2017.04.10-17.30.08:105][  0]MapCheck: New page: Map Check
[2017.04.10-17.30.08:106][  0]LightingResults: New page: Lighting Build
[2017.04.10-17.30.13:378][  0]LogAIModule: Creating AISystem for world MP_mainMenu
[2017.04.10-17.30.13:392][  0]LogEditorServer: Finished looking for orphan Actors (0.000 secs)
[2017.04.10-17.30.13:394][  0]Cmd: MAP CHECKDEP NOCLEARLOG
[2017.04.10-17.30.13:525][  0]MapCheck: Info Map check complete: 0 Error(s), 0 Warning(s), took 130.325ms to complete.
[2017.04.10-17.30.13:525][  0]LogFileHelpers: Loading map 'MP_mainMenu' took 5.529
[2017.04.10-17.30.13:903][  0]LogCollectionManager: Loaded 0 collections in 0.004714 seconds
[2017.04.10-17.30.14:091][  0]LogFileCache: Scanning file cache for directory 'D:/Unreal/PurgaStory_v3/Saved/Collections/' took 0.01s
[2017.04.10-17.30.14:092][  0]LogFileCache: Scanning file cache for directory 'D:/Unreal/PurgaStory_v3/Content/Developers/User/Collections/' took 0.01s
[2017.04.10-17.30.14:092][  0]LogFileCache: Scanning file cache for directory 'D:/Unreal/PurgaStory_v3/Content/Collections/' took 0.01s
[2017.04.10-17.30.14:092][  0]LogCollectionManager: Rebuilt the GUID cache for 0 collections in 0.000005 seconds
[2017.04.10-17.30.14:126][  0]LogContentBrowser: Native class hierarchy populated in 0.0342 seconds. Added 2206 classes and 437 folders.
[2017.04.10-17.30.14:258][  0]LogStats: UGameplayTagsManager::ConstructGameplayTagTree: Construct from data asset -  0.000 s
[2017.04.10-17.30.14:258][  0]LogStats: UGameplayTagsManager::ConstructGameplayTagTree: GameplayTagTreeChangedEvent.Broadcast -  0.000 s
[2017.04.10-17.30.14:261][  0]LogContentBrowser: Native class hierarchy updated for 'GameplayTags' in 0.0029 seconds. Added 13 classes and 0 folders.
[2017.04.10-17.30.14:437][  0]LogContentBrowser: Native class hierarchy updated for 'WidgetCarousel' in 0.0016 seconds. Added 0 classes and 0 folders.
[2017.04.10-17.30.14:577][  0]LogContentBrowser: Native class hierarchy updated for 'AddContentDialog' in 0.0017 seconds. Added 0 classes and 0 folders.
[2017.04.10-17.30.14:724][  0]LogContentBrowser: Native class hierarchy updated for 'SceneOutliner' in 0.0020 seconds. Added 1 classes and 2 folders.
[2017.04.10-17.30.15:022][  0]LogCrashTracker: Crashtracker disabled due to settings.
[2017.04.10-17.30.15:045][  0]LogUObjectGlobals:Warning: Failed to find object 'Class None.'
[2017.04.10-17.30.15:339][  0]LogContentBrowser: Native class hierarchy updated for 'HierarchicalLODOutliner' in 0.0042 seconds. Added 1 classes and 2 folders.
[2017.04.10-17.30.15:341][  0]LogLoad: (Engine Initialization) Total time: 56.05 seconds
[2017.04.10-17.30.15:341][  0]LogLoad: (Engine Initialization) Total Blueprint compile time: 0.93 seconds
[2017.04.10-17.30.15:341][  0]LogExternalProfiler: Found external profiler: VSPerf
[2017.04.10-17.30.15:341][  0]LogExternalProfiler: Using external profiler: VSPerf
[2017.04.10-17.30.15:686][  0]LogOcInput: OculusInput pre-init called
[2017.04.10-17.30.15:740][  0]LogContentStreaming: Texture pool size now 800 MB
[2017.04.10-17.30.16:670][  0]LogRenderer: Reallocating scene render targets to support 684x412 NumSamples 1 (Frame:2).
[2017.04.10-17.30.17:053][  1]LogFileCache: Retrieving MD5 hashes for directory 'D:/Unreal/PurgaStory_v3/Content/' took 1.35s
[2017.04.10-17.30.18:551][  9]LogAssetRegistry: Asset discovery search completed in 37.5986 seconds
[2017.04.10-17.30.18:551][  9]LogCollectionManager: Rebuilt the object cache for 0 collections in 0.000002 seconds (found 0 objects)
[2017.04.10-17.30.18:551][  9]LogCollectionManager: Fixed up redirectors for 0 collections in 0.000050 seconds (updated 0 objects)
[2017.04.10-17.30.25:113][205]AssetReimport: New page: Detailed File System Changes from 1:30:25 am
[2017.04.10-17.30.25:145][205]AssetReimport: Info 'D:/Unreal/PurgaStory_v3/Content/FirstPerson/angel_eye_alert.wav' has been created.
[2017.04.10-17.30.25:145][205]AssetReimport: Info 'D:/Unreal/PurgaStory_v3/Content/Menu/MenuAssets/._Gypsy Curse.ttf' has been created.
[2017.04.10-17.31.01:639][456]AssetReimport: New page: Outstanding source content changes 9:31:01 am
[2017.04.10-17.31.01:882][457]LogFactory: FactoryCreateFile: Font with FontFileImportFactory (0 0 D:/Unreal/PurgaStory_v3/Content/Menu/MenuAssets/._Gypsy Curse.ttf)
