Log file open, 04/01/17 17:55:00
LogInit:Display: Running engine for game: PurgaStory
LogPlatformFile: Not using cached read wrapper
LogInit:Display: RandInit(1858144474) SRandInit(1858144475).
LogTaskGraph: Started task graph with 5 named threads and 8 total threads with 1 sets of task threads.
LogStats: Stats thread started at 0.156217
LogPluginManager: Loaded Plugin Paper2D, From D:/Unreal/Epic Games/4.14/Engine/Plugins/2D/Paper2D/Paper2D.uplugin
LogPluginManager: Loaded Plugin LightPropagationVolume, From D:/Unreal/Epic Games/4.14/Engine/Plugins/Blendables/LightPropagationVolume/LightPropagationVolume.uplugin
LogPluginManager: Loaded Plugin BlankPlugin, From D:/Unreal/Epic Games/4.14/Engine/Plugins/Developer/BlankPlugin/BlankPlugin.uplugin
LogPluginManager: Loaded Plugin CodeLiteSourceCodeAccess, From D:/Unreal/Epic Games/4.14/Engine/Plugins/Developer/CodeLiteSourceCodeAccess/CodeLiteSourceCodeAccess.uplugin
LogPluginManager: Loaded Plugin GitSourceControl, From D:/Unreal/Epic Games/4.14/Engine/Plugins/Developer/GitSourceControl/GitSourceControl.uplugin
LogPluginManager: Loaded Plugin KDevelopSourceCodeAccess, From D:/Unreal/Epic Games/4.14/Engine/Plugins/Developer/KDevelopSourceCodeAccess/KDevelopSourceCodeAccess.uplugin
LogPluginManager: Loaded Plugin NullSourceCodeAccess, From D:/Unreal/Epic Games/4.14/Engine/Plugins/Developer/NullSourceCodeAccess/NullSourceCodeAccess.uplugin
LogPluginManager: Loaded Plugin OneSkyLocalizationService, From D:/Unreal/Epic Games/4.14/Engine/Plugins/Developer/OneSkyLocalizationService/OneSkyLocalizationService.uplugin
LogPluginManager: Loaded Plugin PerforceSourceControl, From D:/Unreal/Epic Games/4.14/Engine/Plugins/Developer/PerforceSourceControl/PerforceSourceControl.uplugin
LogPluginManager: Loaded Plugin SubversionSourceControl, From D:/Unreal/Epic Games/4.14/Engine/Plugins/Developer/SubversionSourceControl/SubversionSourceControl.uplugin
LogPluginManager: Loaded Plugin UObjectPlugin, From D:/Unreal/Epic Games/4.14/Engine/Plugins/Developer/UObjectPlugin/UObjectPlugin.uplugin
LogPluginManager: Loaded Plugin VisualStudioSourceCodeAccess, From D:/Unreal/Epic Games/4.14/Engine/Plugins/Developer/VisualStudioSourceCodeAccess/VisualStudioSourceCodeAccess.uplugin
LogPluginManager: Loaded Plugin XCodeSourceCodeAccess, From D:/Unreal/Epic Games/4.14/Engine/Plugins/Developer/XCodeSourceCodeAccess/XCodeSourceCodeAccess.uplugin
LogPluginManager: Loaded Plugin AudioCapture, From D:/Unreal/Epic Games/4.14/Engine/Plugins/Editor/AudioCapture/AudioCapture.uplugin
LogPluginManager: Loaded Plugin EpicSurvey, From D:/Unreal/Epic Games/4.14/Engine/Plugins/Editor/EpicSurvey/EpicSurvey.uplugin
LogPluginManager: Loaded Plugin MacGraphicsSwitching, From D:/Unreal/Epic Games/4.14/Engine/Plugins/Editor/MacGraphicsSwitching/MacGraphicsSwitching.uplugin
LogPluginManager: Loaded Plugin MobileLauncherProfileWizard, From D:/Unreal/Epic Games/4.14/Engine/Plugins/Editor/MobileLauncherProfileWizard/MobileLauncherProfileWizard.uplugin
LogPluginManager: Loaded Plugin PluginBrowser, From D:/Unreal/Epic Games/4.14/Engine/Plugins/Editor/PluginBrowser/PluginBrowser.uplugin
LogPluginManager: Loaded Plugin SpeedTreeImporter, From D:/Unreal/Epic Games/4.14/Engine/Plugins/Editor/SpeedTreeImporter/SpeedTreeImporter.uplugin
LogPluginManager: Loaded Plugin SuperSearchEditor, From D:/Unreal/Epic Games/4.14/Engine/Plugins/Editor/SuperSearchEditor/SuperSearchEditor.uplugin
LogPluginManager: Loaded Plugin AlembicImporter, From D:/Unreal/Epic Games/4.14/Engine/Plugins/Experimental/AlembicImporter/AlembicImporter.uplugin
LogPluginManager: Loaded Plugin BlueprintStats, From D:/Unreal/Epic Games/4.14/Engine/Plugins/Experimental/BlueprintStats/BlueprintStats.uplugin
LogPluginManager: Loaded Plugin CharacterAI, From D:/Unreal/Epic Games/4.14/Engine/Plugins/Experimental/CharacterAI/CharacterAI.uplugin
LogPluginManager: Loaded Plugin CodeEditor, From D:/Unreal/Epic Games/4.14/Engine/Plugins/Experimental/CodeEditor/CodeEditor.uplugin
LogPluginManager: Loaded Plugin CodeView, From D:/Unreal/Epic Games/4.14/Engine/Plugins/Experimental/CodeView/CodeView.uplugin
LogPluginManager: Loaded Plugin HTML5Networking, From D:/Unreal/Epic Games/4.14/Engine/Plugins/Experimental/HTML5Networking/HTML5Networking.uplugin
LogPluginManager: Loaded Plugin OSVR, From D:/Unreal/Epic Games/4.14/Engine/Plugins/Experimental/OSVR/OSVR.uplugin
LogPluginManager: Loaded Plugin Phya, From D:/Unreal/Epic Games/4.14/Engine/Plugins/Experimental/Phya/Phya.uplugin
LogPluginManager: Loaded Plugin SignificanceManager, From D:/Unreal/Epic Games/4.14/Engine/Plugins/Experimental/SignificanceManager/SignificanceManager.uplugin
LogPluginManager: Loaded Plugin SimpleHMD, From D:/Unreal/Epic Games/4.14/Engine/Plugins/Experimental/SimpleHMD/SimpleHMD.uplugin
LogPluginManager: Loaded Plugin StereoPanorama, From D:/Unreal/Epic Games/4.14/Engine/Plugins/Experimental/StereoPanorama/StereoPanorama.uplugin
LogPluginManager: Loaded Plugin StructBox, From D:/Unreal/Epic Games/4.14/Engine/Plugins/Experimental/StructBox/StructBox.uplugin
LogPluginManager: Loaded Plugin Substance, From D:/Unreal/Epic Games/4.14/Engine/Plugins/Marketplace/Substance/Substance.uplugin
LogPluginManager: Loaded Plugin AndroidMedia, From D:/Unreal/Epic Games/4.14/Engine/Plugins/Media/AndroidMedia/AndroidMedia.uplugin
LogPluginManager: Loaded Plugin AvfMedia, From D:/Unreal/Epic Games/4.14/Engine/Plugins/Media/AvfMedia/AvfMedia.uplugin
LogPluginManager: Loaded Plugin MediaPlayerEditor, From D:/Unreal/Epic Games/4.14/Engine/Plugins/Media/MediaPlayerEditor/MediaPlayerEditor.uplugin
LogPluginManager: Loaded Plugin WmfMedia, From D:/Unreal/Epic Games/4.14/Engine/Plugins/Media/WmfMedia/WmfMedia.uplugin
LogPluginManager: Loaded Plugin MessagingDebugger, From D:/Unreal/Epic Games/4.14/Engine/Plugins/Messaging/MessagingDebugger/MessagingDebugger.uplugin
LogPluginManager: Loaded Plugin TcpMessaging, From D:/Unreal/Epic Games/4.14/Engine/Plugins/Messaging/TcpMessaging/TcpMessaging.uplugin
LogPluginManager: Loaded Plugin UdpMessaging, From D:/Unreal/Epic Games/4.14/Engine/Plugins/Messaging/UdpMessaging/UdpMessaging.uplugin
LogPluginManager: Loaded Plugin LevelSequenceEditor, From D:/Unreal/Epic Games/4.14/Engine/Plugins/MovieScene/LevelSequenceEditor/LevelSequenceEditor.uplugin
LogPluginManager: Loaded Plugin MatineeToLevelSequence, From D:/Unreal/Epic Games/4.14/Engine/Plugins/MovieScene/MatineeToLevelSequence/MatineeToLevelSequence.uplugin
LogPluginManager: Loaded Plugin NetcodeUnitTest, From D:/Unreal/Epic Games/4.14/Engine/Plugins/NetcodeUnitTest/NetcodeUnitTest/NetcodeUnitTest.uplugin
LogPluginManager: Loaded Plugin NUTUnrealEngine4, From D:/Unreal/Epic Games/4.14/Engine/Plugins/NetcodeUnitTest/NUTUnrealEngine4/NUTUnrealEngine4.uplugin
LogPluginManager: Loaded Plugin OnlineSubsystemGameCircle, From D:/Unreal/Epic Games/4.14/Engine/Plugins/Online/Android/OnlineSubsystemGameCircle/OnlineSubsystemGameCircle.uplugin
LogPluginManager: Loaded Plugin OnlineSubsystemGooglePlay, From D:/Unreal/Epic Games/4.14/Engine/Plugins/Online/Android/OnlineSubsystemGooglePlay/OnlineSubsystemGooglePlay.uplugin
LogPluginManager: Loaded Plugin OnlineSubsystemIOS, From D:/Unreal/Epic Games/4.14/Engine/Plugins/Online/IOS/OnlineSubsystemIOS/OnlineSubsystemIOS.uplugin
LogPluginManager: Loaded Plugin OnlineFramework, From D:/Unreal/Epic Games/4.14/Engine/Plugins/Online/OnlineFramework/OnlineFramework.uplugin
LogPluginManager: Loaded Plugin OnlineSubsystem, From D:/Unreal/Epic Games/4.14/Engine/Plugins/Online/OnlineSubsystem/OnlineSubsystem.uplugin
LogPluginManager: Loaded Plugin OnlineSubsystemAmazon, From D:/Unreal/Epic Games/4.14/Engine/Plugins/Online/OnlineSubsystemAmazon/OnlineSubsystemAmazon.uplugin
LogPluginManager: Loaded Plugin OnlineSubsystemFacebook, From D:/Unreal/Epic Games/4.14/Engine/Plugins/Online/OnlineSubsystemFacebook/OnlineSubsystemFacebook.uplugin
LogPluginManager: Loaded Plugin OnlineSubsystemNull, From D:/Unreal/Epic Games/4.14/Engine/Plugins/Online/OnlineSubsystemNull/OnlineSubsystemNull.uplugin
LogPluginManager: Loaded Plugin OnlineSubsystemOculus, From D:/Unreal/Epic Games/4.14/Engine/Plugins/Online/OnlineSubsystemOculus/OnlineSubsystemOculus.uplugin
LogPluginManager: Loaded Plugin OnlineSubsystemSteam, From D:/Unreal/Epic Games/4.14/Engine/Plugins/Online/OnlineSubsystemSteam/OnlineSubsystemSteam.uplugin
LogPluginManager: Loaded Plugin OnlineSubsystemUtils, From D:/Unreal/Epic Games/4.14/Engine/Plugins/Online/OnlineSubsystemUtils/OnlineSubsystemUtils.uplugin
LogPluginManager: Loaded Plugin IOSTapJoy, From D:/Unreal/Epic Games/4.14/Engine/Plugins/Runtime/Advertising/IOSTapJoy/IOSTapJoy.uplugin
LogPluginManager: Loaded Plugin AnalyticsBlueprintLibrary, From D:/Unreal/Epic Games/4.14/Engine/Plugins/Runtime/Analytics/AnalyticsBlueprintLibrary/AnalyticsBlueprintLibrary.uplugin
LogPluginManager: Loaded Plugin AnalyticsMulticast, From D:/Unreal/Epic Games/4.14/Engine/Plugins/Runtime/Analytics/AnalyticsMulticast/AnalyticsMulticast.uplugin
LogPluginManager: Loaded Plugin Apsalar, From D:/Unreal/Epic Games/4.14/Engine/Plugins/Runtime/Analytics/Apsalar/Apsalar.uplugin
LogPluginManager: Loaded Plugin FileLogging, From D:/Unreal/Epic Games/4.14/Engine/Plugins/Runtime/Analytics/FileLogging/FileLogging.uplugin
LogPluginManager: Loaded Plugin Flurry, From D:/Unreal/Epic Games/4.14/Engine/Plugins/Runtime/Analytics/Flurry/Flurry.uplugin
LogPluginManager: Loaded Plugin AndroidDeviceProfileSelector, From D:/Unreal/Epic Games/4.14/Engine/Plugins/Runtime/AndroidDeviceProfileSelector/AndroidDeviceProfileSelector.uplugin
LogPluginManager: Loaded Plugin AndroidMoviePlayer, From D:/Unreal/Epic Games/4.14/Engine/Plugins/Runtime/AndroidMoviePlayer/AndroidMoviePlayer.uplugin
LogPluginManager: Loaded Plugin AppleMoviePlayer, From D:/Unreal/Epic Games/4.14/Engine/Plugins/Runtime/AppleMoviePlayer/AppleMoviePlayer.uplugin
LogPluginManager: Loaded Plugin ArchVisCharacter, From D:/Unreal/Epic Games/4.14/Engine/Plugins/Runtime/ArchVisCharacter/ArchVisCharacter.uplugin
LogPluginManager: Loaded Plugin CableComponent, From D:/Unreal/Epic Games/4.14/Engine/Plugins/Runtime/CableComponent/CableComponent.uplugin
LogPluginManager: Loaded Plugin CustomMeshComponent, From D:/Unreal/Epic Games/4.14/Engine/Plugins/Runtime/CustomMeshComponent/CustomMeshComponent.uplugin
LogPluginManager: Loaded Plugin ExampleDeviceProfileSelector, From D:/Unreal/Epic Games/4.14/Engine/Plugins/Runtime/ExampleDeviceProfileSelector/ExampleDeviceProfileSelector.uplugin
LogPluginManager: Loaded Plugin GearVR, From D:/Unreal/Epic Games/4.14/Engine/Plugins/Runtime/GearVR/GearVR.uplugin
LogPluginManager: Loaded Plugin GoogleVRController, From D:/Unreal/Epic Games/4.14/Engine/Plugins/Runtime/GoogleVR/GoogleVRController/GoogleVRController.uplugin
LogPluginManager: Loaded Plugin GoogleVRHMD, From D:/Unreal/Epic Games/4.14/Engine/Plugins/Runtime/GoogleVR/GoogleVRHMD/GoogleVRHMD.uplugin
LogPluginManager: Loaded Plugin IOSDeviceProfileSelector, From D:/Unreal/Epic Games/4.14/Engine/Plugins/Runtime/IOSDeviceProfileSelector/IOSDeviceProfileSelector.uplugin
LogPluginManager: Loaded Plugin LeapMotion, From D:/Unreal/Epic Games/4.14/Engine/Plugins/Runtime/LeapMotion/LeapMotion.uplugin
LogPluginManager: Loaded Plugin LinuxDeviceProfileSelector, From D:/Unreal/Epic Games/4.14/Engine/Plugins/Runtime/LinuxDeviceProfileSelector/LinuxDeviceProfileSelector.uplugin
LogPluginManager: Loaded Plugin MIDIDevice, From D:/Unreal/Epic Games/4.14/Engine/Plugins/Runtime/MIDIDevice/MIDIDevice.uplugin
LogPluginManager: Loaded Plugin MobilePatchingUtils, From D:/Unreal/Epic Games/4.14/Engine/Plugins/Runtime/MobilePatchingUtils/MobilePatchingUtils.uplugin
LogPluginManager: Loaded Plugin Ansel, From D:/Unreal/Epic Games/4.14/Engine/Plugins/Runtime/Nvidia/Ansel/Ansel.uplugin
LogPluginManager: Loaded Plugin OculusAudio, From D:/Unreal/Epic Games/4.14/Engine/Plugins/Runtime/OculusAudio/OculusAudio.uplugin
LogPluginManager: Loaded Plugin OculusInput, From D:/Unreal/Epic Games/4.14/Engine/Plugins/Runtime/OculusInput/OculusInput.uplugin
LogPluginManager: Loaded Plugin OculusLibrary, From D:/Unreal/Epic Games/4.14/Engine/Plugins/Runtime/OculusLibrary/OculusLibrary.uplugin
LogPluginManager: Loaded Plugin OculusRift, From D:/Unreal/Epic Games/4.14/Engine/Plugins/Runtime/OculusRift/OculusRift.uplugin
LogPluginManager: Loaded Plugin Oodle, From D:/Unreal/Epic Games/4.14/Engine/Plugins/Runtime/PacketHandlers/CompressionComponents/Oodle/Oodle.uplugin
LogPluginManager: Loaded Plugin ProceduralMeshComponent, From D:/Unreal/Epic Games/4.14/Engine/Plugins/Runtime/ProceduralMeshComponent/ProceduralMeshComponent.uplugin
LogPluginManager: Loaded Plugin SoundMod, From D:/Unreal/Epic Games/4.14/Engine/Plugins/Runtime/SoundMod/SoundMod.uplugin
LogPluginManager: Loaded Plugin SoundVisualizations, From D:/Unreal/Epic Games/4.14/Engine/Plugins/Runtime/SoundVisualizations/SoundVisualizations.uplugin
LogPluginManager: Loaded Plugin SteamController, From D:/Unreal/Epic Games/4.14/Engine/Plugins/Runtime/Steam/SteamController/SteamController.uplugin
LogPluginManager: Loaded Plugin SteamVR, From D:/Unreal/Epic Games/4.14/Engine/Plugins/Runtime/Steam/SteamVR/SteamVR.uplugin
LogPluginManager: Loaded Plugin WebBrowserWidget, From D:/Unreal/Epic Games/4.14/Engine/Plugins/Runtime/WebBrowserWidget/WebBrowserWidget.uplugin
LogPluginManager: Loaded Plugin WindowsDeviceProfileSelector, From D:/Unreal/Epic Games/4.14/Engine/Plugins/Runtime/WindowsDeviceProfileSelector/WindowsDeviceProfileSelector.uplugin
LogPluginManager: Loaded Plugin WindowsMoviePlayer, From D:/Unreal/Epic Games/4.14/Engine/Plugins/Runtime/WindowsMoviePlayer/WindowsMoviePlayer.uplugin
LogPluginManager: Loaded Plugin ScriptPlugin, From D:/Unreal/Epic Games/4.14/Engine/Plugins/ScriptPlugin/ScriptPlugin.uplugin
LogPluginManager: Loaded Plugin SlateRemote, From D:/Unreal/Epic Games/4.14/Engine/Plugins/Slate/SlateRemote/SlateRemote.uplugin
LogPluginManager: Loaded Plugin EditorTests, From D:/Unreal/Epic Games/4.14/Engine/Plugins/Tests/EditorTests/EditorTests.uplugin
LogPluginManager: Loaded Plugin FbxAutomationTestBuilder, From D:/Unreal/Epic Games/4.14/Engine/Plugins/Tests/FbxAutomationTestBuilder/FbxAutomationTestBuilder.uplugin
LogPluginManager: Loaded Plugin FunctionalTestingEditor, From D:/Unreal/Epic Games/4.14/Engine/Plugins/Tests/FunctionalTestingEditor/FunctionalTestingEditor.uplugin
LogPluginManager: Loaded Plugin RuntimeTests, From D:/Unreal/Epic Games/4.14/Engine/Plugins/Tests/RuntimeTests/RuntimeTests.uplugin
LogPluginManager: Loaded Plugin ScreenshotTools, From D:/Unreal/Epic Games/4.14/Engine/Plugins/Tests/ScreenshotTools/ScreenshotTools.uplugin
LogInit: Using libcurl 7.47.1
LogInit:  - built for x86_64-pc-win32
LogInit:  - supports SSL with OpenSSL/1.0.2g
LogInit:  - supports HTTP deflate (compression) using libz 1.2.8
LogInit:  - other features:
LogInit:      CURL_VERSION_SSL
LogInit:      CURL_VERSION_LIBZ
LogInit:      CURL_VERSION_IPV6
LogInit:      CURL_VERSION_ASYNCHDNS
LogInit:      CURL_VERSION_LARGEFILE
LogInit:      CURL_VERSION_IDN
LogInit:  CurlRequestOptions (configurable via config and command line):
LogInit:  - bVerifyPeer = false  - Libcurl will NOT verify peer certificate
LogInit:  - bUseHttpProxy = false  - Libcurl will NOT use HTTP proxy
LogInit:  - bDontReuseConnections = false  - Libcurl will reuse connections
LogInit:  - CertBundlePath = nullptr  - Libcurl will use whatever was configured at build time.
LogOnline:Display: STEAM: Loading Steam SDK 1.32
LogOnline:Warning: STEAM: Steam API disabled!
LogOnline:Display: STEAM: OnlineSubsystemSteam::Shutdown()
LogInit: WinSock: version 1.1 (2.2), MaxSocks=32767, MaxUdp=65467
LogInit: Build: ++UE4+Release-4.14-CL-3249277
LogInit: Engine Version: 4.14.3-3249277+++UE4+Release-4.14
LogInit: Compatible Engine Version: 4.14.0-3195953+++UE4+Release-4.14
LogInit: Net CL: 3195953
LogDevObjectVersion: Number of dev versions registered: 13
LogDevObjectVersion:   Dev-Blueprints (B0D832E4-1F89-4F0D-ACCF-7EB736FD4AA2): 7
LogDevObjectVersion:   Dev-Build (E1C64328-A22C-4D53-A36C-8E866417BD8C): 0
LogDevObjectVersion:   Dev-Core (375EC13C-06E4-48FB-B500-84F0262A717E): 1
LogDevObjectVersion:   Dev-Editor (E4B068ED-F494-42E9-A231-DA0B2E46BB41): 8
LogDevObjectVersion:   Dev-Framework (CFFC743F-43B0-4480-9391-14DF171D2073): 17
LogDevObjectVersion:   Dev-Mobile (B02B49B5-BB20-44E9-A304-32B752E40360): 0
LogDevObjectVersion:   Dev-Networking (A4E4105C-59A1-49B5-A7C5-40C4547EDFEE): 0
LogDevObjectVersion:   Dev-Online (39C831C9-5AE6-47DC-9A44-9C173E1C8E7C): 0
LogDevObjectVersion:   Dev-Physics (78F01B33-EBEA-4F98-B9B4-84EACCB95AA2): 0
LogDevObjectVersion:   Dev-Platform (6631380F-2D4D-43E0-8009-CF276956A95A): 0
LogDevObjectVersion:   Dev-Rendering (12F88B9F-8875-4AFC-A67C-D90C383ABD29): 12
LogDevObjectVersion:   Dev-Sequencer (7B5AE74C-D270-4C10-A958-57980B212A5A): 1
LogDevObjectVersion:   Dev-VR (D7296918-1DD6-4BDD-9DE2-64A83CC13884): 0
LogInit: Compiled (64-bit): Jan  6 2017 10:49:43
LogInit: Compiled with Visual C++: 19.00.23026.00
LogInit: Build Configuration: Development
LogInit: Branch Name: ++UE4+Release-4.14
LogInit: Command line:  
LogInit: Base directory: D:/Unreal/Epic Games/4.14/Engine/Binaries/Win64/
LogInit: Installed Engine Build: 1
LogInit: Presizing for max 8388607 objects, including 0 objects not considered by GC, pre-allocating 0 bytes for permanent pool.
LogInit: Object subsystem initialized
[2017.04.01-09.55.01:684][  0]LogInit: Selected Device Profile: [Windows]
[2017.04.01-09.55.01:684][  0]LogInit: Applying CVar settings loaded from the selected device profile: [Windows]
[2017.04.01-09.55.01:738][  0]LogInit: Computer: ASUS
[2017.04.01-09.55.01:738][  0]LogInit: User: User
[2017.04.01-09.55.01:738][  0]LogInit: CPU Page size=65536, Cores=4
[2017.04.01-09.55.01:738][  0]LogInit: High frequency timer resolution =2.533203 MHz
[2017.04.01-09.55.01:739][  0]LogMemory: Memory total: Physical=11.9GB (12GB approx)
[2017.04.01-09.55.01:739][  0]LogMemory: Platform Memory Stats for Windows
[2017.04.01-09.55.01:739][  0]LogMemory: Process Physical Memory: 267.95 MB used, 267.95 MB peak
[2017.04.01-09.55.01:739][  0]LogMemory: Process Virtual Memory: 263.18 MB used, 263.18 MB peak
[2017.04.01-09.55.01:739][  0]LogMemory: Physical Memory: 3496.09 MB used,  8680.80 MB free, 12176.89 MB total
[2017.04.01-09.55.01:739][  0]LogMemory: Virtual Memory: 680.30 MB used,  8680.80 MB free, 134217728.00 MB total
[2017.04.01-09.55.02:331][  0]LogTextLocalizationManager: No specific translations for ('en-SG') exist, so ('en') translations will be used.
[2017.04.01-09.55.09:898][  0]LogD3D11RHI: D3D11 adapters:
[2017.04.01-09.55.10:516][  0]LogD3D11RHI:    0. 'NVIDIA GeForce GTX 950M' (Feature Level 11_0)
[2017.04.01-09.55.10:516][  0]LogD3D11RHI:       4036/0/6088 MB DedicatedVideo/DedicatedSystem/SharedSystem, Outputs:1, VendorId:0x10de
[2017.04.01-09.55.10:535][  0]LogD3D11RHI:    1. 'Intel(R) HD Graphics 4600' (Feature Level 11_0)
[2017.04.01-09.55.10:535][  0]LogD3D11RHI:       112/0/2048 MB DedicatedVideo/DedicatedSystem/SharedSystem, Outputs:0, VendorId:0x8086
[2017.04.01-09.55.10:539][  0]LogD3D11RHI:    2. 'Microsoft Basic Render Driver' (Feature Level 11_0)
[2017.04.01-09.55.10:539][  0]LogD3D11RHI:       0/0/6088 MB DedicatedVideo/DedicatedSystem/SharedSystem, Outputs:0, VendorId:0x1414
[2017.04.01-09.55.10:539][  0]LogD3D11RHI: Chosen D3D11 Adapter: 0
[2017.04.01-09.55.10:552][  0]LogD3D11RHI: Creating new Direct3DDevice
[2017.04.01-09.55.10:552][  0]LogD3D11RHI:     GPU DeviceId: 0x139a (for the marketing name, search the web for "GPU Device Id")
[2017.04.01-09.55.10:552][  0]LogWindows: EnumDisplayDevices:
[2017.04.01-09.55.10:553][  0]LogWindows:    0. 'Intel(R) HD Graphics 4600' (P:1 D:1)
[2017.04.01-09.55.10:553][  0]LogWindows:    1. 'Intel(R) HD Graphics 4600' (P:0 D:0)
[2017.04.01-09.55.10:554][  0]LogWindows:    2. 'Intel(R) HD Graphics 4600' (P:0 D:0)
[2017.04.01-09.55.10:554][  0]LogWindows: DebugString: PrimaryIsNotTheChoosenAdapter PrimaryIsNotTheChoosenAdapter PrimaryIsNotTheChoosenAdapter FoundDriverCount:0 
[2017.04.01-09.55.10:554][  0]LogD3D11RHI:     Adapter Name: NVIDIA GeForce GTX 950M
[2017.04.01-09.55.10:554][  0]LogD3D11RHI:   Driver Version: Unknown (internal:Unknown, unified:Unknown)
[2017.04.01-09.55.10:554][  0]LogD3D11RHI:      Driver Date: Unknown
[2017.04.01-09.55.10:554][  0]LogRHI: Texture pool is 1361 MB (70% of 1945 MB)
[2017.04.01-09.55.10:599][  0]LogD3D11RHI: Async texture creation enabled
[2017.04.01-09.55.10:622][  0]LogD3D11RHI: GPU Timing Frequency: 1000.000000 (Debug: 2 1)
[2017.04.01-09.55.10:624][  0]LogShaderCompilers: Guid format shader working directory is 17 characters bigger than the processId version (../../../../../PurgaStory_v3/Intermediate/Shaders/WorkingDirectory/9040/).
[2017.04.01-09.55.10:624][  0]LogShaderCompilers: Cleaned the shader compiler working directory 'C:/Users/User/AppData/Local/Temp/UnrealShaderWorkingDir/1733E4F84C2EF038F8267CBC367BA468/'.
[2017.04.01-09.55.10:624][  0]LogShaderCompilers:Display: Using Local Shader Compiler.
[2017.04.01-09.55.14:108][  0]LogTemp:Display: Loaded TP AllDesktopTargetPlatform
[2017.04.01-09.55.14:271][  0]LogTemp:Display: Loaded TP MacClientTargetPlatform
[2017.04.01-09.55.14:435][  0]LogTemp:Display: Loaded TP MacNoEditorTargetPlatform
[2017.04.01-09.55.14:597][  0]LogTemp:Display: Loaded TP MacServerTargetPlatform
[2017.04.01-09.55.14:770][  0]LogTemp:Display: Loaded TP MacTargetPlatform
[2017.04.01-09.55.14:930][  0]LogTemp:Display: Loaded TP WindowsClientTargetPlatform
[2017.04.01-09.55.15:092][  0]LogTemp:Display: Loaded TP WindowsNoEditorTargetPlatform
[2017.04.01-09.55.15:252][  0]LogTemp:Display: Loaded TP WindowsServerTargetPlatform
[2017.04.01-09.55.15:375][  0]LogTemp:Display: Loaded TP WindowsTargetPlatform
[2017.04.01-09.55.15:551][  0]LogTemp:Display: Loaded TP AndroidTargetPlatform
[2017.04.01-09.55.15:709][  0]LogTemp:Display: Loaded TP Android_ASTCTargetPlatform
[2017.04.01-09.55.15:869][  0]LogTemp:Display: Loaded TP Android_ATCTargetPlatform
[2017.04.01-09.55.16:028][  0]LogTemp:Display: Loaded TP Android_DXTTargetPlatform
[2017.04.01-09.55.16:187][  0]LogTemp:Display: Loaded TP Android_ETC1TargetPlatform
[2017.04.01-09.55.16:346][  0]LogTemp:Display: Loaded TP Android_ETC2TargetPlatform
[2017.04.01-09.55.16:666][  0]LogTemp:Display: Loaded TP Android_MultiTargetPlatform
[2017.04.01-09.55.16:666][  0]LogTemp:Display: Loaded TP Android_PVRTCTargetPlatform
[2017.04.01-09.55.16:768][  0]LogTemp:Display: Loaded TP HTML5TargetPlatform
[2017.04.01-09.55.17:005][  0]LogTemp:Display: Loaded TP IOSTargetPlatform
[2017.04.01-09.55.17:118][  0]LogTemp:Display: Loaded TP TVOSTargetPlatform
[2017.04.01-09.55.17:286][  0]LogTemp:Display: Loaded TP LinuxClientTargetPlatform
[2017.04.01-09.55.17:446][  0]LogTemp:Display: Loaded TP LinuxNoEditorTargetPlatform
[2017.04.01-09.55.17:607][  0]LogTemp:Display: Loaded TP LinuxServerTargetPlatform
[2017.04.01-09.55.17:779][  0]LogTemp:Display: Loaded TP LinuxTargetPlatform
[2017.04.01-09.55.17:779][  0]LogTargetPlatformManager:Display: Building Assets For Windows
[2017.04.01-09.55.18:837][  0]LogDerivedDataCache:Display: Max Cache Size: 512 MB
[2017.04.01-09.55.19:009][  0]LogDerivedDataCache: Loaded boot cache 0.17s 50MB C:/Users/User/AppData/Local/UnrealEngine/4.14/DerivedDataCache/Boot.ddc.
[2017.04.01-09.55.19:009][  0]LogDerivedDataCache:Display: Loaded Boot cache: C:/Users/User/AppData/Local/UnrealEngine/4.14/DerivedDataCache/Boot.ddc
[2017.04.01-09.55.19:009][  0]LogDerivedDataCache: FDerivedDataBackendGraph:  Pak pak cache file ../../../../../PurgaStory_v3/DerivedDataCache/DDC.ddp not found, will not use a pak cache.
[2017.04.01-09.55.19:009][  0]LogDerivedDataCache: Unable to find inner node Pak for hierarchical cache Hierarchy.
[2017.04.01-09.55.19:009][  0]LogDerivedDataCache: FDerivedDataBackendGraph:  CompressedPak pak cache file ../../../../../PurgaStory_v3/DerivedDataCache/Compressed.ddp not found, will not use a pak cache.
[2017.04.01-09.55.19:009][  0]LogDerivedDataCache: Unable to find inner node CompressedPak for hierarchical cache Hierarchy.
[2017.04.01-09.55.19:077][  0]LogDerivedDataCache:Display: Pak cache opened for reading ../../../Engine/DerivedDataCache/Compressed.ddp.
[2017.04.01-09.55.19:092][  0]LogDerivedDataCache: Using Local data cache path C:/Users/User/AppData/Local/UnrealEngine/Common/DerivedDataCache: Writable
[2017.04.01-09.55.19:774][  0]LogInit: Selected Device Profile: [Windows]
[2017.04.01-09.55.19:784][  0]LogContentStreaming: Texture pool size is 0.00 MB
[2017.04.01-09.55.20:427][  0]LogMeshUtilities: Using QuadricMeshReduction for automatic static mesh reduction
[2017.04.01-09.55.20:540][  0]LogSimplygon: Simplygon DLL not present - disabling.
[2017.04.01-09.55.20:661][  0]LogMeshUtilities: Using SimplygonSwarm for distributed automatic mesh merging
[2017.04.01-09.55.20:661][  0]LogMeshUtilities: No automatic skeletal mesh reduction module available
[2017.04.01-09.55.20:661][  0]LogMeshUtilities: No automatic mesh merging module available
[2017.04.01-09.55.22:277][  0]LogNetVersion: GetLocalNetworkVersion: CL: 3195953, ProjectName: purgastory, ProjectVersion: , EngineNetworkVersion: 2, GameNetworkVersion: 0, NetworkChecksum: 4090582873
[2017.04.01-09.55.22:403][  0]LogAssetRegistry: FAssetRegistry took 0.0227 seconds to start up
[2017.04.01-09.55.22:533][  0]LogPackageLocalizationCache: Processed 3 localized package path(s) for 2 prioritized culture(s) in 0.073407 seconds
[2017.04.01-09.55.22:551][  0]LogUObjectArray: 31953 objects as part of root set at end of initial load.
[2017.04.01-09.55.22:551][  0]LogUObjectAllocator: 7149672 out of 0 bytes used by permanent object pool.
[2017.04.01-09.55.22:551][  0]LogUObjectArray: CloseDisregardForGC: 0/0 objects in disregard for GC pool
[2017.04.01-09.55.24:625][  0]LogSlate: Using Freetype 2.6.0
[2017.04.01-09.55.24:626][  0]LogSlate: SlateFontCache - WITH_FREETYPE: 1, WITH_HARFBUZZ: 1
[2017.04.01-09.55.24:626][  0]LogSlate: SlateFontCache - WITH_FREETYPE: 1, WITH_HARFBUZZ: 1
[2017.04.01-09.55.30:032][  0]LogSubstanceCoreModule: Substance [CPU] Engine Loaded, Max Texture Size = 2048
[2017.04.01-09.55.30:104][  0]LogTcpMessaging: Initializing TcpMessaging bridge
[2017.04.01-09.55.30:187][  0]LogUdpMessaging: Initializing bridge on interface 0.0.0.0:0 to multicast group 230.0.0.1:6666.
[2017.04.01-09.55.30:981][  0]LogMaterial: Uniform references updated for custom material expression Custom.
[2017.04.01-09.55.32:034][  0]SourceControl: Info Source control is disabled
[2017.04.01-09.55.32:352][  0]SourceControl: Info Source control is disabled
[2017.04.01-09.55.32:472][  0]SourceControl: Info Source control is disabled
[2017.04.01-09.55.32:590][  0]SourceControl: Info Source control is disabled
[2017.04.01-09.55.35:917][  0]LogEngine: Initializing Engine...
[2017.04.01-09.55.35:918][  0]LogHMD: Failed to initialize OpenVR with code 110
[2017.04.01-09.55.36:654][  0]LogAIModule: Creating AISystem for world Untitled
[2017.04.01-09.55.36:671][  0]LogInit: XAudio2 using 'Speakers (Conexant SmartAudio HD)' : 2 channels at 48 kHz using 32 bits per sample (channel mask 0x3)
[2017.04.01-09.55.36:768][  0]LogInit: FAudioDevice initialized.
[2017.04.01-09.55.36:837][  0]LogDerivedDataCache: Saved boot cache 0.07s 50MB C:/Users/User/AppData/Local/UnrealEngine/4.14/DerivedDataCache/Boot.ddc.
[2017.04.01-09.55.36:860][  0]LogInit: Texture streaming: Enabled
[2017.04.01-09.55.37:434][  0]LogInit: Transaction tracking system initialized
[2017.04.01-09.55.38:376][  0]BlueprintLog: New page: Editor Load
[2017.04.01-09.55.40:889][  0]LocalizationService: Info Localization service is disabled
[2017.04.01-09.55.43:718][  0]LogConsoleResponse:Display: 
[2017.04.01-09.55.44:556][  0]LogCook:Display: Max memory allowance for cook 16384mb min free memory 0mb
[2017.04.01-09.55.44:556][  0]LogCook:Display: Mobile HDR setting 1
[2017.04.01-09.55.44:929][  0]LogFileCache: Scanning file cache for directory 'D:/Unreal/PurgaStory_v3/Content/' took 0.05s
[2017.04.01-09.55.47:116][  0]SourceControl: Info Source control is disabled
[2017.04.01-09.55.47:116][  0]Cmd: MAP LOAD FILE="../../../../../PurgaStory_v3/Content/Multiplayer/Maps/MP_mainMenu.umap" TEMPLATE=0 SHOWPROGRESS=1 FEATURELEVEL=3
[2017.04.01-09.55.47:128][  0]LightingResults: New page: Lighting Build
[2017.04.01-09.55.47:232][  0]MapCheck: New page: Map Check
[2017.04.01-09.55.47:232][  0]LightingResults: New page: Lighting Build
[2017.04.01-09.55.52:379][  0]LogAIModule: Creating AISystem for world MP_mainMenu
[2017.04.01-09.55.52:382][  0]LogEditorServer: Finished looking for orphan Actors (0.000 secs)
[2017.04.01-09.55.52:383][  0]Cmd: MAP CHECKDEP NOCLEARLOG
[2017.04.01-09.55.52:499][  0]MapCheck: Info Map check complete: 0 Error(s), 0 Warning(s), took 116.173ms to complete.
[2017.04.01-09.55.52:499][  0]LogFileHelpers: Loading map 'MP_mainMenu' took 5.383
[2017.04.01-09.55.52:861][  0]LogCollectionManager: Loaded 0 collections in 0.003204 seconds
[2017.04.01-09.55.53:011][  0]LogFileCache: Scanning file cache for directory 'D:/Unreal/PurgaStory_v3/Saved/Collections/' took 0.01s
[2017.04.01-09.55.53:011][  0]LogFileCache: Scanning file cache for directory 'D:/Unreal/PurgaStory_v3/Content/Developers/User/Collections/' took 0.01s
[2017.04.01-09.55.53:011][  0]LogFileCache: Scanning file cache for directory 'D:/Unreal/PurgaStory_v3/Content/Collections/' took 0.01s
[2017.04.01-09.55.53:011][  0]LogCollectionManager: Rebuilt the GUID cache for 0 collections in 0.000009 seconds
[2017.04.01-09.55.53:043][  0]LogContentBrowser: Native class hierarchy populated in 0.0317 seconds. Added 2206 classes and 437 folders.
[2017.04.01-09.55.53:152][  0]LogStats: UGameplayTagsManager::ConstructGameplayTagTree: Construct from data asset -  0.000 s
[2017.04.01-09.55.53:152][  0]LogStats: UGameplayTagsManager::ConstructGameplayTagTree: GameplayTagTreeChangedEvent.Broadcast -  0.000 s
[2017.04.01-09.55.53:154][  0]LogContentBrowser: Native class hierarchy updated for 'GameplayTags' in 0.0018 seconds. Added 13 classes and 0 folders.
[2017.04.01-09.55.53:315][  0]LogContentBrowser: Native class hierarchy updated for 'WidgetCarousel' in 0.0016 seconds. Added 0 classes and 0 folders.
[2017.04.01-09.55.54:095][  0]LogContentBrowser: Native class hierarchy updated for 'AddContentDialog' in 0.0016 seconds. Added 0 classes and 0 folders.
[2017.04.01-09.55.54:206][  0]LogContentBrowser: Native class hierarchy updated for 'SceneOutliner' in 0.0016 seconds. Added 1 classes and 2 folders.
[2017.04.01-09.55.54:470][  0]LogCrashTracker: Crashtracker disabled due to settings.
[2017.04.01-09.55.54:488][  0]LogUObjectGlobals:Warning: Failed to find object 'Class None.'
[2017.04.01-09.55.54:637][  0]LogContentBrowser: Native class hierarchy updated for 'HierarchicalLODOutliner' in 0.0017 seconds. Added 1 classes and 2 folders.
[2017.04.01-09.55.54:637][  0]LogLoad: (Engine Initialization) Total time: 57.28 seconds
[2017.04.01-09.55.54:637][  0]LogLoad: (Engine Initialization) Total Blueprint compile time: 0.71 seconds
[2017.04.01-09.55.54:637][  0]LogExternalProfiler: Found external profiler: VSPerf
[2017.04.01-09.55.54:637][  0]LogExternalProfiler: Using external profiler: VSPerf
[2017.04.01-09.55.54:978][  0]LogOcInput: OculusInput pre-init called
[2017.04.01-09.55.55:022][  0]LogContentStreaming: Texture pool size now 800 MB
[2017.04.01-09.55.55:568][  0]LogRenderer: Reallocating scene render targets to support 796x388 NumSamples 1 (Frame:2).
[2017.04.01-09.55.55:858][  1]LogFileCache: Retrieving MD5 hashes for directory 'D:/Unreal/PurgaStory_v3/Content/' took 0.87s
[2017.04.01-09.55.57:881][  7]LogAssetRegistry: Asset discovery search completed in 35.5006 seconds
[2017.04.01-09.55.57:881][  7]LogCollectionManager: Rebuilt the object cache for 0 collections in 0.000001 seconds (found 0 objects)
[2017.04.01-09.55.57:881][  7]LogCollectionManager: Fixed up redirectors for 0 collections in 0.000048 seconds (updated 0 objects)
[2017.04.01-09.57.18:716][296]LogBlueprint:Warning: [BP_Seeker] 'HidingTimeLeft' variable not found. Base class was probably changed.
[2017.04.01-09.57.20:714][296]LogLinker:Warning: Can't find file '/Game/Materials/_Base_Mat/M_Textures/T_DefaultNoise_N'
[2017.04.01-09.57.20:714][296]LogLinker:Warning: Can't find file for asset '/Game/Materials/_Base_Mat/M_Textures/T_DefaultNoise_N' while loading ../../../../../PurgaStory_v3/Content/Materials/Architecture/Rubber/MI_Rubber_Black_001_a.uasset.
[2017.04.01-09.57.20:715][296]LoadErrors:Error: Error /Game/Materials/Architecture/Rubber/MI_Rubber_Black_001_a : Can't find file for asset. /Game/Materials/_Base_Mat/M_Textures/T_DefaultNoise_N
[2017.04.01-09.57.20:715][296]LogLinker:Warning: Can't find file '/Game/Materials/_Base_Mat/M_Textures/T_DefaultNoise_N'
[2017.04.01-09.57.20:715][296]LogLinker:Warning: Can't find file for asset '/Game/Materials/_Base_Mat/M_Textures/T_DefaultNoise_N' while loading ../../../../../PurgaStory_v3/Content/Materials/Architecture/Rubber/MI_Rubber_Black_001_a.uasset.
[2017.04.01-09.57.20:773][296]LogLinker:Warning: Can't find file '/Game/Materials/_Base_Mat/M_Textures/white'
[2017.04.01-09.57.20:774][296]LogLinker:Warning: Can't find file for asset '/Game/Materials/_Base_Mat/M_Textures/white' while loading ../../../../../PurgaStory_v3/Content/Materials/_Base_Mat/M_Prototyper_2.uasset.
[2017.04.01-09.57.20:774][296]LoadErrors:Error: Error /Game/Materials/_Base_Mat/M_Prototyper_2 : Can't find file for asset. /Game/Materials/_Base_Mat/M_Textures/white
[2017.04.01-09.57.20:775][296]LogLinker:Warning: Can't find file '/Game/Materials/_Base_Mat/M_Textures/white'
[2017.04.01-09.57.20:775][296]LogLinker:Warning: Can't find file for asset '/Game/Materials/_Base_Mat/M_Textures/white' while loading ../../../../../PurgaStory_v3/Content/Materials/_Base_Mat/M_Prototyper_2.uasset.
[2017.04.01-09.57.23:090][296]LogLinker:Warning: Can't find file '/Game/Materials/_Base_Mat/M_Textures/T_DefaultNoise_N'
[2017.04.01-09.57.23:090][296]LoadErrors: Info Failed to load /Game/Materials/_Base_Mat/M_Textures/T_DefaultNoise_N.T_DefaultNoise_N Referenced by MI_Rubber_Black_001_a
[2017.04.01-09.57.23:091][296]LogLinker:Warning: Can't find file for asset '/Game/Materials/_Base_Mat/M_Textures/T_DefaultNoise_N' while loading NULL.
[2017.04.01-09.57.23:146][296]LogLinker:Warning: Can't find file '/Game/Materials/_Base_Mat/M_Textures/white'
[2017.04.01-09.57.23:146][296]LoadErrors: Info Failed to load /Game/Materials/_Base_Mat/M_Textures/white.white Referenced by MaterialExpressionTextureObjectParameter_3
[2017.04.01-09.57.23:147][296]LogLinker:Warning: Can't find file for asset '/Game/Materials/_Base_Mat/M_Textures/white' while loading NULL.
[2017.04.01-09.57.23:147][296]LogLinker:Warning: Can't find file '/Game/Materials/_Base_Mat/M_Textures/white'
[2017.04.01-09.57.23:148][296]LoadErrors: Info Failed to load /Game/Materials/_Base_Mat/M_Textures/white.white Referenced by MaterialExpressionTextureSampleParameter2D_6
[2017.04.01-09.57.23:148][296]LogLinker:Warning: Can't find file for asset '/Game/Materials/_Base_Mat/M_Textures/white' while loading NULL.
[2017.04.01-09.57.23:160][296]LogMaterial: Uniform references updated for custom material expression TemporalAA SampleID.
[2017.04.01-09.57.23:162][296]LogMaterial: Uniform references updated for custom material expression Custom.
[2017.04.01-09.57.23:348][296]LogMaterial: Missing cached shader map for material M_RollingFire, compiling. 
[2017.04.01-09.57.28:153][296]LogMaterial: Missing cached shader map for material M_Prototyper_2, compiling. 
[2017.04.01-09.57.28:160][296]LogMaterial:Warning: Failed to compile Material /Game/Materials/_Base_Mat/M_Prototyper_2.M_Prototyper_2 for platform PCD3D_SM5, Default Material will be used in game.
[2017.04.01-09.57.28:160][296]LogMaterial:Warning: 	(Node TextureObjectParameter) Param Tex Object> Requires valid texture
[2017.04.01-09.57.28:171][296]LogMaterial: Missing cached shader map for material M_Prototyper_2, compiling. 
[2017.04.01-09.57.28:176][296]LogMaterial:Warning: Failed to compile Material Instance /Game/Materials/Solids/Dual_Color/MI_Black_White.MI_Black_White with Base M_Prototyper_2 for platform PCD3D_SM5, Default Material will be used in game.
[2017.04.01-09.57.28:176][296]LogMaterial:Warning: 	(Node TextureObjectParameter) Param Tex Object> Requires valid texture
[2017.04.01-09.57.28:710][296]LogAIModule: Creating AISystem for world Purgastory_Level
[2017.04.01-09.57.28:715][296]LogMaterial:Warning: Material /Game/KiteDemo/Environments/Trees/ScotsPine_01/ScotsPine_01_Branches_Mat.ScotsPine_01_Branches_Mat needed to have new flag set bUsedWithInstancedStaticMeshes !
[2017.04.01-09.57.28:723][296]LogMaterial: Missing cached shader map for material ScotsPine_01_Branches_Mat, compiling. 
[2017.04.01-09.57.29:006][296]MapCheck:Warning: Warning ScotsPine_01_Branches_Mat Material /Game/KiteDemo/Environments/Trees/ScotsPine_01/ScotsPine_01_Branches_Mat.ScotsPine_01_Branches_Mat was missing the usage flag bUsedWithInstancedStaticMeshes. If the material asset is not re-saved, it may not render correctly when run outside the editor. Fix
[2017.04.01-09.57.29:028][296]LogMaterial: 0.00 seconds spent updating 1 materials, 1 interfaces, 0 instances, 0 with static permutations.
[2017.04.01-09.57.29:028][296]LogMaterial:Warning: Material /Game/KiteDemo/Environments/Trees/ScotsPine_01/ScotsPine_01_Branches_2_Mat.ScotsPine_01_Branches_2_Mat needed to have new flag set bUsedWithInstancedStaticMeshes !
[2017.04.01-09.57.29:038][296]LogMaterial: Missing cached shader map for material ScotsPine_01_Branches_2_Mat, compiling. 
[2017.04.01-09.57.29:267][296]MapCheck:Warning: Warning ScotsPine_01_Branches_2_Mat Material /Game/KiteDemo/Environments/Trees/ScotsPine_01/ScotsPine_01_Branches_2_Mat.ScotsPine_01_Branches_2_Mat was missing the usage flag bUsedWithInstancedStaticMeshes. If the material asset is not re-saved, it may not render correctly when run outside the editor. Fix
[2017.04.01-09.57.29:271][296]LogMaterial: 0.00 seconds spent updating 1 materials, 1 interfaces, 0 instances, 0 with static permutations.
[2017.04.01-09.57.29:271][296]LogMaterial:Warning: Material /Game/KiteDemo/Environments/Trees/ScotsPine_01/ScotsPine_01_Leaves_Mat.ScotsPine_01_Leaves_Mat needed to have new flag set bUsedWithInstancedStaticMeshes !
[2017.04.01-09.57.29:281][296]LogMaterial: Missing cached shader map for material ScotsPine_01_Leaves_Mat, compiling. 
[2017.04.01-09.57.29:525][296]MapCheck:Warning: Warning ScotsPine_01_Leaves_Mat Material /Game/KiteDemo/Environments/Trees/ScotsPine_01/ScotsPine_01_Leaves_Mat.ScotsPine_01_Leaves_Mat was missing the usage flag bUsedWithInstancedStaticMeshes. If the material asset is not re-saved, it may not render correctly when run outside the editor. Fix
[2017.04.01-09.57.29:529][296]LogMaterial: 0.00 seconds spent updating 1 materials, 1 interfaces, 0 instances, 0 with static permutations.
[2017.04.01-09.57.29:529][296]LogMaterial:Warning: Material /Game/KiteDemo/Environments/Trees/ScotsPine_01/ScotsPine_01_Fronds_Mat.ScotsPine_01_Fronds_Mat needed to have new flag set bUsedWithInstancedStaticMeshes !
[2017.04.01-09.57.29:538][296]LogMaterial: Missing cached shader map for material ScotsPine_01_Fronds_Mat, compiling. 
[2017.04.01-09.57.29:757][296]MapCheck:Warning: Warning ScotsPine_01_Fronds_Mat Material /Game/KiteDemo/Environments/Trees/ScotsPine_01/ScotsPine_01_Fronds_Mat.ScotsPine_01_Fronds_Mat was missing the usage flag bUsedWithInstancedStaticMeshes. If the material asset is not re-saved, it may not render correctly when run outside the editor. Fix
[2017.04.01-09.57.29:760][296]LogMaterial: 0.00 seconds spent updating 1 materials, 1 interfaces, 0 instances, 0 with static permutations.
[2017.04.01-09.57.30:962][296]Cmd: MAP LOAD FILE="../../../../../PurgaStory_v3/Content/Multiplayer/Maps/Purgastory_Level.umap" TEMPLATE=0 SHOWPROGRESS=1 FEATURELEVEL=3
[2017.04.01-09.57.30:962][296]LightingResults: New page: Lighting Build
[2017.04.01-09.57.30:964][296]LoadErrors: New page: Loading map: Purgastory_Level.umap
[2017.04.01-09.57.30:965][296]MapCheck: New page: Map Check
[2017.04.01-09.57.30:965][296]LightingResults: New page: Lighting Build
[2017.04.01-09.57.31:503][296]LogPhysics:Error: PHYSX: (D:\Build\++UE4+Release-4.14+PhysX_Compile\Sync\Engine\Source\ThirdParty\PhysX\PhysX_3.4\Source\PhysX\src\NpMaterial.cpp 143) eINVALID_PARAMETER : PxMaterial::setRestitution: Invalid value 1.150000 was clamped to [0,1]!
[2017.04.01-09.57.32:216][296]LogEditorServer: Finished looking for orphan Actors (0.001 secs)
[2017.04.01-09.57.32:334][296]Cmd: MAP CHECKDEP NOCLEARLOG
[2017.04.01-09.57.32:584][296]MapCheck: Info Map check complete: 0 Error(s), 0 Warning(s), took 250.252ms to complete.
[2017.04.01-09.57.32:585][296]LogFileHelpers: Loading map 'Purgastory_Level' took 1.626
[2017.04.01-09.57.44:108][ 57]LogShaderCompilers:Warning: Failed to compile Material /Game/Assets/Materials/M_RollingFire.M_RollingFire for platform PCD3D_SM5, Default Material will be used in game.
[2017.04.01-09.57.44:109][ 57]LogShaderCompilers:Warning: 	HitProxyVertexShader.usf(27,3-34):  err0r X3000: unrecognized identifier 'FVertexFactoryInterpolantsVSToDS'
[2017.04.01-09.57.44:109][ 57]LogShaderCompilers:Warning: 	LightMapDensityShader.usf(23,3-34):  err0r X3000: unrecognized identifier 'FVertexFactoryInterpolantsVSToDS'
[2017.04.01-09.57.44:109][ 57]LogShaderCompilers:Warning: 	DepthOnlyVertexShader.usf(30,3-34):  err0r X3000: unrecognized identifier 'FVertexFactoryInterpolantsVSToDS'
[2017.04.01-09.57.44:109][ 57]LogShaderCompilers:Warning: 	DebugViewModeVertexShader.usf(18,3-34):  err0r X3000: unrecognized identifier 'FVertexFactoryInterpolantsVSToDS'
[2017.04.01-09.57.44:109][ 57]LogShaderCompilers:Warning: 	BasePassVertexCommon.usf(30,3-34):  err0r X3000: unrecognized identifier 'FVertexFactoryInterpolantsVSToDS'
[2017.04.01-09.57.44:109][ 57]LogShaderCompilers:Warning: 	VelocityShader.usf(49,3-34):  err0r X3000: unrecognized identifier 'FVertexFactoryInterpolantsVSToDS'
[2017.04.01-09.57.44:109][ 57]LogShaderCompilers:Warning: 	ShadowDepthVertexShader.usf(124,2-33):  err0r X3000: unrecognized identifier 'FVertexFactoryInterpolantsVSToDS'
[2017.04.01-09.58.45:093][829]LogFactory: FactoryCreateFile: StaticMesh with FbxFactory (0 0 D:\UnityAssetsLibrary\UnityAssetsLibrary\Assets\ConstructionSitePack\FireEscapeDoor\firedoorMesh.fbx)
[2017.04.01-09.58.45:303][829]LogFbx: ItemName: Model, ItemCount : 1
[2017.04.01-09.58.45:303][829]LogFbx: ItemName: Material, ItemCount : 1
[2017.04.01-09.58.45:303][829]LogFbx: ItemName: SceneInfo, ItemCount : 1
[2017.04.01-09.58.45:303][829]LogFbx: ItemName: GlobalSettings, ItemCount : 1
[2017.04.01-09.58.45:403][829]LogFbx: Loading FBX Scene from D:\UnityAssetsLibrary\UnityAssetsLibrary\Assets\ConstructionSitePack\FireEscapeDoor\firedoorMesh.fbx
[2017.04.01-09.58.45:469][829]LogFbx: FBX Scene Loaded Succesfully
[2017.04.01-09.58.48:762][829]LogFbx: Loading FBX Scene from D:\UnityAssetsLibrary\UnityAssetsLibrary\Assets\ConstructionSitePack\FireEscapeDoor\firedoorMesh.fbx
[2017.04.01-09.58.48:785][829]LogFbx: FBX Scene Loaded Succesfully
[2017.04.01-09.58.48:796][829]LogLinker: Can't find file '/Game/FireDoor/material'
[2017.04.01-09.58.48:796][829]LogLinker: Can't find file '/Game/FireDoor/material'
[2017.04.01-09.58.48:815][829]LogMaterial: Missing cached shader map for material material, compiling. 
[2017.04.01-09.58.48:940][829]LogFbx:Warning: Triangulating static mesh firedoorMesh
[2017.04.01-09.58.49:048][829]LogStaticMesh: Building static mesh firedoorMesh...
[2017.04.01-09.58.49:073][829]LogStaticMesh: Built static mesh [0.03s] /Game/FireDoor/firedoorMesh.firedoorMesh
[2017.04.01-10.00.10:085][303]LogFactory: FactoryCreateFile: Texture with ReimportTextureFactory (0 0 D:\UnityAssetsLibrary\UnityAssetsLibrary\Assets\ConstructionSitePack\FireEscapeDoor\door_normals.tga)
[2017.04.01-10.00.10:288][303]LogTexture:Display: Building textures: door_normals (BC5)
[2017.04.01-10.00.10:908][303]LogFactory: FactoryCreateFile: Texture with ReimportTextureFactory (0 0 D:\UnityAssetsLibrary\UnityAssetsLibrary\Assets\ConstructionSitePack\FireEscapeDoor\door_spec.tga)
[2017.04.01-10.00.11:041][303]LogTexture:Display: Building textures: door_spec (AutoDXT)
[2017.04.01-10.00.12:675][303]LogFactory: FactoryCreateFile: Texture with ReimportTextureFactory (0 0 D:\UnityAssetsLibrary\UnityAssetsLibrary\Assets\ConstructionSitePack\FireEscapeDoor\door_diffspec-1.tga)
[2017.04.01-10.00.12:796][303]LogTexture:Display: Building textures: door_diffspec-1 (AutoDXT)
[2017.04.01-10.00.15:235][303]LogFactory: FactoryCreateFile: Texture with ReimportTextureFactory (0 0 D:\UnityAssetsLibrary\UnityAssetsLibrary\Assets\ConstructionSitePack\FireEscapeDoor\door_diffspec-2.tga)
[2017.04.01-10.00.15:363][303]LogTexture:Display: Building textures: door_diffspec-2 (AutoDXT)
[2017.04.01-10.02.10:727][950]LogActorFactory: Actor Factory created firedoorMesh
[2017.04.01-10.02.11:989][ 13]LogActorFactory: Actor Factory created firedoorMesh
[2017.04.01-10.02.35:135][869]LogMaterial: Missing cached shader map for material material, compiling. 
[2017.04.01-10.02.35:404][869]LogMaterial: Missing cached shader map for material material, compiling. 
[2017.04.01-10.02.35:442][869]LogMaterial: 0.00 seconds spent updating 1 materials, 1 interfaces, 0 instances, 0 with static permutations.
[2017.04.01-10.02.35:481][869]LogMaterial: Missing cached shader map for material FMatExpressionPreview MaterialExpressionVectorParameter_0, compiling. 
[2017.04.01-10.02.38:511][924]MaterialEditorStats: Info Base pass shader with only dynamic lighting: 22 instructions
[2017.04.01-10.02.38:511][924]MaterialEditorStats: Info Vertex shader: 29 instructions
[2017.04.01-10.02.38:511][924]MaterialEditorStats: Info Texture samplers: 0/16
[2017.04.01-10.02.40:930][993]LogMaterial: Missing cached shader map for material material, compiling. 
[2017.04.01-10.02.40:967][993]LogMaterial: 0.00 seconds spent updating 1 materials, 1 interfaces, 0 instances, 0 with static permutations.
[2017.04.01-10.02.42:869][ 21]LogMaterial: Missing cached shader map for material material, compiling. 
[2017.04.01-10.02.42:912][ 21]LogMaterial: 0.00 seconds spent updating 1 materials, 1 interfaces, 0 instances, 0 with static permutations.
[2017.04.01-10.02.42:917][ 21]LogMaterial: Missing cached shader map for material FMatExpressionPreview MaterialExpressionTextureSample_0, compiling. 
[2017.04.01-10.02.42:972][ 21]LogMaterial: Missing cached shader map for material FMatExpressionPreview MaterialExpressionTextureSample_0, compiling. 
[2017.04.01-10.02.45:941][ 91]LogMaterial: Missing cached shader map for material material, compiling. 
[2017.04.01-10.02.45:979][ 91]LogMaterial: 0.00 seconds spent updating 1 materials, 1 interfaces, 0 instances, 0 with static permutations.
[2017.04.01-10.02.46:016][ 91]LogMaterial: Missing cached shader map for material FMatExpressionPreview MaterialExpressionTextureSample_0, compiling. 
[2017.04.01-10.02.47:902][125]LogMaterial: Missing cached shader map for material material, compiling. 
[2017.04.01-10.02.47:951][125]LogMaterial: 0.00 seconds spent updating 1 materials, 1 interfaces, 0 instances, 0 with static permutations.
[2017.04.01-10.02.47:956][125]LogMaterial: Missing cached shader map for material FMatExpressionPreview MaterialExpressionTextureSample_1, compiling. 
[2017.04.01-10.02.48:006][125]LogMaterial: Missing cached shader map for material FMatExpressionPreview MaterialExpressionTextureSample_0, compiling. 
[2017.04.01-10.02.48:029][125]LogMaterial: Missing cached shader map for material FMatExpressionPreview MaterialExpressionTextureSample_1, compiling. 
[2017.04.01-10.02.49:980][160]LogMaterial: Missing cached shader map for material material, compiling. 
[2017.04.01-10.02.50:032][160]LogMaterial: 0.00 seconds spent updating 1 materials, 1 interfaces, 0 instances, 0 with static permutations.
[2017.04.01-10.02.50:069][160]LogMaterial: Missing cached shader map for material FMatExpressionPreview MaterialExpressionTextureSample_1, compiling. 
[2017.04.01-10.02.52:656][222]LogMaterialEditor: Applying material material
[2017.04.01-10.02.54:210][222]LogMaterial: Missing cached shader map for material material, compiling. 
[2017.04.01-10.02.54:283][222]LogMaterial: 0.00 seconds spent updating 1 materials, 1 interfaces, 0 instances, 0 with static permutations.
[2017.04.01-10.02.54:371][222]LogMaterial: Missing cached shader map for material material, compiling. 
[2017.04.01-10.02.54:478][222]LogMaterial: Missing cached shader map for material material, compiling. 
[2017.04.01-10.02.54:586][222]LogMaterial: 0.03 seconds spent updating 1 materials, 1 interfaces, 0 instances, 0 with static permutations.
[2017.04.01-10.02.59:082][347]LogEditorViewport: Clicking on Actor (LMB): Emitter (P_Dust_Hanging_Large_Haze_Thick8)
[2017.04.01-10.03.00:609][412]MaterialEditorStats: Info Base pass shader with only dynamic lighting: 65 instructions
[2017.04.01-10.03.00:609][412]MaterialEditorStats: Info Vertex shader: 31 instructions
[2017.04.01-10.03.00:609][412]MaterialEditorStats: Info Texture samplers: 5/16
[2017.04.01-10.03.12:979][992]LogEditorViewport: Clicking on Actor (LMB): Emitter (P_Dust_Hanging_Large_Haze_Thick8)
[2017.04.01-10.03.14:495][107]LogEditorViewport: Clicking on Actor (LMB): Emitter (P_Dust_Hanging_Large_Haze_Thick8)
[2017.04.01-10.03.25:706][ 63]LogEditorViewport: Clicking on Actor (LMB): Emitter (P_Dust_Hanging_Large_Haze_Thick8)
[2017.04.01-10.03.27:126][116]LogEditorViewport: Clicking on Actor (LMB): StaticMeshActor (firedoorMesh)
[2017.04.01-10.03.31:785][317]LogPhysics:Warning: Initialising Body : Scale3D is (nearly) zero: Component: firedoorMesh_2.StaticMeshComponent0 firedoorMesh 
[2017.04.01-10.03.33:472][383]LogPhysics:Warning: Initialising Body : Scale3D is (nearly) zero: Component: firedoorMesh_2.StaticMeshComponent0 firedoorMesh 
[2017.04.01-10.04.45:569][633]Cmd: EDIT COPY
[2017.04.01-10.04.46:477][665]Cmd: EDIT PASTE
[2017.04.01-10.04.53:710][907]Cmd: CAMERA ALIGN ACTIVEVIEWPORTONLY
[2017.04.01-10.07.21:041][356]LogSavePackage: Save=3513.48ms
[2017.04.01-10.07.21:043][356]LogSavePackage: Moving '../../../../../PurgaStory_v3/Saved/Purgastory_Level_Auto1AA895BD64F63BC44A5202B9A1399EC53.tmp' to '../../../../../PurgaStory_v3/Saved/Autosaves/Game/Multiplayer/Maps/Purgastory_Level_Auto1.umap'
[2017.04.01-10.07.21:049][356]LogSavePackage:Display: Finished SavePackage ../../../../../PurgaStory_v3/Saved/Autosaves/Game/Multiplayer/Maps/Purgastory_Level_Auto1.umap
[2017.04.01-10.07.21:062][356]LogFileHelpers: Editor autosave (incl. sublevels) for '/Game/Multiplayer/Maps/Purgastory_Level' took 3.631
[2017.04.01-10.07.21:062][356]LogFileHelpers: Editor autosave (incl. sublevels) for all levels took 3.631
[2017.04.01-10.07.21:067][356]OBJ SavePackage: Generating thumbnails for [1] asset(s) in package [/Game/FireDoor/firedoorMesh] ([1] browsable assets)...
[2017.04.01-10.07.21:112][356]OBJ SavePackage:     Rendered thumbnail for [StaticMesh /Game/FireDoor/firedoorMesh.firedoorMesh]
[2017.04.01-10.07.21:112][356]OBJ SavePackage: Finished generating thumbnails for package [/Game/FireDoor/firedoorMesh]
[2017.04.01-10.07.21:112][356]Cmd: OBJ SAVEPACKAGE PACKAGE="/Game/FireDoor/firedoorMesh" FILE="../../../../../PurgaStory_v3/Saved/Autosaves/Game/FireDoor/firedoorMesh_Auto1.uasset" SILENT=false AUTOSAVING=true
[2017.04.01-10.07.21:172][356]LogSavePackage: Save=55.67ms
[2017.04.01-10.07.21:172][356]LogSavePackage: Moving '../../../../../PurgaStory_v3/Saved/firedoorMesh_Auto170D9E5244706299E00E879AAAECC19B9.tmp' to '../../../../../PurgaStory_v3/Saved/Autosaves/Game/FireDoor/firedoorMesh_Auto1.uasset'
[2017.04.01-10.07.21:173][356]LogSavePackage:Display: Finished SavePackage ../../../../../PurgaStory_v3/Saved/Autosaves/Game/FireDoor/firedoorMesh_Auto1.uasset
[2017.04.01-10.07.21:174][356]OBJ SavePackage: Generating thumbnails for [1] asset(s) in package [/Game/FireDoor/door_normals] ([1] browsable assets)...
[2017.04.01-10.07.21:210][356]OBJ SavePackage:     Rendered thumbnail for [Texture2D /Game/FireDoor/door_normals.door_normals]
[2017.04.01-10.07.21:211][356]OBJ SavePackage: Finished generating thumbnails for package [/Game/FireDoor/door_normals]
[2017.04.01-10.07.21:211][356]Cmd: OBJ SAVEPACKAGE PACKAGE="/Game/FireDoor/door_normals" FILE="../../../../../PurgaStory_v3/Saved/Autosaves/Game/FireDoor/door_normals_Auto1.uasset" SILENT=false AUTOSAVING=true
[2017.04.01-10.07.21:260][356]LogSavePackage: Save=46.13ms
[2017.04.01-10.07.21:260][356]LogSavePackage: Moving '../../../../../PurgaStory_v3/Saved/door_normals_Auto1CA5A1C1F418D3C1F325B2B887CDDE09B.tmp' to '../../../../../PurgaStory_v3/Saved/Autosaves/Game/FireDoor/door_normals_Auto1.uasset'
[2017.04.01-10.07.21:262][356]LogSavePackage:Display: Finished SavePackage ../../../../../PurgaStory_v3/Saved/Autosaves/Game/FireDoor/door_normals_Auto1.uasset
[2017.04.01-10.07.21:263][356]OBJ SavePackage: Generating thumbnails for [1] asset(s) in package [/Game/FireDoor/material] ([1] browsable assets)...
[2017.04.01-10.07.21:310][356]OBJ SavePackage:     Rendered thumbnail for [Material /Game/FireDoor/material.material]
[2017.04.01-10.07.21:310][356]OBJ SavePackage: Finished generating thumbnails for package [/Game/FireDoor/material]
[2017.04.01-10.07.21:310][356]Cmd: OBJ SAVEPACKAGE PACKAGE="/Game/FireDoor/material" FILE="../../../../../PurgaStory_v3/Saved/Autosaves/Game/FireDoor/material_Auto1.uasset" SILENT=false AUTOSAVING=true
[2017.04.01-10.07.21:373][356]LogSavePackage: Save=59.64ms
[2017.04.01-10.07.21:373][356]LogSavePackage: Moving '../../../../../PurgaStory_v3/Saved/material_Auto11C970914496AB0A17153A99CAD7ECF4A.tmp' to '../../../../../PurgaStory_v3/Saved/Autosaves/Game/FireDoor/material_Auto1.uasset'
[2017.04.01-10.07.21:374][356]LogSavePackage:Display: Finished SavePackage ../../../../../PurgaStory_v3/Saved/Autosaves/Game/FireDoor/material_Auto1.uasset
[2017.04.01-10.07.21:375][356]OBJ SavePackage: Generating thumbnails for [1] asset(s) in package [/Game/FireDoor/door_spec] ([1] browsable assets)...
[2017.04.01-10.07.21:409][356]OBJ SavePackage:     Rendered thumbnail for [Texture2D /Game/FireDoor/door_spec.door_spec]
[2017.04.01-10.07.21:409][356]OBJ SavePackage: Finished generating thumbnails for package [/Game/FireDoor/door_spec]
[2017.04.01-10.07.21:409][356]Cmd: OBJ SAVEPACKAGE PACKAGE="/Game/FireDoor/door_spec" FILE="../../../../../PurgaStory_v3/Saved/Autosaves/Game/FireDoor/door_spec_Auto1.uasset" SILENT=false AUTOSAVING=true
[2017.04.01-10.07.21:459][356]LogSavePackage: Save=46.64ms
[2017.04.01-10.07.21:459][356]LogSavePackage: Moving '../../../../../PurgaStory_v3/Saved/door_spec_Auto173EBC9B445C4C5446F57FEA9402D7884.tmp' to '../../../../../PurgaStory_v3/Saved/Autosaves/Game/FireDoor/door_spec_Auto1.uasset'
[2017.04.01-10.07.21:461][356]LogSavePackage:Display: Finished SavePackage ../../../../../PurgaStory_v3/Saved/Autosaves/Game/FireDoor/door_spec_Auto1.uasset
[2017.04.01-10.07.21:462][356]OBJ SavePackage: Generating thumbnails for [1] asset(s) in package [/Game/FireDoor/door_diffspec-1] ([1] browsable assets)...
[2017.04.01-10.07.21:496][356]OBJ SavePackage:     Rendered thumbnail for [Texture2D /Game/FireDoor/door_diffspec-1.door_diffspec-1]
[2017.04.01-10.07.21:496][356]OBJ SavePackage: Finished generating thumbnails for package [/Game/FireDoor/door_diffspec-1]
[2017.04.01-10.07.21:498][356]Cmd: OBJ SAVEPACKAGE PACKAGE="/Game/FireDoor/door_diffspec-1" FILE="../../../../../PurgaStory_v3/Saved/Autosaves/Game/FireDoor/door_diffspec-1_Auto1.uasset" SILENT=false AUTOSAVING=true
[2017.04.01-10.07.21:561][356]LogSavePackage: Save=59.77ms
[2017.04.01-10.07.21:561][356]LogSavePackage: Moving '../../../../../PurgaStory_v3/Saved/door_diffspec-1_Auto10B36671C457F031C8DEEF2845D722355.tmp' to '../../../../../PurgaStory_v3/Saved/Autosaves/Game/FireDoor/door_diffspec-1_Auto1.uasset'
[2017.04.01-10.07.21:562][356]LogSavePackage:Display: Finished SavePackage ../../../../../PurgaStory_v3/Saved/Autosaves/Game/FireDoor/door_diffspec-1_Auto1.uasset
[2017.04.01-10.07.21:563][356]OBJ SavePackage: Generating thumbnails for [1] asset(s) in package [/Game/FireDoor/door_diffspec-2] ([1] browsable assets)...
[2017.04.01-10.07.21:597][356]OBJ SavePackage:     Rendered thumbnail for [Texture2D /Game/FireDoor/door_diffspec-2.door_diffspec-2]
[2017.04.01-10.07.21:597][356]OBJ SavePackage: Finished generating thumbnails for package [/Game/FireDoor/door_diffspec-2]
[2017.04.01-10.07.21:597][356]Cmd: OBJ SAVEPACKAGE PACKAGE="/Game/FireDoor/door_diffspec-2" FILE="../../../../../PurgaStory_v3/Saved/Autosaves/Game/FireDoor/door_diffspec-2_Auto1.uasset" SILENT=false AUTOSAVING=true
[2017.04.01-10.07.21:658][356]LogSavePackage: Save=57.89ms
[2017.04.01-10.07.21:658][356]LogSavePackage: Moving '../../../../../PurgaStory_v3/Saved/door_diffspec-2_Auto1C8CF11534DBDD392F48A079476B6215A.tmp' to '../../../../../PurgaStory_v3/Saved/Autosaves/Game/FireDoor/door_diffspec-2_Auto1.uasset'
[2017.04.01-10.07.21:660][356]LogSavePackage:Display: Finished SavePackage ../../../../../PurgaStory_v3/Saved/Autosaves/Game/FireDoor/door_diffspec-2_Auto1.uasset
[2017.04.01-10.07.21:660][356]LogFileHelpers: Auto-saving content packages took 0.595
[2017.04.01-10.07.59:867][714]LogEditorViewport: Clicking on Actor (LMB): StaticMeshActor (firedoorMesh2)
[2017.04.01-10.09.39:518][129]Cmd: EDIT COPY
[2017.04.01-10.09.39:862][140]Cmd: EDIT PASTE
[2017.04.01-10.09.44:017][279]Cmd: CAMERA ALIGN ACTIVEVIEWPORTONLY
[2017.04.01-10.09.57:313][756]LogEditorViewport: Clicking on Actor (LMB): Emitter (P_Dust_Hanging_Large_Haze_Thick8)
[2017.04.01-10.10.00:756][873]LogEditorViewport: Clicking on Actor (LMB): StaticMeshActor (firedoorMesh3)
[2017.04.01-10.10.03:126][957]LogEditorViewport: Clicking on Actor (LMB): StaticMeshActor (SM_Wall_500x367)
[2017.04.01-10.10.19:149][555]LogActorFactory: Actor Factory created firedoorMesh
[2017.04.01-10.10.19:381][563]LogActorFactory: Actor Factory created firedoorMesh
[2017.04.01-10.10.49:206][668]LogEditorViewport: Clicking on Actor (LMB): chair_dining_C (chair_dining6)
[2017.04.01-10.11.03:599][805]LogEditorViewport: Clicking on Actor (LMB): StaticMeshActor (firedoorMesh4)
[2017.04.01-10.11.10:082][369]LogEditorViewport: Clicking on Actor (LMB): Emitter (P_Dust_Hanging_Large_Haze_Thick8)
[2017.04.01-10.11.22:823][193]LogEditorViewport: Clicking on Actor (LMB): StaticMeshActor (firedoorMesh4)
[2017.04.01-10.11.46:996][180]LogActorFactory: Actor Factory created firedoorMesh
[2017.04.01-10.11.47:666][204]LogActorFactory: Actor Factory created firedoorMesh
[2017.04.01-10.11.52:081][367]Cmd: DELETE
[2017.04.01-10.11.52:081][367]Cmd: ACTOR DELETE
[2017.04.01-10.11.52:092][367]LogEditorActor: Deleted Actor: StaticMeshActor
[2017.04.01-10.11.52:143][367]LogEditorActor: Deleted 1 Actors (0.061 secs)
[2017.04.01-10.11.52:827][397]LogEditorViewport: Clicking on Actor (LMB): toiletbowl_C (toiletbowl2)
[2017.04.01-10.12.04:609][797]LogContentBrowser: Native class hierarchy updated for 'BlueprintGraph' in 0.0033 seconds. Added 111 classes and 0 folders.
[2017.04.01-10.12.20:163][168]LogRenderer: Reallocating scene render targets to support 796x416 NumSamples 1 (Frame:31910).
[2017.04.01-10.13.58:797][192]Cmd: TRANSACTION UNDO
[2017.04.01-10.13.58:797][192]LogEditorTransaction: Undo Move Actors
[2017.04.01-10.13.58:819][192]LogMaterial: Missing cached shader map for material material, compiling. 
[2017.04.01-10.13.58:842][192]LogMaterial: 0.00 seconds spent updating 1 materials, 1 interfaces, 0 instances, 0 with static permutations.
[2017.04.01-10.13.59:864][227]LogEditorViewport: Clicking on Actor (LMB): toiletbowl_C (toiletbowl2)
[2017.04.01-10.14.00:995][275]MaterialEditorStats: Info Base pass shader with only dynamic lighting: 38 instructions
[2017.04.01-10.14.00:995][275]MaterialEditorStats: Info Vertex shader: 31 instructions
[2017.04.01-10.14.00:995][275]MaterialEditorStats: Info Texture samplers: 2/16
[2017.04.01-10.15.28:923][ 95]LogEditorViewport: Clicking on Actor (context menu): toiletbowl_C (toiletbowl2)
[2017.04.01-10.17.11:018][714]Cmd: ACTOR BAKEPREPIVOT
[2017.04.01-10.17.30:385][418]LogEditorViewport: Clicking on Actor (LMB): Emitter (P_Dust_Hanging_Large_Haze_Thick8)
[2017.04.01-10.17.32:003][464]LogEditorViewport: Clicking on Actor (LMB): toiletbowl_C (toiletbowl)
[2017.04.01-10.17.33:122][503]LogEditorViewport: Clicking on Actor (LMB): toiletbowl_C (toiletbowl2)
[2017.04.01-10.17.34:723][550]LogEditorViewport: Clicking on Actor (LMB): Emitter (P_Dust_Hanging_Large_Haze_Thick8)
[2017.04.01-10.17.36:865][619]LogEditorViewport: Clicking on Actor (LMB): StaticMeshActor (SM_Wall_500x316)
[2017.04.01-10.17.37:511][637]LogEditorViewport: Clicking on Actor (LMB): toiletbowl_C (toiletbowl3)
[2017.04.01-10.17.40:583][736]LogEditorViewport: Clicking on Actor (LMB): Emitter (P_Dust_Hanging_Large_Haze_Thick8)
[2017.04.01-10.17.41:649][773]LogEditorViewport: Clicking on Actor (LMB): Emitter (P_Dust_Hanging_Large_Haze_Thick8)
[2017.04.01-10.17.42:310][796]LogEditorViewport: Clicking on Actor (LMB): Emitter (P_Dust_Hanging_Large_Haze_Thick8)
[2017.04.01-10.17.44:598][871]LogEditorViewport: Clicking on Actor (LMB): toiletbowl_C (toiletbowl8)
[2017.04.01-10.17.49:164][ 34]LogEditorViewport: Clicking on Actor (LMB): Emitter (P_Dust_Hanging_Large_Haze_Thick8)
[2017.04.01-10.17.50:026][ 63]LogEditorViewport: Clicking on Actor (LMB): Emitter (P_Dust_Hanging_Large_Haze_Thick8)
[2017.04.01-10.17.51:406][113]Cmd: OBJ SAVEPACKAGE PACKAGE="/Game/Multiplayer/Maps/Purgastory_Level" FILE="../../../../../PurgaStory_v3/Content/Multiplayer/Maps/Purgastory_Level.umap" SILENT=true AUTOSAVING=false KEEPDIRTY=false
[2017.04.01-10.17.55:115][113]LogSavePackage: Save=3609.55ms
[2017.04.01-10.17.55:115][113]LogSavePackage: Moving '../../../../../PurgaStory_v3/Saved/Purgastory_LevelBD4EA0494BDDAB4ACFFCA681F97B5A80.tmp' to '../../../../../PurgaStory_v3/Content/Multiplayer/Maps/Purgastory_Level.umap'
[2017.04.01-10.17.55:138][113]LogSavePackage:Display: Finished SavePackage ../../../../../PurgaStory_v3/Content/Multiplayer/Maps/Purgastory_Level.umap
[2017.04.01-10.18.02:776][411]LogTemp: Repeting last play command: New Editor Window (PIE)
[2017.04.01-10.18.02:881][411]LogBlueprintUserMessages: Early PlayInEditor Detection: Level '/Game/Multiplayer/Maps/Purgastory_Level.Purgastory_Level:PersistentLevel' has LevelScriptBlueprint '/Game/Multiplayer/Maps/Purgastory_Level.Purgastory_Level:PersistentLevel.Purgastory_Level' with GeneratedClass '/Game/Multiplayer/Maps/Purgastory_Level.Purgastory_Level_C' with ClassGeneratedBy '/Game/Multiplayer/Maps/Purgastory_Level.Purgastory_Level:PersistentLevel.Purgastory_Level'
[2017.04.01-10.18.02:881][411]LogPlayLevel: PlayLevel: No blueprints needed recompiling
[2017.04.01-10.18.02:882][411]LogOnline:Display: NULL: FOnlineSubsystemNull::Shutdown()
[2017.04.01-10.18.02:883][411]LogOnline:Warning: STEAM: Steam API disabled!
[2017.04.01-10.18.02:883][411]LogOnline:Display: STEAM: OnlineSubsystemSteam::Shutdown()
[2017.04.01-10.18.02:900][411]PIE: New page: PIE session: Purgastory_Level (2 Apr 2017 2:18:02 am)
[2017.04.01-10.18.02:902][411]LogPlayLevel: Creating play world package: /Game/Multiplayer/Maps/UEDPIE_1_Purgastory_Level
[2017.04.01-10.18.03:213][411]LogPlayLevel: PIE: StaticDuplicateObject took: (0.311018s)
[2017.04.01-10.18.03:215][411]LogAIModule: Creating AISystem for world Purgastory_Level
[2017.04.01-10.18.03:216][411]LogPlayLevel: PIE: World Init took: (0.002423s)
[2017.04.01-10.18.03:217][411]LogPlayLevel: PIE: Created PIE world by copying editor world from /Game/Multiplayer/Maps/Purgastory_Level.Purgastory_Level to /Game/Multiplayer/Maps/UEDPIE_1_Purgastory_Level.Purgastory_Level (0.315810s)
[2017.04.01-10.18.03:289][411]LogInit: XAudio2 using 'Speakers (Conexant SmartAudio HD)' : 2 channels at 48 kHz using 32 bits per sample (channel mask 0x3)
[2017.04.01-10.18.03:322][411]LogInit: FAudioDevice initialized.
[2017.04.01-10.18.03:375][411]LogStats:Warning: MetaData mismatch. Did you assign a stat to two groups? New //STATGROUP_Threads//OnlineAsyncTaskThreadNull DefaultInstance///Thread_23f8_0///####STATCAT_Advanced#### old //STATGROUP_Threads//OnlineAsyncTaskThreadNull DefaultInstance///Thread_600_0///####STATCAT_Advanced####
[2017.04.01-10.18.03:410][411]LogLoad: Game class is 'MP_GM_C'
[2017.04.01-10.18.03:509][411]LogWorld: Bringing World /Game/Multiplayer/Maps/UEDPIE_1_Purgastory_Level.Purgastory_Level up for play (max tick rate 0) at 2017.04.01-18.18.03
[2017.04.01-10.18.03:614][411]LogWorld: Bringing up level for play took: 0.199606
[2017.04.01-10.18.03:796][411]LogContentBrowser: Native class hierarchy updated for 'MovieSceneCapture' in 0.0019 seconds. Added 11 classes and 0 folders.
[2017.04.01-10.18.03:796][411]LogBlueprintUserMessages: [MP_GM_C_0] Server: Respawning new player
[2017.04.01-10.18.03:796][411]LogScript:Warning: Accessed None trying to read property CallFunc_K2_GetPawn_ReturnValue
	MP_GM_C /Game/Multiplayer/Maps/UEDPIE_1_Purgastory_Level.Purgastory_Level:PersistentLevel.MP_GM_C_0
	Function /Game/Multiplayer/Blueprints/MP_GM.MP_GM_C:ExecuteUbergraph_MP_GM:0F88
[2017.04.01-10.18.03:797][411]PIE:Error: Error Blueprint Runtime Error: Accessed None trying to read property CallFunc_K2_GetPawn_ReturnValue from function: 'ExecuteUbergraph_MP_GM' from node: DestroyActor in graph: EventGraph in object: MP_GM with description: Accessed None trying to read property CallFunc_K2_GetPawn_ReturnValue
[2017.04.01-10.18.03:797][411]LogBlueprintUserMessages: [MP_GM_C_0] Server: 256 Actor has been destroyed
[2017.04.01-10.18.03:810][411]LogInit: WinSock: Socket queue 131072 / 131072
[2017.04.01-10.18.03:811][411]LogInit: WinSock: I am ASUS (192.168.189.1:0)
[2017.04.01-10.18.03:811][411]PacketHandlerLog: Loaded PacketHandler component: Engine.EngineHandlerComponentFactory (StatelessConnectHandlerComponent)
[2017.04.01-10.18.03:811][411]LogNet: GameNetDriver IpNetDriver_0 IpNetDriver listening on port 7777
[2017.04.01-10.18.03:811][411]LogGameMode:Display: Match State Changed from EnteringMap to WaitingToStart
[2017.04.01-10.18.03:812][411]LogGameState: Match State Changed from EnteringMap to WaitingToStart
[2017.04.01-10.18.03:812][411]LogGameMode:Display: Match State Changed from WaitingToStart to InProgress
[2017.04.01-10.18.03:815][411]LogScriptCore:Warning: Script Msg: Attempted to access index 0 from array CallFunc_GetAllActorsOfClass_OutActors of length 0!
[2017.04.01-10.18.03:815][411]LogScript:Warning: Accessed None trying to read property HiderRef
	GS_MP_C /Game/Multiplayer/Maps/UEDPIE_1_Purgastory_Level.Purgastory_Level:PersistentLevel.GS_MP_C_0
	Function /Game/Multiplayer/Blueprints/GS_MP.GS_MP_C:ExecuteUbergraph_GS_MP:0951
[2017.04.01-10.18.03:816][411]PIE:Error: Error Blueprint Runtime Error: Accessed None trying to read property HiderRef from function: 'ExecuteUbergraph_GS_MP' from node: Create Waiting Screen in graph: EventGraph in object: GS_MP with description: Accessed None trying to read property HiderRef
[2017.04.01-10.18.03:817][411]LogBlueprintUserMessages: [BP_Seeker_C_0] Server: MAKE WAIT SCREEN
[2017.04.01-10.18.03:828][411]LogGameState: Match State Changed from WaitingToStart to InProgress
[2017.04.01-10.18.03:841][411]PIE: Info Play in editor start time for /Game/Multiplayer/Maps/UEDPIE_1_Purgastory_Level 0.682
[2017.04.01-10.18.03:846][411]PIE: New page: PIE session: Purgastory_Level (2 Apr 2017 2:18:03 am)
[2017.04.01-10.18.03:929][411]LogNet: Browse: 127.0.0.1//Game/Multiplayer/Maps/MP_mainMenu
[2017.04.01-10.18.03:930][411]LogInit: WinSock: Socket queue 32768 / 32768
[2017.04.01-10.18.03:931][411]PacketHandlerLog: Loaded PacketHandler component: Engine.EngineHandlerComponentFactory (StatelessConnectHandlerComponent)
[2017.04.01-10.18.03:932][411]LogNet: Game client on port 7777, rate 10000
[2017.04.01-10.18.03:932][411]LogNetVersion: GetLocalNetworkVersion: CL: 3195953, ProjectName: purgastory, ProjectVersion: 1.0.0.0, EngineNetworkVersion: 2, GameNetworkVersion: 0, NetworkChecksum: 3808236973
[2017.04.01-10.18.03:932][411]LogNet: UPendingNetGame::InitNetDriver: Sending hello. [UNetConnection] RemoteAddr: 127.0.0.1:7777, Name: IpConnection_0, Driver: PendingNetDriver IpNetDriver_1, IsServer: NO, PC: NULL, Owner: NULL
[2017.04.01-10.18.03:946][411]PIE: Info Play in editor start time for /Game/Multiplayer/Maps/MP_mainMenu 0.788
[2017.04.01-10.18.03:970][411]LogBlueprintUserMessages: Late PlayInEditor Detection: Level '/Game/Multiplayer/Maps/Purgastory_Level.Purgastory_Level:PersistentLevel' has LevelScriptBlueprint '/Game/Multiplayer/Maps/Purgastory_Level.Purgastory_Level:PersistentLevel.Purgastory_Level' with GeneratedClass '/Game/Multiplayer/Maps/Purgastory_Level.Purgastory_Level_C' with ClassGeneratedBy '/Game/Multiplayer/Maps/Purgastory_Level.Purgastory_Level:PersistentLevel.Purgastory_Level'
[2017.04.01-10.18.03:973][411]LogHandshake: SendConnectChallenge. Timestamp: 0.020758, Cookie: 099042077188246231244174022072087133240001102063057081159085
[2017.04.01-10.18.04:089][411]LogHandshake: SendChallengeResponse. Timestamp: 0.020758, Cookie: 099042077188246231244174022072087133240001102063057081159085
