Log file open, 04/08/17 15:42:47
LogInit:Display: Running engine for game: PurgaStory
LogPlatformFile: Not using cached read wrapper
LogInit:Display: RandInit(-225656851) SRandInit(-225656851).
LogTaskGraph: Started task graph with 5 named threads and 8 total threads with 1 sets of task threads.
LogStats: Stats thread started at 0.167464
LogPluginManager: Loaded Plugin Paper2D, From D:/Unreal/Epic Games/4.14/Engine/Plugins/2D/Paper2D/Paper2D.uplugin
LogPluginManager: Loaded Plugin LightPropagationVolume, From D:/Unreal/Epic Games/4.14/Engine/Plugins/Blendables/LightPropagationVolume/LightPropagationVolume.uplugin
LogPluginManager: Loaded Plugin BlankPlugin, From D:/Unreal/Epic Games/4.14/Engine/Plugins/Developer/BlankPlugin/BlankPlugin.uplugin
LogPluginManager: Loaded Plugin CodeLiteSourceCodeAccess, From D:/Unreal/Epic Games/4.14/Engine/Plugins/Developer/CodeLiteSourceCodeAccess/CodeLiteSourceCodeAccess.uplugin
LogPluginManager: Loaded Plugin GitSourceControl, From D:/Unreal/Epic Games/4.14/Engine/Plugins/Developer/GitSourceControl/GitSourceControl.uplugin
LogPluginManager: Loaded Plugin KDevelopSourceCodeAccess, From D:/Unreal/Epic Games/4.14/Engine/Plugins/Developer/KDevelopSourceCodeAccess/KDevelopSourceCodeAccess.uplugin
LogPluginManager: Loaded Plugin NullSourceCodeAccess, From D:/Unreal/Epic Games/4.14/Engine/Plugins/Developer/NullSourceCodeAccess/NullSourceCodeAccess.uplugin
LogPluginManager: Loaded Plugin OneSkyLocalizationService, From D:/Unreal/Epic Games/4.14/Engine/Plugins/Developer/OneSkyLocalizationService/OneSkyLocalizationService.uplugin
LogPluginManager: Loaded Plugin PerforceSourceControl, From D:/Unreal/Epic Games/4.14/Engine/Plugins/Developer/PerforceSourceControl/PerforceSourceControl.uplugin
LogPluginManager: Loaded Plugin SubversionSourceControl, From D:/Unreal/Epic Games/4.14/Engine/Plugins/Developer/SubversionSourceControl/SubversionSourceControl.uplugin
LogPluginManager: Loaded Plugin UObjectPlugin, From D:/Unreal/Epic Games/4.14/Engine/Plugins/Developer/UObjectPlugin/UObjectPlugin.uplugin
LogPluginManager: Loaded Plugin VisualStudioSourceCodeAccess, From D:/Unreal/Epic Games/4.14/Engine/Plugins/Developer/VisualStudioSourceCodeAccess/VisualStudioSourceCodeAccess.uplugin
LogPluginManager: Loaded Plugin XCodeSourceCodeAccess, From D:/Unreal/Epic Games/4.14/Engine/Plugins/Developer/XCodeSourceCodeAccess/XCodeSourceCodeAccess.uplugin
LogPluginManager: Loaded Plugin AudioCapture, From D:/Unreal/Epic Games/4.14/Engine/Plugins/Editor/AudioCapture/AudioCapture.uplugin
LogPluginManager: Loaded Plugin EpicSurvey, From D:/Unreal/Epic Games/4.14/Engine/Plugins/Editor/EpicSurvey/EpicSurvey.uplugin
LogPluginManager: Loaded Plugin MacGraphicsSwitching, From D:/Unreal/Epic Games/4.14/Engine/Plugins/Editor/MacGraphicsSwitching/MacGraphicsSwitching.uplugin
LogPluginManager: Loaded Plugin MobileLauncherProfileWizard, From D:/Unreal/Epic Games/4.14/Engine/Plugins/Editor/MobileLauncherProfileWizard/MobileLauncherProfileWizard.uplugin
LogPluginManager: Loaded Plugin PluginBrowser, From D:/Unreal/Epic Games/4.14/Engine/Plugins/Editor/PluginBrowser/PluginBrowser.uplugin
LogPluginManager: Loaded Plugin SpeedTreeImporter, From D:/Unreal/Epic Games/4.14/Engine/Plugins/Editor/SpeedTreeImporter/SpeedTreeImporter.uplugin
LogPluginManager: Loaded Plugin SuperSearchEditor, From D:/Unreal/Epic Games/4.14/Engine/Plugins/Editor/SuperSearchEditor/SuperSearchEditor.uplugin
LogPluginManager: Loaded Plugin AlembicImporter, From D:/Unreal/Epic Games/4.14/Engine/Plugins/Experimental/AlembicImporter/AlembicImporter.uplugin
LogPluginManager: Loaded Plugin BlueprintStats, From D:/Unreal/Epic Games/4.14/Engine/Plugins/Experimental/BlueprintStats/BlueprintStats.uplugin
LogPluginManager: Loaded Plugin CharacterAI, From D:/Unreal/Epic Games/4.14/Engine/Plugins/Experimental/CharacterAI/CharacterAI.uplugin
LogPluginManager: Loaded Plugin CodeEditor, From D:/Unreal/Epic Games/4.14/Engine/Plugins/Experimental/CodeEditor/CodeEditor.uplugin
LogPluginManager: Loaded Plugin CodeView, From D:/Unreal/Epic Games/4.14/Engine/Plugins/Experimental/CodeView/CodeView.uplugin
LogPluginManager: Loaded Plugin HTML5Networking, From D:/Unreal/Epic Games/4.14/Engine/Plugins/Experimental/HTML5Networking/HTML5Networking.uplugin
LogPluginManager: Loaded Plugin OSVR, From D:/Unreal/Epic Games/4.14/Engine/Plugins/Experimental/OSVR/OSVR.uplugin
LogPluginManager: Loaded Plugin Phya, From D:/Unreal/Epic Games/4.14/Engine/Plugins/Experimental/Phya/Phya.uplugin
LogPluginManager: Loaded Plugin SignificanceManager, From D:/Unreal/Epic Games/4.14/Engine/Plugins/Experimental/SignificanceManager/SignificanceManager.uplugin
LogPluginManager: Loaded Plugin SimpleHMD, From D:/Unreal/Epic Games/4.14/Engine/Plugins/Experimental/SimpleHMD/SimpleHMD.uplugin
LogPluginManager: Loaded Plugin StereoPanorama, From D:/Unreal/Epic Games/4.14/Engine/Plugins/Experimental/StereoPanorama/StereoPanorama.uplugin
LogPluginManager: Loaded Plugin StructBox, From D:/Unreal/Epic Games/4.14/Engine/Plugins/Experimental/StructBox/StructBox.uplugin
LogPluginManager: Loaded Plugin Substance, From D:/Unreal/Epic Games/4.14/Engine/Plugins/Marketplace/Substance/Substance.uplugin
LogPluginManager: Loaded Plugin AndroidMedia, From D:/Unreal/Epic Games/4.14/Engine/Plugins/Media/AndroidMedia/AndroidMedia.uplugin
LogPluginManager: Loaded Plugin AvfMedia, From D:/Unreal/Epic Games/4.14/Engine/Plugins/Media/AvfMedia/AvfMedia.uplugin
LogPluginManager: Loaded Plugin MediaPlayerEditor, From D:/Unreal/Epic Games/4.14/Engine/Plugins/Media/MediaPlayerEditor/MediaPlayerEditor.uplugin
LogPluginManager: Loaded Plugin WmfMedia, From D:/Unreal/Epic Games/4.14/Engine/Plugins/Media/WmfMedia/WmfMedia.uplugin
LogPluginManager: Loaded Plugin MessagingDebugger, From D:/Unreal/Epic Games/4.14/Engine/Plugins/Messaging/MessagingDebugger/MessagingDebugger.uplugin
LogPluginManager: Loaded Plugin TcpMessaging, From D:/Unreal/Epic Games/4.14/Engine/Plugins/Messaging/TcpMessaging/TcpMessaging.uplugin
LogPluginManager: Loaded Plugin UdpMessaging, From D:/Unreal/Epic Games/4.14/Engine/Plugins/Messaging/UdpMessaging/UdpMessaging.uplugin
LogPluginManager: Loaded Plugin LevelSequenceEditor, From D:/Unreal/Epic Games/4.14/Engine/Plugins/MovieScene/LevelSequenceEditor/LevelSequenceEditor.uplugin
LogPluginManager: Loaded Plugin MatineeToLevelSequence, From D:/Unreal/Epic Games/4.14/Engine/Plugins/MovieScene/MatineeToLevelSequence/MatineeToLevelSequence.uplugin
LogPluginManager: Loaded Plugin NetcodeUnitTest, From D:/Unreal/Epic Games/4.14/Engine/Plugins/NetcodeUnitTest/NetcodeUnitTest/NetcodeUnitTest.uplugin
LogPluginManager: Loaded Plugin NUTUnrealEngine4, From D:/Unreal/Epic Games/4.14/Engine/Plugins/NetcodeUnitTest/NUTUnrealEngine4/NUTUnrealEngine4.uplugin
LogPluginManager: Loaded Plugin OnlineSubsystemGameCircle, From D:/Unreal/Epic Games/4.14/Engine/Plugins/Online/Android/OnlineSubsystemGameCircle/OnlineSubsystemGameCircle.uplugin
LogPluginManager: Loaded Plugin OnlineSubsystemGooglePlay, From D:/Unreal/Epic Games/4.14/Engine/Plugins/Online/Android/OnlineSubsystemGooglePlay/OnlineSubsystemGooglePlay.uplugin
LogPluginManager: Loaded Plugin OnlineSubsystemIOS, From D:/Unreal/Epic Games/4.14/Engine/Plugins/Online/IOS/OnlineSubsystemIOS/OnlineSubsystemIOS.uplugin
LogPluginManager: Loaded Plugin OnlineFramework, From D:/Unreal/Epic Games/4.14/Engine/Plugins/Online/OnlineFramework/OnlineFramework.uplugin
LogPluginManager: Loaded Plugin OnlineSubsystem, From D:/Unreal/Epic Games/4.14/Engine/Plugins/Online/OnlineSubsystem/OnlineSubsystem.uplugin
LogPluginManager: Loaded Plugin OnlineSubsystemAmazon, From D:/Unreal/Epic Games/4.14/Engine/Plugins/Online/OnlineSubsystemAmazon/OnlineSubsystemAmazon.uplugin
LogPluginManager: Loaded Plugin OnlineSubsystemFacebook, From D:/Unreal/Epic Games/4.14/Engine/Plugins/Online/OnlineSubsystemFacebook/OnlineSubsystemFacebook.uplugin
LogPluginManager: Loaded Plugin OnlineSubsystemNull, From D:/Unreal/Epic Games/4.14/Engine/Plugins/Online/OnlineSubsystemNull/OnlineSubsystemNull.uplugin
LogPluginManager: Loaded Plugin OnlineSubsystemOculus, From D:/Unreal/Epic Games/4.14/Engine/Plugins/Online/OnlineSubsystemOculus/OnlineSubsystemOculus.uplugin
LogPluginManager: Loaded Plugin OnlineSubsystemSteam, From D:/Unreal/Epic Games/4.14/Engine/Plugins/Online/OnlineSubsystemSteam/OnlineSubsystemSteam.uplugin
LogPluginManager: Loaded Plugin OnlineSubsystemUtils, From D:/Unreal/Epic Games/4.14/Engine/Plugins/Online/OnlineSubsystemUtils/OnlineSubsystemUtils.uplugin
LogPluginManager: Loaded Plugin IOSTapJoy, From D:/Unreal/Epic Games/4.14/Engine/Plugins/Runtime/Advertising/IOSTapJoy/IOSTapJoy.uplugin
LogPluginManager: Loaded Plugin AnalyticsBlueprintLibrary, From D:/Unreal/Epic Games/4.14/Engine/Plugins/Runtime/Analytics/AnalyticsBlueprintLibrary/AnalyticsBlueprintLibrary.uplugin
LogPluginManager: Loaded Plugin AnalyticsMulticast, From D:/Unreal/Epic Games/4.14/Engine/Plugins/Runtime/Analytics/AnalyticsMulticast/AnalyticsMulticast.uplugin
LogPluginManager: Loaded Plugin Apsalar, From D:/Unreal/Epic Games/4.14/Engine/Plugins/Runtime/Analytics/Apsalar/Apsalar.uplugin
LogPluginManager: Loaded Plugin FileLogging, From D:/Unreal/Epic Games/4.14/Engine/Plugins/Runtime/Analytics/FileLogging/FileLogging.uplugin
LogPluginManager: Loaded Plugin Flurry, From D:/Unreal/Epic Games/4.14/Engine/Plugins/Runtime/Analytics/Flurry/Flurry.uplugin
LogPluginManager: Loaded Plugin AndroidDeviceProfileSelector, From D:/Unreal/Epic Games/4.14/Engine/Plugins/Runtime/AndroidDeviceProfileSelector/AndroidDeviceProfileSelector.uplugin
LogPluginManager: Loaded Plugin AndroidMoviePlayer, From D:/Unreal/Epic Games/4.14/Engine/Plugins/Runtime/AndroidMoviePlayer/AndroidMoviePlayer.uplugin
LogPluginManager: Loaded Plugin AppleMoviePlayer, From D:/Unreal/Epic Games/4.14/Engine/Plugins/Runtime/AppleMoviePlayer/AppleMoviePlayer.uplugin
LogPluginManager: Loaded Plugin ArchVisCharacter, From D:/Unreal/Epic Games/4.14/Engine/Plugins/Runtime/ArchVisCharacter/ArchVisCharacter.uplugin
LogPluginManager: Loaded Plugin CableComponent, From D:/Unreal/Epic Games/4.14/Engine/Plugins/Runtime/CableComponent/CableComponent.uplugin
LogPluginManager: Loaded Plugin CustomMeshComponent, From D:/Unreal/Epic Games/4.14/Engine/Plugins/Runtime/CustomMeshComponent/CustomMeshComponent.uplugin
LogPluginManager: Loaded Plugin ExampleDeviceProfileSelector, From D:/Unreal/Epic Games/4.14/Engine/Plugins/Runtime/ExampleDeviceProfileSelector/ExampleDeviceProfileSelector.uplugin
LogPluginManager: Loaded Plugin GearVR, From D:/Unreal/Epic Games/4.14/Engine/Plugins/Runtime/GearVR/GearVR.uplugin
LogPluginManager: Loaded Plugin GoogleVRController, From D:/Unreal/Epic Games/4.14/Engine/Plugins/Runtime/GoogleVR/GoogleVRController/GoogleVRController.uplugin
LogPluginManager: Loaded Plugin GoogleVRHMD, From D:/Unreal/Epic Games/4.14/Engine/Plugins/Runtime/GoogleVR/GoogleVRHMD/GoogleVRHMD.uplugin
LogPluginManager: Loaded Plugin IOSDeviceProfileSelector, From D:/Unreal/Epic Games/4.14/Engine/Plugins/Runtime/IOSDeviceProfileSelector/IOSDeviceProfileSelector.uplugin
LogPluginManager: Loaded Plugin LeapMotion, From D:/Unreal/Epic Games/4.14/Engine/Plugins/Runtime/LeapMotion/LeapMotion.uplugin
LogPluginManager: Loaded Plugin LinuxDeviceProfileSelector, From D:/Unreal/Epic Games/4.14/Engine/Plugins/Runtime/LinuxDeviceProfileSelector/LinuxDeviceProfileSelector.uplugin
LogPluginManager: Loaded Plugin MIDIDevice, From D:/Unreal/Epic Games/4.14/Engine/Plugins/Runtime/MIDIDevice/MIDIDevice.uplugin
LogPluginManager: Loaded Plugin MobilePatchingUtils, From D:/Unreal/Epic Games/4.14/Engine/Plugins/Runtime/MobilePatchingUtils/MobilePatchingUtils.uplugin
LogPluginManager: Loaded Plugin Ansel, From D:/Unreal/Epic Games/4.14/Engine/Plugins/Runtime/Nvidia/Ansel/Ansel.uplugin
LogPluginManager: Loaded Plugin OculusAudio, From D:/Unreal/Epic Games/4.14/Engine/Plugins/Runtime/OculusAudio/OculusAudio.uplugin
LogPluginManager: Loaded Plugin OculusInput, From D:/Unreal/Epic Games/4.14/Engine/Plugins/Runtime/OculusInput/OculusInput.uplugin
LogPluginManager: Loaded Plugin OculusLibrary, From D:/Unreal/Epic Games/4.14/Engine/Plugins/Runtime/OculusLibrary/OculusLibrary.uplugin
LogPluginManager: Loaded Plugin OculusRift, From D:/Unreal/Epic Games/4.14/Engine/Plugins/Runtime/OculusRift/OculusRift.uplugin
LogPluginManager: Loaded Plugin Oodle, From D:/Unreal/Epic Games/4.14/Engine/Plugins/Runtime/PacketHandlers/CompressionComponents/Oodle/Oodle.uplugin
LogPluginManager: Loaded Plugin ProceduralMeshComponent, From D:/Unreal/Epic Games/4.14/Engine/Plugins/Runtime/ProceduralMeshComponent/ProceduralMeshComponent.uplugin
LogPluginManager: Loaded Plugin SoundMod, From D:/Unreal/Epic Games/4.14/Engine/Plugins/Runtime/SoundMod/SoundMod.uplugin
LogPluginManager: Loaded Plugin SoundVisualizations, From D:/Unreal/Epic Games/4.14/Engine/Plugins/Runtime/SoundVisualizations/SoundVisualizations.uplugin
LogPluginManager: Loaded Plugin SteamController, From D:/Unreal/Epic Games/4.14/Engine/Plugins/Runtime/Steam/SteamController/SteamController.uplugin
LogPluginManager: Loaded Plugin SteamVR, From D:/Unreal/Epic Games/4.14/Engine/Plugins/Runtime/Steam/SteamVR/SteamVR.uplugin
LogPluginManager: Loaded Plugin WebBrowserWidget, From D:/Unreal/Epic Games/4.14/Engine/Plugins/Runtime/WebBrowserWidget/WebBrowserWidget.uplugin
LogPluginManager: Loaded Plugin WindowsDeviceProfileSelector, From D:/Unreal/Epic Games/4.14/Engine/Plugins/Runtime/WindowsDeviceProfileSelector/WindowsDeviceProfileSelector.uplugin
LogPluginManager: Loaded Plugin WindowsMoviePlayer, From D:/Unreal/Epic Games/4.14/Engine/Plugins/Runtime/WindowsMoviePlayer/WindowsMoviePlayer.uplugin
LogPluginManager: Loaded Plugin ScriptPlugin, From D:/Unreal/Epic Games/4.14/Engine/Plugins/ScriptPlugin/ScriptPlugin.uplugin
LogPluginManager: Loaded Plugin SlateRemote, From D:/Unreal/Epic Games/4.14/Engine/Plugins/Slate/SlateRemote/SlateRemote.uplugin
LogPluginManager: Loaded Plugin EditorTests, From D:/Unreal/Epic Games/4.14/Engine/Plugins/Tests/EditorTests/EditorTests.uplugin
LogPluginManager: Loaded Plugin FbxAutomationTestBuilder, From D:/Unreal/Epic Games/4.14/Engine/Plugins/Tests/FbxAutomationTestBuilder/FbxAutomationTestBuilder.uplugin
LogPluginManager: Loaded Plugin FunctionalTestingEditor, From D:/Unreal/Epic Games/4.14/Engine/Plugins/Tests/FunctionalTestingEditor/FunctionalTestingEditor.uplugin
LogPluginManager: Loaded Plugin RuntimeTests, From D:/Unreal/Epic Games/4.14/Engine/Plugins/Tests/RuntimeTests/RuntimeTests.uplugin
LogPluginManager: Loaded Plugin ScreenshotTools, From D:/Unreal/Epic Games/4.14/Engine/Plugins/Tests/ScreenshotTools/ScreenshotTools.uplugin
LogInit: Using libcurl 7.47.1
LogInit:  - built for x86_64-pc-win32
LogInit:  - supports SSL with OpenSSL/1.0.2g
LogInit:  - supports HTTP deflate (compression) using libz 1.2.8
LogInit:  - other features:
LogInit:      CURL_VERSION_SSL
LogInit:      CURL_VERSION_LIBZ
LogInit:      CURL_VERSION_IPV6
LogInit:      CURL_VERSION_ASYNCHDNS
LogInit:      CURL_VERSION_LARGEFILE
LogInit:      CURL_VERSION_IDN
LogInit:  CurlRequestOptions (configurable via config and command line):
LogInit:  - bVerifyPeer = false  - Libcurl will NOT verify peer certificate
LogInit:  - bUseHttpProxy = false  - Libcurl will NOT use HTTP proxy
LogInit:  - bDontReuseConnections = false  - Libcurl will reuse connections
LogInit:  - CertBundlePath = nullptr  - Libcurl will use whatever was configured at build time.
LogOnline:Display: STEAM: Loading Steam SDK 1.32
LogOnline:Warning: STEAM: Steam API disabled!
LogOnline:Display: STEAM: OnlineSubsystemSteam::Shutdown()
LogInit: WinSock: version 1.1 (2.2), MaxSocks=32767, MaxUdp=65467
LogInit: Build: ++UE4+Release-4.14-CL-3249277
LogInit: Engine Version: 4.14.3-3249277+++UE4+Release-4.14
LogInit: Compatible Engine Version: 4.14.0-3195953+++UE4+Release-4.14
LogInit: Net CL: 3195953
LogDevObjectVersion: Number of dev versions registered: 13
LogDevObjectVersion:   Dev-Blueprints (B0D832E4-1F89-4F0D-ACCF-7EB736FD4AA2): 7
LogDevObjectVersion:   Dev-Build (E1C64328-A22C-4D53-A36C-8E866417BD8C): 0
LogDevObjectVersion:   Dev-Core (375EC13C-06E4-48FB-B500-84F0262A717E): 1
LogDevObjectVersion:   Dev-Editor (E4B068ED-F494-42E9-A231-DA0B2E46BB41): 8
LogDevObjectVersion:   Dev-Framework (CFFC743F-43B0-4480-9391-14DF171D2073): 17
LogDevObjectVersion:   Dev-Mobile (B02B49B5-BB20-44E9-A304-32B752E40360): 0
LogDevObjectVersion:   Dev-Networking (A4E4105C-59A1-49B5-A7C5-40C4547EDFEE): 0
LogDevObjectVersion:   Dev-Online (39C831C9-5AE6-47DC-9A44-9C173E1C8E7C): 0
LogDevObjectVersion:   Dev-Physics (78F01B33-EBEA-4F98-B9B4-84EACCB95AA2): 0
LogDevObjectVersion:   Dev-Platform (6631380F-2D4D-43E0-8009-CF276956A95A): 0
LogDevObjectVersion:   Dev-Rendering (12F88B9F-8875-4AFC-A67C-D90C383ABD29): 12
LogDevObjectVersion:   Dev-Sequencer (7B5AE74C-D270-4C10-A958-57980B212A5A): 1
LogDevObjectVersion:   Dev-VR (D7296918-1DD6-4BDD-9DE2-64A83CC13884): 0
LogInit: Compiled (64-bit): Jan  6 2017 10:49:43
LogInit: Compiled with Visual C++: 19.00.23026.00
LogInit: Build Configuration: Development
LogInit: Branch Name: ++UE4+Release-4.14
LogInit: Command line:  
LogInit: Base directory: D:/Unreal/Epic Games/4.14/Engine/Binaries/Win64/
LogInit: Installed Engine Build: 1
LogInit: Presizing for max 8388607 objects, including 0 objects not considered by GC, pre-allocating 0 bytes for permanent pool.
LogInit: Object subsystem initialized
[2017.04.08-07.42.49:676][  0]LogInit: Selected Device Profile: [Windows]
[2017.04.08-07.42.49:676][  0]LogInit: Applying CVar settings loaded from the selected device profile: [Windows]
[2017.04.08-07.42.49:737][  0]LogInit: Computer: ASUS
[2017.04.08-07.42.49:737][  0]LogInit: User: User
[2017.04.08-07.42.49:737][  0]LogInit: CPU Page size=65536, Cores=4
[2017.04.08-07.42.49:737][  0]LogInit: High frequency timer resolution =2.533194 MHz
[2017.04.08-07.42.49:737][  0]LogMemory: Memory total: Physical=11.9GB (12GB approx)
[2017.04.08-07.42.49:738][  0]LogMemory: Platform Memory Stats for Windows
[2017.04.08-07.42.49:738][  0]LogMemory: Process Physical Memory: 268.32 MB used, 268.32 MB peak
[2017.04.08-07.42.49:738][  0]LogMemory: Process Virtual Memory: 263.04 MB used, 263.04 MB peak
[2017.04.08-07.42.49:738][  0]LogMemory: Physical Memory: 4393.65 MB used,  7783.24 MB free, 12176.89 MB total
[2017.04.08-07.42.49:738][  0]LogMemory: Virtual Memory: 680.30 MB used,  7783.24 MB free, 134217728.00 MB total
[2017.04.08-07.42.50:300][  0]LogTextLocalizationManager: No specific translations for ('en-SG') exist, so ('en') translations will be used.
[2017.04.08-07.43.01:356][  0]LogD3D11RHI: D3D11 adapters:
[2017.04.08-07.43.02:013][  0]LogD3D11RHI:    0. 'NVIDIA GeForce GTX 950M' (Feature Level 11_0)
[2017.04.08-07.43.02:013][  0]LogD3D11RHI:       4036/0/6088 MB DedicatedVideo/DedicatedSystem/SharedSystem, Outputs:1, VendorId:0x10de
[2017.04.08-07.43.02:034][  0]LogD3D11RHI:    1. 'Intel(R) HD Graphics 4600' (Feature Level 11_0)
[2017.04.08-07.43.02:034][  0]LogD3D11RHI:       112/0/2048 MB DedicatedVideo/DedicatedSystem/SharedSystem, Outputs:0, VendorId:0x8086
[2017.04.08-07.43.02:040][  0]LogD3D11RHI:    2. 'Microsoft Basic Render Driver' (Feature Level 11_0)
[2017.04.08-07.43.02:040][  0]LogD3D11RHI:       0/0/6088 MB DedicatedVideo/DedicatedSystem/SharedSystem, Outputs:0, VendorId:0x1414
[2017.04.08-07.43.02:040][  0]LogD3D11RHI: Chosen D3D11 Adapter: 0
[2017.04.08-07.43.02:061][  0]LogD3D11RHI: Creating new Direct3DDevice
[2017.04.08-07.43.02:061][  0]LogD3D11RHI:     GPU DeviceId: 0x139a (for the marketing name, search the web for "GPU Device Id")
[2017.04.08-07.43.02:061][  0]LogWindows: EnumDisplayDevices:
[2017.04.08-07.43.02:062][  0]LogWindows:    0. 'Intel(R) HD Graphics 4600' (P:1 D:1)
[2017.04.08-07.43.02:063][  0]LogWindows:    1. 'Intel(R) HD Graphics 4600' (P:0 D:0)
[2017.04.08-07.43.02:064][  0]LogWindows:    2. 'Intel(R) HD Graphics 4600' (P:0 D:0)
[2017.04.08-07.43.02:065][  0]LogWindows: DebugString: PrimaryIsNotTheChoosenAdapter PrimaryIsNotTheChoosenAdapter PrimaryIsNotTheChoosenAdapter FoundDriverCount:0 
[2017.04.08-07.43.02:065][  0]LogD3D11RHI:     Adapter Name: NVIDIA GeForce GTX 950M
[2017.04.08-07.43.02:065][  0]LogD3D11RHI:   Driver Version: Unknown (internal:Unknown, unified:Unknown)
[2017.04.08-07.43.02:065][  0]LogD3D11RHI:      Driver Date: Unknown
[2017.04.08-07.43.02:065][  0]LogRHI: Texture pool is 1361 MB (70% of 1945 MB)
[2017.04.08-07.43.02:155][  0]LogD3D11RHI: Async texture creation enabled
[2017.04.08-07.43.02:189][  0]LogD3D11RHI: GPU Timing Frequency: 1000.000000 (Debug: 2 1)
[2017.04.08-07.43.02:190][  0]LogShaderCompilers: Guid format shader working directory is 17 characters bigger than the processId version (../../../../../PurgaStory_v3/Intermediate/Shaders/WorkingDirectory/9856/).
[2017.04.08-07.43.02:190][  0]LogShaderCompilers: Cleaned the shader compiler working directory 'C:/Users/User/AppData/Local/Temp/UnrealShaderWorkingDir/D368CC0E46E41147973A4BA7563275A9/'.
[2017.04.08-07.43.02:190][  0]LogShaderCompilers:Display: Using Local Shader Compiler.
[2017.04.08-07.43.09:601][  0]LogTemp:Display: Loaded TP AllDesktopTargetPlatform
[2017.04.08-07.43.09:762][  0]LogTemp:Display: Loaded TP MacClientTargetPlatform
[2017.04.08-07.43.09:925][  0]LogTemp:Display: Loaded TP MacNoEditorTargetPlatform
[2017.04.08-07.43.10:137][  0]LogTemp:Display: Loaded TP MacServerTargetPlatform
[2017.04.08-07.43.10:336][  0]LogTemp:Display: Loaded TP MacTargetPlatform
[2017.04.08-07.43.10:495][  0]LogTemp:Display: Loaded TP WindowsClientTargetPlatform
[2017.04.08-07.43.10:696][  0]LogTemp:Display: Loaded TP WindowsNoEditorTargetPlatform
[2017.04.08-07.43.10:884][  0]LogTemp:Display: Loaded TP WindowsServerTargetPlatform
[2017.04.08-07.43.11:011][  0]LogTemp:Display: Loaded TP WindowsTargetPlatform
[2017.04.08-07.43.11:286][  0]LogTemp:Display: Loaded TP AndroidTargetPlatform
[2017.04.08-07.43.11:476][  0]LogTemp:Display: Loaded TP Android_ASTCTargetPlatform
[2017.04.08-07.43.11:670][  0]LogTemp:Display: Loaded TP Android_ATCTargetPlatform
[2017.04.08-07.43.11:827][  0]LogTemp:Display: Loaded TP Android_DXTTargetPlatform
[2017.04.08-07.43.12:015][  0]LogTemp:Display: Loaded TP Android_ETC1TargetPlatform
[2017.04.08-07.43.12:188][  0]LogTemp:Display: Loaded TP Android_ETC2TargetPlatform
[2017.04.08-07.43.12:620][  0]LogTemp:Display: Loaded TP Android_MultiTargetPlatform
[2017.04.08-07.43.12:620][  0]LogTemp:Display: Loaded TP Android_PVRTCTargetPlatform
[2017.04.08-07.43.12:723][  0]LogTemp:Display: Loaded TP HTML5TargetPlatform
[2017.04.08-07.43.12:969][  0]LogTemp:Display: Loaded TP IOSTargetPlatform
[2017.04.08-07.43.13:088][  0]LogTemp:Display: Loaded TP TVOSTargetPlatform
[2017.04.08-07.43.13:273][  0]LogTemp:Display: Loaded TP LinuxClientTargetPlatform
[2017.04.08-07.43.13:442][  0]LogTemp:Display: Loaded TP LinuxNoEditorTargetPlatform
[2017.04.08-07.43.13:603][  0]LogTemp:Display: Loaded TP LinuxServerTargetPlatform
[2017.04.08-07.43.13:773][  0]LogTemp:Display: Loaded TP LinuxTargetPlatform
[2017.04.08-07.43.13:773][  0]LogTargetPlatformManager:Display: Building Assets For Windows
[2017.04.08-07.43.14:876][  0]LogDerivedDataCache:Display: Max Cache Size: 512 MB
[2017.04.08-07.43.15:059][  0]LogDerivedDataCache: Loaded boot cache 0.18s 50MB C:/Users/User/AppData/Local/UnrealEngine/4.14/DerivedDataCache/Boot.ddc.
[2017.04.08-07.43.15:059][  0]LogDerivedDataCache:Display: Loaded Boot cache: C:/Users/User/AppData/Local/UnrealEngine/4.14/DerivedDataCache/Boot.ddc
[2017.04.08-07.43.15:059][  0]LogDerivedDataCache: FDerivedDataBackendGraph:  Pak pak cache file ../../../../../PurgaStory_v3/DerivedDataCache/DDC.ddp not found, will not use a pak cache.
[2017.04.08-07.43.15:060][  0]LogDerivedDataCache: Unable to find inner node Pak for hierarchical cache Hierarchy.
[2017.04.08-07.43.15:060][  0]LogDerivedDataCache: FDerivedDataBackendGraph:  CompressedPak pak cache file ../../../../../PurgaStory_v3/DerivedDataCache/Compressed.ddp not found, will not use a pak cache.
[2017.04.08-07.43.15:060][  0]LogDerivedDataCache: Unable to find inner node CompressedPak for hierarchical cache Hierarchy.
[2017.04.08-07.43.15:187][  0]LogDerivedDataCache:Display: Pak cache opened for reading ../../../Engine/DerivedDataCache/Compressed.ddp.
[2017.04.08-07.43.15:202][  0]LogDerivedDataCache: Using Local data cache path C:/Users/User/AppData/Local/UnrealEngine/Common/DerivedDataCache: Writable
[2017.04.08-07.43.21:068][  0]LogInit: Selected Device Profile: [Windows]
[2017.04.08-07.43.21:078][  0]LogContentStreaming: Texture pool size is 0.00 MB
[2017.04.08-07.43.22:462][  0]LogMeshUtilities: Using QuadricMeshReduction for automatic static mesh reduction
[2017.04.08-07.43.22:585][  0]LogSimplygon: Simplygon DLL not present - disabling.
[2017.04.08-07.43.22:709][  0]LogMeshUtilities: Using SimplygonSwarm for distributed automatic mesh merging
[2017.04.08-07.43.22:709][  0]LogMeshUtilities: No automatic skeletal mesh reduction module available
[2017.04.08-07.43.22:709][  0]LogMeshUtilities: No automatic mesh merging module available
[2017.04.08-07.43.26:680][  0]LogNetVersion: GetLocalNetworkVersion: CL: 3195953, ProjectName: purgastory, ProjectVersion: , EngineNetworkVersion: 2, GameNetworkVersion: 0, NetworkChecksum: 4090582873
[2017.04.08-07.43.26:903][  0]LogAssetRegistry: FAssetRegistry took 0.0235 seconds to start up
[2017.04.08-07.43.27:125][  0]LogPackageLocalizationCache: Processed 3 localized package path(s) for 2 prioritized culture(s) in 0.127370 seconds
[2017.04.08-07.43.27:152][  0]LogUObjectArray: 31953 objects as part of root set at end of initial load.
[2017.04.08-07.43.27:152][  0]LogUObjectAllocator: 7149664 out of 0 bytes used by permanent object pool.
[2017.04.08-07.43.27:152][  0]LogUObjectArray: CloseDisregardForGC: 0/0 objects in disregard for GC pool
[2017.04.08-07.43.29:857][  0]LogSlate: Using Freetype 2.6.0
[2017.04.08-07.43.29:906][  0]LogSlate: SlateFontCache - WITH_FREETYPE: 1, WITH_HARFBUZZ: 1
[2017.04.08-07.43.29:906][  0]LogSlate: SlateFontCache - WITH_FREETYPE: 1, WITH_HARFBUZZ: 1
[2017.04.08-07.43.36:825][  0]LogSubstanceCoreModule: Substance [CPU] Engine Loaded, Max Texture Size = 2048
[2017.04.08-07.43.36:925][  0]LogTcpMessaging: Initializing TcpMessaging bridge
[2017.04.08-07.43.37:007][  0]LogUdpMessaging: Initializing bridge on interface 0.0.0.0:0 to multicast group 230.0.0.1:6666.
[2017.04.08-07.43.37:993][  0]LogMaterial: Uniform references updated for custom material expression Custom.
[2017.04.08-07.43.39:311][  0]SourceControl: Info Source control is disabled
[2017.04.08-07.43.39:884][  0]SourceControl: Info Source control is disabled
[2017.04.08-07.43.40:014][  0]SourceControl: Info Source control is disabled
[2017.04.08-07.43.40:134][  0]SourceControl: Info Source control is disabled
[2017.04.08-07.43.45:388][  0]LogEngine: Initializing Engine...
[2017.04.08-07.43.45:389][  0]LogHMD: Failed to initialize OpenVR with code 110
[2017.04.08-07.43.46:515][  0]LogAIModule: Creating AISystem for world Untitled
[2017.04.08-07.43.46:532][  0]LogInit: XAudio2 using 'Speakers (Conexant SmartAudio HD)' : 2 channels at 48 kHz using 32 bits per sample (channel mask 0x3)
[2017.04.08-07.43.46:573][  0]LogInit: FAudioDevice initialized.
[2017.04.08-07.43.46:649][  0]LogDerivedDataCache: Saved boot cache 0.07s 50MB C:/Users/User/AppData/Local/UnrealEngine/4.14/DerivedDataCache/Boot.ddc.
[2017.04.08-07.43.46:670][  0]LogInit: Texture streaming: Enabled
[2017.04.08-07.43.47:596][  0]LogInit: Transaction tracking system initialized
[2017.04.08-07.43.49:497][  0]BlueprintLog: New page: Editor Load
[2017.04.08-07.43.51:724][  0]LocalizationService: Info Localization service is disabled
[2017.04.08-07.43.54:695][  0]LogConsoleResponse:Display: 
[2017.04.08-07.43.56:333][  0]LogCook:Display: Max memory allowance for cook 16384mb min free memory 0mb
[2017.04.08-07.43.56:333][  0]LogCook:Display: Mobile HDR setting 1
[2017.04.08-07.43.56:860][  0]LogFileCache: Scanning file cache for directory 'D:/Unreal/PurgaStory_v3/Content/' took 0.11s
[2017.04.08-07.43.59:268][  0]SourceControl: Info Source control is disabled
[2017.04.08-07.43.59:269][  0]Cmd: MAP LOAD FILE="../../../../../PurgaStory_v3/Content/Multiplayer/Maps/MP_mainMenu.umap" TEMPLATE=0 SHOWPROGRESS=1 FEATURELEVEL=3
[2017.04.08-07.43.59:288][  0]LightingResults: New page: Lighting Build
[2017.04.08-07.43.59:440][  0]MapCheck: New page: Map Check
[2017.04.08-07.43.59:440][  0]LightingResults: New page: Lighting Build
[2017.04.08-07.44.05:701][  0]LogAIModule: Creating AISystem for world MP_mainMenu
[2017.04.08-07.44.05:711][  0]LogEditorServer: Finished looking for orphan Actors (0.000 secs)
[2017.04.08-07.44.05:713][  0]Cmd: MAP CHECKDEP NOCLEARLOG
[2017.04.08-07.44.05:873][  0]MapCheck: Info Map check complete: 0 Error(s), 0 Warning(s), took 159.758ms to complete.
[2017.04.08-07.44.05:873][  0]LogFileHelpers: Loading map 'MP_mainMenu' took 6.605
[2017.04.08-07.44.06:417][  0]LogCollectionManager: Loaded 0 collections in 0.003075 seconds
[2017.04.08-07.44.06:569][  0]LogFileCache: Scanning file cache for directory 'D:/Unreal/PurgaStory_v3/Saved/Collections/' took 0.01s
[2017.04.08-07.44.06:569][  0]LogFileCache: Scanning file cache for directory 'D:/Unreal/PurgaStory_v3/Content/Developers/User/Collections/' took 0.01s
[2017.04.08-07.44.06:569][  0]LogFileCache: Scanning file cache for directory 'D:/Unreal/PurgaStory_v3/Content/Collections/' took 0.01s
[2017.04.08-07.44.06:569][  0]LogCollectionManager: Rebuilt the GUID cache for 0 collections in 0.000005 seconds
[2017.04.08-07.44.06:608][  0]LogContentBrowser: Native class hierarchy populated in 0.0384 seconds. Added 2206 classes and 437 folders.
[2017.04.08-07.44.06:736][  0]LogStats: UGameplayTagsManager::ConstructGameplayTagTree: Construct from data asset -  0.000 s
[2017.04.08-07.44.06:736][  0]LogStats: UGameplayTagsManager::ConstructGameplayTagTree: GameplayTagTreeChangedEvent.Broadcast -  0.000 s
[2017.04.08-07.44.06:738][  0]LogContentBrowser: Native class hierarchy updated for 'GameplayTags' in 0.0019 seconds. Added 13 classes and 0 folders.
[2017.04.08-07.44.06:914][  0]LogContentBrowser: Native class hierarchy updated for 'WidgetCarousel' in 0.0015 seconds. Added 0 classes and 0 folders.
[2017.04.08-07.44.07:813][  0]LogContentBrowser: Native class hierarchy updated for 'AddContentDialog' in 0.0017 seconds. Added 0 classes and 0 folders.
[2017.04.08-07.44.07:928][  0]LogContentBrowser: Native class hierarchy updated for 'SceneOutliner' in 0.0017 seconds. Added 1 classes and 2 folders.
[2017.04.08-07.44.08:191][  0]LogCrashTracker: Crashtracker disabled due to settings.
[2017.04.08-07.44.08:214][  0]LogUObjectGlobals:Warning: Failed to find object 'Class None.'
[2017.04.08-07.44.08:369][  0]LogContentBrowser: Native class hierarchy updated for 'HierarchicalLODOutliner' in 0.0017 seconds. Added 1 classes and 2 folders.
[2017.04.08-07.44.08:370][  0]LogLoad: (Engine Initialization) Total time: 85.53 seconds
[2017.04.08-07.44.08:370][  0]LogLoad: (Engine Initialization) Total Blueprint compile time: 1.16 seconds
[2017.04.08-07.44.08:370][  0]LogExternalProfiler: Found external profiler: VSPerf
[2017.04.08-07.44.08:370][  0]LogExternalProfiler: Using external profiler: VSPerf
[2017.04.08-07.44.08:711][  0]LogOcInput: OculusInput pre-init called
[2017.04.08-07.44.08:755][  0]LogContentStreaming: Texture pool size now 800 MB
[2017.04.08-07.44.09:304][  0]LogRenderer: Reallocating scene render targets to support 888x412 NumSamples 1 (Frame:2).
[2017.04.08-07.44.09:611][  1]LogFileCache: Retrieving MD5 hashes for directory 'D:/Unreal/PurgaStory_v3/Content/' took 0.88s
[2017.04.08-07.44.12:015][  8]LogAssetRegistry: Asset discovery search completed in 45.1355 seconds
[2017.04.08-07.44.12:015][  8]LogCollectionManager: Rebuilt the object cache for 0 collections in 0.000002 seconds (found 0 objects)
[2017.04.08-07.44.12:016][  8]LogCollectionManager: Fixed up redirectors for 0 collections in 0.000082 seconds (updated 0 objects)
[2017.04.08-07.45.17:027][986]LogBlueprint:Warning: [BP_Seeker] 'HidingTimeLeft' variable not found. Base class was probably changed.
[2017.04.08-07.45.21:497][986]LogLinker:Warning: Can't find file '/Game/Materials/_Base_Mat/M_Textures/T_DefaultNoise_N'
[2017.04.08-07.45.21:497][986]LogLinker:Warning: Can't find file for asset '/Game/Materials/_Base_Mat/M_Textures/T_DefaultNoise_N' while loading ../../../../../PurgaStory_v3/Content/Materials/Architecture/Rubber/MI_Rubber_Black_001_a.uasset.
[2017.04.08-07.45.21:497][986]LoadErrors:Error: Error /Game/Materials/Architecture/Rubber/MI_Rubber_Black_001_a : Can't find file for asset. /Game/Materials/_Base_Mat/M_Textures/T_DefaultNoise_N
[2017.04.08-07.45.21:498][986]LogLinker:Warning: Can't find file '/Game/Materials/_Base_Mat/M_Textures/T_DefaultNoise_N'
[2017.04.08-07.45.21:498][986]LogLinker:Warning: Can't find file for asset '/Game/Materials/_Base_Mat/M_Textures/T_DefaultNoise_N' while loading ../../../../../PurgaStory_v3/Content/Materials/Architecture/Rubber/MI_Rubber_Black_001_a.uasset.
[2017.04.08-07.45.21:556][986]LogLinker:Warning: Asset '../../../../../PurgaStory_v3/Content/Materials/PP_Outliner_M.uasset' has been saved with empty engine version. The asset will be loaded but may be incompatible.
[2017.04.08-07.45.21:591][986]LogLinker:Warning: Asset '../../../../../PurgaStory_v3/Content/Materials/MF_ConvolveTexture.uasset' has been saved with empty engine version. The asset will be loaded but may be incompatible.
[2017.04.08-07.45.21:693][986]LogLinker:Warning: Asset '../../../../../PurgaStory_v3/Content/Materials/MF_ExtractDepth.uasset' has been saved with empty engine version. The asset will be loaded but may be incompatible.
[2017.04.08-07.45.21:708][986]LogLinker:Warning: Asset '../../../../../PurgaStory_v3/Content/Materials/MF_SampleSceneTextureNeighbourUVs.uasset' has been saved with empty engine version. The asset will be loaded but may be incompatible.
[2017.04.08-07.45.21:891][986]LogLinker:Warning: Can't find file '/Game/Materials/_Base_Mat/M_Textures/white'
[2017.04.08-07.45.21:891][986]LogLinker:Warning: Can't find file for asset '/Game/Materials/_Base_Mat/M_Textures/white' while loading ../../../../../PurgaStory_v3/Content/Materials/_Base_Mat/M_Prototyper_2.uasset.
[2017.04.08-07.45.21:892][986]LoadErrors:Error: Error /Game/Materials/_Base_Mat/M_Prototyper_2 : Can't find file for asset. /Game/Materials/_Base_Mat/M_Textures/white
[2017.04.08-07.45.21:893][986]LogLinker:Warning: Can't find file '/Game/Materials/_Base_Mat/M_Textures/white'
[2017.04.08-07.45.21:893][986]LogLinker:Warning: Can't find file for asset '/Game/Materials/_Base_Mat/M_Textures/white' while loading ../../../../../PurgaStory_v3/Content/Materials/_Base_Mat/M_Prototyper_2.uasset.
[2017.04.08-07.45.26:648][986]LogLinker:Warning: Can't find file '/Game/Materials/_Base_Mat/M_Textures/white'
[2017.04.08-07.45.26:649][986]LoadErrors: Info Failed to load /Game/Materials/_Base_Mat/M_Textures/white.white Referenced by MaterialExpressionTextureObjectParameter_3
[2017.04.08-07.45.26:649][986]LogLinker:Warning: Can't find file for asset '/Game/Materials/_Base_Mat/M_Textures/white' while loading NULL.
[2017.04.08-07.45.26:650][986]LogLinker:Warning: Can't find file '/Game/Materials/_Base_Mat/M_Textures/white'
[2017.04.08-07.45.26:651][986]LoadErrors: Info Failed to load /Game/Materials/_Base_Mat/M_Textures/white.white Referenced by MaterialExpressionTextureSampleParameter2D_6
[2017.04.08-07.45.26:651][986]LogLinker:Warning: Can't find file for asset '/Game/Materials/_Base_Mat/M_Textures/white' while loading NULL.
[2017.04.08-07.45.26:694][986]LogLinker:Warning: Can't find file '/Game/Materials/_Base_Mat/M_Textures/T_DefaultNoise_N'
[2017.04.08-07.45.26:695][986]LoadErrors: Info Failed to load /Game/Materials/_Base_Mat/M_Textures/T_DefaultNoise_N.T_DefaultNoise_N Referenced by MI_Rubber_Black_001_a
[2017.04.08-07.45.26:695][986]LogLinker:Warning: Can't find file for asset '/Game/Materials/_Base_Mat/M_Textures/T_DefaultNoise_N' while loading NULL.
[2017.04.08-07.45.26:777][986]LogMaterial: Uniform references updated for custom material expression TemporalAA SampleID.
[2017.04.08-07.45.26:779][986]LogMaterial: Uniform references updated for custom material expression Custom.
[2017.04.08-07.45.31:921][986]LogMaterial: Missing cached shader map for material M_RollingFire, compiling. 
[2017.04.08-07.45.34:605][986]LogMaterial: Missing cached shader map for material M_Prototyper_2, compiling. 
[2017.04.08-07.45.34:613][986]LogMaterial:Warning: Failed to compile Material /Game/Materials/_Base_Mat/M_Prototyper_2.M_Prototyper_2 for platform PCD3D_SM5, Default Material will be used in game.
[2017.04.08-07.45.34:613][986]LogMaterial:Warning: 	(Node TextureObjectParameter) Param Tex Object> Requires valid texture
[2017.04.08-07.45.34:629][986]LogMaterial: Missing cached shader map for material M_Prototyper_2, compiling. 
[2017.04.08-07.45.34:639][986]LogMaterial:Warning: Failed to compile Material Instance /Game/Materials/Solids/Dual_Color/MI_Black_White.MI_Black_White with Base M_Prototyper_2 for platform PCD3D_SM5, Default Material will be used in game.
[2017.04.08-07.45.34:639][986]LogMaterial:Warning: 	(Node TextureObjectParameter) Param Tex Object> Requires valid texture
[2017.04.08-07.45.37:695][986]LogAIModule: Creating AISystem for world Purgastory_Level
[2017.04.08-07.45.38:991][986]Cmd: MAP LOAD FILE="../../../../../PurgaStory_v3/Content/Multiplayer/Maps/Purgastory_Level.umap" TEMPLATE=0 SHOWPROGRESS=1 FEATURELEVEL=3
[2017.04.08-07.45.38:991][986]LightingResults: New page: Lighting Build
[2017.04.08-07.45.38:994][986]LoadErrors: New page: Loading map: Purgastory_Level.umap
[2017.04.08-07.45.38:994][986]MapCheck: New page: Map Check
[2017.04.08-07.45.38:994][986]LightingResults: New page: Lighting Build
[2017.04.08-07.45.39:677][986]LogPhysics:Error: PHYSX: (D:\Build\++UE4+Release-4.14+PhysX_Compile\Sync\Engine\Source\ThirdParty\PhysX\PhysX_3.4\Source\PhysX\src\NpMaterial.cpp 143) eINVALID_PARAMETER : PxMaterial::setRestitution: Invalid value 1.150000 was clamped to [0,1]!
[2017.04.08-07.45.40:337][986]LogEditorServer: Finished looking for orphan Actors (0.001 secs)
[2017.04.08-07.45.40:466][986]Cmd: MAP CHECKDEP NOCLEARLOG
[2017.04.08-07.45.40:710][986]MapCheck: Info Map check complete: 0 Error(s), 0 Warning(s), took 244.794ms to complete.
[2017.04.08-07.45.40:711][986]LogFileHelpers: Loading map 'Purgastory_Level' took 1.721
[2017.04.08-07.45.53:664][886]LogShaderCompilers:Warning: Failed to compile Material /Game/Assets/Materials/M_RollingFire.M_RollingFire for platform PCD3D_SM5, Default Material will be used in game.
[2017.04.08-07.45.53:664][886]LogShaderCompilers:Warning: 	HitProxyVertexShader.usf(27,3-34):  err0r X3000: unrecognized identifier 'FVertexFactoryInterpolantsVSToDS'
[2017.04.08-07.45.53:664][886]LogShaderCompilers:Warning: 	LightMapDensityShader.usf(23,3-34):  err0r X3000: unrecognized identifier 'FVertexFactoryInterpolantsVSToDS'
[2017.04.08-07.45.53:664][886]LogShaderCompilers:Warning: 	DepthOnlyVertexShader.usf(30,3-34):  err0r X3000: unrecognized identifier 'FVertexFactoryInterpolantsVSToDS'
[2017.04.08-07.45.53:665][886]LogShaderCompilers:Warning: 	DebugViewModeVertexShader.usf(18,3-34):  err0r X3000: unrecognized identifier 'FVertexFactoryInterpolantsVSToDS'
[2017.04.08-07.45.53:665][886]LogShaderCompilers:Warning: 	BasePassVertexCommon.usf(30,3-34):  err0r X3000: unrecognized identifier 'FVertexFactoryInterpolantsVSToDS'
[2017.04.08-07.45.53:665][886]LogShaderCompilers:Warning: 	VelocityShader.usf(49,3-34):  err0r X3000: unrecognized identifier 'FVertexFactoryInterpolantsVSToDS'
[2017.04.08-07.45.53:665][886]LogShaderCompilers:Warning: 	ShadowDepthVertexShader.usf(124,2-33):  err0r X3000: unrecognized identifier 'FVertexFactoryInterpolantsVSToDS'
[2017.04.08-07.46.38:011][759]LogContentBrowser: Native class hierarchy updated for 'BlueprintGraph' in 0.0032 seconds. Added 111 classes and 0 folders.
[2017.04.08-07.46.56:815][357]BlueprintLog: New page: Compile BP_Milkshake
[2017.04.08-07.48.00:949][841]LogTemp: Repeting last play command: New Editor Window (PIE)
[2017.04.08-07.48.01:061][841]LogBlueprintUserMessages: Early PlayInEditor Detection: Level '/Game/Multiplayer/Maps/Purgastory_Level.Purgastory_Level:PersistentLevel' has LevelScriptBlueprint '/Game/Multiplayer/Maps/Purgastory_Level.Purgastory_Level:PersistentLevel.Purgastory_Level' with GeneratedClass '/Game/Multiplayer/Maps/Purgastory_Level.Purgastory_Level_C' with ClassGeneratedBy '/Game/Multiplayer/Maps/Purgastory_Level.Purgastory_Level:PersistentLevel.Purgastory_Level'
[2017.04.08-07.48.01:061][841]BlueprintLog: New page: Pre-Play auto-recompile
[2017.04.08-07.48.01:061][841]LogPlayLevel: [PlayLevel] Compiling BP_Hider before play...
[2017.04.08-07.48.02:797][841]LogPlayLevel: PlayLevel: Blueprint regeneration took 1735 ms (1 blueprints)
[2017.04.08-07.48.02:797][841]LogOnline:Display: NULL: FOnlineSubsystemNull::Shutdown()
[2017.04.08-07.48.02:799][841]LogOnline:Warning: STEAM: Steam API disabled!
[2017.04.08-07.48.02:799][841]LogOnline:Display: STEAM: OnlineSubsystemSteam::Shutdown()
[2017.04.08-07.48.02:816][841]PIE: New page: PIE session: Purgastory_Level (8 Apr 2017 11:48:02 pm)
[2017.04.08-07.48.02:817][841]LogPlayLevel: Creating play world package: /Game/Multiplayer/Maps/UEDPIE_1_Purgastory_Level
[2017.04.08-07.48.03:675][841]LogPlayLevel: PIE: StaticDuplicateObject took: (0.857346s)
[2017.04.08-07.48.03:677][841]LogAIModule: Creating AISystem for world Purgastory_Level
[2017.04.08-07.48.03:678][841]LogPlayLevel: PIE: World Init took: (0.002357s)
[2017.04.08-07.48.03:680][841]LogPlayLevel: PIE: Created PIE world by copying editor world from /Game/Multiplayer/Maps/Purgastory_Level.Purgastory_Level to /Game/Multiplayer/Maps/UEDPIE_1_Purgastory_Level.Purgastory_Level (0.861957s)
[2017.04.08-07.48.03:756][841]LogInit: XAudio2 using 'Speakers (Conexant SmartAudio HD)' : 2 channels at 48 kHz using 32 bits per sample (channel mask 0x3)
[2017.04.08-07.48.03:788][841]LogInit: FAudioDevice initialized.
[2017.04.08-07.48.03:828][841]LogStats:Warning: MetaData mismatch. Did you assign a stat to two groups? New //STATGROUP_Threads//OnlineAsyncTaskThreadNull DefaultInstance///Thread_fa4_0///####STATCAT_Advanced#### old //STATGROUP_Threads//OnlineAsyncTaskThreadNull DefaultInstance///Thread_e2c_0///####STATCAT_Advanced####
[2017.04.08-07.48.03:863][841]LogLoad: Game class is 'MP_GM_C'
[2017.04.08-07.48.03:978][841]LogWorld: Bringing World /Game/Multiplayer/Maps/UEDPIE_1_Purgastory_Level.Purgastory_Level up for play (max tick rate 0) at 2017.04.08-15.48.03
[2017.04.08-07.48.04:190][841]LogWorld: Bringing up level for play took: 0.321994
[2017.04.08-07.48.04:527][841]LogContentBrowser: Native class hierarchy updated for 'MovieSceneCapture' in 0.0027 seconds. Added 11 classes and 0 folders.
[2017.04.08-07.48.04:528][841]LogBlueprintUserMessages: [MP_GM_C_0] Server: Respawning new player
[2017.04.08-07.48.04:528][841]LogScript:Warning: Accessed None trying to read property CallFunc_K2_GetPawn_ReturnValue
	MP_GM_C /Game/Multiplayer/Maps/UEDPIE_1_Purgastory_Level.Purgastory_Level:PersistentLevel.MP_GM_C_0
	Function /Game/Multiplayer/Blueprints/MP_GM.MP_GM_C:ExecuteUbergraph_MP_GM:0F88
[2017.04.08-07.48.04:529][841]PIE:Error: Error Blueprint Runtime Error: Accessed None trying to read property CallFunc_K2_GetPawn_ReturnValue from function: 'ExecuteUbergraph_MP_GM' from node: DestroyActor in graph: EventGraph in object: MP_GM with description: Accessed None trying to read property CallFunc_K2_GetPawn_ReturnValue
[2017.04.08-07.48.04:529][841]LogBlueprintUserMessages: [MP_GM_C_0] Server: 256 Actor has been destroyed
[2017.04.08-07.48.04:560][841]LogInit: WinSock: Socket queue 131072 / 131072
[2017.04.08-07.48.04:563][841]LogInit: WinSock: I am ASUS (192.168.189.1:0)
[2017.04.08-07.48.04:564][841]PacketHandlerLog: Loaded PacketHandler component: Engine.EngineHandlerComponentFactory (StatelessConnectHandlerComponent)
[2017.04.08-07.48.04:564][841]LogNet: GameNetDriver IpNetDriver_0 IpNetDriver listening on port 7777
[2017.04.08-07.48.04:564][841]LogGameMode:Display: Match State Changed from EnteringMap to WaitingToStart
[2017.04.08-07.48.04:564][841]LogGameState: Match State Changed from EnteringMap to WaitingToStart
[2017.04.08-07.48.04:565][841]LogGameMode:Display: Match State Changed from WaitingToStart to InProgress
[2017.04.08-07.48.04:571][841]LogScriptCore:Warning: Script Msg: Attempted to access index 0 from array CallFunc_GetAllActorsOfClass_OutActors of length 0!
[2017.04.08-07.48.04:571][841]LogScript:Warning: Accessed None trying to read property HiderRef
	GS_MP_C /Game/Multiplayer/Maps/UEDPIE_1_Purgastory_Level.Purgastory_Level:PersistentLevel.GS_MP_C_0
	Function /Game/Multiplayer/Blueprints/GS_MP.GS_MP_C:ExecuteUbergraph_GS_MP:002A
[2017.04.08-07.48.04:572][841]PIE:Error: Error Blueprint Runtime Error: Accessed None trying to read property HiderRef from function: 'ExecuteUbergraph_GS_MP' from node: Create Waiting Screen in graph: EventGraph in object: GS_MP with description: Accessed None trying to read property HiderRef
[2017.04.08-07.48.04:574][841]LogBlueprintUserMessages: [BP_Seeker_C_0] Server: MAKE WAIT SCREEN
[2017.04.08-07.48.04:592][841]LogGameState: Match State Changed from WaitingToStart to InProgress
[2017.04.08-07.48.04:597][841]PIE: Info Play in editor start time for /Game/Multiplayer/Maps/UEDPIE_1_Purgastory_Level 1.994
[2017.04.08-07.48.04:605][841]PIE: New page: PIE session: Purgastory_Level (8 Apr 2017 11:48:04 pm)
[2017.04.08-07.48.04:691][841]LogNet: Browse: 127.0.0.1//Game/Multiplayer/Maps/MP_mainMenu
[2017.04.08-07.48.04:691][841]LogInit: WinSock: Socket queue 32768 / 32768
[2017.04.08-07.48.04:693][841]PacketHandlerLog: Loaded PacketHandler component: Engine.EngineHandlerComponentFactory (StatelessConnectHandlerComponent)
[2017.04.08-07.48.04:694][841]LogNet: Game client on port 7777, rate 10000
[2017.04.08-07.48.04:695][841]LogNetVersion: GetLocalNetworkVersion: CL: 3195953, ProjectName: purgastory, ProjectVersion: 1.0.0.0, EngineNetworkVersion: 2, GameNetworkVersion: 0, NetworkChecksum: 3808236973
[2017.04.08-07.48.04:695][841]LogNet: UPendingNetGame::InitNetDriver: Sending hello. [UNetConnection] RemoteAddr: 127.0.0.1:7777, Name: IpConnection_0, Driver: PendingNetDriver IpNetDriver_1, IsServer: NO, PC: NULL, Owner: NULL
[2017.04.08-07.48.04:700][841]PIE: Info Play in editor start time for /Game/Multiplayer/Maps/MP_mainMenu 2.097
[2017.04.08-07.48.04:718][841]LogBlueprintUserMessages: Late PlayInEditor Detection: Level '/Game/Multiplayer/Maps/Purgastory_Level.Purgastory_Level:PersistentLevel' has LevelScriptBlueprint '/Game/Multiplayer/Maps/Purgastory_Level.Purgastory_Level:PersistentLevel.Purgastory_Level' with GeneratedClass '/Game/Multiplayer/Maps/Purgastory_Level.Purgastory_Level_C' with ClassGeneratedBy '/Game/Multiplayer/Maps/Purgastory_Level.Purgastory_Level:PersistentLevel.Purgastory_Level'
[2017.04.08-07.48.04:723][841]LogHandshake: SendConnectChallenge. Timestamp: 0.017463, Cookie: 077101134166024142165119053201170158241173197157196252144108
[2017.04.08-07.48.04:917][841]LogHandshake: SendChallengeResponse. Timestamp: 0.017463, Cookie: 077101134166024142165119053201170158241173197157196252144108
[2017.04.08-07.48.06:875][841]LogRenderer: Reallocating scene render targets to support 888x500 NumSamples 1 (Frame:5712).
