Log file open, 04/11/17 01:25:55
LogInit:Display: Running engine for game: PurgaStory
LogPlatformFile: Not using cached read wrapper
LogInit:Display: RandInit(-1990041538) SRandInit(-1990041538).
LogTaskGraph: Started task graph with 5 named threads and 8 total threads with 1 sets of task threads.
LogStats: Stats thread started at 0.294899
LogPluginManager: Loaded Plugin Paper2D, From D:/Unreal/Epic Games/4.14/Engine/Plugins/2D/Paper2D/Paper2D.uplugin
LogPluginManager: Loaded Plugin LightPropagationVolume, From D:/Unreal/Epic Games/4.14/Engine/Plugins/Blendables/LightPropagationVolume/LightPropagationVolume.uplugin
LogPluginManager: Loaded Plugin BlankPlugin, From D:/Unreal/Epic Games/4.14/Engine/Plugins/Developer/BlankPlugin/BlankPlugin.uplugin
LogPluginManager: Loaded Plugin CodeLiteSourceCodeAccess, From D:/Unreal/Epic Games/4.14/Engine/Plugins/Developer/CodeLiteSourceCodeAccess/CodeLiteSourceCodeAccess.uplugin
LogPluginManager: Loaded Plugin GitSourceControl, From D:/Unreal/Epic Games/4.14/Engine/Plugins/Developer/GitSourceControl/GitSourceControl.uplugin
LogPluginManager: Loaded Plugin KDevelopSourceCodeAccess, From D:/Unreal/Epic Games/4.14/Engine/Plugins/Developer/KDevelopSourceCodeAccess/KDevelopSourceCodeAccess.uplugin
LogPluginManager: Loaded Plugin NullSourceCodeAccess, From D:/Unreal/Epic Games/4.14/Engine/Plugins/Developer/NullSourceCodeAccess/NullSourceCodeAccess.uplugin
LogPluginManager: Loaded Plugin OneSkyLocalizationService, From D:/Unreal/Epic Games/4.14/Engine/Plugins/Developer/OneSkyLocalizationService/OneSkyLocalizationService.uplugin
LogPluginManager: Loaded Plugin PerforceSourceControl, From D:/Unreal/Epic Games/4.14/Engine/Plugins/Developer/PerforceSourceControl/PerforceSourceControl.uplugin
LogPluginManager: Loaded Plugin SubversionSourceControl, From D:/Unreal/Epic Games/4.14/Engine/Plugins/Developer/SubversionSourceControl/SubversionSourceControl.uplugin
LogPluginManager: Loaded Plugin UObjectPlugin, From D:/Unreal/Epic Games/4.14/Engine/Plugins/Developer/UObjectPlugin/UObjectPlugin.uplugin
LogPluginManager: Loaded Plugin VisualStudioSourceCodeAccess, From D:/Unreal/Epic Games/4.14/Engine/Plugins/Developer/VisualStudioSourceCodeAccess/VisualStudioSourceCodeAccess.uplugin
LogPluginManager: Loaded Plugin XCodeSourceCodeAccess, From D:/Unreal/Epic Games/4.14/Engine/Plugins/Developer/XCodeSourceCodeAccess/XCodeSourceCodeAccess.uplugin
LogPluginManager: Loaded Plugin AudioCapture, From D:/Unreal/Epic Games/4.14/Engine/Plugins/Editor/AudioCapture/AudioCapture.uplugin
LogPluginManager: Loaded Plugin EpicSurvey, From D:/Unreal/Epic Games/4.14/Engine/Plugins/Editor/EpicSurvey/EpicSurvey.uplugin
LogPluginManager: Loaded Plugin MacGraphicsSwitching, From D:/Unreal/Epic Games/4.14/Engine/Plugins/Editor/MacGraphicsSwitching/MacGraphicsSwitching.uplugin
LogPluginManager: Loaded Plugin MobileLauncherProfileWizard, From D:/Unreal/Epic Games/4.14/Engine/Plugins/Editor/MobileLauncherProfileWizard/MobileLauncherProfileWizard.uplugin
LogPluginManager: Loaded Plugin PluginBrowser, From D:/Unreal/Epic Games/4.14/Engine/Plugins/Editor/PluginBrowser/PluginBrowser.uplugin
LogPluginManager: Loaded Plugin SpeedTreeImporter, From D:/Unreal/Epic Games/4.14/Engine/Plugins/Editor/SpeedTreeImporter/SpeedTreeImporter.uplugin
LogPluginManager: Loaded Plugin SuperSearchEditor, From D:/Unreal/Epic Games/4.14/Engine/Plugins/Editor/SuperSearchEditor/SuperSearchEditor.uplugin
LogPluginManager: Loaded Plugin AlembicImporter, From D:/Unreal/Epic Games/4.14/Engine/Plugins/Experimental/AlembicImporter/AlembicImporter.uplugin
LogPluginManager: Loaded Plugin BlueprintStats, From D:/Unreal/Epic Games/4.14/Engine/Plugins/Experimental/BlueprintStats/BlueprintStats.uplugin
LogPluginManager: Loaded Plugin CharacterAI, From D:/Unreal/Epic Games/4.14/Engine/Plugins/Experimental/CharacterAI/CharacterAI.uplugin
LogPluginManager: Loaded Plugin CodeEditor, From D:/Unreal/Epic Games/4.14/Engine/Plugins/Experimental/CodeEditor/CodeEditor.uplugin
LogPluginManager: Loaded Plugin CodeView, From D:/Unreal/Epic Games/4.14/Engine/Plugins/Experimental/CodeView/CodeView.uplugin
LogPluginManager: Loaded Plugin HTML5Networking, From D:/Unreal/Epic Games/4.14/Engine/Plugins/Experimental/HTML5Networking/HTML5Networking.uplugin
LogPluginManager: Loaded Plugin OSVR, From D:/Unreal/Epic Games/4.14/Engine/Plugins/Experimental/OSVR/OSVR.uplugin
LogPluginManager: Loaded Plugin Phya, From D:/Unreal/Epic Games/4.14/Engine/Plugins/Experimental/Phya/Phya.uplugin
LogPluginManager: Loaded Plugin SignificanceManager, From D:/Unreal/Epic Games/4.14/Engine/Plugins/Experimental/SignificanceManager/SignificanceManager.uplugin
LogPluginManager: Loaded Plugin SimpleHMD, From D:/Unreal/Epic Games/4.14/Engine/Plugins/Experimental/SimpleHMD/SimpleHMD.uplugin
LogPluginManager: Loaded Plugin StereoPanorama, From D:/Unreal/Epic Games/4.14/Engine/Plugins/Experimental/StereoPanorama/StereoPanorama.uplugin
LogPluginManager: Loaded Plugin StructBox, From D:/Unreal/Epic Games/4.14/Engine/Plugins/Experimental/StructBox/StructBox.uplugin
LogPluginManager: Loaded Plugin Substance, From D:/Unreal/Epic Games/4.14/Engine/Plugins/Marketplace/Substance/Substance.uplugin
LogPluginManager: Loaded Plugin AndroidMedia, From D:/Unreal/Epic Games/4.14/Engine/Plugins/Media/AndroidMedia/AndroidMedia.uplugin
LogPluginManager: Loaded Plugin AvfMedia, From D:/Unreal/Epic Games/4.14/Engine/Plugins/Media/AvfMedia/AvfMedia.uplugin
LogPluginManager: Loaded Plugin MediaPlayerEditor, From D:/Unreal/Epic Games/4.14/Engine/Plugins/Media/MediaPlayerEditor/MediaPlayerEditor.uplugin
LogPluginManager: Loaded Plugin WmfMedia, From D:/Unreal/Epic Games/4.14/Engine/Plugins/Media/WmfMedia/WmfMedia.uplugin
LogPluginManager: Loaded Plugin MessagingDebugger, From D:/Unreal/Epic Games/4.14/Engine/Plugins/Messaging/MessagingDebugger/MessagingDebugger.uplugin
LogPluginManager: Loaded Plugin TcpMessaging, From D:/Unreal/Epic Games/4.14/Engine/Plugins/Messaging/TcpMessaging/TcpMessaging.uplugin
LogPluginManager: Loaded Plugin UdpMessaging, From D:/Unreal/Epic Games/4.14/Engine/Plugins/Messaging/UdpMessaging/UdpMessaging.uplugin
LogPluginManager: Loaded Plugin LevelSequenceEditor, From D:/Unreal/Epic Games/4.14/Engine/Plugins/MovieScene/LevelSequenceEditor/LevelSequenceEditor.uplugin
LogPluginManager: Loaded Plugin MatineeToLevelSequence, From D:/Unreal/Epic Games/4.14/Engine/Plugins/MovieScene/MatineeToLevelSequence/MatineeToLevelSequence.uplugin
LogPluginManager: Loaded Plugin NetcodeUnitTest, From D:/Unreal/Epic Games/4.14/Engine/Plugins/NetcodeUnitTest/NetcodeUnitTest/NetcodeUnitTest.uplugin
LogPluginManager: Loaded Plugin NUTUnrealEngine4, From D:/Unreal/Epic Games/4.14/Engine/Plugins/NetcodeUnitTest/NUTUnrealEngine4/NUTUnrealEngine4.uplugin
LogPluginManager: Loaded Plugin OnlineSubsystemGameCircle, From D:/Unreal/Epic Games/4.14/Engine/Plugins/Online/Android/OnlineSubsystemGameCircle/OnlineSubsystemGameCircle.uplugin
LogPluginManager: Loaded Plugin OnlineSubsystemGooglePlay, From D:/Unreal/Epic Games/4.14/Engine/Plugins/Online/Android/OnlineSubsystemGooglePlay/OnlineSubsystemGooglePlay.uplugin
LogPluginManager: Loaded Plugin OnlineSubsystemIOS, From D:/Unreal/Epic Games/4.14/Engine/Plugins/Online/IOS/OnlineSubsystemIOS/OnlineSubsystemIOS.uplugin
LogPluginManager: Loaded Plugin OnlineFramework, From D:/Unreal/Epic Games/4.14/Engine/Plugins/Online/OnlineFramework/OnlineFramework.uplugin
LogPluginManager: Loaded Plugin OnlineSubsystem, From D:/Unreal/Epic Games/4.14/Engine/Plugins/Online/OnlineSubsystem/OnlineSubsystem.uplugin
LogPluginManager: Loaded Plugin OnlineSubsystemAmazon, From D:/Unreal/Epic Games/4.14/Engine/Plugins/Online/OnlineSubsystemAmazon/OnlineSubsystemAmazon.uplugin
LogPluginManager: Loaded Plugin OnlineSubsystemFacebook, From D:/Unreal/Epic Games/4.14/Engine/Plugins/Online/OnlineSubsystemFacebook/OnlineSubsystemFacebook.uplugin
LogPluginManager: Loaded Plugin OnlineSubsystemNull, From D:/Unreal/Epic Games/4.14/Engine/Plugins/Online/OnlineSubsystemNull/OnlineSubsystemNull.uplugin
LogPluginManager: Loaded Plugin OnlineSubsystemOculus, From D:/Unreal/Epic Games/4.14/Engine/Plugins/Online/OnlineSubsystemOculus/OnlineSubsystemOculus.uplugin
LogPluginManager: Loaded Plugin OnlineSubsystemSteam, From D:/Unreal/Epic Games/4.14/Engine/Plugins/Online/OnlineSubsystemSteam/OnlineSubsystemSteam.uplugin
LogPluginManager: Loaded Plugin OnlineSubsystemUtils, From D:/Unreal/Epic Games/4.14/Engine/Plugins/Online/OnlineSubsystemUtils/OnlineSubsystemUtils.uplugin
LogPluginManager: Loaded Plugin IOSTapJoy, From D:/Unreal/Epic Games/4.14/Engine/Plugins/Runtime/Advertising/IOSTapJoy/IOSTapJoy.uplugin
LogPluginManager: Loaded Plugin AnalyticsBlueprintLibrary, From D:/Unreal/Epic Games/4.14/Engine/Plugins/Runtime/Analytics/AnalyticsBlueprintLibrary/AnalyticsBlueprintLibrary.uplugin
LogPluginManager: Loaded Plugin AnalyticsMulticast, From D:/Unreal/Epic Games/4.14/Engine/Plugins/Runtime/Analytics/AnalyticsMulticast/AnalyticsMulticast.uplugin
LogPluginManager: Loaded Plugin Apsalar, From D:/Unreal/Epic Games/4.14/Engine/Plugins/Runtime/Analytics/Apsalar/Apsalar.uplugin
LogPluginManager: Loaded Plugin FileLogging, From D:/Unreal/Epic Games/4.14/Engine/Plugins/Runtime/Analytics/FileLogging/FileLogging.uplugin
LogPluginManager: Loaded Plugin Flurry, From D:/Unreal/Epic Games/4.14/Engine/Plugins/Runtime/Analytics/Flurry/Flurry.uplugin
LogPluginManager: Loaded Plugin AndroidDeviceProfileSelector, From D:/Unreal/Epic Games/4.14/Engine/Plugins/Runtime/AndroidDeviceProfileSelector/AndroidDeviceProfileSelector.uplugin
LogPluginManager: Loaded Plugin AndroidMoviePlayer, From D:/Unreal/Epic Games/4.14/Engine/Plugins/Runtime/AndroidMoviePlayer/AndroidMoviePlayer.uplugin
LogPluginManager: Loaded Plugin AppleMoviePlayer, From D:/Unreal/Epic Games/4.14/Engine/Plugins/Runtime/AppleMoviePlayer/AppleMoviePlayer.uplugin
LogPluginManager: Loaded Plugin ArchVisCharacter, From D:/Unreal/Epic Games/4.14/Engine/Plugins/Runtime/ArchVisCharacter/ArchVisCharacter.uplugin
LogPluginManager: Loaded Plugin CableComponent, From D:/Unreal/Epic Games/4.14/Engine/Plugins/Runtime/CableComponent/CableComponent.uplugin
LogPluginManager: Loaded Plugin CustomMeshComponent, From D:/Unreal/Epic Games/4.14/Engine/Plugins/Runtime/CustomMeshComponent/CustomMeshComponent.uplugin
LogPluginManager: Loaded Plugin ExampleDeviceProfileSelector, From D:/Unreal/Epic Games/4.14/Engine/Plugins/Runtime/ExampleDeviceProfileSelector/ExampleDeviceProfileSelector.uplugin
LogPluginManager: Loaded Plugin GearVR, From D:/Unreal/Epic Games/4.14/Engine/Plugins/Runtime/GearVR/GearVR.uplugin
LogPluginManager: Loaded Plugin GoogleVRController, From D:/Unreal/Epic Games/4.14/Engine/Plugins/Runtime/GoogleVR/GoogleVRController/GoogleVRController.uplugin
LogPluginManager: Loaded Plugin GoogleVRHMD, From D:/Unreal/Epic Games/4.14/Engine/Plugins/Runtime/GoogleVR/GoogleVRHMD/GoogleVRHMD.uplugin
LogPluginManager: Loaded Plugin IOSDeviceProfileSelector, From D:/Unreal/Epic Games/4.14/Engine/Plugins/Runtime/IOSDeviceProfileSelector/IOSDeviceProfileSelector.uplugin
LogPluginManager: Loaded Plugin LeapMotion, From D:/Unreal/Epic Games/4.14/Engine/Plugins/Runtime/LeapMotion/LeapMotion.uplugin
LogPluginManager: Loaded Plugin LinuxDeviceProfileSelector, From D:/Unreal/Epic Games/4.14/Engine/Plugins/Runtime/LinuxDeviceProfileSelector/LinuxDeviceProfileSelector.uplugin
LogPluginManager: Loaded Plugin MIDIDevice, From D:/Unreal/Epic Games/4.14/Engine/Plugins/Runtime/MIDIDevice/MIDIDevice.uplugin
LogPluginManager: Loaded Plugin MobilePatchingUtils, From D:/Unreal/Epic Games/4.14/Engine/Plugins/Runtime/MobilePatchingUtils/MobilePatchingUtils.uplugin
LogPluginManager: Loaded Plugin Ansel, From D:/Unreal/Epic Games/4.14/Engine/Plugins/Runtime/Nvidia/Ansel/Ansel.uplugin
LogPluginManager: Loaded Plugin OculusAudio, From D:/Unreal/Epic Games/4.14/Engine/Plugins/Runtime/OculusAudio/OculusAudio.uplugin
LogPluginManager: Loaded Plugin OculusInput, From D:/Unreal/Epic Games/4.14/Engine/Plugins/Runtime/OculusInput/OculusInput.uplugin
LogPluginManager: Loaded Plugin OculusLibrary, From D:/Unreal/Epic Games/4.14/Engine/Plugins/Runtime/OculusLibrary/OculusLibrary.uplugin
LogPluginManager: Loaded Plugin OculusRift, From D:/Unreal/Epic Games/4.14/Engine/Plugins/Runtime/OculusRift/OculusRift.uplugin
LogPluginManager: Loaded Plugin Oodle, From D:/Unreal/Epic Games/4.14/Engine/Plugins/Runtime/PacketHandlers/CompressionComponents/Oodle/Oodle.uplugin
LogPluginManager: Loaded Plugin ProceduralMeshComponent, From D:/Unreal/Epic Games/4.14/Engine/Plugins/Runtime/ProceduralMeshComponent/ProceduralMeshComponent.uplugin
LogPluginManager: Loaded Plugin SoundMod, From D:/Unreal/Epic Games/4.14/Engine/Plugins/Runtime/SoundMod/SoundMod.uplugin
LogPluginManager: Loaded Plugin SoundVisualizations, From D:/Unreal/Epic Games/4.14/Engine/Plugins/Runtime/SoundVisualizations/SoundVisualizations.uplugin
LogPluginManager: Loaded Plugin SteamController, From D:/Unreal/Epic Games/4.14/Engine/Plugins/Runtime/Steam/SteamController/SteamController.uplugin
LogPluginManager: Loaded Plugin SteamVR, From D:/Unreal/Epic Games/4.14/Engine/Plugins/Runtime/Steam/SteamVR/SteamVR.uplugin
LogPluginManager: Loaded Plugin WebBrowserWidget, From D:/Unreal/Epic Games/4.14/Engine/Plugins/Runtime/WebBrowserWidget/WebBrowserWidget.uplugin
LogPluginManager: Loaded Plugin WindowsDeviceProfileSelector, From D:/Unreal/Epic Games/4.14/Engine/Plugins/Runtime/WindowsDeviceProfileSelector/WindowsDeviceProfileSelector.uplugin
LogPluginManager: Loaded Plugin WindowsMoviePlayer, From D:/Unreal/Epic Games/4.14/Engine/Plugins/Runtime/WindowsMoviePlayer/WindowsMoviePlayer.uplugin
LogPluginManager: Loaded Plugin ScriptPlugin, From D:/Unreal/Epic Games/4.14/Engine/Plugins/ScriptPlugin/ScriptPlugin.uplugin
LogPluginManager: Loaded Plugin SlateRemote, From D:/Unreal/Epic Games/4.14/Engine/Plugins/Slate/SlateRemote/SlateRemote.uplugin
LogPluginManager: Loaded Plugin EditorTests, From D:/Unreal/Epic Games/4.14/Engine/Plugins/Tests/EditorTests/EditorTests.uplugin
LogPluginManager: Loaded Plugin FbxAutomationTestBuilder, From D:/Unreal/Epic Games/4.14/Engine/Plugins/Tests/FbxAutomationTestBuilder/FbxAutomationTestBuilder.uplugin
LogPluginManager: Loaded Plugin FunctionalTestingEditor, From D:/Unreal/Epic Games/4.14/Engine/Plugins/Tests/FunctionalTestingEditor/FunctionalTestingEditor.uplugin
LogPluginManager: Loaded Plugin RuntimeTests, From D:/Unreal/Epic Games/4.14/Engine/Plugins/Tests/RuntimeTests/RuntimeTests.uplugin
LogPluginManager: Loaded Plugin ScreenshotTools, From D:/Unreal/Epic Games/4.14/Engine/Plugins/Tests/ScreenshotTools/ScreenshotTools.uplugin
LogInit: Using libcurl 7.47.1
LogInit:  - built for x86_64-pc-win32
LogInit:  - supports SSL with OpenSSL/1.0.2g
LogInit:  - supports HTTP deflate (compression) using libz 1.2.8
LogInit:  - other features:
LogInit:      CURL_VERSION_SSL
LogInit:      CURL_VERSION_LIBZ
LogInit:      CURL_VERSION_IPV6
LogInit:      CURL_VERSION_ASYNCHDNS
LogInit:      CURL_VERSION_LARGEFILE
LogInit:      CURL_VERSION_IDN
LogInit:  CurlRequestOptions (configurable via config and command line):
LogInit:  - bVerifyPeer = false  - Libcurl will NOT verify peer certificate
LogInit:  - bUseHttpProxy = false  - Libcurl will NOT use HTTP proxy
LogInit:  - bDontReuseConnections = false  - Libcurl will reuse connections
LogInit:  - CertBundlePath = nullptr  - Libcurl will use whatever was configured at build time.
LogOnline:Display: STEAM: Loading Steam SDK 1.32
LogOnline:Warning: STEAM: Steam API disabled!
LogOnline:Display: STEAM: OnlineSubsystemSteam::Shutdown()
LogInit: WinSock: version 1.1 (2.2), MaxSocks=32767, MaxUdp=65467
LogInit: Build: ++UE4+Release-4.14-CL-3249277
LogInit: Engine Version: 4.14.3-3249277+++UE4+Release-4.14
LogInit: Compatible Engine Version: 4.14.0-3195953+++UE4+Release-4.14
LogInit: Net CL: 3195953
LogDevObjectVersion: Number of dev versions registered: 13
LogDevObjectVersion:   Dev-Blueprints (B0D832E4-1F89-4F0D-ACCF-7EB736FD4AA2): 7
LogDevObjectVersion:   Dev-Build (E1C64328-A22C-4D53-A36C-8E866417BD8C): 0
LogDevObjectVersion:   Dev-Core (375EC13C-06E4-48FB-B500-84F0262A717E): 1
LogDevObjectVersion:   Dev-Editor (E4B068ED-F494-42E9-A231-DA0B2E46BB41): 8
LogDevObjectVersion:   Dev-Framework (CFFC743F-43B0-4480-9391-14DF171D2073): 17
LogDevObjectVersion:   Dev-Mobile (B02B49B5-BB20-44E9-A304-32B752E40360): 0
LogDevObjectVersion:   Dev-Networking (A4E4105C-59A1-49B5-A7C5-40C4547EDFEE): 0
LogDevObjectVersion:   Dev-Online (39C831C9-5AE6-47DC-9A44-9C173E1C8E7C): 0
LogDevObjectVersion:   Dev-Physics (78F01B33-EBEA-4F98-B9B4-84EACCB95AA2): 0
LogDevObjectVersion:   Dev-Platform (6631380F-2D4D-43E0-8009-CF276956A95A): 0
LogDevObjectVersion:   Dev-Rendering (12F88B9F-8875-4AFC-A67C-D90C383ABD29): 12
LogDevObjectVersion:   Dev-Sequencer (7B5AE74C-D270-4C10-A958-57980B212A5A): 1
LogDevObjectVersion:   Dev-VR (D7296918-1DD6-4BDD-9DE2-64A83CC13884): 0
LogInit: Compiled (64-bit): Jan  6 2017 10:49:43
LogInit: Compiled with Visual C++: 19.00.23026.00
LogInit: Build Configuration: Development
LogInit: Branch Name: ++UE4+Release-4.14
LogInit: Command line:  
LogInit: Base directory: D:/Unreal/Epic Games/4.14/Engine/Binaries/Win64/
LogInit: Installed Engine Build: 1
LogInit: Presizing for max 8388607 objects, including 0 objects not considered by GC, pre-allocating 0 bytes for permanent pool.
LogInit: Object subsystem initialized
[2017.04.10-17.25.56:831][  0]LogInit: Selected Device Profile: [Windows]
[2017.04.10-17.25.56:831][  0]LogInit: Applying CVar settings loaded from the selected device profile: [Windows]
[2017.04.10-17.25.56:955][  0]LogInit: Computer: ASUS
[2017.04.10-17.25.56:955][  0]LogInit: User: User
[2017.04.10-17.25.56:955][  0]LogInit: CPU Page size=65536, Cores=4
[2017.04.10-17.25.56:955][  0]LogInit: High frequency timer resolution =2.533194 MHz
[2017.04.10-17.25.56:957][  0]LogMemory: Memory total: Physical=11.9GB (12GB approx)
[2017.04.10-17.25.56:957][  0]LogMemory: Platform Memory Stats for Windows
[2017.04.10-17.25.56:957][  0]LogMemory: Process Physical Memory: 267.81 MB used, 267.81 MB peak
[2017.04.10-17.25.56:957][  0]LogMemory: Process Virtual Memory: 263.00 MB used, 263.00 MB peak
[2017.04.10-17.25.56:957][  0]LogMemory: Physical Memory: 4111.81 MB used,  8065.08 MB free, 12176.89 MB total
[2017.04.10-17.25.56:957][  0]LogMemory: Virtual Memory: 680.30 MB used,  8065.08 MB free, 134217728.00 MB total
[2017.04.10-17.25.58:744][  0]LogTextLocalizationManager: No specific translations for ('en-SG') exist, so ('en') translations will be used.
[2017.04.10-17.26.10:712][  0]LogD3D11RHI: D3D11 adapters:
[2017.04.10-17.26.11:328][  0]LogD3D11RHI:    0. 'NVIDIA GeForce GTX 950M' (Feature Level 11_0)
[2017.04.10-17.26.11:328][  0]LogD3D11RHI:       4036/0/6088 MB DedicatedVideo/DedicatedSystem/SharedSystem, Outputs:1, VendorId:0x10de
[2017.04.10-17.26.11:344][  0]LogD3D11RHI:    1. 'Intel(R) HD Graphics 4600' (Feature Level 11_0)
[2017.04.10-17.26.11:344][  0]LogD3D11RHI:       112/0/2048 MB DedicatedVideo/DedicatedSystem/SharedSystem, Outputs:0, VendorId:0x8086
[2017.04.10-17.26.11:347][  0]LogD3D11RHI:    2. 'Microsoft Basic Render Driver' (Feature Level 11_0)
[2017.04.10-17.26.11:347][  0]LogD3D11RHI:       0/0/6088 MB DedicatedVideo/DedicatedSystem/SharedSystem, Outputs:0, VendorId:0x1414
[2017.04.10-17.26.11:347][  0]LogD3D11RHI: Chosen D3D11 Adapter: 0
[2017.04.10-17.26.11:361][  0]LogD3D11RHI: Creating new Direct3DDevice
[2017.04.10-17.26.11:361][  0]LogD3D11RHI:     GPU DeviceId: 0x139a (for the marketing name, search the web for "GPU Device Id")
[2017.04.10-17.26.11:361][  0]LogWindows: EnumDisplayDevices:
[2017.04.10-17.26.11:361][  0]LogWindows:    0. 'Intel(R) HD Graphics 4600' (P:1 D:1)
[2017.04.10-17.26.11:362][  0]LogWindows:    1. 'Intel(R) HD Graphics 4600' (P:0 D:0)
[2017.04.10-17.26.11:363][  0]LogWindows:    2. 'Intel(R) HD Graphics 4600' (P:0 D:0)
[2017.04.10-17.26.11:363][  0]LogWindows: DebugString: PrimaryIsNotTheChoosenAdapter PrimaryIsNotTheChoosenAdapter PrimaryIsNotTheChoosenAdapter FoundDriverCount:0 
[2017.04.10-17.26.11:363][  0]LogD3D11RHI:     Adapter Name: NVIDIA GeForce GTX 950M
[2017.04.10-17.26.11:363][  0]LogD3D11RHI:   Driver Version: Unknown (internal:Unknown, unified:Unknown)
[2017.04.10-17.26.11:363][  0]LogD3D11RHI:      Driver Date: Unknown
[2017.04.10-17.26.11:363][  0]LogRHI: Texture pool is 1361 MB (70% of 1945 MB)
[2017.04.10-17.26.11:407][  0]LogD3D11RHI: Async texture creation enabled
[2017.04.10-17.26.11:429][  0]LogD3D11RHI: GPU Timing Frequency: 1000.000000 (Debug: 2 1)
[2017.04.10-17.26.11:431][  0]LogShaderCompilers: Guid format shader working directory is 16 characters bigger than the processId version (../../../../../PurgaStory_v3/Intermediate/Shaders/WorkingDirectory/13936/).
[2017.04.10-17.26.11:431][  0]LogShaderCompilers: Cleaned the shader compiler working directory 'C:/Users/User/AppData/Local/Temp/UnrealShaderWorkingDir/F851690A4F36F103659E9AB9098739DB/'.
[2017.04.10-17.26.11:432][  0]LogShaderCompilers:Display: Using Local Shader Compiler.
[2017.04.10-17.26.20:503][  0]LogTemp:Display: Loaded TP AllDesktopTargetPlatform
[2017.04.10-17.26.20:691][  0]LogTemp:Display: Loaded TP MacClientTargetPlatform
[2017.04.10-17.26.20:859][  0]LogTemp:Display: Loaded TP MacNoEditorTargetPlatform
[2017.04.10-17.26.21:023][  0]LogTemp:Display: Loaded TP MacServerTargetPlatform
[2017.04.10-17.26.21:217][  0]LogTemp:Display: Loaded TP MacTargetPlatform
[2017.04.10-17.26.21:384][  0]LogTemp:Display: Loaded TP WindowsClientTargetPlatform
[2017.04.10-17.26.21:552][  0]LogTemp:Display: Loaded TP WindowsNoEditorTargetPlatform
[2017.04.10-17.26.21:727][  0]LogTemp:Display: Loaded TP WindowsServerTargetPlatform
[2017.04.10-17.26.21:859][  0]LogTemp:Display: Loaded TP WindowsTargetPlatform
[2017.04.10-17.26.22:032][  0]LogTemp:Display: Loaded TP AndroidTargetPlatform
[2017.04.10-17.26.22:214][  0]LogTemp:Display: Loaded TP Android_ASTCTargetPlatform
[2017.04.10-17.26.22:389][  0]LogTemp:Display: Loaded TP Android_ATCTargetPlatform
[2017.04.10-17.26.22:551][  0]LogTemp:Display: Loaded TP Android_DXTTargetPlatform
[2017.04.10-17.26.22:713][  0]LogTemp:Display: Loaded TP Android_ETC1TargetPlatform
[2017.04.10-17.26.22:878][  0]LogTemp:Display: Loaded TP Android_ETC2TargetPlatform
[2017.04.10-17.26.23:201][  0]LogTemp:Display: Loaded TP Android_MultiTargetPlatform
[2017.04.10-17.26.23:201][  0]LogTemp:Display: Loaded TP Android_PVRTCTargetPlatform
[2017.04.10-17.26.23:305][  0]LogTemp:Display: Loaded TP HTML5TargetPlatform
[2017.04.10-17.26.23:709][  0]LogTemp:Display: Loaded TP IOSTargetPlatform
[2017.04.10-17.26.23:822][  0]LogTemp:Display: Loaded TP TVOSTargetPlatform
[2017.04.10-17.26.23:985][  0]LogTemp:Display: Loaded TP LinuxClientTargetPlatform
[2017.04.10-17.26.24:147][  0]LogTemp:Display: Loaded TP LinuxNoEditorTargetPlatform
[2017.04.10-17.26.24:309][  0]LogTemp:Display: Loaded TP LinuxServerTargetPlatform
[2017.04.10-17.26.24:505][  0]LogTemp:Display: Loaded TP LinuxTargetPlatform
[2017.04.10-17.26.24:505][  0]LogTargetPlatformManager:Display: Building Assets For Windows
[2017.04.10-17.26.27:008][  0]LogDerivedDataCache:Display: Max Cache Size: 512 MB
[2017.04.10-17.26.27:787][  0]LogDerivedDataCache: Loaded boot cache 0.78s 50MB C:/Users/User/AppData/Local/UnrealEngine/4.14/DerivedDataCache/Boot.ddc.
[2017.04.10-17.26.27:787][  0]LogDerivedDataCache:Display: Loaded Boot cache: C:/Users/User/AppData/Local/UnrealEngine/4.14/DerivedDataCache/Boot.ddc
[2017.04.10-17.26.27:787][  0]LogDerivedDataCache: FDerivedDataBackendGraph:  Pak pak cache file ../../../../../PurgaStory_v3/DerivedDataCache/DDC.ddp not found, will not use a pak cache.
[2017.04.10-17.26.27:787][  0]LogDerivedDataCache: Unable to find inner node Pak for hierarchical cache Hierarchy.
[2017.04.10-17.26.27:787][  0]LogDerivedDataCache: FDerivedDataBackendGraph:  CompressedPak pak cache file ../../../../../PurgaStory_v3/DerivedDataCache/Compressed.ddp not found, will not use a pak cache.
[2017.04.10-17.26.27:787][  0]LogDerivedDataCache: Unable to find inner node CompressedPak for hierarchical cache Hierarchy.
[2017.04.10-17.26.27:931][  0]LogDerivedDataCache:Display: Pak cache opened for reading ../../../Engine/DerivedDataCache/Compressed.ddp.
[2017.04.10-17.26.27:944][  0]LogDerivedDataCache: Using Local data cache path C:/Users/User/AppData/Local/UnrealEngine/Common/DerivedDataCache: Writable
[2017.04.10-17.26.41:076][  0]LogInit: Selected Device Profile: [Windows]
[2017.04.10-17.26.41:086][  0]LogContentStreaming: Texture pool size is 0.00 MB
[2017.04.10-17.26.42:389][  0]LogMeshUtilities: Using QuadricMeshReduction for automatic static mesh reduction
[2017.04.10-17.26.42:600][  0]LogSimplygon: Simplygon DLL not present - disabling.
[2017.04.10-17.26.42:725][  0]LogMeshUtilities: Using SimplygonSwarm for distributed automatic mesh merging
[2017.04.10-17.26.42:725][  0]LogMeshUtilities: No automatic skeletal mesh reduction module available
[2017.04.10-17.26.42:725][  0]LogMeshUtilities: No automatic mesh merging module available
[2017.04.10-17.26.46:982][  0]LogNetVersion: GetLocalNetworkVersion: CL: 3195953, ProjectName: purgastory, ProjectVersion: , EngineNetworkVersion: 2, GameNetworkVersion: 0, NetworkChecksum: 4090582873
[2017.04.10-17.26.47:202][  0]LogAssetRegistry: FAssetRegistry took 0.0245 seconds to start up
[2017.04.10-17.26.47:416][  0]LogPackageLocalizationCache: Processed 3 localized package path(s) for 2 prioritized culture(s) in 0.131663 seconds
[2017.04.10-17.26.47:440][  0]LogUObjectArray: 31953 objects as part of root set at end of initial load.
[2017.04.10-17.26.47:440][  0]LogUObjectAllocator: 7149664 out of 0 bytes used by permanent object pool.
[2017.04.10-17.26.47:441][  0]LogUObjectArray: CloseDisregardForGC: 0/0 objects in disregard for GC pool
[2017.04.10-17.26.50:688][  0]LogSlate: Using Freetype 2.6.0
[2017.04.10-17.26.50:750][  0]LogSlate: SlateFontCache - WITH_FREETYPE: 1, WITH_HARFBUZZ: 1
[2017.04.10-17.26.50:750][  0]LogSlate: SlateFontCache - WITH_FREETYPE: 1, WITH_HARFBUZZ: 1
[2017.04.10-17.27.05:201][  0]LogSubstanceCoreModule: Substance [CPU] Engine Loaded, Max Texture Size = 2048
[2017.04.10-17.27.05:280][  0]LogTcpMessaging: Initializing TcpMessaging bridge
[2017.04.10-17.27.05:366][  0]LogUdpMessaging: Initializing bridge on interface 0.0.0.0:0 to multicast group 230.0.0.1:6666.
[2017.04.10-17.27.06:400][  0]LogMaterial: Uniform references updated for custom material expression Custom.
[2017.04.10-17.27.07:545][  0]SourceControl: Info Source control is disabled
[2017.04.10-17.27.08:281][  0]SourceControl: Info Source control is disabled
[2017.04.10-17.27.08:407][  0]SourceControl: Info Source control is disabled
[2017.04.10-17.27.08:535][  0]SourceControl: Info Source control is disabled
[2017.04.10-17.27.13:441][  0]LogEngine: Initializing Engine...
[2017.04.10-17.27.13:443][  0]LogHMD: Failed to initialize OpenVR with code 110
[2017.04.10-17.27.14:276][  0]LogAIModule: Creating AISystem for world Untitled
[2017.04.10-17.27.14:296][  0]LogInit: XAudio2 using 'Speakers (Conexant SmartAudio HD)' : 2 channels at 48 kHz using 32 bits per sample (channel mask 0x3)
[2017.04.10-17.27.14:338][  0]LogInit: FAudioDevice initialized.
[2017.04.10-17.27.14:412][  0]LogDerivedDataCache: Saved boot cache 0.07s 50MB C:/Users/User/AppData/Local/UnrealEngine/4.14/DerivedDataCache/Boot.ddc.
[2017.04.10-17.27.14:435][  0]LogInit: Texture streaming: Enabled
[2017.04.10-17.27.15:680][  0]LogInit: Transaction tracking system initialized
[2017.04.10-17.27.17:255][  0]BlueprintLog: New page: Editor Load
[2017.04.10-17.27.20:210][  0]LocalizationService: Info Localization service is disabled
[2017.04.10-17.27.23:656][  0]LogConsoleResponse:Display: 
[2017.04.10-17.27.26:836][  0]LogCook:Display: Max memory allowance for cook 16384mb min free memory 0mb
[2017.04.10-17.27.26:836][  0]LogCook:Display: Mobile HDR setting 1
[2017.04.10-17.27.27:621][  0]LogFileCache: Scanning file cache for directory 'D:/Unreal/PurgaStory_v3/Content/' took 0.05s
[2017.04.10-17.27.29:823][  0]SourceControl: Info Source control is disabled
[2017.04.10-17.27.29:823][  0]Cmd: MAP LOAD FILE="../../../../../PurgaStory_v3/Content/Multiplayer/Maps/MP_mainMenu.umap" TEMPLATE=0 SHOWPROGRESS=1 FEATURELEVEL=3
[2017.04.10-17.27.29:836][  0]LightingResults: New page: Lighting Build
[2017.04.10-17.27.29:967][  0]MapCheck: New page: Map Check
[2017.04.10-17.27.29:967][  0]LightingResults: New page: Lighting Build
[2017.04.10-17.27.56:449][  0]LogAIModule: Creating AISystem for world MP_mainMenu
[2017.04.10-17.27.57:378][  0]LogEditorServer: Finished looking for orphan Actors (0.000 secs)
[2017.04.10-17.27.57:379][  0]Cmd: MAP CHECKDEP NOCLEARLOG
[2017.04.10-17.27.57:502][  0]MapCheck: Info Map check complete: 0 Error(s), 0 Warning(s), took 122.345ms to complete.
[2017.04.10-17.27.57:502][  0]LogFileHelpers: Loading map 'MP_mainMenu' took 27.679
[2017.04.10-17.27.58:026][  0]LogCollectionManager: Loaded 0 collections in 0.003301 seconds
[2017.04.10-17.27.58:209][  0]LogFileCache: Scanning file cache for directory 'D:/Unreal/PurgaStory_v3/Saved/Collections/' took 0.01s
[2017.04.10-17.27.58:209][  0]LogFileCache: Scanning file cache for directory 'D:/Unreal/PurgaStory_v3/Content/Developers/User/Collections/' took 0.01s
[2017.04.10-17.27.58:209][  0]LogFileCache: Scanning file cache for directory 'D:/Unreal/PurgaStory_v3/Content/Collections/' took 0.01s
[2017.04.10-17.27.58:209][  0]LogCollectionManager: Rebuilt the GUID cache for 0 collections in 0.000005 seconds
[2017.04.10-17.27.58:254][  0]LogContentBrowser: Native class hierarchy populated in 0.0439 seconds. Added 2206 classes and 437 folders.
[2017.04.10-17.27.58:394][  0]LogStats: UGameplayTagsManager::ConstructGameplayTagTree: Construct from data asset -  0.000 s
[2017.04.10-17.27.58:394][  0]LogStats: UGameplayTagsManager::ConstructGameplayTagTree: GameplayTagTreeChangedEvent.Broadcast -  0.000 s
[2017.04.10-17.27.58:396][  0]LogContentBrowser: Native class hierarchy updated for 'GameplayTags' in 0.0020 seconds. Added 13 classes and 0 folders.
[2017.04.10-17.27.58:612][  0]LogContentBrowser: Native class hierarchy updated for 'WidgetCarousel' in 0.0025 seconds. Added 0 classes and 0 folders.
[2017.04.10-17.28.01:096][  0]LogContentBrowser: Native class hierarchy updated for 'AddContentDialog' in 0.0020 seconds. Added 0 classes and 0 folders.
[2017.04.10-17.28.01:227][  0]LogContentBrowser: Native class hierarchy updated for 'SceneOutliner' in 0.0017 seconds. Added 1 classes and 2 folders.
[2017.04.10-17.28.01:581][  0]LogCrashTracker: Crashtracker disabled due to settings.
[2017.04.10-17.28.01:606][  0]LogUObjectGlobals:Warning: Failed to find object 'Class None.'
[2017.04.10-17.28.01:792][  0]LogContentBrowser: Native class hierarchy updated for 'HierarchicalLODOutliner' in 0.0017 seconds. Added 1 classes and 2 folders.
[2017.04.10-17.28.01:793][  0]LogLoad: (Engine Initialization) Total time: 136.53 seconds
[2017.04.10-17.28.01:793][  0]LogLoad: (Engine Initialization) Total Blueprint compile time: 1.07 seconds
[2017.04.10-17.28.01:793][  0]LogExternalProfiler: Found external profiler: VSPerf
[2017.04.10-17.28.01:793][  0]LogExternalProfiler: Using external profiler: VSPerf
[2017.04.10-17.28.02:136][  0]LogOcInput: OculusInput pre-init called
[2017.04.10-17.28.02:184][  0]LogContentStreaming: Texture pool size now 800 MB
[2017.04.10-17.28.03:430][  0]LogRenderer: Reallocating scene render targets to support 684x412 NumSamples 1 (Frame:2).
[2017.04.10-17.28.03:811][  1]LogFileCache: Retrieving MD5 hashes for directory 'D:/Unreal/PurgaStory_v3/Content/' took 1.66s
[2017.04.10-17.28.13:505][276]LogCollectionManager: Rebuilt the object cache for 0 collections in 0.000002 seconds (found 0 objects)
[2017.04.10-17.28.18:261][322]LogBlueprint:Warning: [BP_Seeker] 'HidingTimeLeft' variable not found. Base class was probably changed.
[2017.04.10-17.28.25:188][322]LogContentBrowser: Native class hierarchy updated for 'BlueprintGraph' in 0.0036 seconds. Added 111 classes and 0 folders.
[2017.04.10-17.28.36:540][388]LogAssetRegistry: Asset discovery search completed in 109.3628 seconds
[2017.04.10-17.28.36:541][388]LogCollectionManager: Fixed up redirectors for 0 collections in 0.000003 seconds (updated 0 objects)
[2017.04.10-17.28.41:113][447]AssetReimport: New page: Detailed File System Changes from 1:28:41 am
[2017.04.10-17.28.41:138][447]AssetReimport: Info 'D:/Unreal/PurgaStory_v3/Content/FirstPerson/angel_eye_alert.wav' has been created.
[2017.04.10-17.28.41:139][447]AssetReimport: Info 'D:/Unreal/PurgaStory_v3/Content/Menu/MenuAssets/._Gypsy Curse.ttf' has been created.
[2017.04.10-17.29.09:613][ 47]AssetReimport: New page: Outstanding source content changes 9:29:09 am
[2017.04.10-17.29.09:790][ 48]LogFactory: FactoryCreateFile: SoundWave with ReimportSoundFactory (0 0 D:/Unreal/PurgaStory_v3/Content/FirstPerson/angel_eye_alert.wav)
[2017.04.10-17.29.09:888][ 48]LogFactory: FactoryCreateFile: SoundWave with ReimportSoundFactory (0 0 D:/Unreal/PurgaStory_v3/Content/FirstPerson/angel_eye_alert.wav)
[2017.04.10-17.29.09:889][ 48]LogFactory: FactoryCreateFile: SoundWave with SoundSurroundFactory (0 0 D:/Unreal/PurgaStory_v3/Content/FirstPerson/angel_eye_alert.wav)
[2017.04.10-17.29.09:890][ 48]LogFactory: FactoryCreateFile: SoundWave with ReimportSoundSurroundFactory (0 0 D:/Unreal/PurgaStory_v3/Content/FirstPerson/angel_eye_alert.wav)
[2017.04.10-17.29.09:891][ 48]LogFactory: FactoryCreateFile: SoundWave with ReimportSoundSurroundFactory (0 0 D:/Unreal/PurgaStory_v3/Content/FirstPerson/angel_eye_alert.wav)
[2017.04.10-17.29.09:891][ 48]LogFactory: FactoryCreateFile: FileMediaSource with AvfFileMediaSourceFactory (0 0 D:/Unreal/PurgaStory_v3/Content/FirstPerson/angel_eye_alert.wav)
[2017.04.10-17.29.10:000][ 49]LogFactory: FactoryCreateFile: Font with FontFileImportFactory (0 0 D:/Unreal/PurgaStory_v3/Content/Menu/MenuAssets/._Gypsy Curse.ttf)
[2017.04.10-17.29.10:117][ 50]Cmd: OBJ SAVEPACKAGE PACKAGE="/Game/FirstPerson/angel_eye_alert" FILE="../../../../../PurgaStory_v3/Content/FirstPerson/angel_eye_alert.uasset" SILENT=true
[2017.04.10-17.29.10:138][ 50]LogSavePackage: Save=15.00ms
[2017.04.10-17.29.10:138][ 50]LogSavePackage: Moving '../../../../../PurgaStory_v3/Saved/angel_eye_alert119AFE2145AA3EFD8C09619CA1F99C5B.tmp' to '../../../../../PurgaStory_v3/Content/FirstPerson/angel_eye_alert.uasset'
[2017.04.10-17.29.10:144][ 50]LogSavePackage:Display: Finished SavePackage ../../../../../PurgaStory_v3/Content/FirstPerson/angel_eye_alert.uasset
