Log file open, 04/08/17 19:00:59
LogInit:Display: Running engine for game: PurgaStory
LogPlatformFile: Not using cached read wrapper
LogInit:Display: RandInit(-165008620) SRandInit(-165008620).
LogTaskGraph: Started task graph with 5 named threads and 8 total threads with 1 sets of task threads.
LogStats: Stats thread started at 0.164824
LogPluginManager: Loaded Plugin Paper2D, From D:/Unreal/Epic Games/4.14/Engine/Plugins/2D/Paper2D/Paper2D.uplugin
LogPluginManager: Loaded Plugin LightPropagationVolume, From D:/Unreal/Epic Games/4.14/Engine/Plugins/Blendables/LightPropagationVolume/LightPropagationVolume.uplugin
LogPluginManager: Loaded Plugin BlankPlugin, From D:/Unreal/Epic Games/4.14/Engine/Plugins/Developer/BlankPlugin/BlankPlugin.uplugin
LogPluginManager: Loaded Plugin CodeLiteSourceCodeAccess, From D:/Unreal/Epic Games/4.14/Engine/Plugins/Developer/CodeLiteSourceCodeAccess/CodeLiteSourceCodeAccess.uplugin
LogPluginManager: Loaded Plugin GitSourceControl, From D:/Unreal/Epic Games/4.14/Engine/Plugins/Developer/GitSourceControl/GitSourceControl.uplugin
LogPluginManager: Loaded Plugin KDevelopSourceCodeAccess, From D:/Unreal/Epic Games/4.14/Engine/Plugins/Developer/KDevelopSourceCodeAccess/KDevelopSourceCodeAccess.uplugin
LogPluginManager: Loaded Plugin NullSourceCodeAccess, From D:/Unreal/Epic Games/4.14/Engine/Plugins/Developer/NullSourceCodeAccess/NullSourceCodeAccess.uplugin
LogPluginManager: Loaded Plugin OneSkyLocalizationService, From D:/Unreal/Epic Games/4.14/Engine/Plugins/Developer/OneSkyLocalizationService/OneSkyLocalizationService.uplugin
LogPluginManager: Loaded Plugin PerforceSourceControl, From D:/Unreal/Epic Games/4.14/Engine/Plugins/Developer/PerforceSourceControl/PerforceSourceControl.uplugin
LogPluginManager: Loaded Plugin SubversionSourceControl, From D:/Unreal/Epic Games/4.14/Engine/Plugins/Developer/SubversionSourceControl/SubversionSourceControl.uplugin
LogPluginManager: Loaded Plugin UObjectPlugin, From D:/Unreal/Epic Games/4.14/Engine/Plugins/Developer/UObjectPlugin/UObjectPlugin.uplugin
LogPluginManager: Loaded Plugin VisualStudioSourceCodeAccess, From D:/Unreal/Epic Games/4.14/Engine/Plugins/Developer/VisualStudioSourceCodeAccess/VisualStudioSourceCodeAccess.uplugin
LogPluginManager: Loaded Plugin XCodeSourceCodeAccess, From D:/Unreal/Epic Games/4.14/Engine/Plugins/Developer/XCodeSourceCodeAccess/XCodeSourceCodeAccess.uplugin
LogPluginManager: Loaded Plugin AudioCapture, From D:/Unreal/Epic Games/4.14/Engine/Plugins/Editor/AudioCapture/AudioCapture.uplugin
LogPluginManager: Loaded Plugin EpicSurvey, From D:/Unreal/Epic Games/4.14/Engine/Plugins/Editor/EpicSurvey/EpicSurvey.uplugin
LogPluginManager: Loaded Plugin MacGraphicsSwitching, From D:/Unreal/Epic Games/4.14/Engine/Plugins/Editor/MacGraphicsSwitching/MacGraphicsSwitching.uplugin
LogPluginManager: Loaded Plugin MobileLauncherProfileWizard, From D:/Unreal/Epic Games/4.14/Engine/Plugins/Editor/MobileLauncherProfileWizard/MobileLauncherProfileWizard.uplugin
LogPluginManager: Loaded Plugin PluginBrowser, From D:/Unreal/Epic Games/4.14/Engine/Plugins/Editor/PluginBrowser/PluginBrowser.uplugin
LogPluginManager: Loaded Plugin SpeedTreeImporter, From D:/Unreal/Epic Games/4.14/Engine/Plugins/Editor/SpeedTreeImporter/SpeedTreeImporter.uplugin
LogPluginManager: Loaded Plugin SuperSearchEditor, From D:/Unreal/Epic Games/4.14/Engine/Plugins/Editor/SuperSearchEditor/SuperSearchEditor.uplugin
LogPluginManager: Loaded Plugin AlembicImporter, From D:/Unreal/Epic Games/4.14/Engine/Plugins/Experimental/AlembicImporter/AlembicImporter.uplugin
LogPluginManager: Loaded Plugin BlueprintStats, From D:/Unreal/Epic Games/4.14/Engine/Plugins/Experimental/BlueprintStats/BlueprintStats.uplugin
LogPluginManager: Loaded Plugin CharacterAI, From D:/Unreal/Epic Games/4.14/Engine/Plugins/Experimental/CharacterAI/CharacterAI.uplugin
LogPluginManager: Loaded Plugin CodeEditor, From D:/Unreal/Epic Games/4.14/Engine/Plugins/Experimental/CodeEditor/CodeEditor.uplugin
LogPluginManager: Loaded Plugin CodeView, From D:/Unreal/Epic Games/4.14/Engine/Plugins/Experimental/CodeView/CodeView.uplugin
LogPluginManager: Loaded Plugin HTML5Networking, From D:/Unreal/Epic Games/4.14/Engine/Plugins/Experimental/HTML5Networking/HTML5Networking.uplugin
LogPluginManager: Loaded Plugin OSVR, From D:/Unreal/Epic Games/4.14/Engine/Plugins/Experimental/OSVR/OSVR.uplugin
LogPluginManager: Loaded Plugin Phya, From D:/Unreal/Epic Games/4.14/Engine/Plugins/Experimental/Phya/Phya.uplugin
LogPluginManager: Loaded Plugin SignificanceManager, From D:/Unreal/Epic Games/4.14/Engine/Plugins/Experimental/SignificanceManager/SignificanceManager.uplugin
LogPluginManager: Loaded Plugin SimpleHMD, From D:/Unreal/Epic Games/4.14/Engine/Plugins/Experimental/SimpleHMD/SimpleHMD.uplugin
LogPluginManager: Loaded Plugin StereoPanorama, From D:/Unreal/Epic Games/4.14/Engine/Plugins/Experimental/StereoPanorama/StereoPanorama.uplugin
LogPluginManager: Loaded Plugin StructBox, From D:/Unreal/Epic Games/4.14/Engine/Plugins/Experimental/StructBox/StructBox.uplugin
LogPluginManager: Loaded Plugin Substance, From D:/Unreal/Epic Games/4.14/Engine/Plugins/Marketplace/Substance/Substance.uplugin
LogPluginManager: Loaded Plugin AndroidMedia, From D:/Unreal/Epic Games/4.14/Engine/Plugins/Media/AndroidMedia/AndroidMedia.uplugin
LogPluginManager: Loaded Plugin AvfMedia, From D:/Unreal/Epic Games/4.14/Engine/Plugins/Media/AvfMedia/AvfMedia.uplugin
LogPluginManager: Loaded Plugin MediaPlayerEditor, From D:/Unreal/Epic Games/4.14/Engine/Plugins/Media/MediaPlayerEditor/MediaPlayerEditor.uplugin
LogPluginManager: Loaded Plugin WmfMedia, From D:/Unreal/Epic Games/4.14/Engine/Plugins/Media/WmfMedia/WmfMedia.uplugin
LogPluginManager: Loaded Plugin MessagingDebugger, From D:/Unreal/Epic Games/4.14/Engine/Plugins/Messaging/MessagingDebugger/MessagingDebugger.uplugin
LogPluginManager: Loaded Plugin TcpMessaging, From D:/Unreal/Epic Games/4.14/Engine/Plugins/Messaging/TcpMessaging/TcpMessaging.uplugin
LogPluginManager: Loaded Plugin UdpMessaging, From D:/Unreal/Epic Games/4.14/Engine/Plugins/Messaging/UdpMessaging/UdpMessaging.uplugin
LogPluginManager: Loaded Plugin LevelSequenceEditor, From D:/Unreal/Epic Games/4.14/Engine/Plugins/MovieScene/LevelSequenceEditor/LevelSequenceEditor.uplugin
LogPluginManager: Loaded Plugin MatineeToLevelSequence, From D:/Unreal/Epic Games/4.14/Engine/Plugins/MovieScene/MatineeToLevelSequence/MatineeToLevelSequence.uplugin
LogPluginManager: Loaded Plugin NetcodeUnitTest, From D:/Unreal/Epic Games/4.14/Engine/Plugins/NetcodeUnitTest/NetcodeUnitTest/NetcodeUnitTest.uplugin
LogPluginManager: Loaded Plugin NUTUnrealEngine4, From D:/Unreal/Epic Games/4.14/Engine/Plugins/NetcodeUnitTest/NUTUnrealEngine4/NUTUnrealEngine4.uplugin
LogPluginManager: Loaded Plugin OnlineSubsystemGameCircle, From D:/Unreal/Epic Games/4.14/Engine/Plugins/Online/Android/OnlineSubsystemGameCircle/OnlineSubsystemGameCircle.uplugin
LogPluginManager: Loaded Plugin OnlineSubsystemGooglePlay, From D:/Unreal/Epic Games/4.14/Engine/Plugins/Online/Android/OnlineSubsystemGooglePlay/OnlineSubsystemGooglePlay.uplugin
LogPluginManager: Loaded Plugin OnlineSubsystemIOS, From D:/Unreal/Epic Games/4.14/Engine/Plugins/Online/IOS/OnlineSubsystemIOS/OnlineSubsystemIOS.uplugin
LogPluginManager: Loaded Plugin OnlineFramework, From D:/Unreal/Epic Games/4.14/Engine/Plugins/Online/OnlineFramework/OnlineFramework.uplugin
LogPluginManager: Loaded Plugin OnlineSubsystem, From D:/Unreal/Epic Games/4.14/Engine/Plugins/Online/OnlineSubsystem/OnlineSubsystem.uplugin
LogPluginManager: Loaded Plugin OnlineSubsystemAmazon, From D:/Unreal/Epic Games/4.14/Engine/Plugins/Online/OnlineSubsystemAmazon/OnlineSubsystemAmazon.uplugin
LogPluginManager: Loaded Plugin OnlineSubsystemFacebook, From D:/Unreal/Epic Games/4.14/Engine/Plugins/Online/OnlineSubsystemFacebook/OnlineSubsystemFacebook.uplugin
LogPluginManager: Loaded Plugin OnlineSubsystemNull, From D:/Unreal/Epic Games/4.14/Engine/Plugins/Online/OnlineSubsystemNull/OnlineSubsystemNull.uplugin
LogPluginManager: Loaded Plugin OnlineSubsystemOculus, From D:/Unreal/Epic Games/4.14/Engine/Plugins/Online/OnlineSubsystemOculus/OnlineSubsystemOculus.uplugin
LogPluginManager: Loaded Plugin OnlineSubsystemSteam, From D:/Unreal/Epic Games/4.14/Engine/Plugins/Online/OnlineSubsystemSteam/OnlineSubsystemSteam.uplugin
LogPluginManager: Loaded Plugin OnlineSubsystemUtils, From D:/Unreal/Epic Games/4.14/Engine/Plugins/Online/OnlineSubsystemUtils/OnlineSubsystemUtils.uplugin
LogPluginManager: Loaded Plugin IOSTapJoy, From D:/Unreal/Epic Games/4.14/Engine/Plugins/Runtime/Advertising/IOSTapJoy/IOSTapJoy.uplugin
LogPluginManager: Loaded Plugin AnalyticsBlueprintLibrary, From D:/Unreal/Epic Games/4.14/Engine/Plugins/Runtime/Analytics/AnalyticsBlueprintLibrary/AnalyticsBlueprintLibrary.uplugin
LogPluginManager: Loaded Plugin AnalyticsMulticast, From D:/Unreal/Epic Games/4.14/Engine/Plugins/Runtime/Analytics/AnalyticsMulticast/AnalyticsMulticast.uplugin
LogPluginManager: Loaded Plugin Apsalar, From D:/Unreal/Epic Games/4.14/Engine/Plugins/Runtime/Analytics/Apsalar/Apsalar.uplugin
LogPluginManager: Loaded Plugin FileLogging, From D:/Unreal/Epic Games/4.14/Engine/Plugins/Runtime/Analytics/FileLogging/FileLogging.uplugin
LogPluginManager: Loaded Plugin Flurry, From D:/Unreal/Epic Games/4.14/Engine/Plugins/Runtime/Analytics/Flurry/Flurry.uplugin
LogPluginManager: Loaded Plugin AndroidDeviceProfileSelector, From D:/Unreal/Epic Games/4.14/Engine/Plugins/Runtime/AndroidDeviceProfileSelector/AndroidDeviceProfileSelector.uplugin
LogPluginManager: Loaded Plugin AndroidMoviePlayer, From D:/Unreal/Epic Games/4.14/Engine/Plugins/Runtime/AndroidMoviePlayer/AndroidMoviePlayer.uplugin
LogPluginManager: Loaded Plugin AppleMoviePlayer, From D:/Unreal/Epic Games/4.14/Engine/Plugins/Runtime/AppleMoviePlayer/AppleMoviePlayer.uplugin
LogPluginManager: Loaded Plugin ArchVisCharacter, From D:/Unreal/Epic Games/4.14/Engine/Plugins/Runtime/ArchVisCharacter/ArchVisCharacter.uplugin
LogPluginManager: Loaded Plugin CableComponent, From D:/Unreal/Epic Games/4.14/Engine/Plugins/Runtime/CableComponent/CableComponent.uplugin
LogPluginManager: Loaded Plugin CustomMeshComponent, From D:/Unreal/Epic Games/4.14/Engine/Plugins/Runtime/CustomMeshComponent/CustomMeshComponent.uplugin
LogPluginManager: Loaded Plugin ExampleDeviceProfileSelector, From D:/Unreal/Epic Games/4.14/Engine/Plugins/Runtime/ExampleDeviceProfileSelector/ExampleDeviceProfileSelector.uplugin
LogPluginManager: Loaded Plugin GearVR, From D:/Unreal/Epic Games/4.14/Engine/Plugins/Runtime/GearVR/GearVR.uplugin
LogPluginManager: Loaded Plugin GoogleVRController, From D:/Unreal/Epic Games/4.14/Engine/Plugins/Runtime/GoogleVR/GoogleVRController/GoogleVRController.uplugin
LogPluginManager: Loaded Plugin GoogleVRHMD, From D:/Unreal/Epic Games/4.14/Engine/Plugins/Runtime/GoogleVR/GoogleVRHMD/GoogleVRHMD.uplugin
LogPluginManager: Loaded Plugin IOSDeviceProfileSelector, From D:/Unreal/Epic Games/4.14/Engine/Plugins/Runtime/IOSDeviceProfileSelector/IOSDeviceProfileSelector.uplugin
LogPluginManager: Loaded Plugin LeapMotion, From D:/Unreal/Epic Games/4.14/Engine/Plugins/Runtime/LeapMotion/LeapMotion.uplugin
LogPluginManager: Loaded Plugin LinuxDeviceProfileSelector, From D:/Unreal/Epic Games/4.14/Engine/Plugins/Runtime/LinuxDeviceProfileSelector/LinuxDeviceProfileSelector.uplugin
LogPluginManager: Loaded Plugin MIDIDevice, From D:/Unreal/Epic Games/4.14/Engine/Plugins/Runtime/MIDIDevice/MIDIDevice.uplugin
LogPluginManager: Loaded Plugin MobilePatchingUtils, From D:/Unreal/Epic Games/4.14/Engine/Plugins/Runtime/MobilePatchingUtils/MobilePatchingUtils.uplugin
LogPluginManager: Loaded Plugin Ansel, From D:/Unreal/Epic Games/4.14/Engine/Plugins/Runtime/Nvidia/Ansel/Ansel.uplugin
LogPluginManager: Loaded Plugin OculusAudio, From D:/Unreal/Epic Games/4.14/Engine/Plugins/Runtime/OculusAudio/OculusAudio.uplugin
LogPluginManager: Loaded Plugin OculusInput, From D:/Unreal/Epic Games/4.14/Engine/Plugins/Runtime/OculusInput/OculusInput.uplugin
LogPluginManager: Loaded Plugin OculusLibrary, From D:/Unreal/Epic Games/4.14/Engine/Plugins/Runtime/OculusLibrary/OculusLibrary.uplugin
LogPluginManager: Loaded Plugin OculusRift, From D:/Unreal/Epic Games/4.14/Engine/Plugins/Runtime/OculusRift/OculusRift.uplugin
LogPluginManager: Loaded Plugin Oodle, From D:/Unreal/Epic Games/4.14/Engine/Plugins/Runtime/PacketHandlers/CompressionComponents/Oodle/Oodle.uplugin
LogPluginManager: Loaded Plugin ProceduralMeshComponent, From D:/Unreal/Epic Games/4.14/Engine/Plugins/Runtime/ProceduralMeshComponent/ProceduralMeshComponent.uplugin
LogPluginManager: Loaded Plugin SoundMod, From D:/Unreal/Epic Games/4.14/Engine/Plugins/Runtime/SoundMod/SoundMod.uplugin
LogPluginManager: Loaded Plugin SoundVisualizations, From D:/Unreal/Epic Games/4.14/Engine/Plugins/Runtime/SoundVisualizations/SoundVisualizations.uplugin
LogPluginManager: Loaded Plugin SteamController, From D:/Unreal/Epic Games/4.14/Engine/Plugins/Runtime/Steam/SteamController/SteamController.uplugin
LogPluginManager: Loaded Plugin SteamVR, From D:/Unreal/Epic Games/4.14/Engine/Plugins/Runtime/Steam/SteamVR/SteamVR.uplugin
LogPluginManager: Loaded Plugin WebBrowserWidget, From D:/Unreal/Epic Games/4.14/Engine/Plugins/Runtime/WebBrowserWidget/WebBrowserWidget.uplugin
LogPluginManager: Loaded Plugin WindowsDeviceProfileSelector, From D:/Unreal/Epic Games/4.14/Engine/Plugins/Runtime/WindowsDeviceProfileSelector/WindowsDeviceProfileSelector.uplugin
LogPluginManager: Loaded Plugin WindowsMoviePlayer, From D:/Unreal/Epic Games/4.14/Engine/Plugins/Runtime/WindowsMoviePlayer/WindowsMoviePlayer.uplugin
LogPluginManager: Loaded Plugin ScriptPlugin, From D:/Unreal/Epic Games/4.14/Engine/Plugins/ScriptPlugin/ScriptPlugin.uplugin
LogPluginManager: Loaded Plugin SlateRemote, From D:/Unreal/Epic Games/4.14/Engine/Plugins/Slate/SlateRemote/SlateRemote.uplugin
LogPluginManager: Loaded Plugin EditorTests, From D:/Unreal/Epic Games/4.14/Engine/Plugins/Tests/EditorTests/EditorTests.uplugin
LogPluginManager: Loaded Plugin FbxAutomationTestBuilder, From D:/Unreal/Epic Games/4.14/Engine/Plugins/Tests/FbxAutomationTestBuilder/FbxAutomationTestBuilder.uplugin
LogPluginManager: Loaded Plugin FunctionalTestingEditor, From D:/Unreal/Epic Games/4.14/Engine/Plugins/Tests/FunctionalTestingEditor/FunctionalTestingEditor.uplugin
LogPluginManager: Loaded Plugin RuntimeTests, From D:/Unreal/Epic Games/4.14/Engine/Plugins/Tests/RuntimeTests/RuntimeTests.uplugin
LogPluginManager: Loaded Plugin ScreenshotTools, From D:/Unreal/Epic Games/4.14/Engine/Plugins/Tests/ScreenshotTools/ScreenshotTools.uplugin
LogInit: Using libcurl 7.47.1
LogInit:  - built for x86_64-pc-win32
LogInit:  - supports SSL with OpenSSL/1.0.2g
LogInit:  - supports HTTP deflate (compression) using libz 1.2.8
LogInit:  - other features:
LogInit:      CURL_VERSION_SSL
LogInit:      CURL_VERSION_LIBZ
LogInit:      CURL_VERSION_IPV6
LogInit:      CURL_VERSION_ASYNCHDNS
LogInit:      CURL_VERSION_LARGEFILE
LogInit:      CURL_VERSION_IDN
LogInit:  CurlRequestOptions (configurable via config and command line):
LogInit:  - bVerifyPeer = false  - Libcurl will NOT verify peer certificate
LogInit:  - bUseHttpProxy = false  - Libcurl will NOT use HTTP proxy
LogInit:  - bDontReuseConnections = false  - Libcurl will reuse connections
LogInit:  - CertBundlePath = nullptr  - Libcurl will use whatever was configured at build time.
LogOnline:Display: STEAM: Loading Steam SDK 1.32
LogOnline:Warning: STEAM: Steam API disabled!
LogOnline:Display: STEAM: OnlineSubsystemSteam::Shutdown()
LogInit: WinSock: version 1.1 (2.2), MaxSocks=32767, MaxUdp=65467
LogInit: Build: ++UE4+Release-4.14-CL-3249277
LogInit: Engine Version: 4.14.3-3249277+++UE4+Release-4.14
LogInit: Compatible Engine Version: 4.14.0-3195953+++UE4+Release-4.14
LogInit: Net CL: 3195953
LogDevObjectVersion: Number of dev versions registered: 13
LogDevObjectVersion:   Dev-Blueprints (B0D832E4-1F89-4F0D-ACCF-7EB736FD4AA2): 7
LogDevObjectVersion:   Dev-Build (E1C64328-A22C-4D53-A36C-8E866417BD8C): 0
LogDevObjectVersion:   Dev-Core (375EC13C-06E4-48FB-B500-84F0262A717E): 1
LogDevObjectVersion:   Dev-Editor (E4B068ED-F494-42E9-A231-DA0B2E46BB41): 8
LogDevObjectVersion:   Dev-Framework (CFFC743F-43B0-4480-9391-14DF171D2073): 17
LogDevObjectVersion:   Dev-Mobile (B02B49B5-BB20-44E9-A304-32B752E40360): 0
LogDevObjectVersion:   Dev-Networking (A4E4105C-59A1-49B5-A7C5-40C4547EDFEE): 0
LogDevObjectVersion:   Dev-Online (39C831C9-5AE6-47DC-9A44-9C173E1C8E7C): 0
LogDevObjectVersion:   Dev-Physics (78F01B33-EBEA-4F98-B9B4-84EACCB95AA2): 0
LogDevObjectVersion:   Dev-Platform (6631380F-2D4D-43E0-8009-CF276956A95A): 0
LogDevObjectVersion:   Dev-Rendering (12F88B9F-8875-4AFC-A67C-D90C383ABD29): 12
LogDevObjectVersion:   Dev-Sequencer (7B5AE74C-D270-4C10-A958-57980B212A5A): 1
LogDevObjectVersion:   Dev-VR (D7296918-1DD6-4BDD-9DE2-64A83CC13884): 0
LogInit: Compiled (64-bit): Jan  6 2017 10:49:43
LogInit: Compiled with Visual C++: 19.00.23026.00
LogInit: Build Configuration: Development
LogInit: Branch Name: ++UE4+Release-4.14
LogInit: Command line:  
LogInit: Base directory: D:/Unreal/Epic Games/4.14/Engine/Binaries/Win64/
LogInit: Installed Engine Build: 1
LogInit: Presizing for max 8388607 objects, including 0 objects not considered by GC, pre-allocating 0 bytes for permanent pool.
LogInit: Object subsystem initialized
[2017.04.08-11.01.00:607][  0]LogInit: Selected Device Profile: [Windows]
[2017.04.08-11.01.00:607][  0]LogInit: Applying CVar settings loaded from the selected device profile: [Windows]
[2017.04.08-11.01.00:646][  0]LogInit: Computer: ASUS
[2017.04.08-11.01.00:646][  0]LogInit: User: User
[2017.04.08-11.01.00:646][  0]LogInit: CPU Page size=65536, Cores=4
[2017.04.08-11.01.00:646][  0]LogInit: High frequency timer resolution =2.533194 MHz
[2017.04.08-11.01.00:647][  0]LogMemory: Memory total: Physical=11.9GB (12GB approx)
[2017.04.08-11.01.00:647][  0]LogMemory: Platform Memory Stats for Windows
[2017.04.08-11.01.00:647][  0]LogMemory: Process Physical Memory: 267.71 MB used, 267.71 MB peak
[2017.04.08-11.01.00:647][  0]LogMemory: Process Virtual Memory: 263.08 MB used, 263.08 MB peak
[2017.04.08-11.01.00:647][  0]LogMemory: Physical Memory: 3967.41 MB used,  8209.48 MB free, 12176.89 MB total
[2017.04.08-11.01.00:647][  0]LogMemory: Virtual Memory: 680.30 MB used,  8209.48 MB free, 134217728.00 MB total
[2017.04.08-11.01.01:226][  0]LogTextLocalizationManager: No specific translations for ('en-SG') exist, so ('en') translations will be used.
[2017.04.08-11.01.03:903][  0]LogD3D11RHI: D3D11 adapters:
[2017.04.08-11.01.04:550][  0]LogD3D11RHI:    0. 'NVIDIA GeForce GTX 950M' (Feature Level 11_0)
[2017.04.08-11.01.04:550][  0]LogD3D11RHI:       4036/0/6088 MB DedicatedVideo/DedicatedSystem/SharedSystem, Outputs:1, VendorId:0x10de
[2017.04.08-11.01.04:569][  0]LogD3D11RHI:    1. 'Intel(R) HD Graphics 4600' (Feature Level 11_0)
[2017.04.08-11.01.04:569][  0]LogD3D11RHI:       112/0/2048 MB DedicatedVideo/DedicatedSystem/SharedSystem, Outputs:0, VendorId:0x8086
[2017.04.08-11.01.04:573][  0]LogD3D11RHI:    2. 'Microsoft Basic Render Driver' (Feature Level 11_0)
[2017.04.08-11.01.04:574][  0]LogD3D11RHI:       0/0/6088 MB DedicatedVideo/DedicatedSystem/SharedSystem, Outputs:0, VendorId:0x1414
[2017.04.08-11.01.04:574][  0]LogD3D11RHI: Chosen D3D11 Adapter: 0
[2017.04.08-11.01.04:592][  0]LogD3D11RHI: Creating new Direct3DDevice
[2017.04.08-11.01.04:593][  0]LogD3D11RHI:     GPU DeviceId: 0x139a (for the marketing name, search the web for "GPU Device Id")
[2017.04.08-11.01.04:593][  0]LogWindows: EnumDisplayDevices:
[2017.04.08-11.01.04:593][  0]LogWindows:    0. 'Intel(R) HD Graphics 4600' (P:1 D:1)
[2017.04.08-11.01.04:594][  0]LogWindows:    1. 'Intel(R) HD Graphics 4600' (P:0 D:0)
[2017.04.08-11.01.04:595][  0]LogWindows:    2. 'Intel(R) HD Graphics 4600' (P:0 D:0)
[2017.04.08-11.01.04:596][  0]LogWindows: DebugString: PrimaryIsNotTheChoosenAdapter PrimaryIsNotTheChoosenAdapter PrimaryIsNotTheChoosenAdapter FoundDriverCount:0 
[2017.04.08-11.01.04:596][  0]LogD3D11RHI:     Adapter Name: NVIDIA GeForce GTX 950M
[2017.04.08-11.01.04:596][  0]LogD3D11RHI:   Driver Version: Unknown (internal:Unknown, unified:Unknown)
[2017.04.08-11.01.04:596][  0]LogD3D11RHI:      Driver Date: Unknown
[2017.04.08-11.01.04:596][  0]LogRHI: Texture pool is 1361 MB (70% of 1945 MB)
[2017.04.08-11.01.04:647][  0]LogD3D11RHI: Async texture creation enabled
[2017.04.08-11.01.04:672][  0]LogD3D11RHI: GPU Timing Frequency: 1000.000000 (Debug: 2 1)
[2017.04.08-11.01.04:673][  0]LogShaderCompilers: Guid format shader working directory is 16 characters bigger than the processId version (../../../../../PurgaStory_v3/Intermediate/Shaders/WorkingDirectory/11988/).
[2017.04.08-11.01.04:673][  0]LogShaderCompilers: Cleaned the shader compiler working directory 'C:/Users/User/AppData/Local/Temp/UnrealShaderWorkingDir/BCE59C634D92AF466DF6669B7AA512AC/'.
[2017.04.08-11.01.04:673][  0]LogShaderCompilers:Display: Using Local Shader Compiler.
[2017.04.08-11.01.08:860][  0]LogTemp:Display: Loaded TP AllDesktopTargetPlatform
[2017.04.08-11.01.09:024][  0]LogTemp:Display: Loaded TP MacClientTargetPlatform
[2017.04.08-11.01.09:189][  0]LogTemp:Display: Loaded TP MacNoEditorTargetPlatform
[2017.04.08-11.01.09:352][  0]LogTemp:Display: Loaded TP MacServerTargetPlatform
[2017.04.08-11.01.09:515][  0]LogTemp:Display: Loaded TP MacTargetPlatform
[2017.04.08-11.01.09:675][  0]LogTemp:Display: Loaded TP WindowsClientTargetPlatform
[2017.04.08-11.01.09:838][  0]LogTemp:Display: Loaded TP WindowsNoEditorTargetPlatform
[2017.04.08-11.01.09:999][  0]LogTemp:Display: Loaded TP WindowsServerTargetPlatform
[2017.04.08-11.01.10:123][  0]LogTemp:Display: Loaded TP WindowsTargetPlatform
[2017.04.08-11.01.10:285][  0]LogTemp:Display: Loaded TP AndroidTargetPlatform
[2017.04.08-11.01.10:448][  0]LogTemp:Display: Loaded TP Android_ASTCTargetPlatform
[2017.04.08-11.01.10:606][  0]LogTemp:Display: Loaded TP Android_ATCTargetPlatform
[2017.04.08-11.01.10:765][  0]LogTemp:Display: Loaded TP Android_DXTTargetPlatform
[2017.04.08-11.01.10:924][  0]LogTemp:Display: Loaded TP Android_ETC1TargetPlatform
[2017.04.08-11.01.11:085][  0]LogTemp:Display: Loaded TP Android_ETC2TargetPlatform
[2017.04.08-11.01.11:404][  0]LogTemp:Display: Loaded TP Android_MultiTargetPlatform
[2017.04.08-11.01.11:404][  0]LogTemp:Display: Loaded TP Android_PVRTCTargetPlatform
[2017.04.08-11.01.11:506][  0]LogTemp:Display: Loaded TP HTML5TargetPlatform
[2017.04.08-11.01.11:732][  0]LogTemp:Display: Loaded TP IOSTargetPlatform
[2017.04.08-11.01.11:841][  0]LogTemp:Display: Loaded TP TVOSTargetPlatform
[2017.04.08-11.01.12:000][  0]LogTemp:Display: Loaded TP LinuxClientTargetPlatform
[2017.04.08-11.01.12:156][  0]LogTemp:Display: Loaded TP LinuxNoEditorTargetPlatform
[2017.04.08-11.01.12:316][  0]LogTemp:Display: Loaded TP LinuxServerTargetPlatform
[2017.04.08-11.01.12:480][  0]LogTemp:Display: Loaded TP LinuxTargetPlatform
[2017.04.08-11.01.12:480][  0]LogTargetPlatformManager:Display: Building Assets For Windows
[2017.04.08-11.01.13:509][  0]LogDerivedDataCache:Display: Max Cache Size: 512 MB
[2017.04.08-11.01.13:679][  0]LogDerivedDataCache: Loaded boot cache 0.17s 50MB C:/Users/User/AppData/Local/UnrealEngine/4.14/DerivedDataCache/Boot.ddc.
[2017.04.08-11.01.13:679][  0]LogDerivedDataCache:Display: Loaded Boot cache: C:/Users/User/AppData/Local/UnrealEngine/4.14/DerivedDataCache/Boot.ddc
[2017.04.08-11.01.13:680][  0]LogDerivedDataCache: FDerivedDataBackendGraph:  Pak pak cache file ../../../../../PurgaStory_v3/DerivedDataCache/DDC.ddp not found, will not use a pak cache.
[2017.04.08-11.01.13:680][  0]LogDerivedDataCache: Unable to find inner node Pak for hierarchical cache Hierarchy.
[2017.04.08-11.01.13:680][  0]LogDerivedDataCache: FDerivedDataBackendGraph:  CompressedPak pak cache file ../../../../../PurgaStory_v3/DerivedDataCache/Compressed.ddp not found, will not use a pak cache.
[2017.04.08-11.01.13:680][  0]LogDerivedDataCache: Unable to find inner node CompressedPak for hierarchical cache Hierarchy.
[2017.04.08-11.01.13:748][  0]LogDerivedDataCache:Display: Pak cache opened for reading ../../../Engine/DerivedDataCache/Compressed.ddp.
[2017.04.08-11.01.13:763][  0]LogDerivedDataCache: Using Local data cache path C:/Users/User/AppData/Local/UnrealEngine/Common/DerivedDataCache: Writable
[2017.04.08-11.01.14:448][  0]LogInit: Selected Device Profile: [Windows]
[2017.04.08-11.01.14:457][  0]LogContentStreaming: Texture pool size is 0.00 MB
[2017.04.08-11.01.15:101][  0]LogMeshUtilities: Using QuadricMeshReduction for automatic static mesh reduction
[2017.04.08-11.01.15:215][  0]LogSimplygon: Simplygon DLL not present - disabling.
[2017.04.08-11.01.15:334][  0]LogMeshUtilities: Using SimplygonSwarm for distributed automatic mesh merging
[2017.04.08-11.01.15:334][  0]LogMeshUtilities: No automatic skeletal mesh reduction module available
[2017.04.08-11.01.15:334][  0]LogMeshUtilities: No automatic mesh merging module available
[2017.04.08-11.01.16:937][  0]LogNetVersion: GetLocalNetworkVersion: CL: 3195953, ProjectName: purgastory, ProjectVersion: , EngineNetworkVersion: 2, GameNetworkVersion: 0, NetworkChecksum: 4090582873
[2017.04.08-11.01.17:064][  0]LogAssetRegistry: FAssetRegistry took 0.0226 seconds to start up
[2017.04.08-11.01.17:196][  0]LogPackageLocalizationCache: Processed 3 localized package path(s) for 2 prioritized culture(s) in 0.070174 seconds
[2017.04.08-11.01.17:213][  0]LogUObjectArray: 31953 objects as part of root set at end of initial load.
[2017.04.08-11.01.17:213][  0]LogUObjectAllocator: 7149664 out of 0 bytes used by permanent object pool.
[2017.04.08-11.01.17:213][  0]LogUObjectArray: CloseDisregardForGC: 0/0 objects in disregard for GC pool
[2017.04.08-11.01.19:513][  0]LogSlate: Using Freetype 2.6.0
[2017.04.08-11.01.19:514][  0]LogSlate: SlateFontCache - WITH_FREETYPE: 1, WITH_HARFBUZZ: 1
[2017.04.08-11.01.19:514][  0]LogSlate: SlateFontCache - WITH_FREETYPE: 1, WITH_HARFBUZZ: 1
[2017.04.08-11.01.22:920][  0]LogSubstanceCoreModule: Substance [CPU] Engine Loaded, Max Texture Size = 2048
[2017.04.08-11.01.22:994][  0]LogTcpMessaging: Initializing TcpMessaging bridge
[2017.04.08-11.01.23:077][  0]LogUdpMessaging: Initializing bridge on interface 0.0.0.0:0 to multicast group 230.0.0.1:6666.
[2017.04.08-11.01.23:805][  0]LogMaterial: Uniform references updated for custom material expression Custom.
[2017.04.08-11.01.24:867][  0]SourceControl: Info Source control is disabled
[2017.04.08-11.01.24:988][  0]SourceControl: Info Source control is disabled
[2017.04.08-11.01.25:114][  0]SourceControl: Info Source control is disabled
[2017.04.08-11.01.25:232][  0]SourceControl: Info Source control is disabled
[2017.04.08-11.01.29:836][  0]LogEngine: Initializing Engine...
[2017.04.08-11.01.29:837][  0]LogHMD: Failed to initialize OpenVR with code 110
[2017.04.08-11.01.30:574][  0]LogAIModule: Creating AISystem for world Untitled
[2017.04.08-11.01.30:593][  0]LogInit: XAudio2 using 'Speakers (Conexant SmartAudio HD)' : 2 channels at 48 kHz using 32 bits per sample (channel mask 0x3)
[2017.04.08-11.01.30:712][  0]LogInit: FAudioDevice initialized.
[2017.04.08-11.01.30:785][  0]LogDerivedDataCache: Saved boot cache 0.07s 50MB C:/Users/User/AppData/Local/UnrealEngine/4.14/DerivedDataCache/Boot.ddc.
[2017.04.08-11.01.30:807][  0]LogInit: Texture streaming: Enabled
[2017.04.08-11.01.31:283][  0]LogWindowsTextInputMethodSystem:Display: IME system now deactivated.
[2017.04.08-11.01.31:390][  0]LogInit: Transaction tracking system initialized
[2017.04.08-11.01.32:864][  0]BlueprintLog: New page: Editor Load
[2017.04.08-11.01.35:754][  0]LocalizationService: Info Localization service is disabled
[2017.04.08-11.01.38:326][  0]LogConsoleResponse:Display: 
[2017.04.08-11.01.38:983][  0]LogCook:Display: Max memory allowance for cook 16384mb min free memory 0mb
[2017.04.08-11.01.38:983][  0]LogCook:Display: Mobile HDR setting 1
[2017.04.08-11.01.39:558][  0]LogFileCache: Scanning file cache for directory 'D:/Unreal/PurgaStory_v3/Content/' took 0.06s
[2017.04.08-11.01.42:285][  0]SourceControl: Info Source control is disabled
[2017.04.08-11.01.42:285][  0]Cmd: MAP LOAD FILE="../../../../../PurgaStory_v3/Content/Multiplayer/Maps/MP_mainMenu.umap" TEMPLATE=0 SHOWPROGRESS=1 FEATURELEVEL=3
[2017.04.08-11.01.42:286][  0]LightingResults: New page: Lighting Build
[2017.04.08-11.01.42:373][  0]MapCheck: New page: Map Check
[2017.04.08-11.01.42:373][  0]LightingResults: New page: Lighting Build
[2017.04.08-11.01.47:951][  0]LogAIModule: Creating AISystem for world MP_mainMenu
[2017.04.08-11.01.47:954][  0]LogEditorServer: Finished looking for orphan Actors (0.000 secs)
[2017.04.08-11.01.47:956][  0]Cmd: MAP CHECKDEP NOCLEARLOG
[2017.04.08-11.01.48:074][  0]MapCheck: Info Map check complete: 0 Error(s), 0 Warning(s), took 117.584ms to complete.
[2017.04.08-11.01.48:074][  0]LogFileHelpers: Loading map 'MP_mainMenu' took 5.789
[2017.04.08-11.01.48:417][  0]LogCollectionManager: Loaded 0 collections in 0.002860 seconds
[2017.04.08-11.01.48:576][  0]LogFileCache: Scanning file cache for directory 'D:/Unreal/PurgaStory_v3/Saved/Collections/' took 0.01s
[2017.04.08-11.01.48:576][  0]LogFileCache: Scanning file cache for directory 'D:/Unreal/PurgaStory_v3/Content/Developers/User/Collections/' took 0.01s
[2017.04.08-11.01.48:576][  0]LogFileCache: Scanning file cache for directory 'D:/Unreal/PurgaStory_v3/Content/Collections/' took 0.01s
[2017.04.08-11.01.48:576][  0]LogCollectionManager: Rebuilt the GUID cache for 0 collections in 0.000005 seconds
[2017.04.08-11.01.48:614][  0]LogContentBrowser: Native class hierarchy populated in 0.0380 seconds. Added 2206 classes and 437 folders.
[2017.04.08-11.01.48:722][  0]LogStats: UGameplayTagsManager::ConstructGameplayTagTree: Construct from data asset -  0.000 s
[2017.04.08-11.01.48:722][  0]LogStats: UGameplayTagsManager::ConstructGameplayTagTree: GameplayTagTreeChangedEvent.Broadcast -  0.000 s
[2017.04.08-11.01.48:724][  0]LogContentBrowser: Native class hierarchy updated for 'GameplayTags' in 0.0018 seconds. Added 13 classes and 0 folders.
[2017.04.08-11.01.48:884][  0]LogContentBrowser: Native class hierarchy updated for 'WidgetCarousel' in 0.0016 seconds. Added 0 classes and 0 folders.
[2017.04.08-11.01.49:013][  0]LogContentBrowser: Native class hierarchy updated for 'AddContentDialog' in 0.0016 seconds. Added 0 classes and 0 folders.
[2017.04.08-11.01.49:126][  0]LogContentBrowser: Native class hierarchy updated for 'SceneOutliner' in 0.0018 seconds. Added 1 classes and 2 folders.
[2017.04.08-11.01.49:373][  0]LogCrashTracker: Crashtracker disabled due to settings.
[2017.04.08-11.01.49:396][  0]LogUObjectGlobals:Warning: Failed to find object 'Class None.'
[2017.04.08-11.01.49:553][  0]LogContentBrowser: Native class hierarchy updated for 'HierarchicalLODOutliner' in 0.0017 seconds. Added 1 classes and 2 folders.
[2017.04.08-11.01.49:553][  0]LogLoad: (Engine Initialization) Total time: 54.44 seconds
[2017.04.08-11.01.49:553][  0]LogLoad: (Engine Initialization) Total Blueprint compile time: 1.05 seconds
[2017.04.08-11.01.49:554][  0]LogExternalProfiler: Found external profiler: VSPerf
[2017.04.08-11.01.49:554][  0]LogExternalProfiler: Using external profiler: VSPerf
[2017.04.08-11.01.49:565][  0]LogOcInput: OculusInput pre-init called
[2017.04.08-11.01.49:609][  0]LogContentStreaming: Texture pool size now 800 MB
[2017.04.08-11.01.50:085][  0]LogRenderer: Reallocating scene render targets to support 684x412 NumSamples 1 (Frame:2).
[2017.04.08-11.01.50:360][  1]LogFileCache: Retrieving MD5 hashes for directory 'D:/Unreal/PurgaStory_v3/Content/' took 0.78s
[2017.04.08-11.01.50:846][  9]LogAssetRegistry: Asset discovery search completed in 33.8040 seconds
[2017.04.08-11.01.50:846][  9]LogCollectionManager: Rebuilt the object cache for 0 collections in 0.000001 seconds (found 0 objects)
[2017.04.08-11.01.50:846][  9]LogCollectionManager: Fixed up redirectors for 0 collections in 0.000051 seconds (updated 0 objects)
[2017.04.08-11.02.59:057][ 54]AssetReimport: New page: Detailed File System Changes from 7:02:59 pm
[2017.04.08-11.02.59:085][ 54]AssetReimport: Info 'D:/Unreal/PurgaStory_v3/Content/AlrightTerrain/moon.jpg' has been created.
[2017.04.08-11.02.59:085][ 54]AssetReimport: Info 'D:/Unreal/PurgaStory_v3/Content/AlrightTerrain/moon.png' has been created.
[2017.04.08-11.02.59:085][ 54]AssetReimport: Info 'D:/Unreal/PurgaStory_v3/Content/Menu/MenuAssets/._Gypsy Curse.ttf' has been created.
[2017.04.08-11.03.20:025][ 91]LogBlueprint:Warning: [BP_Seeker] 'HidingTimeLeft' variable not found. Base class was probably changed.
[2017.04.08-11.03.22:130][ 91]LogLinker:Warning: Can't find file '/Game/Materials/_Base_Mat/M_Textures/T_DefaultNoise_N'
[2017.04.08-11.03.22:131][ 91]LogLinker:Warning: Can't find file for asset '/Game/Materials/_Base_Mat/M_Textures/T_DefaultNoise_N' while loading ../../../../../PurgaStory_v3/Content/Materials/Architecture/Rubber/MI_Rubber_Black_001_a.uasset.
[2017.04.08-11.03.22:131][ 91]LoadErrors:Error: Error /Game/Materials/Architecture/Rubber/MI_Rubber_Black_001_a : Can't find file for asset. /Game/Materials/_Base_Mat/M_Textures/T_DefaultNoise_N
[2017.04.08-11.03.22:132][ 91]LogLinker:Warning: Can't find file '/Game/Materials/_Base_Mat/M_Textures/T_DefaultNoise_N'
[2017.04.08-11.03.22:132][ 91]LogLinker:Warning: Can't find file for asset '/Game/Materials/_Base_Mat/M_Textures/T_DefaultNoise_N' while loading ../../../../../PurgaStory_v3/Content/Materials/Architecture/Rubber/MI_Rubber_Black_001_a.uasset.
[2017.04.08-11.03.22:135][ 91]LogLinker:Warning: Asset '../../../../../PurgaStory_v3/Content/Materials/PP_Outliner_M.uasset' has been saved with empty engine version. The asset will be loaded but may be incompatible.
[2017.04.08-11.03.22:141][ 91]LogLinker:Warning: Asset '../../../../../PurgaStory_v3/Content/Materials/MF_ConvolveTexture.uasset' has been saved with empty engine version. The asset will be loaded but may be incompatible.
[2017.04.08-11.03.22:150][ 91]LogLinker:Warning: Asset '../../../../../PurgaStory_v3/Content/Materials/MF_ExtractDepth.uasset' has been saved with empty engine version. The asset will be loaded but may be incompatible.
[2017.04.08-11.03.22:153][ 91]LogLinker:Warning: Asset '../../../../../PurgaStory_v3/Content/Materials/MF_SampleSceneTextureNeighbourUVs.uasset' has been saved with empty engine version. The asset will be loaded but may be incompatible.
[2017.04.08-11.03.22:219][ 91]LogLinker:Warning: Can't find file '/Game/Materials/_Base_Mat/M_Textures/white'
[2017.04.08-11.03.22:219][ 91]LogLinker:Warning: Can't find file for asset '/Game/Materials/_Base_Mat/M_Textures/white' while loading ../../../../../PurgaStory_v3/Content/Materials/_Base_Mat/M_Prototyper_2.uasset.
[2017.04.08-11.03.22:220][ 91]LoadErrors:Error: Error /Game/Materials/_Base_Mat/M_Prototyper_2 : Can't find file for asset. /Game/Materials/_Base_Mat/M_Textures/white
[2017.04.08-11.03.22:221][ 91]LogLinker:Warning: Can't find file '/Game/Materials/_Base_Mat/M_Textures/white'
[2017.04.08-11.03.22:221][ 91]LogLinker:Warning: Can't find file for asset '/Game/Materials/_Base_Mat/M_Textures/white' while loading ../../../../../PurgaStory_v3/Content/Materials/_Base_Mat/M_Prototyper_2.uasset.
[2017.04.08-11.03.24:663][ 91]LogLinker:Warning: Can't find file '/Game/Materials/_Base_Mat/M_Textures/white'
[2017.04.08-11.03.24:664][ 91]LoadErrors: Info Failed to load /Game/Materials/_Base_Mat/M_Textures/white.white Referenced by MaterialExpressionTextureObjectParameter_3
[2017.04.08-11.03.24:664][ 91]LogLinker:Warning: Can't find file for asset '/Game/Materials/_Base_Mat/M_Textures/white' while loading NULL.
[2017.04.08-11.03.24:665][ 91]LogLinker:Warning: Can't find file '/Game/Materials/_Base_Mat/M_Textures/white'
[2017.04.08-11.03.24:665][ 91]LoadErrors: Info Failed to load /Game/Materials/_Base_Mat/M_Textures/white.white Referenced by MaterialExpressionTextureSampleParameter2D_6
[2017.04.08-11.03.24:665][ 91]LogLinker:Warning: Can't find file for asset '/Game/Materials/_Base_Mat/M_Textures/white' while loading NULL.
[2017.04.08-11.03.24:746][ 91]LogLinker:Warning: Can't find file '/Game/Materials/_Base_Mat/M_Textures/T_DefaultNoise_N'
[2017.04.08-11.03.24:746][ 91]LoadErrors: Info Failed to load /Game/Materials/_Base_Mat/M_Textures/T_DefaultNoise_N.T_DefaultNoise_N Referenced by MI_Rubber_Black_001_a
[2017.04.08-11.03.24:746][ 91]LogLinker:Warning: Can't find file for asset '/Game/Materials/_Base_Mat/M_Textures/T_DefaultNoise_N' while loading NULL.
[2017.04.08-11.03.24:814][ 91]LogMaterial: Uniform references updated for custom material expression TemporalAA SampleID.
[2017.04.08-11.03.24:815][ 91]LogMaterial: Uniform references updated for custom material expression Custom.
[2017.04.08-11.03.27:731][ 91]LogMaterial: Missing cached shader map for material M_RollingFire, compiling. 
[2017.04.08-11.03.28:237][ 91]LogMaterial: Missing cached shader map for material M_Prototyper_2, compiling. 
[2017.04.08-11.03.28:243][ 91]LogMaterial:Warning: Failed to compile Material /Game/Materials/_Base_Mat/M_Prototyper_2.M_Prototyper_2 for platform PCD3D_SM5, Default Material will be used in game.
[2017.04.08-11.03.28:243][ 91]LogMaterial:Warning: 	(Node TextureObjectParameter) Param Tex Object> Requires valid texture
[2017.04.08-11.03.28:252][ 91]LogMaterial: Missing cached shader map for material M_Prototyper_2, compiling. 
[2017.04.08-11.03.28:257][ 91]LogMaterial:Warning: Failed to compile Material Instance /Game/Materials/Solids/Dual_Color/MI_Black_White.MI_Black_White with Base M_Prototyper_2 for platform PCD3D_SM5, Default Material will be used in game.
[2017.04.08-11.03.28:257][ 91]LogMaterial:Warning: 	(Node TextureObjectParameter) Param Tex Object> Requires valid texture
[2017.04.08-11.03.30:496][ 91]LogAIModule: Creating AISystem for world Purgastory_Level
[2017.04.08-11.03.31:335][ 91]Cmd: MAP LOAD FILE="../../../../../PurgaStory_v3/Content/Multiplayer/Maps/Purgastory_Level.umap" TEMPLATE=0 SHOWPROGRESS=1 FEATURELEVEL=3
[2017.04.08-11.03.31:335][ 91]LightingResults: New page: Lighting Build
[2017.04.08-11.03.31:337][ 91]LoadErrors: New page: Loading map: Purgastory_Level.umap
[2017.04.08-11.03.31:337][ 91]MapCheck: New page: Map Check
[2017.04.08-11.03.31:338][ 91]LightingResults: New page: Lighting Build
[2017.04.08-11.03.31:671][ 91]LogPhysics:Error: PHYSX: (D:\Build\++UE4+Release-4.14+PhysX_Compile\Sync\Engine\Source\ThirdParty\PhysX\PhysX_3.4\Source\PhysX\src\NpMaterial.cpp 143) eINVALID_PARAMETER : PxMaterial::setRestitution: Invalid value 1.150000 was clamped to [0,1]!
[2017.04.08-11.03.32:523][ 91]LogEditorServer: Finished looking for orphan Actors (0.001 secs)
[2017.04.08-11.03.32:680][ 91]Cmd: MAP CHECKDEP NOCLEARLOG
[2017.04.08-11.03.32:992][ 91]MapCheck: Info Map check complete: 0 Error(s), 0 Warning(s), took 310.69ms to complete.
[2017.04.08-11.03.32:993][ 91]LogFileHelpers: Loading map 'Purgastory_Level' took 1.660
[2017.04.08-11.03.47:295][889]LogShaderCompilers:Warning: Failed to compile Material /Game/Assets/Materials/M_RollingFire.M_RollingFire for platform PCD3D_SM5, Default Material will be used in game.
[2017.04.08-11.03.47:295][889]LogShaderCompilers:Warning: 	HitProxyVertexShader.usf(27,3-34):  err0r X3000: unrecognized identifier 'FVertexFactoryInterpolantsVSToDS'
[2017.04.08-11.03.47:295][889]LogShaderCompilers:Warning: 	LightMapDensityShader.usf(23,3-34):  err0r X3000: unrecognized identifier 'FVertexFactoryInterpolantsVSToDS'
[2017.04.08-11.03.47:295][889]LogShaderCompilers:Warning: 	DepthOnlyVertexShader.usf(30,3-34):  err0r X3000: unrecognized identifier 'FVertexFactoryInterpolantsVSToDS'
[2017.04.08-11.03.47:295][889]LogShaderCompilers:Warning: 	DebugViewModeVertexShader.usf(18,3-34):  err0r X3000: unrecognized identifier 'FVertexFactoryInterpolantsVSToDS'
[2017.04.08-11.03.47:295][889]LogShaderCompilers:Warning: 	BasePassVertexCommon.usf(30,3-34):  err0r X3000: unrecognized identifier 'FVertexFactoryInterpolantsVSToDS'
[2017.04.08-11.03.47:295][889]LogShaderCompilers:Warning: 	VelocityShader.usf(49,3-34):  err0r X3000: unrecognized identifier 'FVertexFactoryInterpolantsVSToDS'
[2017.04.08-11.03.47:295][889]LogShaderCompilers:Warning: 	ShadowDepthVertexShader.usf(124,2-33):  err0r X3000: unrecognized identifier 'FVertexFactoryInterpolantsVSToDS'
[2017.04.08-11.26.01:709][768]LogHttp:Warning: 000001E6C42F6080: request failed, libcurl error: 6 (Couldn't resolve host name)
[2017.04.08-11.26.01:709][768]LogHttp:Warning: 000001E6C42F6080: libcurl info message cache 0 (Found bundle for host datarouter.ol.epicgames.com: 0x1e6b44f9888 [can pipeline])
[2017.04.08-11.26.01:709][768]LogHttp:Warning: 000001E6C42F6080: libcurl info message cache 1 (Re-using existing connection! (#8) with host datarouter.ol.epicgames.com)
[2017.04.08-11.26.01:709][768]LogHttp:Warning: 000001E6C42F6080: libcurl info message cache 2 (Connected to datarouter.ol.epicgames.com (34.192.111.22) port 443 (#8))
[2017.04.08-11.26.01:709][768]LogHttp:Warning: 000001E6C42F6080: libcurl info message cache 3 (upload completely sent off: 605 out of 605 bytes)
[2017.04.08-11.26.01:709][768]LogHttp:Warning: 000001E6C42F6080: libcurl info message cache 4 (TLSv1.2 (IN), TLS alert, Client hello (1):)
[2017.04.08-11.26.01:709][768]LogHttp:Warning: 000001E6C42F6080: libcurl info message cache 5 (Connection died, retrying a fresh connect)
[2017.04.08-11.26.01:709][768]LogHttp:Warning: 000001E6C42F6080: libcurl info message cache 6 (Closing connection 8)
[2017.04.08-11.26.01:709][768]LogHttp:Warning: 000001E6C42F6080: libcurl info message cache 7 (TLSv1.2 (OUT), TLS alert, Client hello (1):)
[2017.04.08-11.26.01:709][768]LogHttp:Warning: 000001E6C42F6080: libcurl info message cache 8 (Issue another request to this URL: 'https://datarouter.ol.epicgames.com/datarouter/api/v1/public/data?SessionID=%7B5AFC546D-45C1-06EF-1D12-6393D7470550%7D&AppID=UEEditor.Rocket.Release&AppVersion=4.14.3-3249277%2B%2B%2BUE4%2BRelease-4.14&UserID=d1c8f82b417d2ce73f7df0820151bd26%7C54ddd81e2c83417ea6547a0ffff3e5a4%7Cfb954913-2a66-44b3-9e13-656e6d75c89e&AppEnvironment=datacollector-binary&UploadType=eteventstream')
[2017.04.08-11.26.01:709][768]LogHttp:Warning: 000001E6C42F6080: libcurl info message cache 9 (Could not resolve host: datarouter.ol.epicgames.com)
[2017.04.08-11.26.01:709][768]LogHttp:Warning: 000001E6C42F6080: libcurl info message cache 10 (Closing connection 9)
[2017.04.08-12.30.33:953][536]LogHttp:Warning: 000001E6B531EE00: request failed, libcurl error: 6 (Couldn't resolve host name)
[2017.04.08-12.30.33:953][536]LogHttp:Warning: 000001E6B531EE00: libcurl info message cache 0 (Found bundle for host datarouter.ol.epicgames.com: 0x1e69b0aba60 [can pipeline])
[2017.04.08-12.30.33:953][536]LogHttp:Warning: 000001E6B531EE00: libcurl info message cache 1 (Re-using existing connection! (#27) with host datarouter.ol.epicgames.com)
[2017.04.08-12.30.33:953][536]LogHttp:Warning: 000001E6B531EE00: libcurl info message cache 2 (Connected to datarouter.ol.epicgames.com (34.192.111.22) port 443 (#27))
[2017.04.08-12.30.33:953][536]LogHttp:Warning: 000001E6B531EE00: libcurl info message cache 3 (upload completely sent off: 315 out of 315 bytes)
[2017.04.08-12.30.33:953][536]LogHttp:Warning: 000001E6B531EE00: libcurl info message cache 4 (SSL read: error:00000000:lib(0):func(0):reason(0), errno 10054)
[2017.04.08-12.30.33:953][536]LogHttp:Warning: 000001E6B531EE00: libcurl info message cache 5 (Connection died, retrying a fresh connect)
[2017.04.08-12.30.33:953][536]LogHttp:Warning: 000001E6B531EE00: libcurl info message cache 6 (Closing connection 27)
[2017.04.08-12.30.33:953][536]LogHttp:Warning: 000001E6B531EE00: libcurl info message cache 7 (Issue another request to this URL: 'https://datarouter.ol.epicgames.com/datarouter/api/v1/public/data?SessionID=%7B5AFC546D-45C1-06EF-1D12-6393D7470550%7D&AppID=UEEditor.Rocket.Release&AppVersion=4.14.3-3249277%2B%2B%2BUE4%2BRelease-4.14&UserID=d1c8f82b417d2ce73f7df0820151bd26%7C54ddd81e2c83417ea6547a0ffff3e5a4%7Cfb954913-2a66-44b3-9e13-656e6d75c89e&AppEnvironment=datacollector-binary&UploadType=eteventstream')
[2017.04.08-12.30.33:954][536]LogHttp:Warning: 000001E6B531EE00: libcurl info message cache 8 (Could not resolve host: datarouter.ol.epicgames.com)
[2017.04.08-12.30.33:954][536]LogHttp:Warning: 000001E6B531EE00: libcurl info message cache 9 (Closing connection 28)
[2017.04.08-12.30.49:952][584]LogHttp:Warning: 000001E6B531E980: request failed, libcurl error: 6 (Couldn't resolve host name)
[2017.04.08-12.30.49:952][584]LogHttp:Warning: 000001E6B531E980: libcurl info message cache 0 (Could not resolve host: datarouter.ol.epicgames.com)
[2017.04.08-12.30.49:952][584]LogHttp:Warning: 000001E6B531E980: libcurl info message cache 1 (Closing connection 29)
[2017.04.08-12.39.01:713][183]LogAIModule: Creating AISystem for world MP_mainMenu
[2017.04.08-12.39.01:820][183]Cmd: MAP LOAD FILE="../../../../../PurgaStory_v3/Content/Multiplayer/Maps/MP_mainMenu.umap" TEMPLATE=0 SHOWPROGRESS=1 FEATURELEVEL=3
[2017.04.08-12.39.01:822][183]LightingResults: New page: Lighting Build
[2017.04.08-12.39.01:825][183]LoadErrors: New page: Loading map: MP_mainMenu.umap
[2017.04.08-12.39.01:886][183]MapCheck: New page: Map Check
[2017.04.08-12.39.01:886][183]LightingResults: New page: Lighting Build
[2017.04.08-12.39.02:613][183]LogEditorServer: Finished looking for orphan Actors (0.000 secs)
[2017.04.08-12.39.02:792][183]Cmd: MAP CHECKDEP NOCLEARLOG
[2017.04.08-12.39.03:211][183]MapCheck: Info Map check complete: 0 Error(s), 0 Warning(s), took 418.251ms to complete.
[2017.04.08-12.39.03:244][183]LogFileHelpers: Loading map 'MP_mainMenu' took 1.429
[2017.04.08-12.39.59:844][431]LogTemp: Repeting last play command: New Editor Window (PIE)
[2017.04.08-12.39.59:925][431]LogBlueprintUserMessages: Early PlayInEditor Detection: Level '/Game/Multiplayer/Maps/MP_mainMenu.MP_mainMenu:PersistentLevel' has LevelScriptBlueprint '/Game/Multiplayer/Maps/MP_mainMenu.MP_mainMenu:PersistentLevel.MP_mainMenu' with GeneratedClass '/Game/Multiplayer/Maps/MP_mainMenu.MP_mainMenu_C' with ClassGeneratedBy '/Game/Multiplayer/Maps/MP_mainMenu.MP_mainMenu:PersistentLevel.MP_mainMenu'
[2017.04.08-12.39.59:926][431]LogPlayLevel: PlayLevel: No blueprints needed recompiling
[2017.04.08-12.39.59:926][431]LogOnline:Display: NULL: FOnlineSubsystemNull::Shutdown()
[2017.04.08-12.39.59:931][431]LogOnline:Warning: STEAM: Steam API disabled!
[2017.04.08-12.39.59:931][431]LogOnline:Display: STEAM: OnlineSubsystemSteam::Shutdown()
[2017.04.08-12.39.59:949][431]PIE: New page: PIE session: MP_mainMenu (9 Apr 2017 4:39:59 am)
[2017.04.08-12.39.59:952][431]LogPlayLevel: Creating play world package: /Game/Multiplayer/Maps/UEDPIE_1_MP_mainMenu
[2017.04.08-12.39.59:955][431]LogPlayLevel: PIE: StaticDuplicateObject took: (0.003345s)
[2017.04.08-12.39.59:957][431]LogAIModule: Creating AISystem for world MP_mainMenu
[2017.04.08-12.39.59:958][431]LogPlayLevel: PIE: World Init took: (0.002581s)
[2017.04.08-12.39.59:959][431]LogPlayLevel: PIE: Created PIE world by copying editor world from /Game/Multiplayer/Maps/MP_mainMenu.MP_mainMenu to /Game/Multiplayer/Maps/UEDPIE_1_MP_mainMenu.MP_mainMenu (0.007017s)
[2017.04.08-12.40.00:013][431]LogInit: XAudio2 using 'Speakers (Conexant SmartAudio HD)' : 2 channels at 48 kHz using 32 bits per sample (channel mask 0x3)
[2017.04.08-12.40.00:047][431]LogInit: FAudioDevice initialized.
[2017.04.08-12.40.00:108][431]LogStats:Warning: MetaData mismatch. Did you assign a stat to two groups? New //STATGROUP_Threads//OnlineAsyncTaskThreadNull DefaultInstance///Thread_311c_0///####STATCAT_Advanced#### old //STATGROUP_Threads//OnlineAsyncTaskThreadNull DefaultInstance///Thread_165c_0///####STATCAT_Advanced####
[2017.04.08-12.40.00:170][431]LogLoad: Game class is 'FirstPersonGameMode_C'
[2017.04.08-12.40.00:178][431]LogWorld: Bringing World /Game/Multiplayer/Maps/UEDPIE_1_MP_mainMenu.MP_mainMenu up for play (max tick rate 0) at 2017.04.08-20.40.00
[2017.04.08-12.40.00:179][431]LogWorld: Bringing up level for play took: 0.002525
[2017.04.08-12.40.00:365][431]LogContentBrowser: Native class hierarchy updated for 'MovieSceneCapture' in 0.0049 seconds. Added 11 classes and 0 folders.
[2017.04.08-12.40.00:368][431]LogInit: WinSock: Socket queue 131072 / 131072
[2017.04.08-12.40.00:369][431]LogInit: WinSock: I am ASUS (192.168.189.1:0)
[2017.04.08-12.40.00:369][431]PacketHandlerLog: Loaded PacketHandler component: Engine.EngineHandlerComponentFactory (StatelessConnectHandlerComponent)
[2017.04.08-12.40.00:369][431]LogNet: GameNetDriver IpNetDriver_0 IpNetDriver listening on port 7777
[2017.04.08-12.40.00:370][431]LogGameMode:Display: Match State Changed from EnteringMap to WaitingToStart
[2017.04.08-12.40.00:370][431]LogGameState: Match State Changed from EnteringMap to WaitingToStart
[2017.04.08-12.40.00:370][431]LogGameMode:Display: Match State Changed from WaitingToStart to InProgress
[2017.04.08-12.40.00:385][431]LogBlueprintUserMessages: [MP_mainMenu_C_0] Server: Hello, i am opening main menu
[2017.04.08-12.40.00:385][431]LogScriptCore:Warning: Script Msg: DestroySession - Invalid player state
[2017.04.08-12.40.00:388][431]LogGameState: Match State Changed from WaitingToStart to InProgress
[2017.04.08-12.40.00:398][431]PIE: Info Play in editor start time for /Game/Multiplayer/Maps/UEDPIE_1_MP_mainMenu -0.204
[2017.04.08-12.40.00:404][431]PIE: New page: PIE session: MP_mainMenu (9 Apr 2017 4:40:00 am)
[2017.04.08-12.40.00:489][431]LogNet: Browse: 127.0.0.1//Game/Multiplayer/Maps/MP_mainMenu
[2017.04.08-12.40.00:490][431]LogInit: WinSock: Socket queue 32768 / 32768
[2017.04.08-12.40.00:493][431]PacketHandlerLog: Loaded PacketHandler component: Engine.EngineHandlerComponentFactory (StatelessConnectHandlerComponent)
[2017.04.08-12.40.00:493][431]LogNet: Game client on port 7777, rate 10000
[2017.04.08-12.40.00:494][431]LogNetVersion: GetLocalNetworkVersion: CL: 3195953, ProjectName: purgastory, ProjectVersion: 1.0.0.0, EngineNetworkVersion: 2, GameNetworkVersion: 0, NetworkChecksum: 3808236973
[2017.04.08-12.40.00:494][431]LogNet: UPendingNetGame::InitNetDriver: Sending hello. [UNetConnection] RemoteAddr: 127.0.0.1:7777, Name: IpConnection_0, Driver: PendingNetDriver IpNetDriver_1, IsServer: NO, PC: NULL, Owner: NULL
[2017.04.08-12.40.00:503][431]PIE: Info Play in editor start time for /Game/Multiplayer/Maps/MP_mainMenu -0.1
[2017.04.08-12.40.00:527][431]LogBlueprintUserMessages: Late PlayInEditor Detection: Level '/Game/Multiplayer/Maps/MP_mainMenu.MP_mainMenu:PersistentLevel' has LevelScriptBlueprint '/Game/Multiplayer/Maps/MP_mainMenu.MP_mainMenu:PersistentLevel.MP_mainMenu' with GeneratedClass '/Game/Multiplayer/Maps/MP_mainMenu.MP_mainMenu_C' with ClassGeneratedBy '/Game/Multiplayer/Maps/MP_mainMenu.MP_mainMenu:PersistentLevel.MP_mainMenu'
[2017.04.08-12.40.00:528][431]LogHandshake: SendConnectChallenge. Timestamp: 0.013986, Cookie: 239069230157219233052163126061007184128182029170117214229115
[2017.04.08-12.40.00:605][431]LogHandshake: SendChallengeResponse. Timestamp: 0.013986, Cookie: 239069230157219233052163126061007184128182029170117214229115
[2017.04.08-12.40.00:695][431]LogRenderer: Reallocating scene render targets to support 684x500 NumSamples 1 (Frame:302929).
[2017.04.08-12.40.00:695][431]LogUnrealMath:Error: FMatrix::InverseFast(), trying to invert a NIL matrix, this results in NaNs! Use Inverse() instead.
[2017.04.08-12.40.00:696][431]LogStats: FPlatformStackWalk::StackWalkAndDump -  0.029 s
[2017.04.08-12.40.00:696][431]LogOutputDevice:Error: === Handled ensure: ===
[2017.04.08-12.40.00:696][431]LogOutputDevice:Error: 
[2017.04.08-12.40.00:696][431]LogOutputDevice:Error: Ensure condition failed: false [File:D:\Build\++UE4+Release-4.14+Compile\Sync\Engine\Source\Runtime\Core\Private\Math\Matrix.cpp] [Line: 9]
[2017.04.08-12.40.00:696][431]LogOutputDevice:Error: FMatrix::InverseFast(), trying to invert a NIL matrix, this results in NaNs! Use Inverse() instead.
[2017.04.08-12.40.00:696][431]LogOutputDevice:Error: Stack: 
[2017.04.08-12.40.00:696][431]LogOutputDevice:Error: UE4Editor-Core.dll
[2017.04.08-12.40.00:696][431]LogOutputDevice:Error: UE4Editor-Core.dll
[2017.04.08-12.40.00:696][431]LogOutputDevice:Error: UE4Editor-Core.dll
[2017.04.08-12.40.00:696][431]LogOutputDevice:Error: UE4Editor-Core.dll
[2017.04.08-12.40.00:696][431]LogOutputDevice:Error: UE4Editor-Engine.dll
[2017.04.08-12.40.00:696][431]LogOutputDevice:Error: UE4Editor-Engine.dll
[2017.04.08-12.40.00:696][431]LogOutputDevice:Error: UE4Editor-Renderer.dll
[2017.04.08-12.40.00:696][431]LogOutputDevice:Error: UE4Editor-Renderer.dll
[2017.04.08-12.40.00:696][431]LogOutputDevice:Error: UE4Editor-Renderer.dll
[2017.04.08-12.40.00:696][431]LogOutputDevice:Error: UE4Editor-Renderer.dll
[2017.04.08-12.40.00:696][431]LogOutputDevice:Error: UE4Editor-Renderer.dll
[2017.04.08-12.40.00:696][431]LogOutputDevice:Error: UE4Editor-Renderer.dll
[2017.04.08-12.40.00:696][431]LogOutputDevice:Error: UE4Editor-Core.dll
[2017.04.08-12.40.00:697][431]LogOutputDevice:Error: UE4Editor-Core.dll
[2017.04.08-12.40.00:697][431]LogOutputDevice:Error: UE4Editor-RenderCore.dll
[2017.04.08-12.40.00:697][431]LogOutputDevice:Error: UE4Editor-RenderCore.dll
[2017.04.08-12.40.00:697][431]LogOutputDevice:Error: UE4Editor-Core.dll
[2017.04.08-12.40.00:697][431]LogOutputDevice:Error: UE4Editor-Core.dll
[2017.04.08-12.40.00:697][431]LogOutputDevice:Error: KERNEL32.DLL
[2017.04.08-12.40.00:697][431]LogOutputDevice:Error: ntdll.dll
[2017.04.08-12.40.00:697][431]LogOutputDevice:Error: 
[2017.04.08-12.40.00:697][431]LogStats:                SubmitErrorReport -  0.000 s
[2017.04.08-12.40.01:417][431]LogStats:                    SendNewReport -  0.768 s
[2017.04.08-12.40.01:417][431]LogStats:             FDebug::EnsureFailed -  0.798 s
[2017.04.08-12.40.01:530][432]LogUnrealMath:Error: FMatrix::InverseFast(), trying to invert a NIL matrix, this results in NaNs! Use Inverse() instead.
[2017.04.08-12.40.01:535][432]LogNet: Server accepting post-challenge connection from: 127.0.0.1:63223
[2017.04.08-12.40.01:539][432]PacketHandlerLog: Loaded PacketHandler component: Engine.EngineHandlerComponentFactory (StatelessConnectHandlerComponent)
[2017.04.08-12.40.01:539][432]LogNet: NotifyAcceptedConnection: Name: MP_mainMenu, TimeStamp: 04/08/17 20:40:01, [UNetConnection] RemoteAddr: 127.0.0.1:63223, Name: IpConnection_1, Driver: GameNetDriver IpNetDriver_0, IsServer: YES, PC: NULL, Owner: NULL
[2017.04.08-12.40.01:539][432]LogNet: AddClientConnection: Added client connection: [UNetConnection] RemoteAddr: 127.0.0.1:63223, Name: IpConnection_1, Driver: GameNetDriver IpNetDriver_0, IsServer: YES, PC: NULL, Owner: NULL
[2017.04.08-12.40.01:581][433]LogUnrealMath:Error: FMatrix::InverseFast(), trying to invert a NIL matrix, this results in NaNs! Use Inverse() instead.
[2017.04.08-12.40.01:584][433]LogNet: NotifyAcceptingChannel Control 0 server World /Game/Multiplayer/Maps/UEDPIE_1_MP_mainMenu.MP_mainMenu: Accepted
[2017.04.08-12.40.01:584][433]LogNet: Remote platform little endian=1
[2017.04.08-12.40.01:584][433]LogNet: This platform little endian=1
[2017.04.08-12.40.01:646][434]LogUnrealMath:Error: FMatrix::InverseFast(), trying to invert a NIL matrix, this results in NaNs! Use Inverse() instead.
[2017.04.08-12.40.01:648][434]LogNet: Login request: /Game/Multiplayer/Maps/MP_mainMenu?Name=ASUS-290C05E343053B3783389AAD26191EB0 userId: ASUS-290C05E343053B3783389AAD26191EB0
[2017.04.08-12.40.01:651][434]LogNet: Welcomed by server (Level: /Game/Multiplayer/Maps/UEDPIE_1_MP_mainMenu, Game: /Game/FirstPersonBP/FirstPersonGameMode.FirstPersonGameMode_C)
[2017.04.08-12.40.01:652][434]LogLoad: LoadMap: 127.0.0.1//Game/Multiplayer/Maps/UEDPIE_1_MP_mainMenu?game=/Game/FirstPersonBP/FirstPersonGameMode.FirstPersonGameMode_C
[2017.04.08-12.40.01:703][434]Cmd: MEM
[2017.04.08-12.40.01:766][434]LogMemory: Platform Memory Stats for Windows
[2017.04.08-12.40.01:766][434]LogMemory: Process Physical Memory: 597.54 MB used, 1930.95 MB peak
[2017.04.08-12.40.01:766][434]LogMemory: Process Virtual Memory: 2702.44 MB used, 2934.59 MB peak
[2017.04.08-12.40.01:766][434]LogMemory: Physical Memory: 6033.34 MB used,  6143.55 MB free, 12176.89 MB total
[2017.04.08-12.40.01:766][434]LogMemory: Virtual Memory: 3746.00 MB used,  6143.55 MB free, 134217728.00 MB total
[2017.04.08-12.40.01:766][434]LogMemory: 
[2017.04.08-12.40.01:766][434]Allocator Stats for TBB: (not implemented)
[2017.04.08-12.40.01:773][434]LogAIModule: Creating AISystem for world MP_mainMenu
[2017.04.08-12.40.01:780][434]LogWorld: Bringing World /Game/Multiplayer/Maps/UEDPIE_2_MP_mainMenu.MP_mainMenu up for play (max tick rate 0) at 2017.04.08-20.40.01
[2017.04.08-12.40.01:781][434]LogWorld: Bringing up level for play took: 0.002785
[2017.04.08-12.40.01:781][434]LogLoad: Took 0.128811 seconds to LoadMap(/Game/Multiplayer/Maps/UEDPIE_1_MP_mainMenu)
[2017.04.08-12.40.01:822][435]LogUnrealMath:Error: FMatrix::InverseFast(), trying to invert a NIL matrix, this results in NaNs! Use Inverse() instead.
[2017.04.08-12.40.01:823][435]LogNet: Client netspeed is 10000
[2017.04.08-12.40.01:823][435]LogNet: Join request: /Game/Multiplayer/Maps/MP_mainMenu?Name=ASUS-290C05E343053B3783389AAD26191EB0?SplitscreenCount=1
[2017.04.08-12.40.01:824][435]LogOnline:Warning: NULL: No game present to join for session (Game)
[2017.04.08-12.40.01:837][435]LogNet: Join succeeded: ASUS-290C05E343053B3
[2017.04.08-12.40.01:877][436]LogUnrealMath:Error: FMatrix::InverseFast(), trying to invert a NIL matrix, this results in NaNs! Use Inverse() instead.
[2017.04.08-12.40.01:902][436]LogOnline:Warning: NULL: No game present to join for session (Game)
[2017.04.08-12.40.01:903][436]LogOnline:Warning: NULL: No game present to join for session (Game)
[2017.04.08-12.40.01:905][436]LogBlueprintUserMessages: [MP_mainMenu_C_0] Client 1: Hello, i am opening main menu
[2017.04.08-12.40.01:906][436]LogScriptCore:Warning: Script Msg: DestroySession - Invalid player state
[2017.04.08-12.40.01:943][437]LogUnrealMath:Error: FMatrix::InverseFast(), trying to invert a NIL matrix, this results in NaNs! Use Inverse() instead.
[2017.04.08-12.40.01:943][437]LogUnrealMath:Error: FMatrix::InverseFast(), trying to invert a NIL matrix, this results in NaNs! Use Inverse() instead.
[2017.04.08-12.40.01:986][437]LogUnrealMath:Error: FMatrix::InverseFast(), trying to invert a NIL matrix, this results in NaNs! Use Inverse() instead.
[2017.04.08-12.40.01:986][437]LogUnrealMath:Error: FMatrix::InverseFast(), trying to invert a NIL matrix, this results in NaNs! Use Inverse() instead.
[2017.04.08-12.40.02:037][439]LogUnrealMath:Error: FMatrix::InverseFast(), trying to invert a NIL matrix, this results in NaNs! Use Inverse() instead.
[2017.04.08-12.40.02:037][439]LogUnrealMath:Error: FMatrix::InverseFast(), trying to invert a NIL matrix, this results in NaNs! Use Inverse() instead.
[2017.04.08-12.40.02:068][440]LogUnrealMath:Error: FMatrix::InverseFast(), trying to invert a NIL matrix, this results in NaNs! Use Inverse() instead.
[2017.04.08-12.40.02:101][441]LogUnrealMath:Error: FMatrix::InverseFast(), trying to invert a NIL matrix, this results in NaNs! Use Inverse() instead.
[2017.04.08-12.40.02:101][441]LogUnrealMath:Error: FMatrix::InverseFast(), trying to invert a NIL matrix, this results in NaNs! Use Inverse() instead.
[2017.04.08-12.40.02:101][441]LogUnrealMath:Error: FMatrix::InverseFast(), trying to invert a NIL matrix, this results in NaNs! Use Inverse() instead.
[2017.04.08-12.40.02:138][442]LogUnrealMath:Error: FMatrix::InverseFast(), trying to invert a NIL matrix, this results in NaNs! Use Inverse() instead.
[2017.04.08-12.40.02:139][442]LogUnrealMath:Error: FMatrix::InverseFast(), trying to invert a NIL matrix, this results in NaNs! Use Inverse() instead.
[2017.04.08-12.40.02:174][443]LogUnrealMath:Error: FMatrix::InverseFast(), trying to invert a NIL matrix, this results in NaNs! Use Inverse() instead.
[2017.04.08-12.40.02:174][443]LogUnrealMath:Error: FMatrix::InverseFast(), trying to invert a NIL matrix, this results in NaNs! Use Inverse() instead.
[2017.04.08-12.40.02:212][444]LogUnrealMath:Error: FMatrix::InverseFast(), trying to invert a NIL matrix, this results in NaNs! Use Inverse() instead.
[2017.04.08-12.40.02:212][444]LogUnrealMath:Error: FMatrix::InverseFast(), trying to invert a NIL matrix, this results in NaNs! Use Inverse() instead.
[2017.04.08-12.40.02:250][445]LogUnrealMath:Error: FMatrix::InverseFast(), trying to invert a NIL matrix, this results in NaNs! Use Inverse() instead.
[2017.04.08-12.40.02:250][445]LogUnrealMath:Error: FMatrix::InverseFast(), trying to invert a NIL matrix, this results in NaNs! Use Inverse() instead.
[2017.04.08-12.40.02:283][446]LogUnrealMath:Error: FMatrix::InverseFast(), trying to invert a NIL matrix, this results in NaNs! Use Inverse() instead.
[2017.04.08-12.40.02:283][446]LogUnrealMath:Error: FMatrix::InverseFast(), trying to invert a NIL matrix, this results in NaNs! Use Inverse() instead.
[2017.04.08-12.40.02:320][447]LogUnrealMath:Error: FMatrix::InverseFast(), trying to invert a NIL matrix, this results in NaNs! Use Inverse() instead.
[2017.04.08-12.40.02:320][447]LogUnrealMath:Error: FMatrix::InverseFast(), trying to invert a NIL matrix, this results in NaNs! Use Inverse() instead.
[2017.04.08-12.40.02:358][448]LogUnrealMath:Error: FMatrix::InverseFast(), trying to invert a NIL matrix, this results in NaNs! Use Inverse() instead.
[2017.04.08-12.40.02:358][448]LogUnrealMath:Error: FMatrix::InverseFast(), trying to invert a NIL matrix, this results in NaNs! Use Inverse() instead.
[2017.04.08-12.40.02:399][449]LogUnrealMath:Error: FMatrix::InverseFast(), trying to invert a NIL matrix, this results in NaNs! Use Inverse() instead.
[2017.04.08-12.40.02:399][449]LogUnrealMath:Error: FMatrix::InverseFast(), trying to invert a NIL matrix, this results in NaNs! Use Inverse() instead.
[2017.04.08-12.40.02:454][450]LogUnrealMath:Error: FMatrix::InverseFast(), trying to invert a NIL matrix, this results in NaNs! Use Inverse() instead.
[2017.04.08-12.40.02:454][450]LogUnrealMath:Error: FMatrix::InverseFast(), trying to invert a NIL matrix, this results in NaNs! Use Inverse() instead.
[2017.04.08-12.40.02:493][451]LogUnrealMath:Error: FMatrix::InverseFast(), trying to invert a NIL matrix, this results in NaNs! Use Inverse() instead.
[2017.04.08-12.40.02:493][451]LogUnrealMath:Error: FMatrix::InverseFast(), trying to invert a NIL matrix, this results in NaNs! Use Inverse() instead.
[2017.04.08-12.40.02:528][452]LogUnrealMath:Error: FMatrix::InverseFast(), trying to invert a NIL matrix, this results in NaNs! Use Inverse() instead.
[2017.04.08-12.40.02:528][452]LogUnrealMath:Error: FMatrix::InverseFast(), trying to invert a NIL matrix, this results in NaNs! Use Inverse() instead.
[2017.04.08-12.40.02:562][453]LogUnrealMath:Error: FMatrix::InverseFast(), trying to invert a NIL matrix, this results in NaNs! Use Inverse() instead.
[2017.04.08-12.40.02:562][453]LogUnrealMath:Error: FMatrix::InverseFast(), trying to invert a NIL matrix, this results in NaNs! Use Inverse() instead.
[2017.04.08-12.40.02:597][454]LogUnrealMath:Error: FMatrix::InverseFast(), trying to invert a NIL matrix, this results in NaNs! Use Inverse() instead.
[2017.04.08-12.40.02:597][454]LogUnrealMath:Error: FMatrix::InverseFast(), trying to invert a NIL matrix, this results in NaNs! Use Inverse() instead.
[2017.04.08-12.40.02:648][455]LogUnrealMath:Error: FMatrix::InverseFast(), trying to invert a NIL matrix, this results in NaNs! Use Inverse() instead.
[2017.04.08-12.40.02:648][455]LogUnrealMath:Error: FMatrix::InverseFast(), trying to invert a NIL matrix, this results in NaNs! Use Inverse() instead.
[2017.04.08-12.40.02:693][456]LogUnrealMath:Error: FMatrix::InverseFast(), trying to invert a NIL matrix, this results in NaNs! Use Inverse() instead.
[2017.04.08-12.40.02:693][456]LogUnrealMath:Error: FMatrix::InverseFast(), trying to invert a NIL matrix, this results in NaNs! Use Inverse() instead.
[2017.04.08-12.40.02:728][457]LogUnrealMath:Error: FMatrix::InverseFast(), trying to invert a NIL matrix, this results in NaNs! Use Inverse() instead.
[2017.04.08-12.40.02:728][457]LogUnrealMath:Error: FMatrix::InverseFast(), trying to invert a NIL matrix, this results in NaNs! Use Inverse() instead.
[2017.04.08-12.40.02:762][458]LogUnrealMath:Error: FMatrix::InverseFast(), trying to invert a NIL matrix, this results in NaNs! Use Inverse() instead.
[2017.04.08-12.40.02:763][458]LogUnrealMath:Error: FMatrix::InverseFast(), trying to invert a NIL matrix, this results in NaNs! Use Inverse() instead.
[2017.04.08-12.40.02:795][459]LogUnrealMath:Error: FMatrix::InverseFast(), trying to invert a NIL matrix, this results in NaNs! Use Inverse() instead.
[2017.04.08-12.40.02:795][459]LogUnrealMath:Error: FMatrix::InverseFast(), trying to invert a NIL matrix, this results in NaNs! Use Inverse() instead.
[2017.04.08-12.40.02:828][460]LogUnrealMath:Error: FMatrix::InverseFast(), trying to invert a NIL matrix, this results in NaNs! Use Inverse() instead.
[2017.04.08-12.40.02:828][460]LogUnrealMath:Error: FMatrix::InverseFast(), trying to invert a NIL matrix, this results in NaNs! Use Inverse() instead.
[2017.04.08-12.40.02:864][461]LogUnrealMath:Error: FMatrix::InverseFast(), trying to invert a NIL matrix, this results in NaNs! Use Inverse() instead.
[2017.04.08-12.40.02:864][461]LogUnrealMath:Error: FMatrix::InverseFast(), trying to invert a NIL matrix, this results in NaNs! Use Inverse() instead.
[2017.04.08-12.40.02:898][462]LogUnrealMath:Error: FMatrix::InverseFast(), trying to invert a NIL matrix, this results in NaNs! Use Inverse() instead.
[2017.04.08-12.40.02:898][462]LogUnrealMath:Error: FMatrix::InverseFast(), trying to invert a NIL matrix, this results in NaNs! Use Inverse() instead.
[2017.04.08-12.40.02:944][463]LogUnrealMath:Error: FMatrix::InverseFast(), trying to invert a NIL matrix, this results in NaNs! Use Inverse() instead.
[2017.04.08-12.40.02:944][463]LogUnrealMath:Error: FMatrix::InverseFast(), trying to invert a NIL matrix, this results in NaNs! Use Inverse() instead.
[2017.04.08-12.40.02:989][464]LogUnrealMath:Error: FMatrix::InverseFast(), trying to invert a NIL matrix, this results in NaNs! Use Inverse() instead.
[2017.04.08-12.40.02:990][464]LogUnrealMath:Error: FMatrix::InverseFast(), trying to invert a NIL matrix, this results in NaNs! Use Inverse() instead.
[2017.04.08-12.40.03:058][465]LogUnrealMath:Error: FMatrix::InverseFast(), trying to invert a NIL matrix, this results in NaNs! Use Inverse() instead.
[2017.04.08-12.40.03:059][465]LogUnrealMath:Error: FMatrix::InverseFast(), trying to invert a NIL matrix, this results in NaNs! Use Inverse() instead.
[2017.04.08-12.40.03:105][466]LogUnrealMath:Error: FMatrix::InverseFast(), trying to invert a NIL matrix, this results in NaNs! Use Inverse() instead.
[2017.04.08-12.40.03:105][466]LogUnrealMath:Error: FMatrix::InverseFast(), trying to invert a NIL matrix, this results in NaNs! Use Inverse() instead.
[2017.04.08-12.40.03:148][467]LogUnrealMath:Error: FMatrix::InverseFast(), trying to invert a NIL matrix, this results in NaNs! Use Inverse() instead.
[2017.04.08-12.40.03:148][467]LogUnrealMath:Error: FMatrix::InverseFast(), trying to invert a NIL matrix, this results in NaNs! Use Inverse() instead.
[2017.04.08-12.40.03:192][468]LogUnrealMath:Error: FMatrix::InverseFast(), trying to invert a NIL matrix, this results in NaNs! Use Inverse() instead.
[2017.04.08-12.40.03:192][468]LogUnrealMath:Error: FMatrix::InverseFast(), trying to invert a NIL matrix, this results in NaNs! Use Inverse() instead.
[2017.04.08-12.40.03:234][469]LogUnrealMath:Error: FMatrix::InverseFast(), trying to invert a NIL matrix, this results in NaNs! Use Inverse() instead.
[2017.04.08-12.40.03:234][469]LogUnrealMath:Error: FMatrix::InverseFast(), trying to invert a NIL matrix, this results in NaNs! Use Inverse() instead.
[2017.04.08-12.40.03:287][470]LogUnrealMath:Error: FMatrix::InverseFast(), trying to invert a NIL matrix, this results in NaNs! Use Inverse() instead.
[2017.04.08-12.40.03:287][470]LogUnrealMath:Error: FMatrix::InverseFast(), trying to invert a NIL matrix, this results in NaNs! Use Inverse() instead.
[2017.04.08-12.40.03:336][471]LogUnrealMath:Error: FMatrix::InverseFast(), trying to invert a NIL matrix, this results in NaNs! Use Inverse() instead.
[2017.04.08-12.40.03:336][471]LogUnrealMath:Error: FMatrix::InverseFast(), trying to invert a NIL matrix, this results in NaNs! Use Inverse() instead.
[2017.04.08-12.40.03:380][472]LogUnrealMath:Error: FMatrix::InverseFast(), trying to invert a NIL matrix, this results in NaNs! Use Inverse() instead.
[2017.04.08-12.40.03:380][472]LogUnrealMath:Error: FMatrix::InverseFast(), trying to invert a NIL matrix, this results in NaNs! Use Inverse() instead.
[2017.04.08-12.40.03:426][473]LogUnrealMath:Error: FMatrix::InverseFast(), trying to invert a NIL matrix, this results in NaNs! Use Inverse() instead.
[2017.04.08-12.40.03:427][473]LogUnrealMath:Error: FMatrix::InverseFast(), trying to invert a NIL matrix, this results in NaNs! Use Inverse() instead.
[2017.04.08-12.40.03:472][474]LogUnrealMath:Error: FMatrix::InverseFast(), trying to invert a NIL matrix, this results in NaNs! Use Inverse() instead.
[2017.04.08-12.40.03:472][474]LogUnrealMath:Error: FMatrix::InverseFast(), trying to invert a NIL matrix, this results in NaNs! Use Inverse() instead.
[2017.04.08-12.40.03:525][475]LogUnrealMath:Error: FMatrix::InverseFast(), trying to invert a NIL matrix, this results in NaNs! Use Inverse() instead.
[2017.04.08-12.40.03:525][475]LogUnrealMath:Error: FMatrix::InverseFast(), trying to invert a NIL matrix, this results in NaNs! Use Inverse() instead.
[2017.04.08-12.40.03:570][476]LogUnrealMath:Error: FMatrix::InverseFast(), trying to invert a NIL matrix, this results in NaNs! Use Inverse() instead.
[2017.04.08-12.40.03:570][476]LogUnrealMath:Error: FMatrix::InverseFast(), trying to invert a NIL matrix, this results in NaNs! Use Inverse() instead.
[2017.04.08-12.40.03:720][476]LogOnline:Warning: NULL: No game present to leave for session (Game)
[2017.04.08-12.40.03:720][476]LogBlueprintUserMessages: Early EndPlayMap Detection: Level '/Game/Multiplayer/Maps/MP_mainMenu.MP_mainMenu:PersistentLevel' has LevelScriptBlueprint '/Game/Multiplayer/Maps/MP_mainMenu.MP_mainMenu:PersistentLevel.MP_mainMenu' with GeneratedClass '/Game/Multiplayer/Maps/MP_mainMenu.MP_mainMenu_C' with ClassGeneratedBy '/Game/Multiplayer/Maps/MP_mainMenu.MP_mainMenu:PersistentLevel.MP_mainMenu'
[2017.04.08-12.40.03:889][476]LogOnline:Display: NULL: FOnlineSubsystemNull::Shutdown()
[2017.04.08-12.40.03:925][476]LogOnline:Display: NULL: FOnlineSubsystemNull::Shutdown()
[2017.04.08-12.40.03:927][476]LogPlayLevel:Display: Shutting down PIE online subsystems
[2017.04.08-12.40.03:928][476]LogBlueprintUserMessages: Late EndPlayMap Detection: Level '/Game/Multiplayer/Maps/MP_mainMenu.MP_mainMenu:PersistentLevel' has LevelScriptBlueprint '/Game/Multiplayer/Maps/MP_mainMenu.MP_mainMenu:PersistentLevel.MP_mainMenu' with GeneratedClass '/Game/Multiplayer/Maps/MP_mainMenu.MP_mainMenu_C' with ClassGeneratedBy '/Game/Multiplayer/Maps/MP_mainMenu.MP_mainMenu:PersistentLevel.MP_mainMenu'
[2017.04.08-12.40.03:987][476]LogNet: UChannel::CleanUp: ChIndex == 0. Closing connection. [UChannel] ChIndex: 0, Closing: 0 [UNetConnection] RemoteAddr: 127.0.0.1:63223, Name: IpConnection_1, Driver: GameNetDriver IpNetDriver_0, IsServer: YES, PC: None, Owner: None
[2017.04.08-12.40.03:987][476]LogNet: UNetConnection::Close: [UNetConnection] RemoteAddr: 127.0.0.1:63223, Name: IpConnection_1, Driver: GameNetDriver IpNetDriver_0, IsServer: YES, PC: None, Owner: None, Channels: 2, Time: 2017.04.08-12.40.03
[2017.04.08-12.40.03:987][476]LogNet: UChannel::Close: Sending CloseBunch. ChIndex == 0. Name: [UChannel] ChIndex: 0, Closing: 0 [UNetConnection] RemoteAddr: 127.0.0.1:63223, Name: IpConnection_1, Driver: GameNetDriver IpNetDriver_0, IsServer: YES, PC: None, Owner: None
[2017.04.08-12.40.03:987][476]LogNet: UChannel::CleanUp: ChIndex == 0. Closing connection. [UChannel] ChIndex: 0, Closing: 0 [UNetConnection] RemoteAddr: 127.0.0.1:7777, Name: IpConnection_0, Driver: GameNetDriver IpNetDriver_1, IsServer: NO, PC: None, Owner: None
[2017.04.08-12.40.03:988][476]LogNet: UNetConnection::Close: [UNetConnection] RemoteAddr: 127.0.0.1:7777, Name: IpConnection_0, Driver: GameNetDriver IpNetDriver_1, IsServer: NO, PC: None, Owner: None, Channels: 2, Time: 2017.04.08-12.40.03
[2017.04.08-12.40.03:988][476]LogNet: UChannel::Close: Sending CloseBunch. ChIndex == 0. Name: [UChannel] ChIndex: 0, Closing: 0 [UNetConnection] RemoteAddr: 127.0.0.1:7777, Name: IpConnection_0, Driver: GameNetDriver IpNetDriver_1, IsServer: NO, PC: None, Owner: None
[2017.04.08-12.40.04:001][476]LogExit: GameNetDriver None shut down
[2017.04.08-12.40.04:001][476]LogExit: GameNetDriver None shut down
[2017.04.08-12.40.04:082][477]LogPlayLevel:Display: Destroying online subsystem :Context_2
[2017.04.08-12.40.04:082][477]LogOnline:Display: NULL: FOnlineSubsystemNull::Shutdown()
[2017.04.08-12.40.04:082][477]LogPlayLevel:Display: Destroying online subsystem :Context_1
[2017.04.08-12.40.04:082][477]LogOnline:Display: NULL: FOnlineSubsystemNull::Shutdown()
[2017.04.08-12.40.07:253][610]Cmd: OBJ SAVEPACKAGE PACKAGE="/Game/Multiplayer/Maps/MP_mainMenu" FILE="../../../../../PurgaStory_v3/Saved/Autosaves/Game/Multiplayer/Maps/UEDPCMP_mainMenu.umap" SILENT=true AUTOSAVING=true KEEPDIRTY=true
[2017.04.08-12.40.07:483][610]LogSavePackage: Save=216.54ms
[2017.04.08-12.40.07:484][610]LogSavePackage: Moving '../../../../../PurgaStory_v3/Saved/UEDPCMP_mainMenuECE750E6481F89865CAD55A1F6B86E91.tmp' to '../../../../../PurgaStory_v3/Saved/Autosaves/Game/Multiplayer/Maps/UEDPCMP_mainMenu.umap'
[2017.04.08-12.40.07:487][610]LogSavePackage:Display: Finished SavePackage ../../../../../PurgaStory_v3/Saved/Autosaves/Game/Multiplayer/Maps/UEDPCMP_mainMenu.umap
