Log file open, 04/10/17 20:33:33
LogInit:Display: Running engine for game: PurgaStory
LogPlatformFile: Not using cached read wrapper
LogInit:Display: RandInit(814253030) SRandInit(814253030).
LogTaskGraph: Started task graph with 5 named threads and 8 total threads with 1 sets of task threads.
LogStats: Stats thread started at 0.156968
LogPluginManager: Loaded Plugin Paper2D, From D:/Unreal/Epic Games/4.14/Engine/Plugins/2D/Paper2D/Paper2D.uplugin
LogPluginManager: Loaded Plugin LightPropagationVolume, From D:/Unreal/Epic Games/4.14/Engine/Plugins/Blendables/LightPropagationVolume/LightPropagationVolume.uplugin
LogPluginManager: Loaded Plugin BlankPlugin, From D:/Unreal/Epic Games/4.14/Engine/Plugins/Developer/BlankPlugin/BlankPlugin.uplugin
LogPluginManager: Loaded Plugin CodeLiteSourceCodeAccess, From D:/Unreal/Epic Games/4.14/Engine/Plugins/Developer/CodeLiteSourceCodeAccess/CodeLiteSourceCodeAccess.uplugin
LogPluginManager: Loaded Plugin GitSourceControl, From D:/Unreal/Epic Games/4.14/Engine/Plugins/Developer/GitSourceControl/GitSourceControl.uplugin
LogPluginManager: Loaded Plugin KDevelopSourceCodeAccess, From D:/Unreal/Epic Games/4.14/Engine/Plugins/Developer/KDevelopSourceCodeAccess/KDevelopSourceCodeAccess.uplugin
LogPluginManager: Loaded Plugin NullSourceCodeAccess, From D:/Unreal/Epic Games/4.14/Engine/Plugins/Developer/NullSourceCodeAccess/NullSourceCodeAccess.uplugin
LogPluginManager: Loaded Plugin OneSkyLocalizationService, From D:/Unreal/Epic Games/4.14/Engine/Plugins/Developer/OneSkyLocalizationService/OneSkyLocalizationService.uplugin
LogPluginManager: Loaded Plugin PerforceSourceControl, From D:/Unreal/Epic Games/4.14/Engine/Plugins/Developer/PerforceSourceControl/PerforceSourceControl.uplugin
LogPluginManager: Loaded Plugin SubversionSourceControl, From D:/Unreal/Epic Games/4.14/Engine/Plugins/Developer/SubversionSourceControl/SubversionSourceControl.uplugin
LogPluginManager: Loaded Plugin UObjectPlugin, From D:/Unreal/Epic Games/4.14/Engine/Plugins/Developer/UObjectPlugin/UObjectPlugin.uplugin
LogPluginManager: Loaded Plugin VisualStudioSourceCodeAccess, From D:/Unreal/Epic Games/4.14/Engine/Plugins/Developer/VisualStudioSourceCodeAccess/VisualStudioSourceCodeAccess.uplugin
LogPluginManager: Loaded Plugin XCodeSourceCodeAccess, From D:/Unreal/Epic Games/4.14/Engine/Plugins/Developer/XCodeSourceCodeAccess/XCodeSourceCodeAccess.uplugin
LogPluginManager: Loaded Plugin AudioCapture, From D:/Unreal/Epic Games/4.14/Engine/Plugins/Editor/AudioCapture/AudioCapture.uplugin
LogPluginManager: Loaded Plugin EpicSurvey, From D:/Unreal/Epic Games/4.14/Engine/Plugins/Editor/EpicSurvey/EpicSurvey.uplugin
LogPluginManager: Loaded Plugin MacGraphicsSwitching, From D:/Unreal/Epic Games/4.14/Engine/Plugins/Editor/MacGraphicsSwitching/MacGraphicsSwitching.uplugin
LogPluginManager: Loaded Plugin MobileLauncherProfileWizard, From D:/Unreal/Epic Games/4.14/Engine/Plugins/Editor/MobileLauncherProfileWizard/MobileLauncherProfileWizard.uplugin
LogPluginManager: Loaded Plugin PluginBrowser, From D:/Unreal/Epic Games/4.14/Engine/Plugins/Editor/PluginBrowser/PluginBrowser.uplugin
LogPluginManager: Loaded Plugin SpeedTreeImporter, From D:/Unreal/Epic Games/4.14/Engine/Plugins/Editor/SpeedTreeImporter/SpeedTreeImporter.uplugin
LogPluginManager: Loaded Plugin SuperSearchEditor, From D:/Unreal/Epic Games/4.14/Engine/Plugins/Editor/SuperSearchEditor/SuperSearchEditor.uplugin
LogPluginManager: Loaded Plugin AlembicImporter, From D:/Unreal/Epic Games/4.14/Engine/Plugins/Experimental/AlembicImporter/AlembicImporter.uplugin
LogPluginManager: Loaded Plugin BlueprintStats, From D:/Unreal/Epic Games/4.14/Engine/Plugins/Experimental/BlueprintStats/BlueprintStats.uplugin
LogPluginManager: Loaded Plugin CharacterAI, From D:/Unreal/Epic Games/4.14/Engine/Plugins/Experimental/CharacterAI/CharacterAI.uplugin
LogPluginManager: Loaded Plugin CodeEditor, From D:/Unreal/Epic Games/4.14/Engine/Plugins/Experimental/CodeEditor/CodeEditor.uplugin
LogPluginManager: Loaded Plugin CodeView, From D:/Unreal/Epic Games/4.14/Engine/Plugins/Experimental/CodeView/CodeView.uplugin
LogPluginManager: Loaded Plugin HTML5Networking, From D:/Unreal/Epic Games/4.14/Engine/Plugins/Experimental/HTML5Networking/HTML5Networking.uplugin
LogPluginManager: Loaded Plugin OSVR, From D:/Unreal/Epic Games/4.14/Engine/Plugins/Experimental/OSVR/OSVR.uplugin
LogPluginManager: Loaded Plugin Phya, From D:/Unreal/Epic Games/4.14/Engine/Plugins/Experimental/Phya/Phya.uplugin
LogPluginManager: Loaded Plugin SignificanceManager, From D:/Unreal/Epic Games/4.14/Engine/Plugins/Experimental/SignificanceManager/SignificanceManager.uplugin
LogPluginManager: Loaded Plugin SimpleHMD, From D:/Unreal/Epic Games/4.14/Engine/Plugins/Experimental/SimpleHMD/SimpleHMD.uplugin
LogPluginManager: Loaded Plugin StereoPanorama, From D:/Unreal/Epic Games/4.14/Engine/Plugins/Experimental/StereoPanorama/StereoPanorama.uplugin
LogPluginManager: Loaded Plugin StructBox, From D:/Unreal/Epic Games/4.14/Engine/Plugins/Experimental/StructBox/StructBox.uplugin
LogPluginManager: Loaded Plugin Substance, From D:/Unreal/Epic Games/4.14/Engine/Plugins/Marketplace/Substance/Substance.uplugin
LogPluginManager: Loaded Plugin AndroidMedia, From D:/Unreal/Epic Games/4.14/Engine/Plugins/Media/AndroidMedia/AndroidMedia.uplugin
LogPluginManager: Loaded Plugin AvfMedia, From D:/Unreal/Epic Games/4.14/Engine/Plugins/Media/AvfMedia/AvfMedia.uplugin
LogPluginManager: Loaded Plugin MediaPlayerEditor, From D:/Unreal/Epic Games/4.14/Engine/Plugins/Media/MediaPlayerEditor/MediaPlayerEditor.uplugin
LogPluginManager: Loaded Plugin WmfMedia, From D:/Unreal/Epic Games/4.14/Engine/Plugins/Media/WmfMedia/WmfMedia.uplugin
LogPluginManager: Loaded Plugin MessagingDebugger, From D:/Unreal/Epic Games/4.14/Engine/Plugins/Messaging/MessagingDebugger/MessagingDebugger.uplugin
LogPluginManager: Loaded Plugin TcpMessaging, From D:/Unreal/Epic Games/4.14/Engine/Plugins/Messaging/TcpMessaging/TcpMessaging.uplugin
LogPluginManager: Loaded Plugin UdpMessaging, From D:/Unreal/Epic Games/4.14/Engine/Plugins/Messaging/UdpMessaging/UdpMessaging.uplugin
LogPluginManager: Loaded Plugin LevelSequenceEditor, From D:/Unreal/Epic Games/4.14/Engine/Plugins/MovieScene/LevelSequenceEditor/LevelSequenceEditor.uplugin
LogPluginManager: Loaded Plugin MatineeToLevelSequence, From D:/Unreal/Epic Games/4.14/Engine/Plugins/MovieScene/MatineeToLevelSequence/MatineeToLevelSequence.uplugin
LogPluginManager: Loaded Plugin NetcodeUnitTest, From D:/Unreal/Epic Games/4.14/Engine/Plugins/NetcodeUnitTest/NetcodeUnitTest/NetcodeUnitTest.uplugin
LogPluginManager: Loaded Plugin NUTUnrealEngine4, From D:/Unreal/Epic Games/4.14/Engine/Plugins/NetcodeUnitTest/NUTUnrealEngine4/NUTUnrealEngine4.uplugin
LogPluginManager: Loaded Plugin OnlineSubsystemGameCircle, From D:/Unreal/Epic Games/4.14/Engine/Plugins/Online/Android/OnlineSubsystemGameCircle/OnlineSubsystemGameCircle.uplugin
LogPluginManager: Loaded Plugin OnlineSubsystemGooglePlay, From D:/Unreal/Epic Games/4.14/Engine/Plugins/Online/Android/OnlineSubsystemGooglePlay/OnlineSubsystemGooglePlay.uplugin
LogPluginManager: Loaded Plugin OnlineSubsystemIOS, From D:/Unreal/Epic Games/4.14/Engine/Plugins/Online/IOS/OnlineSubsystemIOS/OnlineSubsystemIOS.uplugin
LogPluginManager: Loaded Plugin OnlineFramework, From D:/Unreal/Epic Games/4.14/Engine/Plugins/Online/OnlineFramework/OnlineFramework.uplugin
LogPluginManager: Loaded Plugin OnlineSubsystem, From D:/Unreal/Epic Games/4.14/Engine/Plugins/Online/OnlineSubsystem/OnlineSubsystem.uplugin
LogPluginManager: Loaded Plugin OnlineSubsystemAmazon, From D:/Unreal/Epic Games/4.14/Engine/Plugins/Online/OnlineSubsystemAmazon/OnlineSubsystemAmazon.uplugin
LogPluginManager: Loaded Plugin OnlineSubsystemFacebook, From D:/Unreal/Epic Games/4.14/Engine/Plugins/Online/OnlineSubsystemFacebook/OnlineSubsystemFacebook.uplugin
LogPluginManager: Loaded Plugin OnlineSubsystemNull, From D:/Unreal/Epic Games/4.14/Engine/Plugins/Online/OnlineSubsystemNull/OnlineSubsystemNull.uplugin
LogPluginManager: Loaded Plugin OnlineSubsystemOculus, From D:/Unreal/Epic Games/4.14/Engine/Plugins/Online/OnlineSubsystemOculus/OnlineSubsystemOculus.uplugin
LogPluginManager: Loaded Plugin OnlineSubsystemSteam, From D:/Unreal/Epic Games/4.14/Engine/Plugins/Online/OnlineSubsystemSteam/OnlineSubsystemSteam.uplugin
LogPluginManager: Loaded Plugin OnlineSubsystemUtils, From D:/Unreal/Epic Games/4.14/Engine/Plugins/Online/OnlineSubsystemUtils/OnlineSubsystemUtils.uplugin
LogPluginManager: Loaded Plugin IOSTapJoy, From D:/Unreal/Epic Games/4.14/Engine/Plugins/Runtime/Advertising/IOSTapJoy/IOSTapJoy.uplugin
LogPluginManager: Loaded Plugin AnalyticsBlueprintLibrary, From D:/Unreal/Epic Games/4.14/Engine/Plugins/Runtime/Analytics/AnalyticsBlueprintLibrary/AnalyticsBlueprintLibrary.uplugin
LogPluginManager: Loaded Plugin AnalyticsMulticast, From D:/Unreal/Epic Games/4.14/Engine/Plugins/Runtime/Analytics/AnalyticsMulticast/AnalyticsMulticast.uplugin
LogPluginManager: Loaded Plugin Apsalar, From D:/Unreal/Epic Games/4.14/Engine/Plugins/Runtime/Analytics/Apsalar/Apsalar.uplugin
LogPluginManager: Loaded Plugin FileLogging, From D:/Unreal/Epic Games/4.14/Engine/Plugins/Runtime/Analytics/FileLogging/FileLogging.uplugin
LogPluginManager: Loaded Plugin Flurry, From D:/Unreal/Epic Games/4.14/Engine/Plugins/Runtime/Analytics/Flurry/Flurry.uplugin
LogPluginManager: Loaded Plugin AndroidDeviceProfileSelector, From D:/Unreal/Epic Games/4.14/Engine/Plugins/Runtime/AndroidDeviceProfileSelector/AndroidDeviceProfileSelector.uplugin
LogPluginManager: Loaded Plugin AndroidMoviePlayer, From D:/Unreal/Epic Games/4.14/Engine/Plugins/Runtime/AndroidMoviePlayer/AndroidMoviePlayer.uplugin
LogPluginManager: Loaded Plugin AppleMoviePlayer, From D:/Unreal/Epic Games/4.14/Engine/Plugins/Runtime/AppleMoviePlayer/AppleMoviePlayer.uplugin
LogPluginManager: Loaded Plugin ArchVisCharacter, From D:/Unreal/Epic Games/4.14/Engine/Plugins/Runtime/ArchVisCharacter/ArchVisCharacter.uplugin
LogPluginManager: Loaded Plugin CableComponent, From D:/Unreal/Epic Games/4.14/Engine/Plugins/Runtime/CableComponent/CableComponent.uplugin
LogPluginManager: Loaded Plugin CustomMeshComponent, From D:/Unreal/Epic Games/4.14/Engine/Plugins/Runtime/CustomMeshComponent/CustomMeshComponent.uplugin
LogPluginManager: Loaded Plugin ExampleDeviceProfileSelector, From D:/Unreal/Epic Games/4.14/Engine/Plugins/Runtime/ExampleDeviceProfileSelector/ExampleDeviceProfileSelector.uplugin
LogPluginManager: Loaded Plugin GearVR, From D:/Unreal/Epic Games/4.14/Engine/Plugins/Runtime/GearVR/GearVR.uplugin
LogPluginManager: Loaded Plugin GoogleVRController, From D:/Unreal/Epic Games/4.14/Engine/Plugins/Runtime/GoogleVR/GoogleVRController/GoogleVRController.uplugin
LogPluginManager: Loaded Plugin GoogleVRHMD, From D:/Unreal/Epic Games/4.14/Engine/Plugins/Runtime/GoogleVR/GoogleVRHMD/GoogleVRHMD.uplugin
LogPluginManager: Loaded Plugin IOSDeviceProfileSelector, From D:/Unreal/Epic Games/4.14/Engine/Plugins/Runtime/IOSDeviceProfileSelector/IOSDeviceProfileSelector.uplugin
LogPluginManager: Loaded Plugin LeapMotion, From D:/Unreal/Epic Games/4.14/Engine/Plugins/Runtime/LeapMotion/LeapMotion.uplugin
LogPluginManager: Loaded Plugin LinuxDeviceProfileSelector, From D:/Unreal/Epic Games/4.14/Engine/Plugins/Runtime/LinuxDeviceProfileSelector/LinuxDeviceProfileSelector.uplugin
LogPluginManager: Loaded Plugin MIDIDevice, From D:/Unreal/Epic Games/4.14/Engine/Plugins/Runtime/MIDIDevice/MIDIDevice.uplugin
LogPluginManager: Loaded Plugin MobilePatchingUtils, From D:/Unreal/Epic Games/4.14/Engine/Plugins/Runtime/MobilePatchingUtils/MobilePatchingUtils.uplugin
LogPluginManager: Loaded Plugin Ansel, From D:/Unreal/Epic Games/4.14/Engine/Plugins/Runtime/Nvidia/Ansel/Ansel.uplugin
LogPluginManager: Loaded Plugin OculusAudio, From D:/Unreal/Epic Games/4.14/Engine/Plugins/Runtime/OculusAudio/OculusAudio.uplugin
LogPluginManager: Loaded Plugin OculusInput, From D:/Unreal/Epic Games/4.14/Engine/Plugins/Runtime/OculusInput/OculusInput.uplugin
LogPluginManager: Loaded Plugin OculusLibrary, From D:/Unreal/Epic Games/4.14/Engine/Plugins/Runtime/OculusLibrary/OculusLibrary.uplugin
LogPluginManager: Loaded Plugin OculusRift, From D:/Unreal/Epic Games/4.14/Engine/Plugins/Runtime/OculusRift/OculusRift.uplugin
LogPluginManager: Loaded Plugin Oodle, From D:/Unreal/Epic Games/4.14/Engine/Plugins/Runtime/PacketHandlers/CompressionComponents/Oodle/Oodle.uplugin
LogPluginManager: Loaded Plugin ProceduralMeshComponent, From D:/Unreal/Epic Games/4.14/Engine/Plugins/Runtime/ProceduralMeshComponent/ProceduralMeshComponent.uplugin
LogPluginManager: Loaded Plugin SoundMod, From D:/Unreal/Epic Games/4.14/Engine/Plugins/Runtime/SoundMod/SoundMod.uplugin
LogPluginManager: Loaded Plugin SoundVisualizations, From D:/Unreal/Epic Games/4.14/Engine/Plugins/Runtime/SoundVisualizations/SoundVisualizations.uplugin
LogPluginManager: Loaded Plugin SteamController, From D:/Unreal/Epic Games/4.14/Engine/Plugins/Runtime/Steam/SteamController/SteamController.uplugin
LogPluginManager: Loaded Plugin SteamVR, From D:/Unreal/Epic Games/4.14/Engine/Plugins/Runtime/Steam/SteamVR/SteamVR.uplugin
LogPluginManager: Loaded Plugin WebBrowserWidget, From D:/Unreal/Epic Games/4.14/Engine/Plugins/Runtime/WebBrowserWidget/WebBrowserWidget.uplugin
LogPluginManager: Loaded Plugin WindowsDeviceProfileSelector, From D:/Unreal/Epic Games/4.14/Engine/Plugins/Runtime/WindowsDeviceProfileSelector/WindowsDeviceProfileSelector.uplugin
LogPluginManager: Loaded Plugin WindowsMoviePlayer, From D:/Unreal/Epic Games/4.14/Engine/Plugins/Runtime/WindowsMoviePlayer/WindowsMoviePlayer.uplugin
LogPluginManager: Loaded Plugin ScriptPlugin, From D:/Unreal/Epic Games/4.14/Engine/Plugins/ScriptPlugin/ScriptPlugin.uplugin
LogPluginManager: Loaded Plugin SlateRemote, From D:/Unreal/Epic Games/4.14/Engine/Plugins/Slate/SlateRemote/SlateRemote.uplugin
LogPluginManager: Loaded Plugin EditorTests, From D:/Unreal/Epic Games/4.14/Engine/Plugins/Tests/EditorTests/EditorTests.uplugin
LogPluginManager: Loaded Plugin FbxAutomationTestBuilder, From D:/Unreal/Epic Games/4.14/Engine/Plugins/Tests/FbxAutomationTestBuilder/FbxAutomationTestBuilder.uplugin
LogPluginManager: Loaded Plugin FunctionalTestingEditor, From D:/Unreal/Epic Games/4.14/Engine/Plugins/Tests/FunctionalTestingEditor/FunctionalTestingEditor.uplugin
LogPluginManager: Loaded Plugin RuntimeTests, From D:/Unreal/Epic Games/4.14/Engine/Plugins/Tests/RuntimeTests/RuntimeTests.uplugin
LogPluginManager: Loaded Plugin ScreenshotTools, From D:/Unreal/Epic Games/4.14/Engine/Plugins/Tests/ScreenshotTools/ScreenshotTools.uplugin
LogInit: Using libcurl 7.47.1
LogInit:  - built for x86_64-pc-win32
LogInit:  - supports SSL with OpenSSL/1.0.2g
LogInit:  - supports HTTP deflate (compression) using libz 1.2.8
LogInit:  - other features:
LogInit:      CURL_VERSION_SSL
LogInit:      CURL_VERSION_LIBZ
LogInit:      CURL_VERSION_IPV6
LogInit:      CURL_VERSION_ASYNCHDNS
LogInit:      CURL_VERSION_LARGEFILE
LogInit:      CURL_VERSION_IDN
LogInit:  CurlRequestOptions (configurable via config and command line):
LogInit:  - bVerifyPeer = false  - Libcurl will NOT verify peer certificate
LogInit:  - bUseHttpProxy = false  - Libcurl will NOT use HTTP proxy
LogInit:  - bDontReuseConnections = false  - Libcurl will reuse connections
LogInit:  - CertBundlePath = nullptr  - Libcurl will use whatever was configured at build time.
LogOnline:Display: STEAM: Loading Steam SDK 1.32
LogOnline:Warning: STEAM: Steam API disabled!
LogOnline:Display: STEAM: OnlineSubsystemSteam::Shutdown()
LogInit: WinSock: version 1.1 (2.2), MaxSocks=32767, MaxUdp=65467
LogInit: Build: ++UE4+Release-4.14-CL-3249277
LogInit: Engine Version: 4.14.3-3249277+++UE4+Release-4.14
LogInit: Compatible Engine Version: 4.14.0-3195953+++UE4+Release-4.14
LogInit: Net CL: 3195953
LogDevObjectVersion: Number of dev versions registered: 13
LogDevObjectVersion:   Dev-Blueprints (B0D832E4-1F89-4F0D-ACCF-7EB736FD4AA2): 7
LogDevObjectVersion:   Dev-Build (E1C64328-A22C-4D53-A36C-8E866417BD8C): 0
LogDevObjectVersion:   Dev-Core (375EC13C-06E4-48FB-B500-84F0262A717E): 1
LogDevObjectVersion:   Dev-Editor (E4B068ED-F494-42E9-A231-DA0B2E46BB41): 8
LogDevObjectVersion:   Dev-Framework (CFFC743F-43B0-4480-9391-14DF171D2073): 17
LogDevObjectVersion:   Dev-Mobile (B02B49B5-BB20-44E9-A304-32B752E40360): 0
LogDevObjectVersion:   Dev-Networking (A4E4105C-59A1-49B5-A7C5-40C4547EDFEE): 0
LogDevObjectVersion:   Dev-Online (39C831C9-5AE6-47DC-9A44-9C173E1C8E7C): 0
LogDevObjectVersion:   Dev-Physics (78F01B33-EBEA-4F98-B9B4-84EACCB95AA2): 0
LogDevObjectVersion:   Dev-Platform (6631380F-2D4D-43E0-8009-CF276956A95A): 0
LogDevObjectVersion:   Dev-Rendering (12F88B9F-8875-4AFC-A67C-D90C383ABD29): 12
LogDevObjectVersion:   Dev-Sequencer (7B5AE74C-D270-4C10-A958-57980B212A5A): 1
LogDevObjectVersion:   Dev-VR (D7296918-1DD6-4BDD-9DE2-64A83CC13884): 0
LogInit: Compiled (64-bit): Jan  6 2017 10:49:43
LogInit: Compiled with Visual C++: 19.00.23026.00
LogInit: Build Configuration: Development
LogInit: Branch Name: ++UE4+Release-4.14
LogInit: Command line:  
LogInit: Base directory: D:/Unreal/Epic Games/4.14/Engine/Binaries/Win64/
LogInit: Installed Engine Build: 1
LogInit: Presizing for max 8388607 objects, including 0 objects not considered by GC, pre-allocating 0 bytes for permanent pool.
LogInit: Object subsystem initialized
[2017.04.10-12.33.35:438][  0]LogInit: Selected Device Profile: [Windows]
[2017.04.10-12.33.35:438][  0]LogInit: Applying CVar settings loaded from the selected device profile: [Windows]
[2017.04.10-12.33.35:488][  0]LogInit: Computer: ASUS
[2017.04.10-12.33.35:489][  0]LogInit: User: User
[2017.04.10-12.33.35:489][  0]LogInit: CPU Page size=65536, Cores=4
[2017.04.10-12.33.35:489][  0]LogInit: High frequency timer resolution =2.533194 MHz
[2017.04.10-12.33.35:490][  0]LogMemory: Memory total: Physical=11.9GB (12GB approx)
[2017.04.10-12.33.35:490][  0]LogMemory: Platform Memory Stats for Windows
[2017.04.10-12.33.35:490][  0]LogMemory: Process Physical Memory: 267.80 MB used, 267.80 MB peak
[2017.04.10-12.33.35:490][  0]LogMemory: Process Virtual Memory: 263.19 MB used, 263.19 MB peak
[2017.04.10-12.33.35:490][  0]LogMemory: Physical Memory: 4402.42 MB used,  7774.47 MB free, 12176.89 MB total
[2017.04.10-12.33.35:490][  0]LogMemory: Virtual Memory: 680.30 MB used,  7774.47 MB free, 134217728.00 MB total
[2017.04.10-12.33.36:056][  0]LogTextLocalizationManager: No specific translations for ('en-SG') exist, so ('en') translations will be used.
[2017.04.10-12.33.38:688][  0]LogD3D11RHI: D3D11 adapters:
[2017.04.10-12.33.39:343][  0]LogD3D11RHI:    0. 'NVIDIA GeForce GTX 950M' (Feature Level 11_0)
[2017.04.10-12.33.39:343][  0]LogD3D11RHI:       4036/0/6088 MB DedicatedVideo/DedicatedSystem/SharedSystem, Outputs:1, VendorId:0x10de
[2017.04.10-12.33.39:363][  0]LogD3D11RHI:    1. 'Intel(R) HD Graphics 4600' (Feature Level 11_0)
[2017.04.10-12.33.39:363][  0]LogD3D11RHI:       112/0/2048 MB DedicatedVideo/DedicatedSystem/SharedSystem, Outputs:0, VendorId:0x8086
[2017.04.10-12.33.39:368][  0]LogD3D11RHI:    2. 'Microsoft Basic Render Driver' (Feature Level 11_0)
[2017.04.10-12.33.39:368][  0]LogD3D11RHI:       0/0/6088 MB DedicatedVideo/DedicatedSystem/SharedSystem, Outputs:0, VendorId:0x1414
[2017.04.10-12.33.39:368][  0]LogD3D11RHI: Chosen D3D11 Adapter: 0
[2017.04.10-12.33.39:386][  0]LogD3D11RHI: Creating new Direct3DDevice
[2017.04.10-12.33.39:387][  0]LogD3D11RHI:     GPU DeviceId: 0x139a (for the marketing name, search the web for "GPU Device Id")
[2017.04.10-12.33.39:387][  0]LogWindows: EnumDisplayDevices:
[2017.04.10-12.33.39:387][  0]LogWindows:    0. 'Intel(R) HD Graphics 4600' (P:1 D:1)
[2017.04.10-12.33.39:388][  0]LogWindows:    1. 'Intel(R) HD Graphics 4600' (P:0 D:0)
[2017.04.10-12.33.39:388][  0]LogWindows:    2. 'Intel(R) HD Graphics 4600' (P:0 D:0)
[2017.04.10-12.33.39:389][  0]LogWindows: DebugString: PrimaryIsNotTheChoosenAdapter PrimaryIsNotTheChoosenAdapter PrimaryIsNotTheChoosenAdapter FoundDriverCount:0 
[2017.04.10-12.33.39:389][  0]LogD3D11RHI:     Adapter Name: NVIDIA GeForce GTX 950M
[2017.04.10-12.33.39:389][  0]LogD3D11RHI:   Driver Version: Unknown (internal:Unknown, unified:Unknown)
[2017.04.10-12.33.39:389][  0]LogD3D11RHI:      Driver Date: Unknown
[2017.04.10-12.33.39:389][  0]LogRHI: Texture pool is 1361 MB (70% of 1945 MB)
[2017.04.10-12.33.39:444][  0]LogD3D11RHI: Async texture creation enabled
[2017.04.10-12.33.39:472][  0]LogD3D11RHI: GPU Timing Frequency: 1000.000000 (Debug: 2 1)
[2017.04.10-12.33.39:474][  0]LogShaderCompilers: Guid format shader working directory is 16 characters bigger than the processId version (../../../../../PurgaStory_v3/Intermediate/Shaders/WorkingDirectory/13224/).
[2017.04.10-12.33.39:475][  0]LogShaderCompilers: Cleaned the shader compiler working directory 'C:/Users/User/AppData/Local/Temp/UnrealShaderWorkingDir/7909864347B36ED52067E98A6F345063/'.
[2017.04.10-12.33.39:475][  0]LogShaderCompilers:Display: Using Local Shader Compiler.
[2017.04.10-12.33.43:449][  0]LogTemp:Display: Loaded TP AllDesktopTargetPlatform
[2017.04.10-12.33.43:612][  0]LogTemp:Display: Loaded TP MacClientTargetPlatform
[2017.04.10-12.33.43:776][  0]LogTemp:Display: Loaded TP MacNoEditorTargetPlatform
[2017.04.10-12.33.43:939][  0]LogTemp:Display: Loaded TP MacServerTargetPlatform
[2017.04.10-12.33.44:102][  0]LogTemp:Display: Loaded TP MacTargetPlatform
[2017.04.10-12.33.44:265][  0]LogTemp:Display: Loaded TP WindowsClientTargetPlatform
[2017.04.10-12.33.44:439][  0]LogTemp:Display: Loaded TP WindowsNoEditorTargetPlatform
[2017.04.10-12.33.44:603][  0]LogTemp:Display: Loaded TP WindowsServerTargetPlatform
[2017.04.10-12.33.44:729][  0]LogTemp:Display: Loaded TP WindowsTargetPlatform
[2017.04.10-12.33.44:891][  0]LogTemp:Display: Loaded TP AndroidTargetPlatform
[2017.04.10-12.33.45:054][  0]LogTemp:Display: Loaded TP Android_ASTCTargetPlatform
[2017.04.10-12.33.45:214][  0]LogTemp:Display: Loaded TP Android_ATCTargetPlatform
[2017.04.10-12.33.45:377][  0]LogTemp:Display: Loaded TP Android_DXTTargetPlatform
[2017.04.10-12.33.45:544][  0]LogTemp:Display: Loaded TP Android_ETC1TargetPlatform
[2017.04.10-12.33.45:703][  0]LogTemp:Display: Loaded TP Android_ETC2TargetPlatform
[2017.04.10-12.33.46:030][  0]LogTemp:Display: Loaded TP Android_MultiTargetPlatform
[2017.04.10-12.33.46:030][  0]LogTemp:Display: Loaded TP Android_PVRTCTargetPlatform
[2017.04.10-12.33.46:134][  0]LogTemp:Display: Loaded TP HTML5TargetPlatform
[2017.04.10-12.33.46:373][  0]LogTemp:Display: Loaded TP IOSTargetPlatform
[2017.04.10-12.33.46:484][  0]LogTemp:Display: Loaded TP TVOSTargetPlatform
[2017.04.10-12.33.46:656][  0]LogTemp:Display: Loaded TP LinuxClientTargetPlatform
[2017.04.10-12.33.46:820][  0]LogTemp:Display: Loaded TP LinuxNoEditorTargetPlatform
[2017.04.10-12.33.46:981][  0]LogTemp:Display: Loaded TP LinuxServerTargetPlatform
[2017.04.10-12.33.47:145][  0]LogTemp:Display: Loaded TP LinuxTargetPlatform
[2017.04.10-12.33.47:145][  0]LogTargetPlatformManager:Display: Building Assets For Windows
[2017.04.10-12.33.48:196][  0]LogDerivedDataCache:Display: Max Cache Size: 512 MB
[2017.04.10-12.33.48:369][  0]LogDerivedDataCache: Loaded boot cache 0.17s 50MB C:/Users/User/AppData/Local/UnrealEngine/4.14/DerivedDataCache/Boot.ddc.
[2017.04.10-12.33.48:369][  0]LogDerivedDataCache:Display: Loaded Boot cache: C:/Users/User/AppData/Local/UnrealEngine/4.14/DerivedDataCache/Boot.ddc
[2017.04.10-12.33.48:369][  0]LogDerivedDataCache: FDerivedDataBackendGraph:  Pak pak cache file ../../../../../PurgaStory_v3/DerivedDataCache/DDC.ddp not found, will not use a pak cache.
[2017.04.10-12.33.48:369][  0]LogDerivedDataCache: Unable to find inner node Pak for hierarchical cache Hierarchy.
[2017.04.10-12.33.48:369][  0]LogDerivedDataCache: FDerivedDataBackendGraph:  CompressedPak pak cache file ../../../../../PurgaStory_v3/DerivedDataCache/Compressed.ddp not found, will not use a pak cache.
[2017.04.10-12.33.48:369][  0]LogDerivedDataCache: Unable to find inner node CompressedPak for hierarchical cache Hierarchy.
[2017.04.10-12.33.48:439][  0]LogDerivedDataCache:Display: Pak cache opened for reading ../../../Engine/DerivedDataCache/Compressed.ddp.
[2017.04.10-12.33.48:453][  0]LogDerivedDataCache: Using Local data cache path C:/Users/User/AppData/Local/UnrealEngine/Common/DerivedDataCache: Writable
[2017.04.10-12.33.49:136][  0]LogInit: Selected Device Profile: [Windows]
[2017.04.10-12.33.49:149][  0]LogContentStreaming: Texture pool size is 0.00 MB
[2017.04.10-12.33.49:809][  0]LogMeshUtilities: Using QuadricMeshReduction for automatic static mesh reduction
[2017.04.10-12.33.49:930][  0]LogSimplygon: Simplygon DLL not present - disabling.
[2017.04.10-12.33.50:049][  0]LogMeshUtilities: Using SimplygonSwarm for distributed automatic mesh merging
[2017.04.10-12.33.50:049][  0]LogMeshUtilities: No automatic skeletal mesh reduction module available
[2017.04.10-12.33.50:049][  0]LogMeshUtilities: No automatic mesh merging module available
[2017.04.10-12.33.51:652][  0]LogNetVersion: GetLocalNetworkVersion: CL: 3195953, ProjectName: purgastory, ProjectVersion: , EngineNetworkVersion: 2, GameNetworkVersion: 0, NetworkChecksum: 4090582873
[2017.04.10-12.33.51:779][  0]LogAssetRegistry: FAssetRegistry took 0.0231 seconds to start up
[2017.04.10-12.33.51:905][  0]LogPackageLocalizationCache: Processed 3 localized package path(s) for 2 prioritized culture(s) in 0.068563 seconds
[2017.04.10-12.33.51:922][  0]LogUObjectArray: 31953 objects as part of root set at end of initial load.
[2017.04.10-12.33.51:922][  0]LogUObjectAllocator: 7149664 out of 0 bytes used by permanent object pool.
[2017.04.10-12.33.51:922][  0]LogUObjectArray: CloseDisregardForGC: 0/0 objects in disregard for GC pool
[2017.04.10-12.33.54:387][  0]LogSlate: Using Freetype 2.6.0
[2017.04.10-12.33.54:390][  0]LogSlate: SlateFontCache - WITH_FREETYPE: 1, WITH_HARFBUZZ: 1
[2017.04.10-12.33.54:390][  0]LogSlate: SlateFontCache - WITH_FREETYPE: 1, WITH_HARFBUZZ: 1
[2017.04.10-12.33.57:719][  0]LogSubstanceCoreModule: Substance [CPU] Engine Loaded, Max Texture Size = 2048
[2017.04.10-12.33.57:777][  0]LogTcpMessaging: Initializing TcpMessaging bridge
[2017.04.10-12.33.57:839][  0]LogUdpMessaging: Initializing bridge on interface 0.0.0.0:0 to multicast group 230.0.0.1:6666.
[2017.04.10-12.33.58:405][  0]LogMaterial: Uniform references updated for custom material expression Custom.
[2017.04.10-12.33.59:207][  0]SourceControl: Info Source control is disabled
[2017.04.10-12.33.59:294][  0]SourceControl: Info Source control is disabled
[2017.04.10-12.33.59:378][  0]SourceControl: Info Source control is disabled
[2017.04.10-12.33.59:467][  0]SourceControl: Info Source control is disabled
[2017.04.10-12.34.03:997][  0]LogEngine: Initializing Engine...
[2017.04.10-12.34.03:998][  0]LogHMD: Failed to initialize OpenVR with code 110
[2017.04.10-12.34.04:645][  0]LogAIModule: Creating AISystem for world Untitled
[2017.04.10-12.34.04:664][  0]LogInit: XAudio2 using 'Speakers (Conexant SmartAudio HD)' : 2 channels at 48 kHz using 32 bits per sample (channel mask 0x3)
[2017.04.10-12.34.04:779][  0]LogInit: FAudioDevice initialized.
[2017.04.10-12.34.04:854][  0]LogDerivedDataCache: Saved boot cache 0.07s 50MB C:/Users/User/AppData/Local/UnrealEngine/4.14/DerivedDataCache/Boot.ddc.
[2017.04.10-12.34.05:134][  0]LogInit: Texture streaming: Enabled
[2017.04.10-12.34.05:679][  0]LogWindowsTextInputMethodSystem:Display: IME system now deactivated.
[2017.04.10-12.34.05:832][  0]LogInit: Transaction tracking system initialized
[2017.04.10-12.34.07:515][  0]BlueprintLog: New page: Editor Load
[2017.04.10-12.34.10:084][  0]LocalizationService: Info Localization service is disabled
[2017.04.10-12.34.11:754][  0]LogConsoleResponse:Display: 
[2017.04.10-12.34.12:203][  0]LogCook:Display: Max memory allowance for cook 16384mb min free memory 0mb
[2017.04.10-12.34.12:204][  0]LogCook:Display: Mobile HDR setting 1
[2017.04.10-12.34.12:787][  0]LogFileCache: Scanning file cache for directory 'D:/Unreal/PurgaStory_v3/Content/' took 0.05s
[2017.04.10-12.34.16:244][  0]SourceControl: Info Source control is disabled
[2017.04.10-12.34.16:245][  0]Cmd: MAP LOAD FILE="../../../../../PurgaStory_v3/Content/Multiplayer/Maps/MP_mainMenu.umap" TEMPLATE=0 SHOWPROGRESS=1 FEATURELEVEL=3
[2017.04.10-12.34.16:246][  0]LightingResults: New page: Lighting Build
[2017.04.10-12.34.16:413][  0]MapCheck: New page: Map Check
[2017.04.10-12.34.16:413][  0]LightingResults: New page: Lighting Build
[2017.04.10-12.34.21:515][  0]LogAudioDerivedData:Display: Building compressed audio format OGG wave PurgaStory_menu...
[2017.04.10-12.34.35:023][  0]LogAIModule: Creating AISystem for world MP_mainMenu
[2017.04.10-12.34.35:036][  0]LogEditorServer: Finished looking for orphan Actors (0.000 secs)
[2017.04.10-12.34.35:038][  0]Cmd: MAP CHECKDEP NOCLEARLOG
[2017.04.10-12.34.35:168][  0]MapCheck: Info Map check complete: 0 Error(s), 0 Warning(s), took 129.566ms to complete.
[2017.04.10-12.34.35:169][  0]LogFileHelpers: Loading map 'MP_mainMenu' took 18.924
[2017.04.10-12.34.35:882][  0]LogCollectionManager: Loaded 0 collections in 0.003752 seconds
[2017.04.10-12.34.36:049][  0]LogFileCache: Scanning file cache for directory 'D:/Unreal/PurgaStory_v3/Saved/Collections/' took 0.01s
[2017.04.10-12.34.36:049][  0]LogFileCache: Scanning file cache for directory 'D:/Unreal/PurgaStory_v3/Content/Developers/User/Collections/' took 0.01s
[2017.04.10-12.34.36:049][  0]LogFileCache: Scanning file cache for directory 'D:/Unreal/PurgaStory_v3/Content/Collections/' took 0.01s
[2017.04.10-12.34.36:049][  0]LogCollectionManager: Rebuilt the GUID cache for 0 collections in 0.000005 seconds
[2017.04.10-12.34.36:083][  0]LogContentBrowser: Native class hierarchy populated in 0.0332 seconds. Added 2206 classes and 437 folders.
[2017.04.10-12.34.36:196][  0]LogStats: UGameplayTagsManager::ConstructGameplayTagTree: Construct from data asset -  0.000 s
[2017.04.10-12.34.36:196][  0]LogStats: UGameplayTagsManager::ConstructGameplayTagTree: GameplayTagTreeChangedEvent.Broadcast -  0.000 s
[2017.04.10-12.34.36:198][  0]LogContentBrowser: Native class hierarchy updated for 'GameplayTags' in 0.0018 seconds. Added 13 classes and 0 folders.
[2017.04.10-12.34.36:368][  0]LogContentBrowser: Native class hierarchy updated for 'WidgetCarousel' in 0.0016 seconds. Added 0 classes and 0 folders.
[2017.04.10-12.34.36:497][  0]LogContentBrowser: Native class hierarchy updated for 'AddContentDialog' in 0.0017 seconds. Added 0 classes and 0 folders.
[2017.04.10-12.34.36:613][  0]LogContentBrowser: Native class hierarchy updated for 'SceneOutliner' in 0.0016 seconds. Added 1 classes and 2 folders.
[2017.04.10-12.34.36:874][  0]LogCrashTracker: Crashtracker disabled due to settings.
[2017.04.10-12.34.36:892][  0]LogUObjectGlobals:Warning: Failed to find object 'Class None.'
[2017.04.10-12.34.37:063][  0]LogContentBrowser: Native class hierarchy updated for 'HierarchicalLODOutliner' in 0.0023 seconds. Added 1 classes and 2 folders.
[2017.04.10-12.34.37:063][  0]LogLoad: (Engine Initialization) Total time: 66.73 seconds
[2017.04.10-12.34.37:063][  0]LogLoad: (Engine Initialization) Total Blueprint compile time: 0.73 seconds
[2017.04.10-12.34.37:064][  0]LogExternalProfiler: Found external profiler: VSPerf
[2017.04.10-12.34.37:064][  0]LogExternalProfiler: Using external profiler: VSPerf
[2017.04.10-12.34.37:075][  0]LogOcInput: OculusInput pre-init called
[2017.04.10-12.34.37:122][  0]LogContentStreaming: Texture pool size now 800 MB
[2017.04.10-12.34.37:617][  0]LogRenderer: Reallocating scene render targets to support 684x412 NumSamples 1 (Frame:2).
[2017.04.10-12.34.37:936][  1]LogFileCache: Retrieving MD5 hashes for directory 'D:/Unreal/PurgaStory_v3/Content/' took 0.85s
[2017.04.10-12.34.45:235][304]LogAssetRegistry: Asset discovery search completed in 53.4795 seconds
[2017.04.10-12.34.45:235][304]LogCollectionManager: Rebuilt the object cache for 0 collections in 0.000001 seconds (found 0 objects)
[2017.04.10-12.34.45:235][304]LogCollectionManager: Fixed up redirectors for 0 collections in 0.000053 seconds (updated 0 objects)
[2017.04.10-12.34.48:802][448]AssetReimport: New page: Detailed File System Changes from 8:34:48 pm
[2017.04.10-12.34.48:830][448]AssetReimport: Info 'D:/Unreal/PurgaStory_v3/Content/Menu/MenuAssets/._Gypsy Curse.ttf' has been created.
[2017.04.10-12.35.36:465][610]LogTemp: Repeting last play command: Standalone Game
[2017.04.10-12.35.36:787][610]Cmd: OBJ SAVEPACKAGE PACKAGE="/Game/Multiplayer/Maps/MP_mainMenu" FILE="../../../../../PurgaStory_v3/Saved/Autosaves/Game/Multiplayer/Maps/UEDPCMP_mainMenu.umap" SILENT=true AUTOSAVING=true KEEPDIRTY=true
[2017.04.10-12.35.36:987][610]LogSavePackage: Save=190.14ms
[2017.04.10-12.35.36:988][610]LogSavePackage: Moving '../../../../../PurgaStory_v3/Saved/UEDPCMP_mainMenu87E596484A136CD68A183787C5045DB2.tmp' to '../../../../../PurgaStory_v3/Saved/Autosaves/Game/Multiplayer/Maps/UEDPCMP_mainMenu.umap'
[2017.04.10-12.35.36:991][610]LogSavePackage:Display: Finished SavePackage ../../../../../PurgaStory_v3/Saved/Autosaves/Game/Multiplayer/Maps/UEDPCMP_mainMenu.umap
[2017.04.10-12.35.37:018][610]LogEditorTransaction: Undo Spawn Play From Here Start
[2017.04.10-12.36.31:928][361]LogBlueprint:Warning: [BP_Seeker] 'HidingTimeLeft' variable not found. Base class was probably changed.
[2017.04.10-12.36.36:513][361]LogContentBrowser: Native class hierarchy updated for 'BlueprintGraph' in 0.0032 seconds. Added 111 classes and 0 folders.
[2017.04.10-12.36.44:629][421]LogRenderer: Reallocating scene render targets to support 1032x540 NumSamples 1 (Frame:2190).
[2017.04.10-12.37.00:662][148]BlueprintLog: New page: Compile BP_Hider
[2017.04.10-12.37.03:511][174]Cmd: OBJ SAVEPACKAGE PACKAGE="/Game/ThirdPersonBP/BP_Hider" FILE="../../../../../PurgaStory_v3/Content/ThirdPersonBP/BP_Hider.uasset" SILENT=true
[2017.04.10-12.37.04:606][174]LogSavePackage: Save=1064.62ms
[2017.04.10-12.37.04:606][174]LogSavePackage: Moving '../../../../../PurgaStory_v3/Saved/BP_Hider51A9AF4B4F0EAAACB3E54CA46D8A5538.tmp' to '../../../../../PurgaStory_v3/Content/ThirdPersonBP/BP_Hider.uasset'
[2017.04.10-12.37.04:614][174]LogSavePackage:Display: Finished SavePackage ../../../../../PurgaStory_v3/Content/ThirdPersonBP/BP_Hider.uasset
[2017.04.10-12.37.07:467][266]LogWindowsTextInputMethodSystem:Display: IME system now deactivated.
[2017.04.10-12.37.07:963][267]Cmd: QUIT_EDITOR
[2017.04.10-12.37.08:256][267]LogExit: Preparing to exit.
[2017.04.10-12.37.09:067][267]LogDirectoryWatcher: A directory notification for 'D:/Unreal/PurgaStory_v3/Content/' was aborted.
[2017.04.10-12.37.09:182][267]LogExit: Editor shut down
[2017.04.10-12.37.09:183][267]LogExit: Transaction tracking system shut down
[2017.04.10-12.37.09:713][267]LogObj: Freed 0b from 0 cluster array pools.
[2017.04.10-12.37.09:713][267]LogExit: Object subsystem successfully closed.
[2017.04.10-12.37.09:751][267]LogD3D11RHI: Shutdown
[2017.04.10-12.37.09:751][267]LogD3D11RHI: CleanupD3DDevice
[2017.04.10-12.37.10:039][267]LogD3D11RHI: ~FD3D11DynamicRHI
[2017.04.10-12.37.10:065][267]LogHttp:Display: Http module shutting down, but needs to wait on 1 outstanding Http requests:
[2017.04.10-12.37.10:065][267]LogHttp:Display: 	verb=[POST] url=[https://datarouter.ol.epicgames.com/datarouter/api/v1/public/data?SessionID=%7B86E2C6CB-453C-6544-8046-E68D596BA531%7D&AppID=UEEditor.Rocket.Release&AppVersion=4.14.3-3249277%2B%2B%2BUE4%2BRelease-4.14&UserID=d1c8f82b417d2ce73f7df0820151bd26%7C54ddd81e2c83417ea6547a0ffff3e5a4%7Cfb954913-2a66-44b3-9e13-656e6d75c89e&AppEnvironment=datacollector-binary&UploadType=eteventstream] status=Processing
[2017.04.10-12.37.10:075][267]LogModuleManager: Shutting down and abandoning module BlueprintGraph (246)
[2017.04.10-12.37.10:075][267]LogModuleManager: Shutting down and abandoning module BlueprintProfiler (245)
[2017.04.10-12.37.10:075][267]LogModuleManager: Shutting down and abandoning module HierarchicalLODOutliner (244)
[2017.04.10-12.37.10:075][267]LogModuleManager: Shutting down and abandoning module CrashTracker (243)
[2017.04.10-12.37.10:075][267]LogModuleManager: Shutting down and abandoning module SceneOutliner (242)
[2017.04.10-12.37.10:075][267]LogModuleManager: Shutting down and abandoning module WidgetCarousel (241)
[2017.04.10-12.37.10:075][267]LogModuleManager: Shutting down and abandoning module AddContentDialog (240)
[2017.04.10-12.37.10:076][267]LogDirectoryWatcher: A directory notification for 'D:/Unreal/Epic Games/4.14/FeaturePacks/' was aborted.
[2017.04.10-12.37.10:086][267]LogModuleManager: Shutting down and abandoning module GameplayTags (239)
[2017.04.10-12.37.10:086][267]LogModuleManager: Shutting down and abandoning module EditorWidgets (238)
[2017.04.10-12.37.10:086][267]LogModuleManager: Shutting down and abandoning module CollectionManager (237)
[2017.04.10-12.37.10:086][267]LogDirectoryWatcher: A directory notification for 'D:/Unreal/PurgaStory_v3/Content/Collections/' was aborted.
[2017.04.10-12.37.10:086][267]LogDirectoryWatcher: A directory notification for 'D:/Unreal/PurgaStory_v3/Content/Developers/User/Collections/' was aborted.
[2017.04.10-12.37.10:086][267]LogDirectoryWatcher: A directory notification for 'D:/Unreal/PurgaStory_v3/Saved/Collections/' was aborted.
[2017.04.10-12.37.10:086][267]LogModuleManager: Shutting down and abandoning module StatsViewer (236)
[2017.04.10-12.37.10:086][267]LogModuleManager: Shutting down and abandoning module FoliageEdit (235)
[2017.04.10-12.37.10:086][267]LogModuleManager: Shutting down and abandoning module LandscapeEditor (234)
[2017.04.10-12.37.10:087][267]LogModuleManager: Shutting down and abandoning module SceneDepthPickerMode (233)
[2017.04.10-12.37.10:087][267]LogModuleManager: Shutting down and abandoning module ActorPickerMode (232)
[2017.04.10-12.37.10:087][267]LogModuleManager: Shutting down and abandoning module GeometryMode (231)
[2017.04.10-12.37.10:087][267]LogModuleManager: Shutting down and abandoning module TextureAlignMode (230)
[2017.04.10-12.37.10:087][267]LogModuleManager: Shutting down and abandoning module BspMode (229)
[2017.04.10-12.37.10:087][267]LogModuleManager: Shutting down and abandoning module HardwareSurvey (228)
[2017.04.10-12.37.10:087][267]LogModuleManager: Shutting down and abandoning module SequenceRecorderSections (227)
[2017.04.10-12.37.10:087][267]LogModuleManager: Shutting down and abandoning module AutomationWorker (226)
[2017.04.10-12.37.10:087][267]LogModuleManager: Shutting down and abandoning module MatineeToLevelSequence (225)
[2017.04.10-12.37.10:087][267]LogModuleManager: Shutting down and abandoning module PlacementMode (224)
[2017.04.10-12.37.10:087][267]LogModuleManager: Shutting down and abandoning module LevelSequenceEditor (223)
[2017.04.10-12.37.10:087][267]LogModuleManager: Shutting down and abandoning module WmfMediaFactory (222)
[2017.04.10-12.37.10:088][267]LogModuleManager: Shutting down and abandoning module WmfMediaEditor (221)
[2017.04.10-12.37.10:088][267]LogModuleManager: Shutting down and abandoning module AvfMediaFactory (220)
[2017.04.10-12.37.10:088][267]LogModuleManager: Shutting down and abandoning module AvfMediaEditor (219)
[2017.04.10-12.37.10:088][267]LogModuleManager: Shutting down and abandoning module Media (218)
[2017.04.10-12.37.10:088][267]LogModuleManager: Shutting down and abandoning module AndroidMediaFactory (217)
[2017.04.10-12.37.10:088][267]LogModuleManager: Shutting down and abandoning module AndroidMediaEditor (216)
[2017.04.10-12.37.10:088][267]LogModuleManager: Shutting down and abandoning module CharacterAI (215)
[2017.04.10-12.37.10:088][267]LogModuleManager: Shutting down and abandoning module SequenceRecorder (214)
[2017.04.10-12.37.10:088][267]LogModuleManager: Shutting down and abandoning module AudioCapture (213)
[2017.04.10-12.37.10:088][267]LogModuleManager: Shutting down and abandoning module SmartSnapping (212)
[2017.04.10-12.37.10:088][267]LogModuleManager: Shutting down and abandoning module SessionServices (211)
[2017.04.10-12.37.10:088][267]LogModuleManager: Shutting down and abandoning module ViewportSnapping (210)
[2017.04.10-12.37.10:088][267]LogModuleManager: Shutting down and abandoning module ViewportInteraction (209)
[2017.04.10-12.37.10:088][267]LogModuleManager: Shutting down and abandoning module LogVisualizer (208)
[2017.04.10-12.37.10:088][267]LogModuleManager: Shutting down and abandoning module GameProjectGeneration (207)
[2017.04.10-12.37.10:088][267]LogModuleManager: Shutting down and abandoning module IntroTutorials (206)
[2017.04.10-12.37.10:088][267]LogModuleManager: Shutting down and abandoning module EditorLiveStreaming (205)
[2017.04.10-12.37.10:088][267]LogModuleManager: Shutting down and abandoning module IOSPlatformEditor (204)
[2017.04.10-12.37.10:088][267]LogModuleManager: Shutting down and abandoning module HTML5PlatformEditor (203)
[2017.04.10-12.37.10:089][267]LogModuleManager: Shutting down and abandoning module AndroidDeviceDetection (202)
[2017.04.10-12.37.10:785][267]LogModuleManager: Shutting down and abandoning module AndroidPlatformEditor (201)
[2017.04.10-12.37.10:785][267]LogModuleManager: Shutting down and abandoning module IOSRuntimeSettings (200)
[2017.04.10-12.37.10:786][267]LogModuleManager: Shutting down and abandoning module AndroidRuntimeSettings (199)
[2017.04.10-12.37.10:786][267]LogModuleManager: Shutting down and abandoning module InputBindingEditor (198)
[2017.04.10-12.37.10:786][267]LogModuleManager: Shutting down and abandoning module NiagaraEditor (197)
[2017.04.10-12.37.10:786][267]LogModuleManager: Shutting down and abandoning module MergeActors (196)
[2017.04.10-12.37.10:786][267]LogModuleManager: Shutting down and abandoning module SizeMap (195)
[2017.04.10-12.37.10:786][267]LogModuleManager: Shutting down and abandoning module TreeMap (194)
[2017.04.10-12.37.10:786][267]LogModuleManager: Shutting down and abandoning module ReferenceViewer (193)
[2017.04.10-12.37.10:786][267]LogModuleManager: Shutting down and abandoning module LocalizationService (192)
[2017.04.10-12.37.10:786][267]LogModuleManager: Shutting down and abandoning module LocalizationDashboard (191)
[2017.04.10-12.37.10:786][267]LogModuleManager: Shutting down and abandoning module HardwareTargeting (190)
[2017.04.10-12.37.10:786][267]LogModuleManager: Shutting down and abandoning module DeviceProfileEditor (189)
[2017.04.10-12.37.10:786][267]LogModuleManager: Shutting down and abandoning module UndoHistory (188)
[2017.04.10-12.37.10:786][267]LogModuleManager: Shutting down and abandoning module UserFeedback (187)
[2017.04.10-12.37.10:787][267]LogModuleManager: Shutting down and abandoning module XmlParser (186)
[2017.04.10-12.37.10:787][267]LogModuleManager: Shutting down and abandoning module Blutility (185)
[2017.04.10-12.37.10:787][267]LogModuleManager: Shutting down and abandoning module ProjectTargetPlatformEditor (184)
[2017.04.10-12.37.10:788][267]LogModuleManager: Shutting down and abandoning module ProjectSettingsViewer (183)
[2017.04.10-12.37.10:788][267]LogModuleManager: Shutting down and abandoning module EditorSettingsViewer (182)
[2017.04.10-12.37.10:789][267]LogModuleManager: Shutting down and abandoning module SettingsEditor (181)
[2017.04.10-12.37.10:789][267]LogModuleManager: Shutting down and abandoning module ProjectLauncher (180)
[2017.04.10-12.37.10:789][267]LogModuleManager: Shutting down and abandoning module SessionFrontend (179)
[2017.04.10-12.37.10:789][267]LogModuleManager: Shutting down and abandoning module ProfilerClient (178)
[2017.04.10-12.37.10:790][267]LogModuleManager: Shutting down and abandoning module TargetDeviceServices (177)
[2017.04.10-12.37.10:790][267]LogModuleManager: Shutting down and abandoning module DeviceManager (176)
[2017.04.10-12.37.10:839][267]LogModuleManager: Shutting down and abandoning module AutomationController (175)
[2017.04.10-12.37.10:841][267]LogModuleManager: Shutting down and abandoning module AutomationWindow (174)
[2017.04.10-12.37.10:841][267]LogModuleManager: Shutting down and abandoning module Layers (173)
[2017.04.10-12.37.10:841][267]LogModuleManager: Shutting down and abandoning module ComponentVisualizers (172)
[2017.04.10-12.37.10:841][267]LogModuleManager: Shutting down and abandoning module DetailCustomizations (171)
[2017.04.10-12.37.10:841][267]LogModuleManager: Shutting down and abandoning module PackagesDialog (170)
[2017.04.10-12.37.10:842][267]LogModuleManager: Shutting down and abandoning module AnimGraph (169)
[2017.04.10-12.37.10:842][267]LogModuleManager: Shutting down and abandoning module Persona (168)
[2017.04.10-12.37.10:842][267]LogModuleManager: Shutting down and abandoning module Kismet (167)
[2017.04.10-12.37.10:881][267]LogModuleManager: Shutting down and abandoning module GraphEditor (166)
[2017.04.10-12.37.10:882][267]LogModuleManager: Shutting down and abandoning module ClassViewer (165)
[2017.04.10-12.37.10:882][267]LogModuleManager: Shutting down and abandoning module Toolbox (164)
[2017.04.10-12.37.10:882][267]LogModuleManager: Shutting down and abandoning module ModuleUI (163)
[2017.04.10-12.37.10:882][267]LogModuleManager: Shutting down and abandoning module MovieSceneTools (162)
[2017.04.10-12.37.10:882][267]LogModuleManager: Shutting down and abandoning module OutputLog (161)
[2017.04.10-12.37.10:882][267]LogModuleManager: Shutting down and abandoning module GammaUI (160)
[2017.04.10-12.37.10:882][267]LogModuleManager: Shutting down and abandoning module Documentation (159)
[2017.04.10-12.37.10:882][267]LogModuleManager: Shutting down and abandoning module Niagara (158)
[2017.04.10-12.37.10:882][267]LogModuleManager: Shutting down and abandoning module StreamingPauseRendering (157)
[2017.04.10-12.37.10:882][267]LogModuleManager: Shutting down and abandoning module AnalyticsET (156)
[2017.04.10-12.37.10:882][267]LogModuleManager: Shutting down and abandoning module PortalServices (155)
[2017.04.10-12.37.10:882][267]LogModuleManager: Shutting down and abandoning module PortalRpc (154)
[2017.04.10-12.37.10:882][267]LogModuleManager: Shutting down and abandoning module MessagingRpc (153)
[2017.04.10-12.37.10:882][267]LogModuleManager: Shutting down and abandoning module GameplayDebugger (152)
[2017.04.10-12.37.10:883][267]LogModuleManager: Shutting down and abandoning module AITestSuite (151)
[2017.04.10-12.37.10:883][267]LogModuleManager: Shutting down and abandoning module AIModule (150)
[2017.04.10-12.37.10:883][267]LogModuleManager: Shutting down and abandoning module ProfilerService (149)
[2017.04.10-12.37.11:013][267]LogModuleManager: Shutting down and abandoning module TaskGraph (148)
[2017.04.10-12.37.11:014][267]LogModuleManager: Shutting down and abandoning module SubstanceEditor (147)
[2017.04.10-12.37.11:014][267]LogModuleManager: Shutting down and abandoning module SlateRemote (146)
[2017.04.10-12.37.11:014][267]LogModuleManager: Shutting down and abandoning module SteamVRController (145)
[2017.04.10-12.37.11:014][267]LogModuleManager: Shutting down and abandoning module SteamVR (144)
[2017.04.10-12.37.11:014][267]LogModuleManager: Shutting down and abandoning module ProceduralMeshComponentEditor (143)
[2017.04.10-12.37.11:014][267]LogModuleManager: Shutting down and abandoning module ProceduralMeshComponent (142)
[2017.04.10-12.37.11:014][267]LogModuleManager: Shutting down and abandoning module OculusLibrary (141)
[2017.04.10-12.37.11:015][267]LogModuleManager: Shutting down and abandoning module OculusInput (140)
[2017.04.10-12.37.11:015][267]LogModuleManager: Shutting down and abandoning module MobilePatchingUtils (139)
[2017.04.10-12.37.11:016][267]LogModuleManager: Shutting down and abandoning module CustomMeshComponent (138)
[2017.04.10-12.37.11:016][267]LogModuleManager: Shutting down and abandoning module CableComponent (137)
[2017.04.10-12.37.11:016][267]LogModuleManager: Shutting down and abandoning module ArchVisCharacter (136)
[2017.04.10-12.37.11:016][267]LogModuleManager: Shutting down and abandoning module MediaPlayerEditor (135)
[2017.04.10-12.37.11:016][267]LogModuleManager: Shutting down and abandoning module HTML5Networking (134)
[2017.04.10-12.37.11:017][267]LogModuleManager: Shutting down and abandoning module GeometryCacheEd (133)
[2017.04.10-12.37.11:017][267]LogModuleManager: Shutting down and abandoning module GeometryCache (132)
[2017.04.10-12.37.11:017][267]LogModuleManager: Shutting down and abandoning module AlembicLibrary (131)
[2017.04.10-12.37.11:017][267]LogModuleManager: Shutting down and abandoning module AlembicImporter (130)
[2017.04.10-12.37.11:017][267]LogModuleManager: Shutting down and abandoning module SuperSearch (129)
[2017.04.10-12.37.11:017][267]LogModuleManager: Shutting down and abandoning module SuperSearchEditor (128)
[2017.04.10-12.37.11:018][267]LogModuleManager: Shutting down and abandoning module SpeedTreeImporter (127)
[2017.04.10-12.37.11:018][267]LogModuleManager: Shutting down and abandoning module PluginBrowser (126)
[2017.04.10-12.37.11:018][267]LogModuleManager: Shutting down and abandoning module MobileLauncherProfileWizard (125)
[2017.04.10-12.37.11:018][267]LogModuleManager: Shutting down and abandoning module EpicSurvey (124)
[2017.04.10-12.37.11:018][267]LogModuleManager: Shutting down and abandoning module DesktopPlatform (123)
[2017.04.10-12.37.11:018][267]LogModuleManager: Shutting down and abandoning module VisualStudioSourceCodeAccess (122)
[2017.04.10-12.37.11:018][267]LogModuleManager: Shutting down and abandoning module UObjectPlugin (121)
[2017.04.10-12.37.11:018][267]LogModuleManager: Shutting down and abandoning module SubversionSourceControl (120)
[2017.04.10-12.37.11:019][267]LogModuleManager: Shutting down and abandoning module PerforceSourceControl (119)
[2017.04.10-12.37.11:019][267]LogModuleManager: Shutting down and abandoning module SourceControl (118)
[2017.04.10-12.37.11:019][267]LogModuleManager: Shutting down and abandoning module GitSourceControl (117)
[2017.04.10-12.37.11:019][267]LogModuleManager: Shutting down and abandoning module LightPropagationVolumeEditor (116)
[2017.04.10-12.37.11:019][267]LogModuleManager: Shutting down and abandoning module PaperTiledImporter (115)
[2017.04.10-12.37.11:019][267]LogModuleManager: Shutting down and abandoning module PaperSpriteSheetImporter (114)
[2017.04.10-12.37.11:019][267]LogModuleManager: Shutting down and abandoning module MeshPaint (113)
[2017.04.10-12.37.11:019][267]LogModuleManager: Shutting down and abandoning module PixelInspectorModule (112)
[2017.04.10-12.37.11:019][267]LogModuleManager: Shutting down and abandoning module HotReload (111)
[2017.04.10-12.37.11:021][267]LogModuleManager: Shutting down and abandoning module MainFrame (110)
[2017.04.10-12.37.11:021][267]LogModuleManager: Shutting down and abandoning module LevelEditor (109)
[2017.04.10-12.37.11:024][267]LogModuleManager: Shutting down and abandoning module ContentBrowser (108)
[2017.04.10-12.37.11:029][267]LogModuleManager: Shutting down and abandoning module Paper2DEditor (107)
[2017.04.10-12.37.11:029][267]LogModuleManager: Shutting down and abandoning module UdpMessaging (106)
[2017.04.10-12.37.11:131][267]LogModuleManager: Shutting down and abandoning module TcpMessaging (105)
[2017.04.10-12.37.11:232][267]LogModuleManager: Shutting down and abandoning module SubstanceCore (104)
[2017.04.10-12.37.11:232][267]LogModuleManager: Shutting down and abandoning module LightPropagationVolumeRuntime (103)
[2017.04.10-12.37.11:232][267]LogModuleManager: Shutting down and abandoning module Paper2D (102)
[2017.04.10-12.37.11:232][267]LogModuleManager: Shutting down and abandoning module WindowsMoviePlayer (101)
[2017.04.10-12.37.11:232][267]LogModuleManager: Shutting down and abandoning module WmfMedia (100)
[2017.04.10-12.37.11:233][267]LogModuleManager: Shutting down and abandoning module MediaAssets (99)
[2017.04.10-12.37.11:233][267]LogModuleManager: Shutting down and abandoning module GameLiveStreaming (98)
[2017.04.10-12.37.11:233][267]LogModuleManager: Shutting down and abandoning module GameplayTagsEditor (97)
[2017.04.10-12.37.11:233][267]LogModuleManager: Shutting down and abandoning module VREditor (96)
[2017.04.10-12.37.11:233][267]LogModuleManager: Shutting down and abandoning module GameplayTasksEditor (95)
[2017.04.10-12.37.11:233][267]LogModuleManager: Shutting down and abandoning module BehaviorTreeEditor (94)
[2017.04.10-12.37.11:234][267]LogModuleManager: Shutting down and abandoning module FunctionalTesting (93)
[2017.04.10-12.37.11:234][267]LogModuleManager: Shutting down and abandoning module CollisionAnalyzer (92)
[2017.04.10-12.37.11:234][267]LogModuleManager: Shutting down and abandoning module Sequencer (91)
[2017.04.10-12.37.11:234][267]LogModuleManager: Shutting down and abandoning module WorkspaceMenuStructure (90)
[2017.04.10-12.37.11:234][267]LogModuleManager: Shutting down and abandoning module MessageLog (89)
[2017.04.10-12.37.11:234][267]LogModuleManager: Shutting down and abandoning module AssetTools (88)
[2017.04.10-12.37.11:234][267]LogModuleManager: Shutting down and abandoning module UMGEditor (87)
[2017.04.10-12.37.11:234][267]LogModuleManager: Shutting down and abandoning module UMG (86)
[2017.04.10-12.37.11:235][267]LogModuleManager: Shutting down and abandoning module SlateReflector (85)
[2017.04.10-12.37.11:235][267]LogModuleManager: Shutting down and abandoning module Slate (84)
[2017.04.10-12.37.11:235][267]LogModuleManager: Shutting down and abandoning module EditorStyle (83)
[2017.04.10-12.37.11:247][267]LogModuleManager: Shutting down and abandoning module SourceCodeAccess (82)
[2017.04.10-12.37.11:248][267]LogModuleManager: Shutting down and abandoning module HeadMountedDisplay (81)
[2017.04.10-12.37.11:248][267]LogModuleManager: Shutting down and abandoning module XAudio2 (80)
[2017.04.10-12.37.11:248][267]LogModuleManager: Shutting down and abandoning module Networking (79)
[2017.04.10-12.37.11:248][267]LogModuleManager: Shutting down and abandoning module Core (78)
[2017.04.10-12.37.11:248][267]LogModuleManager: Shutting down and abandoning module DirectoryWatcher (77)
[2017.04.10-12.37.11:248][267]LogDirectoryWatcher: A directory notification for '../../../Engine/Content/' was aborted.
[2017.04.10-12.37.11:248][267]LogDirectoryWatcher: A directory notification for '../../../../../PurgaStory_v3/Content/' was aborted.
[2017.04.10-12.37.11:248][267]LogDirectoryWatcher: A directory notification for '../../../Engine/Plugins/2D/Paper2D/Content/' was aborted.
[2017.04.10-12.37.11:250][267]LogModuleManager: Shutting down and abandoning module AssetRegistry (76)
[2017.04.10-12.37.11:689][267]LogModuleManager: Shutting down and abandoning module KismetCompiler (75)
[2017.04.10-12.37.11:689][267]LogModuleManager: Shutting down and abandoning module PhysXFormats (74)
[2017.04.10-12.37.11:689][267]LogModuleManager: Shutting down and abandoning module SimplygonSwarm (73)
[2017.04.10-12.37.11:689][267]LogModuleManager: Shutting down and abandoning module SimplygonMeshReduction (72)
[2017.04.10-12.37.11:689][267]LogModuleManager: Shutting down and abandoning module QuadricMeshReduction (71)
[2017.04.10-12.37.11:689][267]LogModuleManager: Shutting down and abandoning module PropertyEditor (70)
[2017.04.10-12.37.11:689][267]LogModuleManager: Shutting down and abandoning module MeshUtilities (69)
[2017.04.10-12.37.11:689][267]LogModuleManager: Shutting down and abandoning module DerivedDataCache (68)
[2017.04.10-12.37.11:708][267]LogDerivedDataCache: Shutdown
[2017.04.10-12.37.11:708][267]LogModuleManager: Shutting down and abandoning module VulkanShaderFormat (67)
[2017.04.10-12.37.11:708][267]LogModuleManager: Shutting down and abandoning module ShaderFormatOpenGL (66)
[2017.04.10-12.37.11:708][267]LogModuleManager: Shutting down and abandoning module ShaderFormatD3D (65)
[2017.04.10-12.37.11:708][267]LogModuleManager: Shutting down and abandoning module MetalShaderFormat (64)
[2017.04.10-12.37.11:708][267]LogModuleManager: Shutting down and abandoning module TextureFormatUncompressed (63)
[2017.04.10-12.37.11:708][267]LogModuleManager: Shutting down and abandoning module TextureFormatPVR (62)
[2017.04.10-12.37.11:708][267]LogModuleManager: Shutting down and abandoning module TextureFormatDXT (61)
[2017.04.10-12.37.11:709][267]LogModuleManager: Shutting down and abandoning module TextureFormatIntelISPCTexComp (60)
[2017.04.10-12.37.11:709][267]LogModuleManager: Shutting down and abandoning module ImageWrapper (59)
[2017.04.10-12.37.11:709][267]LogModuleManager: Shutting down and abandoning module TextureFormatASTC (58)
[2017.04.10-12.37.11:709][267]LogModuleManager: Shutting down and abandoning module TextureFormatAndroid (57)
[2017.04.10-12.37.11:709][267]LogModuleManager: Shutting down and abandoning module AudioFormatOpus (56)
[2017.04.10-12.37.11:709][267]LogModuleManager: Shutting down and abandoning module AudioFormatOgg (55)
[2017.04.10-12.37.11:709][267]LogModuleManager: Shutting down and abandoning module AudioFormatADPCM (54)
[2017.04.10-12.37.11:709][267]LogModuleManager: Shutting down and abandoning module LinuxTargetPlatform (53)
[2017.04.10-12.37.11:709][267]LogModuleManager: Shutting down and abandoning module LinuxServerTargetPlatform (52)
[2017.04.10-12.37.11:709][267]LogModuleManager: Shutting down and abandoning module LinuxNoEditorTargetPlatform (51)
[2017.04.10-12.37.11:709][267]LogModuleManager: Shutting down and abandoning module LinuxClientTargetPlatform (50)
[2017.04.10-12.37.11:709][267]LogModuleManager: Shutting down and abandoning module TVOSTargetPlatform (49)
[2017.04.10-12.37.11:709][267]LogModuleManager: Shutting down and abandoning module Messaging (48)
[2017.04.10-12.37.11:709][267]LogModuleManager: Shutting down and abandoning module IOSTargetPlatform (47)
[2017.04.10-12.37.11:709][267]LogModuleManager: Shutting down and abandoning module HTML5TargetPlatform (46)
[2017.04.10-12.37.11:709][267]LogModuleManager: Shutting down and abandoning module Android_PVRTCTargetPlatform (45)
[2017.04.10-12.37.11:709][267]LogModuleManager: Shutting down and abandoning module Android_MultiTargetPlatform (44)
[2017.04.10-12.37.11:710][267]LogModuleManager: Shutting down and abandoning module Android_ETC2TargetPlatform (43)
[2017.04.10-12.37.11:710][267]LogModuleManager: Shutting down and abandoning module Android_ETC1TargetPlatform (42)
[2017.04.10-12.37.11:710][267]LogModuleManager: Shutting down and abandoning module Android_DXTTargetPlatform (41)
[2017.04.10-12.37.11:710][267]LogModuleManager: Shutting down and abandoning module Android_ATCTargetPlatform (40)
[2017.04.10-12.37.11:710][267]LogModuleManager: Shutting down and abandoning module Android_ASTCTargetPlatform (39)
[2017.04.10-12.37.11:710][267]LogModuleManager: Shutting down and abandoning module AndroidTargetPlatform (38)
[2017.04.10-12.37.11:710][267]LogModuleManager: Shutting down and abandoning module WindowsTargetPlatform (37)
[2017.04.10-12.37.11:710][267]LogModuleManager: Shutting down and abandoning module WindowsServerTargetPlatform (36)
[2017.04.10-12.37.11:710][267]LogModuleManager: Shutting down and abandoning module WindowsNoEditorTargetPlatform (35)
[2017.04.10-12.37.11:710][267]LogModuleManager: Shutting down and abandoning module WindowsClientTargetPlatform (34)
[2017.04.10-12.37.11:710][267]LogModuleManager: Shutting down and abandoning module MacTargetPlatform (33)
[2017.04.10-12.37.11:710][267]LogModuleManager: Shutting down and abandoning module MacServerTargetPlatform (32)
[2017.04.10-12.37.11:710][267]LogModuleManager: Shutting down and abandoning module MacNoEditorTargetPlatform (31)
[2017.04.10-12.37.11:710][267]LogModuleManager: Shutting down and abandoning module MacClientTargetPlatform (30)
[2017.04.10-12.37.11:710][267]LogModuleManager: Shutting down and abandoning module AllDesktopTargetPlatform (29)
[2017.04.10-12.37.11:710][267]LogModuleManager: Shutting down and abandoning module TargetPlatform (28)
[2017.04.10-12.37.11:710][267]LogModuleManager: Shutting down and abandoning module InputCore (27)
[2017.04.10-12.37.11:710][267]LogModuleManager: Shutting down and abandoning module Settings (26)
[2017.04.10-12.37.11:710][267]LogModuleManager: Shutting down and abandoning module OculusRift (25)
[2017.04.10-12.37.11:710][267]LogModuleManager: Shutting down and abandoning module ExampleDeviceProfileSelector (24)
[2017.04.10-12.37.11:710][267]LogModuleManager: Shutting down and abandoning module OnlineBlueprintSupport (23)
[2017.04.10-12.37.11:710][267]LogModuleManager: Shutting down and abandoning module OnlineSubsystem (18)
[2017.04.10-12.37.11:710][267]LogOnline:Display: NULL: FOnlineSubsystemNull::Shutdown()
[2017.04.10-12.37.11:712][267]LogOnline:Display: Unloading online subsystem: STEAM
[2017.04.10-12.37.11:712][267]LogOnline:Display: Unloading online subsystem: NULL
[2017.04.10-12.37.11:712][267]LogModuleManager: Shutting down and abandoning module SSL (17)
[2017.04.10-12.37.11:721][267]LogModuleManager: Shutting down and abandoning module HTTP (16)
[2017.04.10-12.37.11:721][267]LogModuleManager: Shutting down and abandoning module XMPP (15)
[2017.04.10-12.37.11:721][267]LogModuleManager: Shutting down and abandoning module TextureCompressor (14)
[2017.04.10-12.37.11:721][267]LogModuleManager: Shutting down and abandoning module ShaderCore (13)
[2017.04.10-12.37.11:721][267]LogModuleManager: Shutting down and abandoning module Landscape (12)
[2017.04.10-12.37.11:721][267]LogModuleManager: Shutting down and abandoning module SlateRHIRenderer (11)
[2017.04.10-12.37.11:725][267]LogModuleManager: Shutting down and abandoning module OpenGLDrv (10)
[2017.04.10-12.37.11:726][267]LogModuleManager: Shutting down and abandoning module D3D11RHI (9)
[2017.04.10-12.37.11:726][267]LogModuleManager: Shutting down and abandoning module AnimGraphRuntime (8)
[2017.04.10-12.37.11:726][267]LogModuleManager: Shutting down and abandoning module Renderer (7)
[2017.04.10-12.37.11:726][267]LogModuleManager: Shutting down and abandoning module Engine (6)
[2017.04.10-12.37.11:726][267]LogModuleManager: Shutting down and abandoning module CoreUObject (5)
[2017.04.10-12.37.11:726][267]LogModuleManager: Shutting down and abandoning module NetworkFile (4)
[2017.04.10-12.37.11:726][267]LogModuleManager: Shutting down and abandoning module StreamingFile (3)
[2017.04.10-12.37.11:726][267]LogModuleManager: Shutting down and abandoning module SandboxFile (2)
[2017.04.10-12.37.11:726][267]LogModuleManager: Shutting down and abandoning module PakFile (1)
[2017.04.10-12.37.11:732][267]LogExit: Exiting.
[2017.04.10-12.37.11:738][267]Log file closed, 04/10/17 20:37:11
