Log file open, 04/02/17 22:52:41
LogInit:Display: Running engine for game: PurgaStory
LogPlatformFile: Not using cached read wrapper
LogInit:Display: RandInit(-2082382843) SRandInit(-2082382843).
LogTaskGraph: Started task graph with 5 named threads and 8 total threads with 1 sets of task threads.
LogStats: Stats thread started at 0.092766
LogPluginManager: Loaded Plugin Paper2D, From C:/Program Files (x86)/Epic Games/4.14/Engine/Plugins/2D/Paper2D/Paper2D.uplugin
LogPluginManager: Loaded Plugin LightPropagationVolume, From C:/Program Files (x86)/Epic Games/4.14/Engine/Plugins/Blendables/LightPropagationVolume/LightPropagationVolume.uplugin
LogPluginManager: Loaded Plugin BlankPlugin, From C:/Program Files (x86)/Epic Games/4.14/Engine/Plugins/Developer/BlankPlugin/BlankPlugin.uplugin
LogPluginManager: Loaded Plugin CodeLiteSourceCodeAccess, From C:/Program Files (x86)/Epic Games/4.14/Engine/Plugins/Developer/CodeLiteSourceCodeAccess/CodeLiteSourceCodeAccess.uplugin
LogPluginManager: Loaded Plugin GitSourceControl, From C:/Program Files (x86)/Epic Games/4.14/Engine/Plugins/Developer/GitSourceControl/GitSourceControl.uplugin
LogPluginManager: Loaded Plugin KDevelopSourceCodeAccess, From C:/Program Files (x86)/Epic Games/4.14/Engine/Plugins/Developer/KDevelopSourceCodeAccess/KDevelopSourceCodeAccess.uplugin
LogPluginManager: Loaded Plugin NullSourceCodeAccess, From C:/Program Files (x86)/Epic Games/4.14/Engine/Plugins/Developer/NullSourceCodeAccess/NullSourceCodeAccess.uplugin
LogPluginManager: Loaded Plugin OneSkyLocalizationService, From C:/Program Files (x86)/Epic Games/4.14/Engine/Plugins/Developer/OneSkyLocalizationService/OneSkyLocalizationService.uplugin
LogPluginManager: Loaded Plugin PerforceSourceControl, From C:/Program Files (x86)/Epic Games/4.14/Engine/Plugins/Developer/PerforceSourceControl/PerforceSourceControl.uplugin
LogPluginManager: Loaded Plugin SubversionSourceControl, From C:/Program Files (x86)/Epic Games/4.14/Engine/Plugins/Developer/SubversionSourceControl/SubversionSourceControl.uplugin
LogPluginManager: Loaded Plugin UObjectPlugin, From C:/Program Files (x86)/Epic Games/4.14/Engine/Plugins/Developer/UObjectPlugin/UObjectPlugin.uplugin
LogPluginManager: Loaded Plugin VisualStudioSourceCodeAccess, From C:/Program Files (x86)/Epic Games/4.14/Engine/Plugins/Developer/VisualStudioSourceCodeAccess/VisualStudioSourceCodeAccess.uplugin
LogPluginManager: Loaded Plugin XCodeSourceCodeAccess, From C:/Program Files (x86)/Epic Games/4.14/Engine/Plugins/Developer/XCodeSourceCodeAccess/XCodeSourceCodeAccess.uplugin
LogPluginManager: Loaded Plugin AudioCapture, From C:/Program Files (x86)/Epic Games/4.14/Engine/Plugins/Editor/AudioCapture/AudioCapture.uplugin
LogPluginManager: Loaded Plugin EpicSurvey, From C:/Program Files (x86)/Epic Games/4.14/Engine/Plugins/Editor/EpicSurvey/EpicSurvey.uplugin
LogPluginManager: Loaded Plugin MacGraphicsSwitching, From C:/Program Files (x86)/Epic Games/4.14/Engine/Plugins/Editor/MacGraphicsSwitching/MacGraphicsSwitching.uplugin
LogPluginManager: Loaded Plugin MobileLauncherProfileWizard, From C:/Program Files (x86)/Epic Games/4.14/Engine/Plugins/Editor/MobileLauncherProfileWizard/MobileLauncherProfileWizard.uplugin
LogPluginManager: Loaded Plugin PluginBrowser, From C:/Program Files (x86)/Epic Games/4.14/Engine/Plugins/Editor/PluginBrowser/PluginBrowser.uplugin
LogPluginManager: Loaded Plugin SpeedTreeImporter, From C:/Program Files (x86)/Epic Games/4.14/Engine/Plugins/Editor/SpeedTreeImporter/SpeedTreeImporter.uplugin
LogPluginManager: Loaded Plugin SuperSearchEditor, From C:/Program Files (x86)/Epic Games/4.14/Engine/Plugins/Editor/SuperSearchEditor/SuperSearchEditor.uplugin
LogPluginManager: Loaded Plugin AlembicImporter, From C:/Program Files (x86)/Epic Games/4.14/Engine/Plugins/Experimental/AlembicImporter/AlembicImporter.uplugin
LogPluginManager: Loaded Plugin BlueprintStats, From C:/Program Files (x86)/Epic Games/4.14/Engine/Plugins/Experimental/BlueprintStats/BlueprintStats.uplugin
LogPluginManager: Loaded Plugin CharacterAI, From C:/Program Files (x86)/Epic Games/4.14/Engine/Plugins/Experimental/CharacterAI/CharacterAI.uplugin
LogPluginManager: Loaded Plugin CodeEditor, From C:/Program Files (x86)/Epic Games/4.14/Engine/Plugins/Experimental/CodeEditor/CodeEditor.uplugin
LogPluginManager: Loaded Plugin CodeView, From C:/Program Files (x86)/Epic Games/4.14/Engine/Plugins/Experimental/CodeView/CodeView.uplugin
LogPluginManager: Loaded Plugin HTML5Networking, From C:/Program Files (x86)/Epic Games/4.14/Engine/Plugins/Experimental/HTML5Networking/HTML5Networking.uplugin
LogPluginManager: Loaded Plugin OSVR, From C:/Program Files (x86)/Epic Games/4.14/Engine/Plugins/Experimental/OSVR/OSVR.uplugin
LogPluginManager: Loaded Plugin Phya, From C:/Program Files (x86)/Epic Games/4.14/Engine/Plugins/Experimental/Phya/Phya.uplugin
LogPluginManager: Loaded Plugin SignificanceManager, From C:/Program Files (x86)/Epic Games/4.14/Engine/Plugins/Experimental/SignificanceManager/SignificanceManager.uplugin
LogPluginManager: Loaded Plugin SimpleHMD, From C:/Program Files (x86)/Epic Games/4.14/Engine/Plugins/Experimental/SimpleHMD/SimpleHMD.uplugin
LogPluginManager: Loaded Plugin StereoPanorama, From C:/Program Files (x86)/Epic Games/4.14/Engine/Plugins/Experimental/StereoPanorama/StereoPanorama.uplugin
LogPluginManager: Loaded Plugin StructBox, From C:/Program Files (x86)/Epic Games/4.14/Engine/Plugins/Experimental/StructBox/StructBox.uplugin
LogPluginManager: Loaded Plugin Substance, From C:/Program Files (x86)/Epic Games/4.14/Engine/Plugins/Marketplace/Substance/Substance.uplugin
LogPluginManager: Loaded Plugin AndroidMedia, From C:/Program Files (x86)/Epic Games/4.14/Engine/Plugins/Media/AndroidMedia/AndroidMedia.uplugin
LogPluginManager: Loaded Plugin AvfMedia, From C:/Program Files (x86)/Epic Games/4.14/Engine/Plugins/Media/AvfMedia/AvfMedia.uplugin
LogPluginManager: Loaded Plugin MediaPlayerEditor, From C:/Program Files (x86)/Epic Games/4.14/Engine/Plugins/Media/MediaPlayerEditor/MediaPlayerEditor.uplugin
LogPluginManager: Loaded Plugin WmfMedia, From C:/Program Files (x86)/Epic Games/4.14/Engine/Plugins/Media/WmfMedia/WmfMedia.uplugin
LogPluginManager: Loaded Plugin MessagingDebugger, From C:/Program Files (x86)/Epic Games/4.14/Engine/Plugins/Messaging/MessagingDebugger/MessagingDebugger.uplugin
LogPluginManager: Loaded Plugin TcpMessaging, From C:/Program Files (x86)/Epic Games/4.14/Engine/Plugins/Messaging/TcpMessaging/TcpMessaging.uplugin
LogPluginManager: Loaded Plugin UdpMessaging, From C:/Program Files (x86)/Epic Games/4.14/Engine/Plugins/Messaging/UdpMessaging/UdpMessaging.uplugin
LogPluginManager: Loaded Plugin LevelSequenceEditor, From C:/Program Files (x86)/Epic Games/4.14/Engine/Plugins/MovieScene/LevelSequenceEditor/LevelSequenceEditor.uplugin
LogPluginManager: Loaded Plugin MatineeToLevelSequence, From C:/Program Files (x86)/Epic Games/4.14/Engine/Plugins/MovieScene/MatineeToLevelSequence/MatineeToLevelSequence.uplugin
LogPluginManager: Loaded Plugin NetcodeUnitTest, From C:/Program Files (x86)/Epic Games/4.14/Engine/Plugins/NetcodeUnitTest/NetcodeUnitTest/NetcodeUnitTest.uplugin
LogPluginManager: Loaded Plugin NUTUnrealEngine4, From C:/Program Files (x86)/Epic Games/4.14/Engine/Plugins/NetcodeUnitTest/NUTUnrealEngine4/NUTUnrealEngine4.uplugin
LogPluginManager: Loaded Plugin OnlineSubsystemGameCircle, From C:/Program Files (x86)/Epic Games/4.14/Engine/Plugins/Online/Android/OnlineSubsystemGameCircle/OnlineSubsystemGameCircle.uplugin
LogPluginManager: Loaded Plugin OnlineSubsystemGooglePlay, From C:/Program Files (x86)/Epic Games/4.14/Engine/Plugins/Online/Android/OnlineSubsystemGooglePlay/OnlineSubsystemGooglePlay.uplugin
LogPluginManager: Loaded Plugin OnlineSubsystemIOS, From C:/Program Files (x86)/Epic Games/4.14/Engine/Plugins/Online/IOS/OnlineSubsystemIOS/OnlineSubsystemIOS.uplugin
LogPluginManager: Loaded Plugin OnlineFramework, From C:/Program Files (x86)/Epic Games/4.14/Engine/Plugins/Online/OnlineFramework/OnlineFramework.uplugin
LogPluginManager: Loaded Plugin OnlineSubsystem, From C:/Program Files (x86)/Epic Games/4.14/Engine/Plugins/Online/OnlineSubsystem/OnlineSubsystem.uplugin
LogPluginManager: Loaded Plugin OnlineSubsystemAmazon, From C:/Program Files (x86)/Epic Games/4.14/Engine/Plugins/Online/OnlineSubsystemAmazon/OnlineSubsystemAmazon.uplugin
LogPluginManager: Loaded Plugin OnlineSubsystemFacebook, From C:/Program Files (x86)/Epic Games/4.14/Engine/Plugins/Online/OnlineSubsystemFacebook/OnlineSubsystemFacebook.uplugin
LogPluginManager: Loaded Plugin OnlineSubsystemNull, From C:/Program Files (x86)/Epic Games/4.14/Engine/Plugins/Online/OnlineSubsystemNull/OnlineSubsystemNull.uplugin
LogPluginManager: Loaded Plugin OnlineSubsystemOculus, From C:/Program Files (x86)/Epic Games/4.14/Engine/Plugins/Online/OnlineSubsystemOculus/OnlineSubsystemOculus.uplugin
LogPluginManager: Loaded Plugin OnlineSubsystemSteam, From C:/Program Files (x86)/Epic Games/4.14/Engine/Plugins/Online/OnlineSubsystemSteam/OnlineSubsystemSteam.uplugin
LogPluginManager: Loaded Plugin OnlineSubsystemUtils, From C:/Program Files (x86)/Epic Games/4.14/Engine/Plugins/Online/OnlineSubsystemUtils/OnlineSubsystemUtils.uplugin
LogPluginManager: Loaded Plugin IOSTapJoy, From C:/Program Files (x86)/Epic Games/4.14/Engine/Plugins/Runtime/Advertising/IOSTapJoy/IOSTapJoy.uplugin
LogPluginManager: Loaded Plugin AnalyticsBlueprintLibrary, From C:/Program Files (x86)/Epic Games/4.14/Engine/Plugins/Runtime/Analytics/AnalyticsBlueprintLibrary/AnalyticsBlueprintLibrary.uplugin
LogPluginManager: Loaded Plugin AnalyticsMulticast, From C:/Program Files (x86)/Epic Games/4.14/Engine/Plugins/Runtime/Analytics/AnalyticsMulticast/AnalyticsMulticast.uplugin
LogPluginManager: Loaded Plugin Apsalar, From C:/Program Files (x86)/Epic Games/4.14/Engine/Plugins/Runtime/Analytics/Apsalar/Apsalar.uplugin
LogPluginManager: Loaded Plugin FileLogging, From C:/Program Files (x86)/Epic Games/4.14/Engine/Plugins/Runtime/Analytics/FileLogging/FileLogging.uplugin
LogPluginManager: Loaded Plugin Flurry, From C:/Program Files (x86)/Epic Games/4.14/Engine/Plugins/Runtime/Analytics/Flurry/Flurry.uplugin
LogPluginManager: Loaded Plugin AndroidDeviceProfileSelector, From C:/Program Files (x86)/Epic Games/4.14/Engine/Plugins/Runtime/AndroidDeviceProfileSelector/AndroidDeviceProfileSelector.uplugin
LogPluginManager: Loaded Plugin AndroidMoviePlayer, From C:/Program Files (x86)/Epic Games/4.14/Engine/Plugins/Runtime/AndroidMoviePlayer/AndroidMoviePlayer.uplugin
LogPluginManager: Loaded Plugin AppleMoviePlayer, From C:/Program Files (x86)/Epic Games/4.14/Engine/Plugins/Runtime/AppleMoviePlayer/AppleMoviePlayer.uplugin
LogPluginManager: Loaded Plugin ArchVisCharacter, From C:/Program Files (x86)/Epic Games/4.14/Engine/Plugins/Runtime/ArchVisCharacter/ArchVisCharacter.uplugin
LogPluginManager: Loaded Plugin CableComponent, From C:/Program Files (x86)/Epic Games/4.14/Engine/Plugins/Runtime/CableComponent/CableComponent.uplugin
LogPluginManager: Loaded Plugin CustomMeshComponent, From C:/Program Files (x86)/Epic Games/4.14/Engine/Plugins/Runtime/CustomMeshComponent/CustomMeshComponent.uplugin
LogPluginManager: Loaded Plugin ExampleDeviceProfileSelector, From C:/Program Files (x86)/Epic Games/4.14/Engine/Plugins/Runtime/ExampleDeviceProfileSelector/ExampleDeviceProfileSelector.uplugin
LogPluginManager: Loaded Plugin GearVR, From C:/Program Files (x86)/Epic Games/4.14/Engine/Plugins/Runtime/GearVR/GearVR.uplugin
LogPluginManager: Loaded Plugin GoogleVRController, From C:/Program Files (x86)/Epic Games/4.14/Engine/Plugins/Runtime/GoogleVR/GoogleVRController/GoogleVRController.uplugin
LogPluginManager: Loaded Plugin GoogleVRHMD, From C:/Program Files (x86)/Epic Games/4.14/Engine/Plugins/Runtime/GoogleVR/GoogleVRHMD/GoogleVRHMD.uplugin
LogPluginManager: Loaded Plugin IOSDeviceProfileSelector, From C:/Program Files (x86)/Epic Games/4.14/Engine/Plugins/Runtime/IOSDeviceProfileSelector/IOSDeviceProfileSelector.uplugin
LogPluginManager: Loaded Plugin LeapMotion, From C:/Program Files (x86)/Epic Games/4.14/Engine/Plugins/Runtime/LeapMotion/LeapMotion.uplugin
LogPluginManager: Loaded Plugin LinuxDeviceProfileSelector, From C:/Program Files (x86)/Epic Games/4.14/Engine/Plugins/Runtime/LinuxDeviceProfileSelector/LinuxDeviceProfileSelector.uplugin
LogPluginManager: Loaded Plugin MIDIDevice, From C:/Program Files (x86)/Epic Games/4.14/Engine/Plugins/Runtime/MIDIDevice/MIDIDevice.uplugin
LogPluginManager: Loaded Plugin MobilePatchingUtils, From C:/Program Files (x86)/Epic Games/4.14/Engine/Plugins/Runtime/MobilePatchingUtils/MobilePatchingUtils.uplugin
LogPluginManager: Loaded Plugin Ansel, From C:/Program Files (x86)/Epic Games/4.14/Engine/Plugins/Runtime/Nvidia/Ansel/Ansel.uplugin
LogPluginManager: Loaded Plugin OculusAudio, From C:/Program Files (x86)/Epic Games/4.14/Engine/Plugins/Runtime/OculusAudio/OculusAudio.uplugin
LogPluginManager: Loaded Plugin OculusInput, From C:/Program Files (x86)/Epic Games/4.14/Engine/Plugins/Runtime/OculusInput/OculusInput.uplugin
LogPluginManager: Loaded Plugin OculusLibrary, From C:/Program Files (x86)/Epic Games/4.14/Engine/Plugins/Runtime/OculusLibrary/OculusLibrary.uplugin
LogPluginManager: Loaded Plugin OculusRift, From C:/Program Files (x86)/Epic Games/4.14/Engine/Plugins/Runtime/OculusRift/OculusRift.uplugin
LogPluginManager: Loaded Plugin Oodle, From C:/Program Files (x86)/Epic Games/4.14/Engine/Plugins/Runtime/PacketHandlers/CompressionComponents/Oodle/Oodle.uplugin
LogPluginManager: Loaded Plugin ProceduralMeshComponent, From C:/Program Files (x86)/Epic Games/4.14/Engine/Plugins/Runtime/ProceduralMeshComponent/ProceduralMeshComponent.uplugin
LogPluginManager: Loaded Plugin SoundMod, From C:/Program Files (x86)/Epic Games/4.14/Engine/Plugins/Runtime/SoundMod/SoundMod.uplugin
LogPluginManager: Loaded Plugin SoundVisualizations, From C:/Program Files (x86)/Epic Games/4.14/Engine/Plugins/Runtime/SoundVisualizations/SoundVisualizations.uplugin
LogPluginManager: Loaded Plugin SteamController, From C:/Program Files (x86)/Epic Games/4.14/Engine/Plugins/Runtime/Steam/SteamController/SteamController.uplugin
LogPluginManager: Loaded Plugin SteamVR, From C:/Program Files (x86)/Epic Games/4.14/Engine/Plugins/Runtime/Steam/SteamVR/SteamVR.uplugin
LogPluginManager: Loaded Plugin WebBrowserWidget, From C:/Program Files (x86)/Epic Games/4.14/Engine/Plugins/Runtime/WebBrowserWidget/WebBrowserWidget.uplugin
LogPluginManager: Loaded Plugin WindowsDeviceProfileSelector, From C:/Program Files (x86)/Epic Games/4.14/Engine/Plugins/Runtime/WindowsDeviceProfileSelector/WindowsDeviceProfileSelector.uplugin
LogPluginManager: Loaded Plugin WindowsMoviePlayer, From C:/Program Files (x86)/Epic Games/4.14/Engine/Plugins/Runtime/WindowsMoviePlayer/WindowsMoviePlayer.uplugin
LogPluginManager: Loaded Plugin ScriptPlugin, From C:/Program Files (x86)/Epic Games/4.14/Engine/Plugins/ScriptPlugin/ScriptPlugin.uplugin
LogPluginManager: Loaded Plugin SlateRemote, From C:/Program Files (x86)/Epic Games/4.14/Engine/Plugins/Slate/SlateRemote/SlateRemote.uplugin
LogPluginManager: Loaded Plugin EditorTests, From C:/Program Files (x86)/Epic Games/4.14/Engine/Plugins/Tests/EditorTests/EditorTests.uplugin
LogPluginManager: Loaded Plugin FbxAutomationTestBuilder, From C:/Program Files (x86)/Epic Games/4.14/Engine/Plugins/Tests/FbxAutomationTestBuilder/FbxAutomationTestBuilder.uplugin
LogPluginManager: Loaded Plugin FunctionalTestingEditor, From C:/Program Files (x86)/Epic Games/4.14/Engine/Plugins/Tests/FunctionalTestingEditor/FunctionalTestingEditor.uplugin
LogPluginManager: Loaded Plugin RuntimeTests, From C:/Program Files (x86)/Epic Games/4.14/Engine/Plugins/Tests/RuntimeTests/RuntimeTests.uplugin
LogPluginManager: Loaded Plugin ScreenshotTools, From C:/Program Files (x86)/Epic Games/4.14/Engine/Plugins/Tests/ScreenshotTools/ScreenshotTools.uplugin
LogInit: Using libcurl 7.47.1
LogInit:  - built for x86_64-pc-win32
LogInit:  - supports SSL with OpenSSL/1.0.2g
LogInit:  - supports HTTP deflate (compression) using libz 1.2.8
LogInit:  - other features:
LogInit:      CURL_VERSION_SSL
LogInit:      CURL_VERSION_LIBZ
LogInit:      CURL_VERSION_IPV6
LogInit:      CURL_VERSION_ASYNCHDNS
LogInit:      CURL_VERSION_LARGEFILE
LogInit:      CURL_VERSION_IDN
LogInit:  CurlRequestOptions (configurable via config and command line):
LogInit:  - bVerifyPeer = false  - Libcurl will NOT verify peer certificate
LogInit:  - bUseHttpProxy = false  - Libcurl will NOT use HTTP proxy
LogInit:  - bDontReuseConnections = false  - Libcurl will reuse connections
LogInit:  - CertBundlePath = nullptr  - Libcurl will use whatever was configured at build time.
LogOnline:Display: STEAM: Loading Steam SDK 1.32
LogOnline:Warning: STEAM: Steam API disabled!
LogOnline:Display: STEAM: OnlineSubsystemSteam::Shutdown()
LogInit: WinSock: version 1.1 (2.2), MaxSocks=32767, MaxUdp=65467
OCULUS: Info: [CAPI] LibOVR module is located at c:\program files\oculus\support\oculus-runtime\LibOVRRT64_1.dll
OCULUS: Info: [HMDState] Requested to SetForegroundWindow(d0526ll)
OCULUS: Debug: Connected to the server running version (prod = 1).1.10.2(build = 321138) feature version = 0. Client runs version (prod = 1).1.10.2(build = 321138) feature version = 0
LogInit: Build: ++UE4+Release-4.14-CL-3249277
LogInit: Engine Version: 4.14.3-3249277+++UE4+Release-4.14
LogInit: Compatible Engine Version: 4.14.0-3195953+++UE4+Release-4.14
LogInit: Net CL: 3195953
LogDevObjectVersion: Number of dev versions registered: 13
LogDevObjectVersion:   Dev-Blueprints (B0D832E4-1F89-4F0D-ACCF-7EB736FD4AA2): 7
LogDevObjectVersion:   Dev-Build (E1C64328-A22C-4D53-A36C-8E866417BD8C): 0
LogDevObjectVersion:   Dev-Core (375EC13C-06E4-48FB-B500-84F0262A717E): 1
LogDevObjectVersion:   Dev-Editor (E4B068ED-F494-42E9-A231-DA0B2E46BB41): 8
LogDevObjectVersion:   Dev-Framework (CFFC743F-43B0-4480-9391-14DF171D2073): 17
LogDevObjectVersion:   Dev-Mobile (B02B49B5-BB20-44E9-A304-32B752E40360): 0
LogDevObjectVersion:   Dev-Networking (A4E4105C-59A1-49B5-A7C5-40C4547EDFEE): 0
LogDevObjectVersion:   Dev-Online (39C831C9-5AE6-47DC-9A44-9C173E1C8E7C): 0
LogDevObjectVersion:   Dev-Physics (78F01B33-EBEA-4F98-B9B4-84EACCB95AA2): 0
LogDevObjectVersion:   Dev-Platform (6631380F-2D4D-43E0-8009-CF276956A95A): 0
LogDevObjectVersion:   Dev-Rendering (12F88B9F-8875-4AFC-A67C-D90C383ABD29): 12
LogDevObjectVersion:   Dev-Sequencer (7B5AE74C-D270-4C10-A958-57980B212A5A): 1
LogDevObjectVersion:   Dev-VR (D7296918-1DD6-4BDD-9DE2-64A83CC13884): 0
LogInit: Compiled (64-bit): Jan  6 2017 10:49:43
LogInit: Compiled with Visual C++: 19.00.23026.00
LogInit: Build Configuration: Development
LogInit: Branch Name: ++UE4+Release-4.14
LogInit: Command line:  
LogInit: Base directory: C:/Program Files (x86)/Epic Games/4.14/Engine/Binaries/Win64/
LogInit: Installed Engine Build: 1
LogInit: Presizing for max 8388607 objects, including 0 objects not considered by GC, pre-allocating 0 bytes for permanent pool.
LogInit: Object subsystem initialized
[2017.04.02-14.52.43:412][  0]LogInit: Selected Device Profile: [Windows]
[2017.04.02-14.52.43:412][  0]LogInit: Applying CVar settings loaded from the selected device profile: [Windows]
[2017.04.02-14.52.43:459][  0]LogInit: Computer: MEGUSTA
[2017.04.02-14.52.43:459][  0]LogInit: User: aylward
[2017.04.02-14.52.43:459][  0]LogInit: CPU Page size=65536, Cores=4
[2017.04.02-14.52.43:459][  0]LogInit: High frequency timer resolution =3.020498 MHz
[2017.04.02-14.52.43:459][  0]LogMemory: Memory total: Physical=8.0GB (8GB approx)
[2017.04.02-14.52.43:459][  0]LogMemory: Platform Memory Stats for Windows
[2017.04.02-14.52.43:459][  0]LogMemory: Process Physical Memory: 273.07 MB used, 273.07 MB peak
[2017.04.02-14.52.43:460][  0]LogMemory: Process Virtual Memory: 267.23 MB used, 267.23 MB peak
[2017.04.02-14.52.43:460][  0]LogMemory: Physical Memory: 5729.78 MB used,  2423.20 MB free, 8152.98 MB total
[2017.04.02-14.52.43:460][  0]LogMemory: Virtual Memory: 725.84 MB used,  2423.20 MB free, 134217728.00 MB total
[2017.04.02-14.52.43:631][  0]LogTextLocalizationManager: No specific translations for ('en-SG') exist, so ('en') translations will be used.
[2017.04.02-14.52.49:327][  0]LogD3D11RHI: D3D11 adapters:
[2017.04.02-14.52.49:373][  0]LogD3D11RHI:    0. 'AMD Radeon HD 7500 Series' (Feature Level 11_0)
[2017.04.02-14.52.49:373][  0]LogD3D11RHI:       1008/0/3840 MB DedicatedVideo/DedicatedSystem/SharedSystem, Outputs:1, VendorId:0x1002
[2017.04.02-14.52.49:374][  0]LogD3D11RHI:    1. 'Microsoft Basic Render Driver' (Feature Level 11_0)
[2017.04.02-14.52.49:374][  0]LogD3D11RHI:       0/0/4076 MB DedicatedVideo/DedicatedSystem/SharedSystem, Outputs:0, VendorId:0x1414
[2017.04.02-14.52.49:374][  0]LogD3D11RHI: Chosen D3D11 Adapter: 0
[2017.04.02-14.52.49:416][  0]LogD3D11RHI: Creating new Direct3DDevice
[2017.04.02-14.52.49:417][  0]LogD3D11RHI:     GPU DeviceId: 0x675d (for the marketing name, search the web for "GPU Device Id")
[2017.04.02-14.52.49:417][  0]LogWindows: EnumDisplayDevices:
[2017.04.02-14.52.49:417][  0]LogWindows:    0. 'AMD Radeon HD 7500 Series' (P:1 D:1)
[2017.04.02-14.52.49:417][  0]LogWindows:    1. 'AMD Radeon HD 7500 Series' (P:0 D:0)
[2017.04.02-14.52.49:417][  0]LogWindows: DebugString: FoundDriverCount:2 
[2017.04.02-14.52.49:418][  0]LogD3D11RHI:     Adapter Name: AMD Radeon HD 7500 Series
[2017.04.02-14.52.49:418][  0]LogD3D11RHI:   Driver Version: 15.201.1151.1008 (internal:15.201.1151.1008, unified:15.201.1151.1008)
[2017.04.02-14.52.49:418][  0]LogD3D11RHI:      Driver Date: 11-4-2015
[2017.04.02-14.52.49:418][  0]LogRHI: Texture pool is 706 MB (70% of 1008 MB)
[2017.04.02-14.52.49:429][  0]LogD3D11RHI: Async texture creation enabled
[2017.04.02-14.52.49:772][  0]LogD3D11RHI: GPU Timing Frequency: 27.000000 (Debug: 2 1)
[2017.04.02-14.52.49:847][  0]LogShaderCompilers: Guid format shader working directory is -18 characters bigger than the processId version (../../../../../../Users/aylward/Documents/GitHub/PurgaStory-v0.3/Intermediate/Shaders/WorkingDirectory/184924/).
[2017.04.02-14.52.49:848][  0]LogShaderCompilers: Cleaned the shader compiler working directory 'C:/Users/aylward/AppData/Local/Temp/UnrealShaderWorkingDir/9536A51B43A179C862154C9E3BE753A3/'.
[2017.04.02-14.52.49:860][  0]LogShaderCompilers:Display: Using Local Shader Compiler.
[2017.04.02-14.52.57:243][  0]LogTemp:Display: Loaded TP AllDesktopTargetPlatform
[2017.04.02-14.52.57:357][  0]LogTemp:Display: Loaded TP MacClientTargetPlatform
[2017.04.02-14.52.57:464][  0]LogTemp:Display: Loaded TP MacNoEditorTargetPlatform
[2017.04.02-14.52.57:566][  0]LogTemp:Display: Loaded TP MacServerTargetPlatform
[2017.04.02-14.52.57:708][  0]LogTemp:Display: Loaded TP MacTargetPlatform
[2017.04.02-14.52.57:806][  0]LogTemp:Display: Loaded TP WindowsClientTargetPlatform
[2017.04.02-14.52.57:901][  0]LogTemp:Display: Loaded TP WindowsNoEditorTargetPlatform
[2017.04.02-14.52.57:997][  0]LogTemp:Display: Loaded TP WindowsServerTargetPlatform
[2017.04.02-14.52.58:081][  0]LogTemp:Display: Loaded TP WindowsTargetPlatform
[2017.04.02-14.52.58:207][  0]LogTemp:Display: Loaded TP AndroidTargetPlatform
[2017.04.02-14.52.58:352][  0]LogTemp:Display: Loaded TP Android_ASTCTargetPlatform
[2017.04.02-14.52.58:771][  0]LogTemp:Display: Loaded TP Android_ATCTargetPlatform
[2017.04.02-14.52.58:880][  0]LogTemp:Display: Loaded TP Android_DXTTargetPlatform
[2017.04.02-14.52.59:005][  0]LogTemp:Display: Loaded TP Android_ETC1TargetPlatform
[2017.04.02-14.52.59:125][  0]LogTemp:Display: Loaded TP Android_ETC2TargetPlatform
[2017.04.02-14.52.59:334][  0]LogTemp:Display: Loaded TP Android_MultiTargetPlatform
[2017.04.02-14.52.59:334][  0]LogTemp:Display: Loaded TP Android_PVRTCTargetPlatform
[2017.04.02-14.52.59:415][  0]LogTemp:Display: Loaded TP HTML5TargetPlatform
[2017.04.02-14.52.59:683][  0]LogTemp:Display: Loaded TP IOSTargetPlatform
[2017.04.02-14.52.59:821][  0]LogTemp:Display: Loaded TP TVOSTargetPlatform
[2017.04.02-14.52.59:919][  0]LogTemp:Display: Loaded TP LinuxClientTargetPlatform
[2017.04.02-14.53.00:035][  0]LogTemp:Display: Loaded TP LinuxNoEditorTargetPlatform
[2017.04.02-14.53.00:142][  0]LogTemp:Display: Loaded TP LinuxServerTargetPlatform
[2017.04.02-14.53.00:254][  0]LogTemp:Display: Loaded TP LinuxTargetPlatform
[2017.04.02-14.53.00:255][  0]LogTargetPlatformManager:Display: Building Assets For Windows
[2017.04.02-14.53.02:411][  0]LogDerivedDataCache:Display: Max Cache Size: 512 MB
[2017.04.02-14.53.02:763][  0]LogDerivedDataCache: Loaded boot cache 0.34s 50MB C:/Users/aylward/AppData/Local/UnrealEngine/4.14/DerivedDataCache/Boot.ddc.
[2017.04.02-14.53.02:763][  0]LogDerivedDataCache:Display: Loaded Boot cache: C:/Users/aylward/AppData/Local/UnrealEngine/4.14/DerivedDataCache/Boot.ddc
[2017.04.02-14.53.02:763][  0]LogDerivedDataCache: FDerivedDataBackendGraph:  Pak pak cache file ../../../../../../Users/aylward/Documents/GitHub/PurgaStory-v0.3/DerivedDataCache/DDC.ddp not found, will not use a pak cache.
[2017.04.02-14.53.02:763][  0]LogDerivedDataCache: Unable to find inner node Pak for hierarchical cache Hierarchy.
[2017.04.02-14.53.02:763][  0]LogDerivedDataCache: FDerivedDataBackendGraph:  CompressedPak pak cache file ../../../../../../Users/aylward/Documents/GitHub/PurgaStory-v0.3/DerivedDataCache/Compressed.ddp not found, will not use a pak cache.
[2017.04.02-14.53.02:763][  0]LogDerivedDataCache: Unable to find inner node CompressedPak for hierarchical cache Hierarchy.
[2017.04.02-14.53.02:894][  0]LogDerivedDataCache:Display: Pak cache opened for reading ../../../Engine/DerivedDataCache/Compressed.ddp.
[2017.04.02-14.53.02:917][  0]LogDerivedDataCache: Using Local data cache path C:/Users/aylward/AppData/Local/UnrealEngine/Common/DerivedDataCache: Writable
[2017.04.02-14.53.20:734][  0]OCULUS: Info: [HMDState] Requested to SetForegroundWindow(d0526ll)
[2017.04.02-14.53.20:734][  0]LogInit: Selected Device Profile: [Windows]
[2017.04.02-14.53.21:026][  0]LogContentStreaming: Texture pool size is 0.00 MB
[2017.04.02-14.53.22:272][  0]LogMeshUtilities: Using QuadricMeshReduction for automatic static mesh reduction
[2017.04.02-14.53.22:451][  0]LogSimplygon: Simplygon DLL not present - disabling.
[2017.04.02-14.53.22:582][  0]LogMeshUtilities: Using SimplygonSwarm for distributed automatic mesh merging
[2017.04.02-14.53.22:583][  0]LogMeshUtilities: No automatic skeletal mesh reduction module available
[2017.04.02-14.53.22:583][  0]LogMeshUtilities: No automatic mesh merging module available
[2017.04.02-14.53.30:702][  0]LogNetVersion: GetLocalNetworkVersion: CL: 3195953, ProjectName: purgastory, ProjectVersion: , EngineNetworkVersion: 2, GameNetworkVersion: 0, NetworkChecksum: 4090582873
[2017.04.02-14.53.31:258][  0]LogAssetRegistry: FAssetRegistry took 0.0262 seconds to start up
[2017.04.02-14.53.31:466][  0]LogAssetRegistry:Error: Failed to open file for write ../../../../../../Users/aylward/Documents/GitHub/PurgaStory-v0.3/Intermediate/AssetRegistryCache/48fa13c0.bin
[2017.04.02-14.53.31:692][  0]LogAssetRegistry:Error: Failed to open file for write ../../../../../../Users/aylward/Documents/GitHub/PurgaStory-v0.3/Intermediate/AssetRegistryCache/2657c409.bin
[2017.04.02-14.53.31:696][  0]LogAssetRegistry:Error: Failed to open file for write ../../../../../../Users/aylward/Documents/GitHub/PurgaStory-v0.3/Intermediate/AssetRegistryCache/0fc90113.bin
[2017.04.02-14.53.31:741][  0]LogFileManager:Warning: MoveFile was unable to move '../../../../../../Users/aylward/Documents/GitHub/PurgaStory-v0.3/Intermediate/AssetRegistryCache/866581fd.bin.tmp' to '../../../../../../Users/aylward/Documents/GitHub/PurgaStory-v0.3/Intermediate/AssetRegistryCache/866581fd.bin', retrying in .5s...
[2017.04.02-14.53.32:242][  0]LogFileManager:Warning: MoveFile was unable to move '../../../../../../Users/aylward/Documents/GitHub/PurgaStory-v0.3/Intermediate/AssetRegistryCache/866581fd.bin.tmp' to '../../../../../../Users/aylward/Documents/GitHub/PurgaStory-v0.3/Intermediate/AssetRegistryCache/866581fd.bin', retrying in .5s...
[2017.04.02-14.53.32:742][  0]LogFileManager:Warning: MoveFile was unable to move '../../../../../../Users/aylward/Documents/GitHub/PurgaStory-v0.3/Intermediate/AssetRegistryCache/866581fd.bin.tmp' to '../../../../../../Users/aylward/Documents/GitHub/PurgaStory-v0.3/Intermediate/AssetRegistryCache/866581fd.bin', retrying in .5s...
[2017.04.02-14.53.33:242][  0]LogFileManager:Warning: MoveFile was unable to move '../../../../../../Users/aylward/Documents/GitHub/PurgaStory-v0.3/Intermediate/AssetRegistryCache/866581fd.bin.tmp' to '../../../../../../Users/aylward/Documents/GitHub/PurgaStory-v0.3/Intermediate/AssetRegistryCache/866581fd.bin', retrying in .5s...
[2017.04.02-14.53.33:743][  0]LogFileManager:Warning: MoveFile was unable to move '../../../../../../Users/aylward/Documents/GitHub/PurgaStory-v0.3/Intermediate/AssetRegistryCache/866581fd.bin.tmp' to '../../../../../../Users/aylward/Documents/GitHub/PurgaStory-v0.3/Intermediate/AssetRegistryCache/866581fd.bin', retrying in .5s...
[2017.04.02-14.53.34:243][  0]LogFileManager:Warning: MoveFile was unable to move '../../../../../../Users/aylward/Documents/GitHub/PurgaStory-v0.3/Intermediate/AssetRegistryCache/866581fd.bin.tmp' to '../../../../../../Users/aylward/Documents/GitHub/PurgaStory-v0.3/Intermediate/AssetRegistryCache/866581fd.bin', retrying in .5s...
[2017.04.02-14.53.34:743][  0]LogFileManager:Warning: MoveFile was unable to move '../../../../../../Users/aylward/Documents/GitHub/PurgaStory-v0.3/Intermediate/AssetRegistryCache/866581fd.bin.tmp' to '../../../../../../Users/aylward/Documents/GitHub/PurgaStory-v0.3/Intermediate/AssetRegistryCache/866581fd.bin', retrying in .5s...
[2017.04.02-14.53.35:244][  0]LogFileManager:Warning: MoveFile was unable to move '../../../../../../Users/aylward/Documents/GitHub/PurgaStory-v0.3/Intermediate/AssetRegistryCache/866581fd.bin.tmp' to '../../../../../../Users/aylward/Documents/GitHub/PurgaStory-v0.3/Intermediate/AssetRegistryCache/866581fd.bin', retrying in .5s...
[2017.04.02-14.53.35:744][  0]LogFileManager:Warning: MoveFile was unable to move '../../../../../../Users/aylward/Documents/GitHub/PurgaStory-v0.3/Intermediate/AssetRegistryCache/866581fd.bin.tmp' to '../../../../../../Users/aylward/Documents/GitHub/PurgaStory-v0.3/Intermediate/AssetRegistryCache/866581fd.bin', retrying in .5s...
[2017.04.02-14.53.36:245][  0]LogFileManager:Warning: MoveFile was unable to move '../../../../../../Users/aylward/Documents/GitHub/PurgaStory-v0.3/Intermediate/AssetRegistryCache/866581fd.bin.tmp' to '../../../../../../Users/aylward/Documents/GitHub/PurgaStory-v0.3/Intermediate/AssetRegistryCache/866581fd.bin', retrying in .5s...
[2017.04.02-14.53.36:745][  0]LogFileManager:Error: Error moving file '../../../../../../Users/aylward/Documents/GitHub/PurgaStory-v0.3/Intermediate/AssetRegistryCache/866581fd.bin.tmp' to '../../../../../../Users/aylward/Documents/GitHub/PurgaStory-v0.3/Intermediate/AssetRegistryCache/866581fd.bin'.
[2017.04.02-14.53.36:757][  0]LogPackageLocalizationCache: Processed 3 localized package path(s) for 2 prioritized culture(s) in 5.292892 seconds
[2017.04.02-14.53.36:763][  0]LogUObjectArray: 31953 objects as part of root set at end of initial load.
[2017.04.02-14.53.36:763][  0]LogUObjectAllocator: 7149664 out of 0 bytes used by permanent object pool.
[2017.04.02-14.53.36:763][  0]LogUObjectArray: CloseDisregardForGC: 0/0 objects in disregard for GC pool
[2017.04.02-14.53.43:612][  0]LogSlate: Using Freetype 2.6.0
[2017.04.02-14.53.43:808][  0]LogSlate: SlateFontCache - WITH_FREETYPE: 1, WITH_HARFBUZZ: 1
[2017.04.02-14.53.43:810][  0]LogSlate: SlateFontCache - WITH_FREETYPE: 1, WITH_HARFBUZZ: 1
[2017.04.02-14.54.25:653][  0]LogSubstanceCoreModule: Substance [CPU] Engine Loaded, Max Texture Size = 2048
[2017.04.02-14.54.25:981][  0]LogTcpMessaging: Initializing TcpMessaging bridge
[2017.04.02-14.54.26:207][  0]LogUdpMessaging: Initializing bridge on interface 0.0.0.0:0 to multicast group 230.0.0.1:6666.
[2017.04.02-14.54.29:582][  0]LogMaterial: Uniform references updated for custom material expression Custom.
[2017.04.02-14.54.32:789][  0]SourceControl: Info Source control is disabled
[2017.04.02-14.54.32:828][  0]SourceControl: Info Source control is disabled
[2017.04.02-14.54.33:183][  0]SourceControl: Info Source control is disabled
[2017.04.02-14.54.33:401][  0]SourceControl: Info Source control is disabled
[2017.04.02-14.54.40:217][  0]LogConfig:Warning: Failed to saved backup for config[EditorUserSettings]
[2017.04.02-14.54.42:072][  0]LogEngine: Initializing Engine...
[2017.04.02-14.54.42:260][  0]LogHMD: Oculus plugin initialized. Version: 4.14.3-3249277+++UE4+Release-4.14, LibOVR: 1.10.2, SDK: 1.8.0, built Jan  6 2017, 10:50:26
[2017.04.02-14.54.45:660][  0]LogAIModule: Creating AISystem for world Untitled
[2017.04.02-14.54.46:789][  0]LogInit: XAudio2 using 'Speakers (USB PnP Sound Device)' : 2 channels at 44.1 kHz using 16 bits per sample (channel mask 0x3)
[2017.04.02-14.54.46:921][  0]LogInit: FAudioDevice initialized.
[2017.04.02-14.54.46:941][  0]LogDerivedDataCache:Error: Could not save memory cache C:/Users/aylward/AppData/Local/UnrealEngine/4.14/DerivedDataCache/Boot.ddc.
[2017.04.02-14.54.46:951][  0]LogInit: Texture streaming: Enabled
[2017.04.02-14.54.50:800][  0]LogInit: Transaction tracking system initialized
[2017.04.02-14.54.52:529][  0]BlueprintLog: New page: Editor Load
[2017.04.02-14.55.00:306][  0]LocalizationService: Info Localization service is disabled
[2017.04.02-14.55.06:010][  0]LogConsoleResponse:Display: 
[2017.04.02-14.55.12:506][  0]LogFileCache: Scanning file cache for directory 'C:/Users/aylward/Documents/GitHub/PurgaStory-v0.3/Content/' took 0.17s
[2017.04.02-14.55.12:506][  0]LogCook:Display: Max memory allowance for cook 16384mb min free memory 0mb
[2017.04.02-14.55.12:520][  0]LogCook:Display: Mobile HDR setting 1
[2017.04.02-14.55.24:247][  0]SourceControl: Info Source control is disabled
[2017.04.02-14.55.24:439][  0]Cmd: MAP LOAD FILE="../../../../../../Users/aylward/Documents/GitHub/PurgaStory-v0.3/Content/Multiplayer/Maps/MP_mainMenu.umap" TEMPLATE=0 SHOWPROGRESS=1 FEATURELEVEL=3
[2017.04.02-14.55.24:609][  0]LightingResults: New page: Lighting Build
[2017.04.02-14.55.25:772][  0]MapCheck: New page: Map Check
[2017.04.02-14.55.25:772][  0]LightingResults: New page: Lighting Build
[2017.04.02-14.55.36:232][  0]LogTexture:Display: Building textures: button_ok (AutoDXT)
[2017.04.02-14.55.36:373][  0]LogTexture:Display: Building textures: text (BGRA8)
[2017.04.02-14.55.36:382][  0]LogTexture:Display: Building textures: button_refresh (BGRA8)
[2017.04.02-14.55.36:516][  0]LogTexture:Display: Building textures: cover (BGRA8)
[2017.04.02-14.55.36:533][  0]LogTexture:Display: Building textures: button_join (BGRA8)
[2017.04.02-14.55.36:542][  0]LogTexture:Display: Building textures: button_Host (BGRA8)
[2017.04.02-14.55.37:298][  0]LogTexture:Display: Building textures: title (BGRA8)
[2017.04.02-14.55.56:497][  0]LogTexture:Display: Building textures: moonBG (BGRA8)
