Log file open, 03/18/17 12:10:14
LogInit:Display: Running engine for game: PurgaStory
LogPlatformFile: Not using cached read wrapper
LogInit:Display: RandInit(824489298) SRandInit(824489299).
LogTaskGraph: Started task graph with 5 named threads and 8 total threads with 1 sets of task threads.
LogStats: Stats thread started at 3.969192
LogPluginManager: Loaded Plugin Paper2D, From D:/Unreal/Epic Games/4.14/Engine/Plugins/2D/Paper2D/Paper2D.uplugin
LogPluginManager: Loaded Plugin LightPropagationVolume, From D:/Unreal/Epic Games/4.14/Engine/Plugins/Blendables/LightPropagationVolume/LightPropagationVolume.uplugin
LogPluginManager: Loaded Plugin BlankPlugin, From D:/Unreal/Epic Games/4.14/Engine/Plugins/Developer/BlankPlugin/BlankPlugin.uplugin
LogPluginManager: Loaded Plugin CodeLiteSourceCodeAccess, From D:/Unreal/Epic Games/4.14/Engine/Plugins/Developer/CodeLiteSourceCodeAccess/CodeLiteSourceCodeAccess.uplugin
LogPluginManager: Loaded Plugin GitSourceControl, From D:/Unreal/Epic Games/4.14/Engine/Plugins/Developer/GitSourceControl/GitSourceControl.uplugin
LogPluginManager: Loaded Plugin KDevelopSourceCodeAccess, From D:/Unreal/Epic Games/4.14/Engine/Plugins/Developer/KDevelopSourceCodeAccess/KDevelopSourceCodeAccess.uplugin
LogPluginManager: Loaded Plugin NullSourceCodeAccess, From D:/Unreal/Epic Games/4.14/Engine/Plugins/Developer/NullSourceCodeAccess/NullSourceCodeAccess.uplugin
LogPluginManager: Loaded Plugin OneSkyLocalizationService, From D:/Unreal/Epic Games/4.14/Engine/Plugins/Developer/OneSkyLocalizationService/OneSkyLocalizationService.uplugin
LogPluginManager: Loaded Plugin PerforceSourceControl, From D:/Unreal/Epic Games/4.14/Engine/Plugins/Developer/PerforceSourceControl/PerforceSourceControl.uplugin
LogPluginManager: Loaded Plugin SubversionSourceControl, From D:/Unreal/Epic Games/4.14/Engine/Plugins/Developer/SubversionSourceControl/SubversionSourceControl.uplugin
LogPluginManager: Loaded Plugin UObjectPlugin, From D:/Unreal/Epic Games/4.14/Engine/Plugins/Developer/UObjectPlugin/UObjectPlugin.uplugin
LogPluginManager: Loaded Plugin VisualStudioSourceCodeAccess, From D:/Unreal/Epic Games/4.14/Engine/Plugins/Developer/VisualStudioSourceCodeAccess/VisualStudioSourceCodeAccess.uplugin
LogPluginManager: Loaded Plugin XCodeSourceCodeAccess, From D:/Unreal/Epic Games/4.14/Engine/Plugins/Developer/XCodeSourceCodeAccess/XCodeSourceCodeAccess.uplugin
LogPluginManager: Loaded Plugin AudioCapture, From D:/Unreal/Epic Games/4.14/Engine/Plugins/Editor/AudioCapture/AudioCapture.uplugin
LogPluginManager: Loaded Plugin EpicSurvey, From D:/Unreal/Epic Games/4.14/Engine/Plugins/Editor/EpicSurvey/EpicSurvey.uplugin
LogPluginManager: Loaded Plugin MacGraphicsSwitching, From D:/Unreal/Epic Games/4.14/Engine/Plugins/Editor/MacGraphicsSwitching/MacGraphicsSwitching.uplugin
LogPluginManager: Loaded Plugin MobileLauncherProfileWizard, From D:/Unreal/Epic Games/4.14/Engine/Plugins/Editor/MobileLauncherProfileWizard/MobileLauncherProfileWizard.uplugin
LogPluginManager: Loaded Plugin PluginBrowser, From D:/Unreal/Epic Games/4.14/Engine/Plugins/Editor/PluginBrowser/PluginBrowser.uplugin
LogPluginManager: Loaded Plugin SpeedTreeImporter, From D:/Unreal/Epic Games/4.14/Engine/Plugins/Editor/SpeedTreeImporter/SpeedTreeImporter.uplugin
LogPluginManager: Loaded Plugin SuperSearchEditor, From D:/Unreal/Epic Games/4.14/Engine/Plugins/Editor/SuperSearchEditor/SuperSearchEditor.uplugin
LogPluginManager: Loaded Plugin AlembicImporter, From D:/Unreal/Epic Games/4.14/Engine/Plugins/Experimental/AlembicImporter/AlembicImporter.uplugin
LogPluginManager: Loaded Plugin BlueprintStats, From D:/Unreal/Epic Games/4.14/Engine/Plugins/Experimental/BlueprintStats/BlueprintStats.uplugin
LogPluginManager: Loaded Plugin CharacterAI, From D:/Unreal/Epic Games/4.14/Engine/Plugins/Experimental/CharacterAI/CharacterAI.uplugin
LogPluginManager: Loaded Plugin CodeEditor, From D:/Unreal/Epic Games/4.14/Engine/Plugins/Experimental/CodeEditor/CodeEditor.uplugin
LogPluginManager: Loaded Plugin CodeView, From D:/Unreal/Epic Games/4.14/Engine/Plugins/Experimental/CodeView/CodeView.uplugin
LogPluginManager: Loaded Plugin HTML5Networking, From D:/Unreal/Epic Games/4.14/Engine/Plugins/Experimental/HTML5Networking/HTML5Networking.uplugin
LogPluginManager: Loaded Plugin OSVR, From D:/Unreal/Epic Games/4.14/Engine/Plugins/Experimental/OSVR/OSVR.uplugin
LogPluginManager: Loaded Plugin Phya, From D:/Unreal/Epic Games/4.14/Engine/Plugins/Experimental/Phya/Phya.uplugin
LogPluginManager: Loaded Plugin SignificanceManager, From D:/Unreal/Epic Games/4.14/Engine/Plugins/Experimental/SignificanceManager/SignificanceManager.uplugin
LogPluginManager: Loaded Plugin SimpleHMD, From D:/Unreal/Epic Games/4.14/Engine/Plugins/Experimental/SimpleHMD/SimpleHMD.uplugin
LogPluginManager: Loaded Plugin StereoPanorama, From D:/Unreal/Epic Games/4.14/Engine/Plugins/Experimental/StereoPanorama/StereoPanorama.uplugin
LogPluginManager: Loaded Plugin StructBox, From D:/Unreal/Epic Games/4.14/Engine/Plugins/Experimental/StructBox/StructBox.uplugin
LogPluginManager: Loaded Plugin Substance, From D:/Unreal/Epic Games/4.14/Engine/Plugins/Marketplace/Substance/Substance.uplugin
LogPluginManager: Loaded Plugin AndroidMedia, From D:/Unreal/Epic Games/4.14/Engine/Plugins/Media/AndroidMedia/AndroidMedia.uplugin
LogPluginManager: Loaded Plugin AvfMedia, From D:/Unreal/Epic Games/4.14/Engine/Plugins/Media/AvfMedia/AvfMedia.uplugin
LogPluginManager: Loaded Plugin MediaPlayerEditor, From D:/Unreal/Epic Games/4.14/Engine/Plugins/Media/MediaPlayerEditor/MediaPlayerEditor.uplugin
LogPluginManager: Loaded Plugin WmfMedia, From D:/Unreal/Epic Games/4.14/Engine/Plugins/Media/WmfMedia/WmfMedia.uplugin
LogPluginManager: Loaded Plugin MessagingDebugger, From D:/Unreal/Epic Games/4.14/Engine/Plugins/Messaging/MessagingDebugger/MessagingDebugger.uplugin
LogPluginManager: Loaded Plugin TcpMessaging, From D:/Unreal/Epic Games/4.14/Engine/Plugins/Messaging/TcpMessaging/TcpMessaging.uplugin
LogPluginManager: Loaded Plugin UdpMessaging, From D:/Unreal/Epic Games/4.14/Engine/Plugins/Messaging/UdpMessaging/UdpMessaging.uplugin
LogPluginManager: Loaded Plugin LevelSequenceEditor, From D:/Unreal/Epic Games/4.14/Engine/Plugins/MovieScene/LevelSequenceEditor/LevelSequenceEditor.uplugin
LogPluginManager: Loaded Plugin MatineeToLevelSequence, From D:/Unreal/Epic Games/4.14/Engine/Plugins/MovieScene/MatineeToLevelSequence/MatineeToLevelSequence.uplugin
LogPluginManager: Loaded Plugin NetcodeUnitTest, From D:/Unreal/Epic Games/4.14/Engine/Plugins/NetcodeUnitTest/NetcodeUnitTest/NetcodeUnitTest.uplugin
LogPluginManager: Loaded Plugin NUTUnrealEngine4, From D:/Unreal/Epic Games/4.14/Engine/Plugins/NetcodeUnitTest/NUTUnrealEngine4/NUTUnrealEngine4.uplugin
LogPluginManager: Loaded Plugin OnlineSubsystemGameCircle, From D:/Unreal/Epic Games/4.14/Engine/Plugins/Online/Android/OnlineSubsystemGameCircle/OnlineSubsystemGameCircle.uplugin
LogPluginManager: Loaded Plugin OnlineSubsystemGooglePlay, From D:/Unreal/Epic Games/4.14/Engine/Plugins/Online/Android/OnlineSubsystemGooglePlay/OnlineSubsystemGooglePlay.uplugin
LogPluginManager: Loaded Plugin OnlineSubsystemIOS, From D:/Unreal/Epic Games/4.14/Engine/Plugins/Online/IOS/OnlineSubsystemIOS/OnlineSubsystemIOS.uplugin
LogPluginManager: Loaded Plugin OnlineFramework, From D:/Unreal/Epic Games/4.14/Engine/Plugins/Online/OnlineFramework/OnlineFramework.uplugin
LogPluginManager: Loaded Plugin OnlineSubsystem, From D:/Unreal/Epic Games/4.14/Engine/Plugins/Online/OnlineSubsystem/OnlineSubsystem.uplugin
LogPluginManager: Loaded Plugin OnlineSubsystemAmazon, From D:/Unreal/Epic Games/4.14/Engine/Plugins/Online/OnlineSubsystemAmazon/OnlineSubsystemAmazon.uplugin
LogPluginManager: Loaded Plugin OnlineSubsystemFacebook, From D:/Unreal/Epic Games/4.14/Engine/Plugins/Online/OnlineSubsystemFacebook/OnlineSubsystemFacebook.uplugin
LogPluginManager: Loaded Plugin OnlineSubsystemNull, From D:/Unreal/Epic Games/4.14/Engine/Plugins/Online/OnlineSubsystemNull/OnlineSubsystemNull.uplugin
LogPluginManager: Loaded Plugin OnlineSubsystemOculus, From D:/Unreal/Epic Games/4.14/Engine/Plugins/Online/OnlineSubsystemOculus/OnlineSubsystemOculus.uplugin
LogPluginManager: Loaded Plugin OnlineSubsystemSteam, From D:/Unreal/Epic Games/4.14/Engine/Plugins/Online/OnlineSubsystemSteam/OnlineSubsystemSteam.uplugin
LogPluginManager: Loaded Plugin OnlineSubsystemUtils, From D:/Unreal/Epic Games/4.14/Engine/Plugins/Online/OnlineSubsystemUtils/OnlineSubsystemUtils.uplugin
LogPluginManager: Loaded Plugin IOSTapJoy, From D:/Unreal/Epic Games/4.14/Engine/Plugins/Runtime/Advertising/IOSTapJoy/IOSTapJoy.uplugin
LogPluginManager: Loaded Plugin AnalyticsBlueprintLibrary, From D:/Unreal/Epic Games/4.14/Engine/Plugins/Runtime/Analytics/AnalyticsBlueprintLibrary/AnalyticsBlueprintLibrary.uplugin
LogPluginManager: Loaded Plugin AnalyticsMulticast, From D:/Unreal/Epic Games/4.14/Engine/Plugins/Runtime/Analytics/AnalyticsMulticast/AnalyticsMulticast.uplugin
LogPluginManager: Loaded Plugin Apsalar, From D:/Unreal/Epic Games/4.14/Engine/Plugins/Runtime/Analytics/Apsalar/Apsalar.uplugin
LogPluginManager: Loaded Plugin FileLogging, From D:/Unreal/Epic Games/4.14/Engine/Plugins/Runtime/Analytics/FileLogging/FileLogging.uplugin
LogPluginManager: Loaded Plugin Flurry, From D:/Unreal/Epic Games/4.14/Engine/Plugins/Runtime/Analytics/Flurry/Flurry.uplugin
LogPluginManager: Loaded Plugin AndroidDeviceProfileSelector, From D:/Unreal/Epic Games/4.14/Engine/Plugins/Runtime/AndroidDeviceProfileSelector/AndroidDeviceProfileSelector.uplugin
LogPluginManager: Loaded Plugin AndroidMoviePlayer, From D:/Unreal/Epic Games/4.14/Engine/Plugins/Runtime/AndroidMoviePlayer/AndroidMoviePlayer.uplugin
LogPluginManager: Loaded Plugin AppleMoviePlayer, From D:/Unreal/Epic Games/4.14/Engine/Plugins/Runtime/AppleMoviePlayer/AppleMoviePlayer.uplugin
LogPluginManager: Loaded Plugin ArchVisCharacter, From D:/Unreal/Epic Games/4.14/Engine/Plugins/Runtime/ArchVisCharacter/ArchVisCharacter.uplugin
LogPluginManager: Loaded Plugin CableComponent, From D:/Unreal/Epic Games/4.14/Engine/Plugins/Runtime/CableComponent/CableComponent.uplugin
LogPluginManager: Loaded Plugin CustomMeshComponent, From D:/Unreal/Epic Games/4.14/Engine/Plugins/Runtime/CustomMeshComponent/CustomMeshComponent.uplugin
LogPluginManager: Loaded Plugin ExampleDeviceProfileSelector, From D:/Unreal/Epic Games/4.14/Engine/Plugins/Runtime/ExampleDeviceProfileSelector/ExampleDeviceProfileSelector.uplugin
LogPluginManager: Loaded Plugin GearVR, From D:/Unreal/Epic Games/4.14/Engine/Plugins/Runtime/GearVR/GearVR.uplugin
LogPluginManager: Loaded Plugin GoogleVRController, From D:/Unreal/Epic Games/4.14/Engine/Plugins/Runtime/GoogleVR/GoogleVRController/GoogleVRController.uplugin
LogPluginManager: Loaded Plugin GoogleVRHMD, From D:/Unreal/Epic Games/4.14/Engine/Plugins/Runtime/GoogleVR/GoogleVRHMD/GoogleVRHMD.uplugin
LogPluginManager: Loaded Plugin IOSDeviceProfileSelector, From D:/Unreal/Epic Games/4.14/Engine/Plugins/Runtime/IOSDeviceProfileSelector/IOSDeviceProfileSelector.uplugin
LogPluginManager: Loaded Plugin LeapMotion, From D:/Unreal/Epic Games/4.14/Engine/Plugins/Runtime/LeapMotion/LeapMotion.uplugin
LogPluginManager: Loaded Plugin LinuxDeviceProfileSelector, From D:/Unreal/Epic Games/4.14/Engine/Plugins/Runtime/LinuxDeviceProfileSelector/LinuxDeviceProfileSelector.uplugin
LogPluginManager: Loaded Plugin MIDIDevice, From D:/Unreal/Epic Games/4.14/Engine/Plugins/Runtime/MIDIDevice/MIDIDevice.uplugin
LogPluginManager: Loaded Plugin MobilePatchingUtils, From D:/Unreal/Epic Games/4.14/Engine/Plugins/Runtime/MobilePatchingUtils/MobilePatchingUtils.uplugin
LogPluginManager: Loaded Plugin Ansel, From D:/Unreal/Epic Games/4.14/Engine/Plugins/Runtime/Nvidia/Ansel/Ansel.uplugin
LogPluginManager: Loaded Plugin OculusAudio, From D:/Unreal/Epic Games/4.14/Engine/Plugins/Runtime/OculusAudio/OculusAudio.uplugin
LogPluginManager: Loaded Plugin OculusInput, From D:/Unreal/Epic Games/4.14/Engine/Plugins/Runtime/OculusInput/OculusInput.uplugin
LogPluginManager: Loaded Plugin OculusLibrary, From D:/Unreal/Epic Games/4.14/Engine/Plugins/Runtime/OculusLibrary/OculusLibrary.uplugin
LogPluginManager: Loaded Plugin OculusRift, From D:/Unreal/Epic Games/4.14/Engine/Plugins/Runtime/OculusRift/OculusRift.uplugin
LogPluginManager: Loaded Plugin Oodle, From D:/Unreal/Epic Games/4.14/Engine/Plugins/Runtime/PacketHandlers/CompressionComponents/Oodle/Oodle.uplugin
LogPluginManager: Loaded Plugin ProceduralMeshComponent, From D:/Unreal/Epic Games/4.14/Engine/Plugins/Runtime/ProceduralMeshComponent/ProceduralMeshComponent.uplugin
LogPluginManager: Loaded Plugin SoundMod, From D:/Unreal/Epic Games/4.14/Engine/Plugins/Runtime/SoundMod/SoundMod.uplugin
LogPluginManager: Loaded Plugin SoundVisualizations, From D:/Unreal/Epic Games/4.14/Engine/Plugins/Runtime/SoundVisualizations/SoundVisualizations.uplugin
LogPluginManager: Loaded Plugin SteamController, From D:/Unreal/Epic Games/4.14/Engine/Plugins/Runtime/Steam/SteamController/SteamController.uplugin
LogPluginManager: Loaded Plugin SteamVR, From D:/Unreal/Epic Games/4.14/Engine/Plugins/Runtime/Steam/SteamVR/SteamVR.uplugin
LogPluginManager: Loaded Plugin WebBrowserWidget, From D:/Unreal/Epic Games/4.14/Engine/Plugins/Runtime/WebBrowserWidget/WebBrowserWidget.uplugin
LogPluginManager: Loaded Plugin WindowsDeviceProfileSelector, From D:/Unreal/Epic Games/4.14/Engine/Plugins/Runtime/WindowsDeviceProfileSelector/WindowsDeviceProfileSelector.uplugin
LogPluginManager: Loaded Plugin WindowsMoviePlayer, From D:/Unreal/Epic Games/4.14/Engine/Plugins/Runtime/WindowsMoviePlayer/WindowsMoviePlayer.uplugin
LogPluginManager: Loaded Plugin ScriptPlugin, From D:/Unreal/Epic Games/4.14/Engine/Plugins/ScriptPlugin/ScriptPlugin.uplugin
LogPluginManager: Loaded Plugin SlateRemote, From D:/Unreal/Epic Games/4.14/Engine/Plugins/Slate/SlateRemote/SlateRemote.uplugin
LogPluginManager: Loaded Plugin EditorTests, From D:/Unreal/Epic Games/4.14/Engine/Plugins/Tests/EditorTests/EditorTests.uplugin
LogPluginManager: Loaded Plugin FbxAutomationTestBuilder, From D:/Unreal/Epic Games/4.14/Engine/Plugins/Tests/FbxAutomationTestBuilder/FbxAutomationTestBuilder.uplugin
LogPluginManager: Loaded Plugin FunctionalTestingEditor, From D:/Unreal/Epic Games/4.14/Engine/Plugins/Tests/FunctionalTestingEditor/FunctionalTestingEditor.uplugin
LogPluginManager: Loaded Plugin RuntimeTests, From D:/Unreal/Epic Games/4.14/Engine/Plugins/Tests/RuntimeTests/RuntimeTests.uplugin
LogPluginManager: Loaded Plugin ScreenshotTools, From D:/Unreal/Epic Games/4.14/Engine/Plugins/Tests/ScreenshotTools/ScreenshotTools.uplugin
LogInit: Using libcurl 7.47.1
LogInit:  - built for x86_64-pc-win32
LogInit:  - supports SSL with OpenSSL/1.0.2g
LogInit:  - supports HTTP deflate (compression) using libz 1.2.8
LogInit:  - other features:
LogInit:      CURL_VERSION_SSL
LogInit:      CURL_VERSION_LIBZ
LogInit:      CURL_VERSION_IPV6
LogInit:      CURL_VERSION_ASYNCHDNS
LogInit:      CURL_VERSION_LARGEFILE
LogInit:      CURL_VERSION_IDN
LogInit:  CurlRequestOptions (configurable via config and command line):
LogInit:  - bVerifyPeer = false  - Libcurl will NOT verify peer certificate
LogInit:  - bUseHttpProxy = false  - Libcurl will NOT use HTTP proxy
LogInit:  - bDontReuseConnections = false  - Libcurl will reuse connections
LogInit:  - CertBundlePath = nullptr  - Libcurl will use whatever was configured at build time.
LogOnline:Display: STEAM: Loading Steam SDK 1.32
LogOnline:Warning: STEAM: Steam API disabled!
LogOnline:Display: STEAM: OnlineSubsystemSteam::Shutdown()
LogInit: WinSock: version 1.1 (2.2), MaxSocks=32767, MaxUdp=65467
LogInit: Build: ++UE4+Release-4.14-CL-3249277
LogInit: Engine Version: 4.14.3-3249277+++UE4+Release-4.14
LogInit: Compatible Engine Version: 4.14.0-3195953+++UE4+Release-4.14
LogInit: Net CL: 3195953
LogDevObjectVersion: Number of dev versions registered: 13
LogDevObjectVersion:   Dev-Blueprints (B0D832E4-1F89-4F0D-ACCF-7EB736FD4AA2): 7
LogDevObjectVersion:   Dev-Build (E1C64328-A22C-4D53-A36C-8E866417BD8C): 0
LogDevObjectVersion:   Dev-Core (375EC13C-06E4-48FB-B500-84F0262A717E): 1
LogDevObjectVersion:   Dev-Editor (E4B068ED-F494-42E9-A231-DA0B2E46BB41): 8
LogDevObjectVersion:   Dev-Framework (CFFC743F-43B0-4480-9391-14DF171D2073): 17
LogDevObjectVersion:   Dev-Mobile (B02B49B5-BB20-44E9-A304-32B752E40360): 0
LogDevObjectVersion:   Dev-Networking (A4E4105C-59A1-49B5-A7C5-40C4547EDFEE): 0
LogDevObjectVersion:   Dev-Online (39C831C9-5AE6-47DC-9A44-9C173E1C8E7C): 0
LogDevObjectVersion:   Dev-Physics (78F01B33-EBEA-4F98-B9B4-84EACCB95AA2): 0
LogDevObjectVersion:   Dev-Platform (6631380F-2D4D-43E0-8009-CF276956A95A): 0
LogDevObjectVersion:   Dev-Rendering (12F88B9F-8875-4AFC-A67C-D90C383ABD29): 12
LogDevObjectVersion:   Dev-Sequencer (7B5AE74C-D270-4C10-A958-57980B212A5A): 1
LogDevObjectVersion:   Dev-VR (D7296918-1DD6-4BDD-9DE2-64A83CC13884): 0
LogInit: Compiled (64-bit): Jan  6 2017 10:49:43
LogInit: Compiled with Visual C++: 19.00.23026.00
LogInit: Build Configuration: Development
LogInit: Branch Name: ++UE4+Release-4.14
LogInit: Command line:  
LogInit: Base directory: D:/Unreal/Epic Games/4.14/Engine/Binaries/Win64/
LogInit: Installed Engine Build: 1
LogInit: Presizing for max 8388607 objects, including 0 objects not considered by GC, pre-allocating 0 bytes for permanent pool.
LogInit: Object subsystem initialized
[2017.03.18-04.10.16:293][  0]LogInit: Selected Device Profile: [Windows]
[2017.03.18-04.10.16:293][  0]LogInit: Applying CVar settings loaded from the selected device profile: [Windows]
[2017.03.18-04.10.16:559][  0]LogInit: Computer: ASUS
[2017.03.18-04.10.16:559][  0]LogInit: User: User
[2017.03.18-04.10.16:559][  0]LogInit: CPU Page size=65536, Cores=4
[2017.03.18-04.10.16:559][  0]LogInit: High frequency timer resolution =2.533207 MHz
[2017.03.18-04.10.16:560][  0]LogMemory: Memory total: Physical=11.9GB (12GB approx)
[2017.03.18-04.10.16:560][  0]LogMemory: Platform Memory Stats for Windows
[2017.03.18-04.10.16:560][  0]LogMemory: Process Physical Memory: 266.69 MB used, 266.69 MB peak
[2017.03.18-04.10.16:560][  0]LogMemory: Process Virtual Memory: 263.03 MB used, 263.03 MB peak
[2017.03.18-04.10.16:560][  0]LogMemory: Physical Memory: 3716.66 MB used,  8460.23 MB free, 12176.89 MB total
[2017.03.18-04.10.16:560][  0]LogMemory: Virtual Memory: 680.28 MB used,  8460.23 MB free, 134217728.00 MB total
[2017.03.18-04.10.18:912][  0]LogTextLocalizationManager: No specific translations for ('en-SG') exist, so ('en') translations will be used.
[2017.03.18-04.10.28:936][  0]LogD3D11RHI: D3D11 adapters:
[2017.03.18-04.10.29:886][  0]LogD3D11RHI:    0. 'NVIDIA GeForce GTX 950M' (Feature Level 11_0)
[2017.03.18-04.10.29:886][  0]LogD3D11RHI:       4036/0/6088 MB DedicatedVideo/DedicatedSystem/SharedSystem, Outputs:1, VendorId:0x10de
[2017.03.18-04.10.29:916][  0]LogD3D11RHI:    1. 'Intel(R) HD Graphics 4600' (Feature Level 11_0)
[2017.03.18-04.10.29:916][  0]LogD3D11RHI:       112/0/2048 MB DedicatedVideo/DedicatedSystem/SharedSystem, Outputs:0, VendorId:0x8086
[2017.03.18-04.10.29:922][  0]LogD3D11RHI:    2. 'Microsoft Basic Render Driver' (Feature Level 11_0)
[2017.03.18-04.10.29:922][  0]LogD3D11RHI:       0/0/6088 MB DedicatedVideo/DedicatedSystem/SharedSystem, Outputs:0, VendorId:0x1414
[2017.03.18-04.10.29:922][  0]LogD3D11RHI: Chosen D3D11 Adapter: 0
[2017.03.18-04.10.29:943][  0]LogD3D11RHI: Creating new Direct3DDevice
[2017.03.18-04.10.29:943][  0]LogD3D11RHI:     GPU DeviceId: 0x139a (for the marketing name, search the web for "GPU Device Id")
[2017.03.18-04.10.29:943][  0]LogWindows: EnumDisplayDevices:
[2017.03.18-04.10.29:943][  0]LogWindows:    0. 'Intel(R) HD Graphics 4600' (P:1 D:1)
[2017.03.18-04.10.29:944][  0]LogWindows:    1. 'Intel(R) HD Graphics 4600' (P:0 D:0)
[2017.03.18-04.10.29:944][  0]LogWindows:    2. 'Intel(R) HD Graphics 4600' (P:0 D:0)
[2017.03.18-04.10.29:945][  0]LogWindows: DebugString: PrimaryIsNotTheChoosenAdapter PrimaryIsNotTheChoosenAdapter PrimaryIsNotTheChoosenAdapter FoundDriverCount:0 
[2017.03.18-04.10.29:945][  0]LogD3D11RHI:     Adapter Name: NVIDIA GeForce GTX 950M
[2017.03.18-04.10.29:945][  0]LogD3D11RHI:   Driver Version: Unknown (internal:Unknown, unified:Unknown)
[2017.03.18-04.10.29:945][  0]LogD3D11RHI:      Driver Date: Unknown
[2017.03.18-04.10.29:952][  0]LogRHI: Texture pool is 1361 MB (70% of 1945 MB)
[2017.03.18-04.10.29:995][  0]LogD3D11RHI: Async texture creation enabled
[2017.03.18-04.10.30:425][  0]LogD3D11RHI: GPU Timing Frequency: 1000.000000 (Debug: 2 5)
[2017.03.18-04.10.30:547][  0]LogShaderCompilers: Guid format shader working directory is 18 characters bigger than the processId version (../../../../../PurgaStory_v3/Intermediate/Shaders/WorkingDirectory/440/).
[2017.03.18-04.10.30:547][  0]LogShaderCompilers: Cleaned the shader compiler working directory 'C:/Users/User/AppData/Local/Temp/UnrealShaderWorkingDir/08FADBAB4245B2DE50B4608B82847AA5/'.
[2017.03.18-04.10.30:558][  0]LogShaderCompilers:Display: Using Local Shader Compiler.
[2017.03.18-04.10.41:321][  0]LogTemp:Display: Loaded TP AllDesktopTargetPlatform
[2017.03.18-04.10.41:487][  0]LogTemp:Display: Loaded TP MacClientTargetPlatform
[2017.03.18-04.10.41:653][  0]LogTemp:Display: Loaded TP MacNoEditorTargetPlatform
[2017.03.18-04.10.41:817][  0]LogTemp:Display: Loaded TP MacServerTargetPlatform
[2017.03.18-04.10.42:051][  0]LogTemp:Display: Loaded TP MacTargetPlatform
[2017.03.18-04.10.42:212][  0]LogTemp:Display: Loaded TP WindowsClientTargetPlatform
[2017.03.18-04.10.42:374][  0]LogTemp:Display: Loaded TP WindowsNoEditorTargetPlatform
[2017.03.18-04.10.42:536][  0]LogTemp:Display: Loaded TP WindowsServerTargetPlatform
[2017.03.18-04.10.42:663][  0]LogTemp:Display: Loaded TP WindowsTargetPlatform
[2017.03.18-04.10.42:852][  0]LogTemp:Display: Loaded TP AndroidTargetPlatform
[2017.03.18-04.10.43:014][  0]LogTemp:Display: Loaded TP Android_ASTCTargetPlatform
[2017.03.18-04.10.43:187][  0]LogTemp:Display: Loaded TP Android_ATCTargetPlatform
[2017.03.18-04.10.43:353][  0]LogTemp:Display: Loaded TP Android_DXTTargetPlatform
[2017.03.18-04.10.43:522][  0]LogTemp:Display: Loaded TP Android_ETC1TargetPlatform
[2017.03.18-04.10.43:692][  0]LogTemp:Display: Loaded TP Android_ETC2TargetPlatform
[2017.03.18-04.10.44:017][  0]LogTemp:Display: Loaded TP Android_MultiTargetPlatform
[2017.03.18-04.10.44:017][  0]LogTemp:Display: Loaded TP Android_PVRTCTargetPlatform
[2017.03.18-04.10.44:120][  0]LogTemp:Display: Loaded TP HTML5TargetPlatform
[2017.03.18-04.10.44:496][  0]LogTemp:Display: Loaded TP IOSTargetPlatform
[2017.03.18-04.10.44:604][  0]LogTemp:Display: Loaded TP TVOSTargetPlatform
[2017.03.18-04.10.44:768][  0]LogTemp:Display: Loaded TP LinuxClientTargetPlatform
[2017.03.18-04.10.44:927][  0]LogTemp:Display: Loaded TP LinuxNoEditorTargetPlatform
[2017.03.18-04.10.45:085][  0]LogTemp:Display: Loaded TP LinuxServerTargetPlatform
[2017.03.18-04.10.45:277][  0]LogTemp:Display: Loaded TP LinuxTargetPlatform
[2017.03.18-04.10.45:277][  0]LogTargetPlatformManager:Display: Building Assets For Windows
[2017.03.18-04.10.47:710][  0]LogDerivedDataCache:Display: Max Cache Size: 512 MB
[2017.03.18-04.10.48:391][  0]LogDerivedDataCache: Loaded boot cache 0.67s 50MB C:/Users/User/AppData/Local/UnrealEngine/4.14/DerivedDataCache/Boot.ddc.
[2017.03.18-04.10.48:391][  0]LogDerivedDataCache:Display: Loaded Boot cache: C:/Users/User/AppData/Local/UnrealEngine/4.14/DerivedDataCache/Boot.ddc
[2017.03.18-04.10.48:391][  0]LogDerivedDataCache: FDerivedDataBackendGraph:  Pak pak cache file ../../../../../PurgaStory_v3/DerivedDataCache/DDC.ddp not found, will not use a pak cache.
[2017.03.18-04.10.48:391][  0]LogDerivedDataCache: Unable to find inner node Pak for hierarchical cache Hierarchy.
[2017.03.18-04.10.48:391][  0]LogDerivedDataCache: FDerivedDataBackendGraph:  CompressedPak pak cache file ../../../../../PurgaStory_v3/DerivedDataCache/Compressed.ddp not found, will not use a pak cache.
[2017.03.18-04.10.48:391][  0]LogDerivedDataCache: Unable to find inner node CompressedPak for hierarchical cache Hierarchy.
[2017.03.18-04.10.48:516][  0]LogDerivedDataCache:Display: Pak cache opened for reading ../../../Engine/DerivedDataCache/Compressed.ddp.
[2017.03.18-04.10.48:546][  0]LogDerivedDataCache: Using Local data cache path C:/Users/User/AppData/Local/UnrealEngine/Common/DerivedDataCache: Writable
[2017.03.18-04.11.03:037][  0]LogInit: Selected Device Profile: [Windows]
[2017.03.18-04.11.03:468][  0]LogContentStreaming: Texture pool size is 0.00 MB
[2017.03.18-04.11.05:510][  0]LogMeshUtilities: Using QuadricMeshReduction for automatic static mesh reduction
[2017.03.18-04.11.05:784][  0]LogSimplygon: Simplygon DLL not present - disabling.
[2017.03.18-04.11.05:919][  0]LogMeshUtilities: Using SimplygonSwarm for distributed automatic mesh merging
[2017.03.18-04.11.05:919][  0]LogMeshUtilities: No automatic skeletal mesh reduction module available
[2017.03.18-04.11.05:919][  0]LogMeshUtilities: No automatic mesh merging module available
[2017.03.18-04.11.17:521][  0]LogNetVersion: GetLocalNetworkVersion: CL: 3195953, ProjectName: purgastory, ProjectVersion: , EngineNetworkVersion: 2, GameNetworkVersion: 0, NetworkChecksum: 4090582873
[2017.03.18-04.11.17:832][  0]LogAssetRegistry: FAssetRegistry took 0.0279 seconds to start up
[2017.03.18-04.11.18:081][  0]LogPackageLocalizationCache: Processed 3 localized package path(s) for 2 prioritized culture(s) in 0.097896 seconds
[2017.03.18-04.11.18:114][  0]LogUObjectArray: 31953 objects as part of root set at end of initial load.
[2017.03.18-04.11.18:114][  0]LogUObjectAllocator: 7149672 out of 0 bytes used by permanent object pool.
[2017.03.18-04.11.18:114][  0]LogUObjectArray: CloseDisregardForGC: 0/0 objects in disregard for GC pool
[2017.03.18-04.11.22:325][  0]LogSlate: Using Freetype 2.6.0
[2017.03.18-04.11.22:401][  0]LogSlate: SlateFontCache - WITH_FREETYPE: 1, WITH_HARFBUZZ: 1
[2017.03.18-04.11.22:402][  0]LogSlate: SlateFontCache - WITH_FREETYPE: 1, WITH_HARFBUZZ: 1
[2017.03.18-04.11.38:190][  0]LogSubstanceCoreModule: Substance [CPU] Engine Loaded, Max Texture Size = 2048
[2017.03.18-04.11.38:340][  0]LogTcpMessaging: Initializing TcpMessaging bridge
[2017.03.18-04.11.38:441][  0]LogUdpMessaging: Initializing bridge on interface 0.0.0.0:0 to multicast group 230.0.0.1:6666.
[2017.03.18-04.11.40:143][  0]LogMaterial: Uniform references updated for custom material expression Custom.
[2017.03.18-04.11.42:339][  0]SourceControl: Info Source control is disabled
[2017.03.18-04.11.42:947][  0]SourceControl: Info Source control is disabled
[2017.03.18-04.11.43:185][  0]SourceControl: Info Source control is disabled
[2017.03.18-04.11.43:408][  0]SourceControl: Info Source control is disabled
[2017.03.18-04.11.49:803][  0]LogEngine: Initializing Engine...
[2017.03.18-04.11.49:823][  0]LogHMD: Failed to initialize OpenVR with code 110
[2017.03.18-04.11.52:106][  0]LogAIModule: Creating AISystem for world Untitled
[2017.03.18-04.11.52:315][  0]LogInit: XAudio2 using 'Speakers (Conexant SmartAudio HD)' : 2 channels at 48 kHz using 32 bits per sample (channel mask 0x3)
[2017.03.18-04.11.52:593][  0]LogInit: FAudioDevice initialized.
[2017.03.18-04.11.52:682][  0]LogDerivedDataCache: Saved boot cache 0.09s 50MB C:/Users/User/AppData/Local/UnrealEngine/4.14/DerivedDataCache/Boot.ddc.
[2017.03.18-04.11.52:709][  0]LogInit: Texture streaming: Enabled
[2017.03.18-04.11.53:482][  0]LogWindowsTextInputMethodSystem:Display: IME system now deactivated.
[2017.03.18-04.11.54:124][  0]LogInit: Transaction tracking system initialized
[2017.03.18-04.11.59:367][  0]BlueprintLog: New page: Editor Load
[2017.03.18-04.12.03:385][  0]LocalizationService: Info Localization service is disabled
[2017.03.18-04.12.07:499][  0]LogConsoleResponse:Display: 
[2017.03.18-04.12.11:991][  0]LogFileCache: Scanning file cache for directory 'D:/Unreal/PurgaStory_v3/Content/' took 0.05s
[2017.03.18-04.12.11:991][  0]LogCook:Display: Max memory allowance for cook 16384mb min free memory 0mb
[2017.03.18-04.12.11:991][  0]LogCook:Display: Mobile HDR setting 1
[2017.03.18-04.12.18:173][  0]SourceControl: Info Source control is disabled
[2017.03.18-04.12.18:222][  0]Cmd: MAP LOAD FILE="../../../../../PurgaStory_v3/Content/Multiplayer/Maps/MP_mainMenu.umap" TEMPLATE=0 SHOWPROGRESS=1 FEATURELEVEL=3
[2017.03.18-04.12.18:315][  0]LightingResults: New page: Lighting Build
[2017.03.18-04.12.18:708][  0]MapCheck: New page: Map Check
[2017.03.18-04.12.18:708][  0]LightingResults: New page: Lighting Build
[2017.03.18-04.12.23:168][  0]LogAIModule: Creating AISystem for world MP_mainMenu
[2017.03.18-04.12.23:387][  0]LogEditorServer: Finished looking for orphan Actors (0.000 secs)
[2017.03.18-04.12.23:512][  0]Cmd: MAP CHECKDEP NOCLEARLOG
[2017.03.18-04.12.23:693][  0]MapCheck: Info Map check complete: 0 Error(s), 0 Warning(s), took 180.552ms to complete.
[2017.03.18-04.12.23:693][  0]LogFileHelpers: Loading map 'MP_mainMenu' took 5.489
[2017.03.18-04.12.26:469][  0]LogCollectionManager: Loaded 0 collections in 0.003430 seconds
[2017.03.18-04.12.27:392][  0]LogFileCache: Scanning file cache for directory 'D:/Unreal/PurgaStory_v3/Saved/Collections/' took 0.01s
[2017.03.18-04.12.27:392][  0]LogFileCache: Scanning file cache for directory 'D:/Unreal/PurgaStory_v3/Content/Developers/User/Collections/' took 0.01s
[2017.03.18-04.12.27:392][  0]LogFileCache: Scanning file cache for directory 'D:/Unreal/PurgaStory_v3/Content/Collections/' took 0.01s
[2017.03.18-04.12.27:392][  0]LogCollectionManager: Rebuilt the GUID cache for 0 collections in 0.000006 seconds
[2017.03.18-04.12.27:732][  0]LogContentBrowser: Native class hierarchy populated in 0.1073 seconds. Added 2206 classes and 437 folders.
[2017.03.18-04.12.27:945][  0]LogStats: UGameplayTagsManager::ConstructGameplayTagTree: Construct from data asset -  0.000 s
[2017.03.18-04.12.27:945][  0]LogStats: UGameplayTagsManager::ConstructGameplayTagTree: GameplayTagTreeChangedEvent.Broadcast -  0.000 s
[2017.03.18-04.12.27:951][  0]LogContentBrowser: Native class hierarchy updated for 'GameplayTags' in 0.0020 seconds. Added 13 classes and 0 folders.
[2017.03.18-04.12.28:278][  0]LogContentBrowser: Native class hierarchy updated for 'WidgetCarousel' in 0.0025 seconds. Added 0 classes and 0 folders.
[2017.03.18-04.12.31:361][  0]LogContentBrowser: Native class hierarchy updated for 'AddContentDialog' in 0.0017 seconds. Added 0 classes and 0 folders.
[2017.03.18-04.12.31:721][  0]LogContentBrowser: Native class hierarchy updated for 'SceneOutliner' in 0.0017 seconds. Added 1 classes and 2 folders.
[2017.03.18-04.12.33:920][  0]LogCrashTracker: Crashtracker disabled due to settings.
[2017.03.18-04.12.34:172][  0]LogUObjectGlobals:Warning: Failed to find object 'Class None.'
[2017.03.18-04.12.34:509][  0]LogContentBrowser: Native class hierarchy updated for 'HierarchicalLODOutliner' in 0.0018 seconds. Added 1 classes and 2 folders.
[2017.03.18-04.12.34:510][  0]LogLoad: (Engine Initialization) Total time: 159.96 seconds
[2017.03.18-04.12.34:510][  0]LogLoad: (Engine Initialization) Total Blueprint compile time: 2.37 seconds
[2017.03.18-04.12.34:510][  0]LogExternalProfiler: Found external profiler: VSPerf
[2017.03.18-04.12.34:510][  0]LogExternalProfiler: Using external profiler: VSPerf
[2017.03.18-04.12.34:566][  0]LogOcInput: OculusInput pre-init called
[2017.03.18-04.12.35:017][  0]LogContentStreaming: Texture pool size now 800 MB
[2017.03.18-04.12.36:899][  0]LogRenderer: Reallocating scene render targets to support 768x364 NumSamples 1 (Frame:2).
[2017.03.18-04.12.38:583][  1]LogFileCache: Retrieving MD5 hashes for directory 'D:/Unreal/PurgaStory_v3/Content/' took 3.94s
[2017.03.18-04.12.40:363][ 10]LogAssetRegistry: Asset discovery search completed in 82.5543 seconds
[2017.03.18-04.12.40:376][ 10]LogCollectionManager: Rebuilt the object cache for 0 collections in 0.000001 seconds (found 0 objects)
[2017.03.18-04.12.40:376][ 10]LogCollectionManager: Fixed up redirectors for 0 collections in 0.013280 seconds (updated 0 objects)
[2017.03.18-04.19.48:035][705]LogMaterial: Uniform references updated for custom material expression TemporalAA SampleID.
[2017.03.18-04.19.48:037][705]LogMaterial: Uniform references updated for custom material expression Custom.
[2017.03.18-04.20.05:522][705]LogAIModule: Creating AISystem for world Purgastory_Level
[2017.03.18-04.20.05:585][705]LogMaterial:Warning: Material /Game/KiteDemo/Environments/Trees/ScotsPine_01/ScotsPine_01_Branches_Mat.ScotsPine_01_Branches_Mat needed to have new flag set bUsedWithInstancedStaticMeshes !
[2017.03.18-04.20.05:592][705]LogMaterial: Missing cached shader map for material ScotsPine_01_Branches_Mat, compiling. 
[2017.03.18-04.20.06:006][705]MapCheck:Warning: Warning ScotsPine_01_Branches_Mat Material /Game/KiteDemo/Environments/Trees/ScotsPine_01/ScotsPine_01_Branches_Mat.ScotsPine_01_Branches_Mat was missing the usage flag bUsedWithInstancedStaticMeshes. If the material asset is not re-saved, it may not render correctly when run outside the editor. Fix
[2017.03.18-04.20.06:062][705]LogMaterial: 0.00 seconds spent updating 1 materials, 1 interfaces, 0 instances, 0 with static permutations.
[2017.03.18-04.20.06:062][705]LogMaterial:Warning: Material /Game/KiteDemo/Environments/Trees/ScotsPine_01/ScotsPine_01_Branches_2_Mat.ScotsPine_01_Branches_2_Mat needed to have new flag set bUsedWithInstancedStaticMeshes !
[2017.03.18-04.20.06:071][705]LogMaterial: Missing cached shader map for material ScotsPine_01_Branches_2_Mat, compiling. 
[2017.03.18-04.20.06:331][705]MapCheck:Warning: Warning ScotsPine_01_Branches_2_Mat Material /Game/KiteDemo/Environments/Trees/ScotsPine_01/ScotsPine_01_Branches_2_Mat.ScotsPine_01_Branches_2_Mat was missing the usage flag bUsedWithInstancedStaticMeshes. If the material asset is not re-saved, it may not render correctly when run outside the editor. Fix
[2017.03.18-04.20.06:335][705]LogMaterial: 0.00 seconds spent updating 1 materials, 1 interfaces, 0 instances, 0 with static permutations.
[2017.03.18-04.20.06:335][705]LogMaterial:Warning: Material /Game/KiteDemo/Environments/Trees/ScotsPine_01/ScotsPine_01_Leaves_Mat.ScotsPine_01_Leaves_Mat needed to have new flag set bUsedWithInstancedStaticMeshes !
[2017.03.18-04.20.06:422][705]LogMaterial: Missing cached shader map for material ScotsPine_01_Leaves_Mat, compiling. 
[2017.03.18-04.20.06:704][705]MapCheck:Warning: Warning ScotsPine_01_Leaves_Mat Material /Game/KiteDemo/Environments/Trees/ScotsPine_01/ScotsPine_01_Leaves_Mat.ScotsPine_01_Leaves_Mat was missing the usage flag bUsedWithInstancedStaticMeshes. If the material asset is not re-saved, it may not render correctly when run outside the editor. Fix
[2017.03.18-04.20.06:707][705]LogMaterial: 0.00 seconds spent updating 1 materials, 1 interfaces, 0 instances, 0 with static permutations.
[2017.03.18-04.20.06:707][705]LogMaterial:Warning: Material /Game/KiteDemo/Environments/Trees/ScotsPine_01/ScotsPine_01_Fronds_Mat.ScotsPine_01_Fronds_Mat needed to have new flag set bUsedWithInstancedStaticMeshes !
[2017.03.18-04.20.06:720][705]LogMaterial: Missing cached shader map for material ScotsPine_01_Fronds_Mat, compiling. 
[2017.03.18-04.20.06:964][705]MapCheck:Warning: Warning ScotsPine_01_Fronds_Mat Material /Game/KiteDemo/Environments/Trees/ScotsPine_01/ScotsPine_01_Fronds_Mat.ScotsPine_01_Fronds_Mat was missing the usage flag bUsedWithInstancedStaticMeshes. If the material asset is not re-saved, it may not render correctly when run outside the editor. Fix
[2017.03.18-04.20.06:967][705]LogMaterial: 0.00 seconds spent updating 1 materials, 1 interfaces, 0 instances, 0 with static permutations.
[2017.03.18-04.20.08:531][705]Cmd: MAP LOAD FILE="../../../../../PurgaStory_v3/Content/Multiplayer/Maps/Purgastory_Level.umap" TEMPLATE=0 SHOWPROGRESS=1 FEATURELEVEL=3
[2017.03.18-04.20.08:533][705]LightingResults: New page: Lighting Build
[2017.03.18-04.20.08:535][705]LoadErrors: New page: Loading map: Purgastory_Level.umap
[2017.03.18-04.20.08:536][705]MapCheck: New page: Map Check
[2017.03.18-04.20.08:536][705]LightingResults: New page: Lighting Build
[2017.03.18-04.20.12:351][705]LogPhysics:Warning: AddConvexElemsToRigidActor: [/Game/Bed/bed1.bed1] ConvexElem[0] invalid
[2017.03.18-04.20.13:075][705]LogEditorServer: Finished looking for orphan Actors (0.001 secs)
[2017.03.18-04.20.13:335][705]Cmd: MAP CHECKDEP NOCLEARLOG
[2017.03.18-04.20.13:681][705]MapCheck: Info Map check complete: 0 Error(s), 0 Warning(s), took 345.547ms to complete.
[2017.03.18-04.20.13:683][705]LogFileHelpers: Loading map 'Purgastory_Level' took 5.181
[2017.03.18-04.27.49:186][312]LogTemp: Repeting last play command: New Editor Window (PIE)
[2017.03.18-04.27.49:308][312]LogBlueprintUserMessages: Early PlayInEditor Detection: Level '/Game/Multiplayer/Maps/Purgastory_Level.Purgastory_Level:PersistentLevel' has LevelScriptBlueprint '/Game/Multiplayer/Maps/Purgastory_Level.Purgastory_Level:PersistentLevel.Purgastory_Level' with GeneratedClass '/Game/Multiplayer/Maps/Purgastory_Level.Purgastory_Level_C' with ClassGeneratedBy '/Game/Multiplayer/Maps/Purgastory_Level.Purgastory_Level:PersistentLevel.Purgastory_Level'
[2017.03.18-04.27.49:317][312]LogPlayLevel: PlayLevel: No blueprints needed recompiling
[2017.03.18-04.27.49:333][312]LogOnline:Display: NULL: FOnlineSubsystemNull::Shutdown()
[2017.03.18-04.27.49:351][312]LogOnline:Warning: STEAM: Steam API disabled!
[2017.03.18-04.27.49:351][312]LogOnline:Display: STEAM: OnlineSubsystemSteam::Shutdown()
[2017.03.18-04.27.49:391][312]PIE: New page: PIE session: Purgastory_Level (18 Mar 2017 8:27:49 pm)
[2017.03.18-04.27.49:398][312]LogPlayLevel: Creating play world package: /Game/Multiplayer/Maps/UEDPIE_1_Purgastory_Level
[2017.03.18-04.27.49:620][312]LogPlayLevel: PIE: StaticDuplicateObject took: (0.222655s)
[2017.03.18-04.27.49:622][312]LogAIModule: Creating AISystem for world Purgastory_Level
[2017.03.18-04.27.49:622][312]LogPlayLevel: PIE: World Init took: (0.002283s)
[2017.03.18-04.27.49:624][312]LogPlayLevel: PIE: Created PIE world by copying editor world from /Game/Multiplayer/Maps/Purgastory_Level.Purgastory_Level to /Game/Multiplayer/Maps/UEDPIE_1_Purgastory_Level.Purgastory_Level (0.231629s)
[2017.03.18-04.27.49:668][312]LogInit: XAudio2 using 'Speakers (Conexant SmartAudio HD)' : 2 channels at 48 kHz using 32 bits per sample (channel mask 0x3)
[2017.03.18-04.27.49:701][312]LogInit: FAudioDevice initialized.
[2017.03.18-04.27.49:785][312]LogStats:Warning: MetaData mismatch. Did you assign a stat to two groups? New //STATGROUP_Threads//OnlineAsyncTaskThreadNull DefaultInstance///Thread_1830_0///####STATCAT_Advanced#### old //STATGROUP_Threads//OnlineAsyncTaskThreadNull DefaultInstance///Thread_e48_0///####STATCAT_Advanced####
[2017.03.18-04.27.49:820][312]LogLoad: Game class is 'MP_GM_C'
[2017.03.18-04.27.49:900][312]LogPhysics:Warning: AddConvexElemsToRigidActor: [/Game/Bed/bed1.bed1] ConvexElem[0] invalid
[2017.03.18-04.27.49:916][312]LogWorld: Bringing World /Game/Multiplayer/Maps/UEDPIE_1_Purgastory_Level.Purgastory_Level up for play (max tick rate 0) at 2017.03.18-12.27.49
[2017.03.18-04.27.49:921][312]LogWorld: Bringing up level for play took: 0.075524
[2017.03.18-04.27.50:210][312]LogContentBrowser: Native class hierarchy updated for 'MovieSceneCapture' in 0.0020 seconds. Added 11 classes and 0 folders.
[2017.03.18-04.27.50:223][312]LogBlueprintUserMessages: [MP_GM_C_0] Server: Respawning new player
[2017.03.18-04.27.50:223][312]LogScript:Warning: Accessed None trying to read property CallFunc_K2_GetPawn_ReturnValue
	MP_GM_C /Game/Multiplayer/Maps/UEDPIE_1_Purgastory_Level.Purgastory_Level:PersistentLevel.MP_GM_C_0
	Function /Game/Multiplayer/Blueprints/MP_GM.MP_GM_C:ExecuteUbergraph_MP_GM:0F88
[2017.03.18-04.27.50:224][312]PIE:Error: Error Blueprint Runtime Error: Accessed None trying to read property CallFunc_K2_GetPawn_ReturnValue from function: 'ExecuteUbergraph_MP_GM' from node: DestroyActor in graph: EventGraph in object: MP_GM with description: Accessed None trying to read property CallFunc_K2_GetPawn_ReturnValue
[2017.03.18-04.27.50:224][312]LogBlueprintUserMessages: [MP_GM_C_0] Server: 256 Actor has been destroyed
[2017.03.18-04.27.50:470][312]LogInit: WinSock: Socket queue 131072 / 131072
[2017.03.18-04.27.50:471][312]LogInit: WinSock: I am ASUS (192.168.189.1:0)
[2017.03.18-04.27.50:472][312]PacketHandlerLog: Loaded PacketHandler component: Engine.EngineHandlerComponentFactory (StatelessConnectHandlerComponent)
[2017.03.18-04.27.50:472][312]LogNet: GameNetDriver IpNetDriver_0 IpNetDriver listening on port 7777
[2017.03.18-04.27.50:472][312]LogGameMode:Display: Match State Changed from EnteringMap to WaitingToStart
[2017.03.18-04.27.50:472][312]LogGameState: Match State Changed from EnteringMap to WaitingToStart
[2017.03.18-04.27.50:472][312]LogGameMode:Display: Match State Changed from WaitingToStart to InProgress
[2017.03.18-04.27.50:478][312]LogGameState: Match State Changed from WaitingToStart to InProgress
[2017.03.18-04.27.50:499][312]PIE: Info Play in editor start time for /Game/Multiplayer/Maps/UEDPIE_1_Purgastory_Level 1.586
[2017.03.18-04.27.50:505][312]PIE: New page: PIE session: Purgastory_Level (18 Mar 2017 8:27:50 pm)
[2017.03.18-04.27.50:580][312]LogNet: Browse: 127.0.0.1//Game/Multiplayer/Maps/MP_mainMenu
[2017.03.18-04.27.50:580][312]LogInit: WinSock: Socket queue 32768 / 32768
[2017.03.18-04.27.50:582][312]PacketHandlerLog: Loaded PacketHandler component: Engine.EngineHandlerComponentFactory (StatelessConnectHandlerComponent)
[2017.03.18-04.27.50:582][312]LogNet: Game client on port 7777, rate 10000
[2017.03.18-04.27.50:582][312]LogNetVersion: GetLocalNetworkVersion: CL: 3195953, ProjectName: purgastory, ProjectVersion: 1.0.0.0, EngineNetworkVersion: 2, GameNetworkVersion: 0, NetworkChecksum: 3808236973
[2017.03.18-04.27.50:592][312]LogNet: UPendingNetGame::InitNetDriver: Sending hello. [UNetConnection] RemoteAddr: 127.0.0.1:7777, Name: IpConnection_0, Driver: PendingNetDriver IpNetDriver_1, IsServer: NO, PC: NULL, Owner: NULL
[2017.03.18-04.27.50:605][312]PIE: Info Play in editor start time for /Game/Multiplayer/Maps/MP_mainMenu 1.693
[2017.03.18-04.27.50:624][312]LogBlueprintUserMessages: Late PlayInEditor Detection: Level '/Game/Multiplayer/Maps/Purgastory_Level.Purgastory_Level:PersistentLevel' has LevelScriptBlueprint '/Game/Multiplayer/Maps/Purgastory_Level.Purgastory_Level:PersistentLevel.Purgastory_Level' with GeneratedClass '/Game/Multiplayer/Maps/Purgastory_Level.Purgastory_Level_C' with ClassGeneratedBy '/Game/Multiplayer/Maps/Purgastory_Level.Purgastory_Level:PersistentLevel.Purgastory_Level'
[2017.03.18-04.27.50:645][312]LogHandshake: SendConnectChallenge. Timestamp: 0.015091, Cookie: 199193101242049201185255109043151240046092172133226131006001
[2017.03.18-04.27.50:877][312]LogHandshake: SendChallengeResponse. Timestamp: 0.015091, Cookie: 199193101242049201185255109043151240046092172133226131006001
[2017.03.18-04.27.51:038][312]LogRenderer: Reallocating scene render targets to support 768x500 NumSamples 1 (Frame:4880).
[2017.03.18-04.27.51:144][313]LogNet: Server accepting post-challenge connection from: 127.0.0.1:52659
[2017.03.18-04.27.51:145][313]PacketHandlerLog: Loaded PacketHandler component: Engine.EngineHandlerComponentFactory (StatelessConnectHandlerComponent)
[2017.03.18-04.27.51:145][313]LogNet: NotifyAcceptedConnection: Name: Purgastory_Level, TimeStamp: 03/18/17 12:27:51, [UNetConnection] RemoteAddr: 127.0.0.1:52659, Name: IpConnection_1, Driver: GameNetDriver IpNetDriver_0, IsServer: YES, PC: NULL, Owner: NULL
[2017.03.18-04.27.51:145][313]LogNet: AddClientConnection: Added client connection: [UNetConnection] RemoteAddr: 127.0.0.1:52659, Name: IpConnection_1, Driver: GameNetDriver IpNetDriver_0, IsServer: YES, PC: NULL, Owner: NULL
[2017.03.18-04.27.51:263][314]LogNet: NotifyAcceptingChannel Control 0 server World /Game/Multiplayer/Maps/UEDPIE_1_Purgastory_Level.Purgastory_Level: Accepted
[2017.03.18-04.27.51:276][314]LogNet: Remote platform little endian=1
[2017.03.18-04.27.51:276][314]LogNet: This platform little endian=1
[2017.03.18-04.27.51:356][315]LogNet: Login request: /Game/Multiplayer/Maps/MP_mainMenu?Name=ASUS-7D91299F405CEAB6DBFA3CA3AA85A55B userId: ASUS-7D91299F405CEAB6DBFA3CA3AA85A55B
[2017.03.18-04.27.51:437][315]LogNet: Welcomed by server (Level: /Game/Multiplayer/Maps/UEDPIE_1_Purgastory_Level, Game: /Game/Multiplayer/Blueprints/MP_GM.MP_GM_C)
[2017.03.18-04.27.51:438][315]LogLoad: LoadMap: 127.0.0.1//Game/Multiplayer/Maps/UEDPIE_1_Purgastory_Level?game=/Game/Multiplayer/Blueprints/MP_GM.MP_GM_C
[2017.03.18-04.27.51:540][315]Cmd: MEM
[2017.03.18-04.27.51:661][315]LogMemory: Platform Memory Stats for Windows
[2017.03.18-04.27.51:661][315]LogMemory: Process Physical Memory: 1235.21 MB used, 1236.15 MB peak
[2017.03.18-04.27.51:661][315]LogMemory: Process Virtual Memory: 1736.11 MB used, 1737.54 MB peak
[2017.03.18-04.27.51:661][315]LogMemory: Physical Memory: 5768.25 MB used,  6408.64 MB free, 12176.89 MB total
[2017.03.18-04.27.51:661][315]LogMemory: Virtual Memory: 2505.73 MB used,  6408.64 MB free, 134217728.00 MB total
[2017.03.18-04.27.51:661][315]LogMemory: 
[2017.03.18-04.27.51:661][315]Allocator Stats for TBB: (not implemented)
[2017.03.18-04.27.51:935][315]LogAIModule: Creating AISystem for world Purgastory_Level
[2017.03.18-04.27.52:013][315]LogPhysics:Warning: AddConvexElemsToRigidActor: [/Game/Bed/bed1.bed1] ConvexElem[0] invalid
[2017.03.18-04.27.52:040][315]LogWorld: Bringing World /Game/Multiplayer/Maps/UEDPIE_2_Purgastory_Level.Purgastory_Level up for play (max tick rate 0) at 2017.03.18-12.27.52
[2017.03.18-04.27.52:046][315]LogWorld: Bringing up level for play took: 0.102631
[2017.03.18-04.27.52:047][315]LogLoad: Took 0.609340 seconds to LoadMap(/Game/Multiplayer/Maps/UEDPIE_1_Purgastory_Level)
[2017.03.18-04.27.52:146][316]LogNet: Client netspeed is 10000
[2017.03.18-04.27.52:146][316]LogNet: Join request: /Game/Multiplayer/Maps/MP_mainMenu?Name=ASUS-7D91299F405CEAB6DBFA3CA3AA85A55B?SplitscreenCount=1
[2017.03.18-04.27.52:148][316]LogOnline:Warning: NULL: No game present to join for session (Game)
[2017.03.18-04.27.52:152][316]LogBlueprintUserMessages: [MP_GM_C_0] Server: Respawning new player
[2017.03.18-04.27.52:152][316]LogScript:Warning: Accessed None trying to read property CallFunc_K2_GetPawn_ReturnValue
	MP_GM_C /Game/Multiplayer/Maps/UEDPIE_1_Purgastory_Level.Purgastory_Level:PersistentLevel.MP_GM_C_0
	Function /Game/Multiplayer/Blueprints/MP_GM.MP_GM_C:ExecuteUbergraph_MP_GM:0F88
[2017.03.18-04.27.52:152][316]PIE:Error: Error Blueprint Runtime Error: Accessed None trying to read property CallFunc_K2_GetPawn_ReturnValue from function: 'ExecuteUbergraph_MP_GM' from node: DestroyActor in graph: EventGraph in object: MP_GM with description: Accessed None trying to read property CallFunc_K2_GetPawn_ReturnValue
[2017.03.18-04.27.52:152][316]LogBlueprintUserMessages: [MP_GM_C_0] Server: 257 Actor has been destroyed
[2017.03.18-04.27.52:182][316]LogBlueprintUserMessages: [MP_GM_C_0] Server: 257has possessed new pawn
[2017.03.18-04.27.52:182][316]LogNet: Join succeeded: ASUS-7D91299F405CEAB
[2017.03.18-04.27.52:332][317]LogNetPackageMap:Warning: FNetGUIDCache::SupportsObject: StaticMeshComponent /Game/Multiplayer/Maps/UEDPIE_1_Purgastory_Level.Purgastory_Level:PersistentLevel.BP_Hider_C_0.StaticMeshComponent_3 NOT Supported.
[2017.03.18-04.27.52:332][317]LogNetPackageMap:Warning: FNetGUIDCache::SupportsObject: DrawFrustumComponent /Game/Multiplayer/Maps/UEDPIE_1_Purgastory_Level.Purgastory_Level:PersistentLevel.BP_Hider_C_0.DrawFrustumComponent_3 NOT Supported.
[2017.03.18-04.27.52:595][319]LogOnline:Warning: NULL: No game present to join for session (Game)
[2017.03.18-04.27.52:626][319]LogOnline:Warning: NULL: No game present to join for session (Game)
[2017.03.18-04.29.11:872][464]LogBlueprintUserMessages: Early EndPlayMap Detection: Level '/Game/Multiplayer/Maps/Purgastory_Level.Purgastory_Level:PersistentLevel' has LevelScriptBlueprint '/Game/Multiplayer/Maps/Purgastory_Level.Purgastory_Level:PersistentLevel.Purgastory_Level' with GeneratedClass '/Game/Multiplayer/Maps/Purgastory_Level.Purgastory_Level_C' with ClassGeneratedBy '/Game/Multiplayer/Maps/Purgastory_Level.Purgastory_Level:PersistentLevel.Purgastory_Level'
[2017.03.18-04.29.12:031][464]LogOnline:Display: NULL: FOnlineSubsystemNull::Shutdown()
[2017.03.18-04.29.12:038][464]LogOnline:Warning: NULL: No game present to leave for session (Game)
[2017.03.18-04.29.12:122][464]LogScript:Warning: Accessed None trying to read property W_HUD
	PC_MP_C /Game/Multiplayer/Maps/UEDPIE_1_Purgastory_Level.Purgastory_Level:PersistentLevel.PC_MP_C_1
	Function /Game/Multiplayer/Blueprints/PC_MP.PC_MP_C:ExecuteUbergraph_PC_MP:0015
[2017.03.18-04.29.12:122][464]PIE:Error: Error Blueprint Runtime Error: Accessed None trying to read property W_HUD from function: 'ExecuteUbergraph_PC_MP' from node: Remove from Parent in graph: EventGraph in object: PC_MP with description: Accessed None trying to read property W_HUD
[2017.03.18-04.29.12:171][464]LogOnline:Display: NULL: FOnlineSubsystemNull::Shutdown()
[2017.03.18-04.29.12:172][464]LogPlayLevel:Display: Shutting down PIE online subsystems
[2017.03.18-04.29.12:174][464]LogBlueprintUserMessages: Late EndPlayMap Detection: Level '/Game/Multiplayer/Maps/Purgastory_Level.Purgastory_Level:PersistentLevel' has LevelScriptBlueprint '/Game/Multiplayer/Maps/Purgastory_Level.Purgastory_Level:PersistentLevel.Purgastory_Level' with GeneratedClass '/Game/Multiplayer/Maps/Purgastory_Level.Purgastory_Level_C' with ClassGeneratedBy '/Game/Multiplayer/Maps/Purgastory_Level.Purgastory_Level:PersistentLevel.Purgastory_Level'
[2017.03.18-04.29.12:243][464]LogNet: UChannel::CleanUp: ChIndex == 0. Closing connection. [UChannel] ChIndex: 0, Closing: 0 [UNetConnection] RemoteAddr: 127.0.0.1:52659, Name: IpConnection_1, Driver: GameNetDriver IpNetDriver_0, IsServer: YES, PC: None, Owner: None
[2017.03.18-04.29.12:243][464]LogNet: UNetConnection::Close: [UNetConnection] RemoteAddr: 127.0.0.1:52659, Name: IpConnection_1, Driver: GameNetDriver IpNetDriver_0, IsServer: YES, PC: None, Owner: None, Channels: 2, Time: 2017.03.18-04.29.12
[2017.03.18-04.29.12:243][464]LogNet: UChannel::Close: Sending CloseBunch. ChIndex == 0. Name: [UChannel] ChIndex: 0, Closing: 0 [UNetConnection] RemoteAddr: 127.0.0.1:52659, Name: IpConnection_1, Driver: GameNetDriver IpNetDriver_0, IsServer: YES, PC: None, Owner: None
[2017.03.18-04.29.12:243][464]LogNet: UChannel::CleanUp: ChIndex == 0. Closing connection. [UChannel] ChIndex: 0, Closing: 0 [UNetConnection] RemoteAddr: 127.0.0.1:7777, Name: IpConnection_0, Driver: GameNetDriver IpNetDriver_1, IsServer: NO, PC: None, Owner: None
[2017.03.18-04.29.12:243][464]LogNet: UNetConnection::Close: [UNetConnection] RemoteAddr: 127.0.0.1:7777, Name: IpConnection_0, Driver: GameNetDriver IpNetDriver_1, IsServer: NO, PC: None, Owner: None, Channels: 2, Time: 2017.03.18-04.29.12
[2017.03.18-04.29.12:243][464]LogNet: UChannel::Close: Sending CloseBunch. ChIndex == 0. Name: [UChannel] ChIndex: 0, Closing: 0 [UNetConnection] RemoteAddr: 127.0.0.1:7777, Name: IpConnection_0, Driver: GameNetDriver IpNetDriver_1, IsServer: NO, PC: None, Owner: None
[2017.03.18-04.29.12:257][464]LogExit: GameNetDriver None shut down
[2017.03.18-04.29.12:257][464]LogExit: GameNetDriver None shut down
[2017.03.18-04.29.12:384][465]LogPlayLevel:Display: Destroying online subsystem :Context_2
[2017.03.18-04.29.12:384][465]LogOnline:Display: NULL: FOnlineSubsystemNull::Shutdown()
[2017.03.18-04.29.12:384][465]LogPlayLevel:Display: Destroying online subsystem :Context_1
[2017.03.18-04.29.12:384][465]LogOnline:Display: NULL: FOnlineSubsystemNull::Shutdown()
[2017.03.18-04.41.13:986][460]LogAudioDerivedData:Display: Building compressed audio format OGG wave SW_Jump_2...
[2017.03.18-04.41.14:111][460]LogAudioDerivedData:Display: Building compressed audio format OGG wave SW_Jump_3...
[2017.03.18-04.41.14:761][460]LogAudioDerivedData:Display: Building compressed audio format OGG wave SW_Shot_2...
[2017.03.18-04.41.15:015][460]LogAudioDerivedData:Display: Building compressed audio format OGG wave SW_TechShot...
[2017.03.18-04.41.15:398][460]LogAudioDerivedData:Display: Building compressed audio format OGG wave SW_Thud_2...
[2017.03.18-04.52.42:844][651]LogEditorViewport: Clicking on Actor (LMB): StaticMeshActor (Floor568)
[2017.03.18-04.52.48:136][877]LogEditorViewport: Clicking on Actor (LMB): Emitter (P_Ambient_Dust)
[2017.03.18-04.52.53:662][125]LogEditorViewport: Clicking on Actor (LMB): Emitter (P_Ambient_Dust)
[2017.03.18-04.52.54:346][156]LogEditorViewport: Clicking on Actor (LMB): Emitter (P_Ambient_Dust)
[2017.03.18-04.52.54:904][181]LogEditorViewport: Clicking on Actor (LMB): Emitter (P_Ambient_Dust)
[2017.03.18-04.52.55:490][207]LogEditorViewport: Clicking on Actor (LMB): chillsofa_C (chillsofa3)
[2017.03.18-04.52.57:476][290]LogEditorViewport: Clicking on Actor (LMB): Emitter (P_Ambient_Dust)
[2017.03.18-04.53.00:617][418]LogEditorViewport: Clicking on Actor (LMB): StaticMeshActor (Shape_TubeHalf2)
[2017.03.18-04.53.13:465][981]Cmd: TRANSACTION UNDO
[2017.03.18-04.53.13:465][981]LogEditorTransaction: Undo Clicking on Actors
[2017.03.18-04.53.15:451][ 64]Cmd: DELETE
[2017.03.18-04.53.15:451][ 64]Cmd: ACTOR DELETE
[2017.03.18-04.53.15:475][ 64]LogEditorActor: Deleted Actor: Emitter
[2017.03.18-04.53.15:510][ 64]LogEditorActor: Deleted 1 Actors (0.040 secs)
[2017.03.18-04.53.44:874][250]LogSavePackage: Save=2078.81ms
[2017.03.18-04.53.44:874][250]LogSavePackage: Moving '../../../../../PurgaStory_v3/Saved/Purgastory_Level_Auto1DAB0390C430536952B4B0592C8829AA1.tmp' to '../../../../../PurgaStory_v3/Saved/Autosaves/Game/Multiplayer/Maps/Purgastory_Level_Auto1.umap'
[2017.03.18-04.53.44:881][250]LogSavePackage:Display: Finished SavePackage ../../../../../PurgaStory_v3/Saved/Autosaves/Game/Multiplayer/Maps/Purgastory_Level_Auto1.umap
[2017.03.18-04.53.44:936][250]LogFileHelpers: Editor autosave (incl. sublevels) for '/Game/Multiplayer/Maps/Purgastory_Level' took 2.240
[2017.03.18-04.53.44:936][250]LogFileHelpers: Editor autosave (incl. sublevels) for all levels took 2.240
[2017.03.18-04.56.01:622][843]Cmd: OBJ SAVEPACKAGE PACKAGE="/Game/Multiplayer/Maps/Purgastory_Level" FILE="../../../../../PurgaStory_v3/Content/Multiplayer/Maps/Purgastory_Level.umap" SILENT=true AUTOSAVING=false KEEPDIRTY=false
[2017.03.18-04.56.03:708][843]LogSavePackage: Save=2015.37ms
[2017.03.18-04.56.03:712][843]LogSavePackage: Moving '../../../../../PurgaStory_v3/Saved/Purgastory_Level23C174804C24A9C60716D090F4CC73B9.tmp' to '../../../../../PurgaStory_v3/Content/Multiplayer/Maps/Purgastory_Level.umap'
[2017.03.18-04.56.03:733][843]LogSavePackage:Display: Finished SavePackage ../../../../../PurgaStory_v3/Content/Multiplayer/Maps/Purgastory_Level.umap
[2017.03.18-04.56.04:034][843]LogFileHelpers: Saving map 'Purgastory_Level' took 2.685
[2017.03.18-04.56.05:378][844]Cmd: QUIT_EDITOR
[2017.03.18-04.56.06:519][844]LogWindowsTextInputMethodSystem:Display: IME system now deactivated.
[2017.03.18-04.56.06:688][844]LogExit: Preparing to exit.
[2017.03.18-04.56.07:500][844]LogDirectoryWatcher: A directory notification for 'D:/Unreal/PurgaStory_v3/Content/' was aborted.
[2017.03.18-04.56.07:642][844]LogExit: Editor shut down
[2017.03.18-04.56.07:643][844]LogExit: Transaction tracking system shut down
[2017.03.18-04.56.08:217][844]LogObj: Freed 0b from 0 cluster array pools.
[2017.03.18-04.56.08:217][844]LogExit: Object subsystem successfully closed.
[2017.03.18-04.56.08:286][844]LogD3D11RHI: Shutdown
[2017.03.18-04.56.08:286][844]LogD3D11RHI: CleanupD3DDevice
[2017.03.18-04.56.08:694][844]LogD3D11RHI: ~FD3D11DynamicRHI
[2017.03.18-04.56.09:069][844]LogHttp:Display: Http module shutting down, but needs to wait on 1 outstanding Http requests:
[2017.03.18-04.56.09:069][844]LogHttp:Display: 	verb=[POST] url=[https://datarouter.ol.epicgames.com/datarouter/api/v1/public/data?SessionID=%7B213DDF76-4345-088D-5A4D-009B6FFB523B%7D&AppID=UEEditor.Rocket.Release&AppVersion=4.14.3-3249277%2B%2B%2BUE4%2BRelease-4.14&UserID=d1c8f82b417d2ce73f7df0820151bd26%7C54ddd81e2c83417ea6547a0ffff3e5a4%7Cfb954913-2a66-44b3-9e13-656e6d75c89e&AppEnvironment=datacollector-binary&UploadType=eteventstream] status=Processing
[2017.03.18-04.56.09:131][844]LogModuleManager: Shutting down and abandoning module MovieSceneCapture (246)
[2017.03.18-04.56.09:131][844]LogModuleManager: Shutting down and abandoning module Voice (245)
[2017.03.18-04.56.09:131][844]LogModuleManager: Shutting down and abandoning module HierarchicalLODOutliner (244)
[2017.03.18-04.56.09:136][844]LogModuleManager: Shutting down and abandoning module CrashTracker (243)
[2017.03.18-04.56.09:136][844]LogModuleManager: Shutting down and abandoning module SceneOutliner (242)
[2017.03.18-04.56.09:136][844]LogModuleManager: Shutting down and abandoning module WidgetCarousel (241)
[2017.03.18-04.56.09:136][844]LogModuleManager: Shutting down and abandoning module AddContentDialog (240)
[2017.03.18-04.56.09:136][844]LogDirectoryWatcher: A directory notification for 'D:/Unreal/Epic Games/4.14/FeaturePacks/' was aborted.
[2017.03.18-04.56.09:140][844]LogModuleManager: Shutting down and abandoning module GameplayTags (239)
[2017.03.18-04.56.09:140][844]LogModuleManager: Shutting down and abandoning module EditorWidgets (238)
[2017.03.18-04.56.09:140][844]LogModuleManager: Shutting down and abandoning module CollectionManager (237)
[2017.03.18-04.56.09:140][844]LogDirectoryWatcher: A directory notification for 'D:/Unreal/PurgaStory_v3/Content/Collections/' was aborted.
[2017.03.18-04.56.09:140][844]LogDirectoryWatcher: A directory notification for 'D:/Unreal/PurgaStory_v3/Content/Developers/User/Collections/' was aborted.
[2017.03.18-04.56.09:141][844]LogDirectoryWatcher: A directory notification for 'D:/Unreal/PurgaStory_v3/Saved/Collections/' was aborted.
[2017.03.18-04.56.09:141][844]LogModuleManager: Shutting down and abandoning module StatsViewer (236)
[2017.03.18-04.56.09:154][844]LogModuleManager: Shutting down and abandoning module FoliageEdit (235)
[2017.03.18-04.56.09:154][844]LogModuleManager: Shutting down and abandoning module LandscapeEditor (234)
[2017.03.18-04.56.09:158][844]LogModuleManager: Shutting down and abandoning module SceneDepthPickerMode (233)
[2017.03.18-04.56.09:159][844]LogModuleManager: Shutting down and abandoning module ActorPickerMode (232)
[2017.03.18-04.56.09:159][844]LogModuleManager: Shutting down and abandoning module GeometryMode (231)
[2017.03.18-04.56.09:159][844]LogModuleManager: Shutting down and abandoning module TextureAlignMode (230)
[2017.03.18-04.56.09:159][844]LogModuleManager: Shutting down and abandoning module BspMode (229)
[2017.03.18-04.56.09:159][844]LogModuleManager: Shutting down and abandoning module HardwareSurvey (228)
[2017.03.18-04.56.09:159][844]LogModuleManager: Shutting down and abandoning module SequenceRecorderSections (227)
[2017.03.18-04.56.09:159][844]LogModuleManager: Shutting down and abandoning module AutomationWorker (226)
[2017.03.18-04.56.09:159][844]LogModuleManager: Shutting down and abandoning module MatineeToLevelSequence (225)
[2017.03.18-04.56.09:159][844]LogModuleManager: Shutting down and abandoning module PlacementMode (224)
[2017.03.18-04.56.09:165][844]LogModuleManager: Shutting down and abandoning module LevelSequenceEditor (223)
[2017.03.18-04.56.09:174][844]LogModuleManager: Shutting down and abandoning module WmfMediaFactory (222)
[2017.03.18-04.56.09:174][844]LogModuleManager: Shutting down and abandoning module WmfMediaEditor (221)
[2017.03.18-04.56.09:174][844]LogModuleManager: Shutting down and abandoning module AvfMediaFactory (220)
[2017.03.18-04.56.09:174][844]LogModuleManager: Shutting down and abandoning module AvfMediaEditor (219)
[2017.03.18-04.56.09:174][844]LogModuleManager: Shutting down and abandoning module Media (218)
[2017.03.18-04.56.09:174][844]LogModuleManager: Shutting down and abandoning module AndroidMediaFactory (217)
[2017.03.18-04.56.09:174][844]LogModuleManager: Shutting down and abandoning module AndroidMediaEditor (216)
[2017.03.18-04.56.09:174][844]LogModuleManager: Shutting down and abandoning module CharacterAI (215)
[2017.03.18-04.56.09:174][844]LogModuleManager: Shutting down and abandoning module SequenceRecorder (214)
[2017.03.18-04.56.09:175][844]LogModuleManager: Shutting down and abandoning module AudioCapture (213)
[2017.03.18-04.56.09:175][844]LogModuleManager: Shutting down and abandoning module SmartSnapping (212)
[2017.03.18-04.56.09:175][844]LogModuleManager: Shutting down and abandoning module SessionServices (211)
[2017.03.18-04.56.09:175][844]LogModuleManager: Shutting down and abandoning module ViewportSnapping (210)
[2017.03.18-04.56.09:175][844]LogModuleManager: Shutting down and abandoning module ViewportInteraction (209)
[2017.03.18-04.56.09:175][844]LogModuleManager: Shutting down and abandoning module LogVisualizer (208)
[2017.03.18-04.56.09:181][844]LogModuleManager: Shutting down and abandoning module GameProjectGeneration (207)
[2017.03.18-04.56.09:198][844]LogModuleManager: Shutting down and abandoning module IntroTutorials (206)
[2017.03.18-04.56.09:206][844]LogModuleManager: Shutting down and abandoning module EditorLiveStreaming (205)
[2017.03.18-04.56.09:206][844]LogModuleManager: Shutting down and abandoning module IOSPlatformEditor (204)
[2017.03.18-04.56.09:206][844]LogModuleManager: Shutting down and abandoning module HTML5PlatformEditor (203)
[2017.03.18-04.56.09:206][844]LogModuleManager: Shutting down and abandoning module AndroidDeviceDetection (202)
[2017.03.18-04.56.09:771][844]LogModuleManager: Shutting down and abandoning module AndroidPlatformEditor (201)
[2017.03.18-04.56.09:771][844]LogModuleManager: Shutting down and abandoning module IOSRuntimeSettings (200)
[2017.03.18-04.56.09:771][844]LogModuleManager: Shutting down and abandoning module AndroidRuntimeSettings (199)
[2017.03.18-04.56.09:771][844]LogModuleManager: Shutting down and abandoning module InputBindingEditor (198)
[2017.03.18-04.56.09:771][844]LogModuleManager: Shutting down and abandoning module NiagaraEditor (197)
[2017.03.18-04.56.09:797][844]LogModuleManager: Shutting down and abandoning module MergeActors (196)
[2017.03.18-04.56.09:801][844]LogModuleManager: Shutting down and abandoning module SizeMap (195)
[2017.03.18-04.56.09:801][844]LogModuleManager: Shutting down and abandoning module TreeMap (194)
[2017.03.18-04.56.09:801][844]LogModuleManager: Shutting down and abandoning module ReferenceViewer (193)
[2017.03.18-04.56.09:801][844]LogModuleManager: Shutting down and abandoning module LocalizationService (192)
[2017.03.18-04.56.09:801][844]LogModuleManager: Shutting down and abandoning module LocalizationDashboard (191)
[2017.03.18-04.56.09:806][844]LogModuleManager: Shutting down and abandoning module HardwareTargeting (190)
[2017.03.18-04.56.09:806][844]LogModuleManager: Shutting down and abandoning module DeviceProfileEditor (189)
[2017.03.18-04.56.09:812][844]LogModuleManager: Shutting down and abandoning module UndoHistory (188)
[2017.03.18-04.56.09:826][844]LogModuleManager: Shutting down and abandoning module UserFeedback (187)
[2017.03.18-04.56.09:826][844]LogModuleManager: Shutting down and abandoning module XmlParser (186)
[2017.03.18-04.56.09:826][844]LogModuleManager: Shutting down and abandoning module Blutility (185)
[2017.03.18-04.56.09:826][844]LogModuleManager: Shutting down and abandoning module ProjectTargetPlatformEditor (184)
[2017.03.18-04.56.09:826][844]LogModuleManager: Shutting down and abandoning module ProjectSettingsViewer (183)
[2017.03.18-04.56.09:826][844]LogModuleManager: Shutting down and abandoning module EditorSettingsViewer (182)
[2017.03.18-04.56.09:827][844]LogModuleManager: Shutting down and abandoning module SettingsEditor (181)
[2017.03.18-04.56.09:838][844]LogModuleManager: Shutting down and abandoning module ProjectLauncher (180)
[2017.03.18-04.56.09:855][844]LogModuleManager: Shutting down and abandoning module SessionFrontend (179)
[2017.03.18-04.56.09:868][844]LogModuleManager: Shutting down and abandoning module ProfilerClient (178)
[2017.03.18-04.56.09:877][844]LogModuleManager: Shutting down and abandoning module TargetDeviceServices (177)
[2017.03.18-04.56.09:878][844]LogModuleManager: Shutting down and abandoning module DeviceManager (176)
[2017.03.18-04.56.09:950][844]LogModuleManager: Shutting down and abandoning module AutomationController (175)
[2017.03.18-04.56.09:950][844]LogModuleManager: Shutting down and abandoning module AutomationWindow (174)
[2017.03.18-04.56.09:982][844]LogModuleManager: Shutting down and abandoning module Layers (173)
[2017.03.18-04.56.10:000][844]LogModuleManager: Shutting down and abandoning module ComponentVisualizers (172)
[2017.03.18-04.56.10:000][844]LogModuleManager: Shutting down and abandoning module DetailCustomizations (171)
[2017.03.18-04.56.10:000][844]LogModuleManager: Shutting down and abandoning module PackagesDialog (170)
[2017.03.18-04.56.10:001][844]LogModuleManager: Shutting down and abandoning module AnimGraph (169)
[2017.03.18-04.56.10:001][844]LogModuleManager: Shutting down and abandoning module Persona (168)
[2017.03.18-04.56.10:011][844]LogModuleManager: Shutting down and abandoning module Kismet (167)
[2017.03.18-04.56.10:019][844]LogModuleManager: Shutting down and abandoning module GraphEditor (166)
[2017.03.18-04.56.10:115][844]LogModuleManager: Shutting down and abandoning module ClassViewer (165)
[2017.03.18-04.56.10:126][844]LogModuleManager: Shutting down and abandoning module Toolbox (164)
[2017.03.18-04.56.10:127][844]LogModuleManager: Shutting down and abandoning module ModuleUI (163)
[2017.03.18-04.56.10:130][844]LogModuleManager: Shutting down and abandoning module MovieSceneTools (162)
[2017.03.18-04.56.10:158][844]LogModuleManager: Shutting down and abandoning module OutputLog (161)
[2017.03.18-04.56.10:180][844]LogModuleManager: Shutting down and abandoning module GammaUI (160)
[2017.03.18-04.56.10:190][844]LogModuleManager: Shutting down and abandoning module Documentation (159)
[2017.03.18-04.56.10:191][844]LogModuleManager: Shutting down and abandoning module Niagara (158)
[2017.03.18-04.56.10:191][844]LogModuleManager: Shutting down and abandoning module StreamingPauseRendering (157)
[2017.03.18-04.56.10:191][844]LogModuleManager: Shutting down and abandoning module AnalyticsET (156)
[2017.03.18-04.56.10:191][844]LogModuleManager: Shutting down and abandoning module PortalServices (155)
[2017.03.18-04.56.10:191][844]LogModuleManager: Shutting down and abandoning module PortalRpc (154)
[2017.03.18-04.56.10:191][844]LogModuleManager: Shutting down and abandoning module MessagingRpc (153)
[2017.03.18-04.56.10:191][844]LogModuleManager: Shutting down and abandoning module GameplayDebugger (152)
[2017.03.18-04.56.10:191][844]LogModuleManager: Shutting down and abandoning module AITestSuite (151)
[2017.03.18-04.56.10:191][844]LogModuleManager: Shutting down and abandoning module AIModule (150)
[2017.03.18-04.56.10:191][844]LogModuleManager: Shutting down and abandoning module ProfilerService (149)
[2017.03.18-04.56.10:465][844]LogModuleManager: Shutting down and abandoning module TaskGraph (148)
[2017.03.18-04.56.10:480][844]LogModuleManager: Shutting down and abandoning module SubstanceEditor (147)
[2017.03.18-04.56.10:480][844]LogModuleManager: Shutting down and abandoning module SlateRemote (146)
[2017.03.18-04.56.10:480][844]LogModuleManager: Shutting down and abandoning module SteamVRController (145)
[2017.03.18-04.56.10:480][844]LogModuleManager: Shutting down and abandoning module SteamVR (144)
[2017.03.18-04.56.10:480][844]LogModuleManager: Shutting down and abandoning module ProceduralMeshComponentEditor (143)
[2017.03.18-04.56.10:480][844]LogModuleManager: Shutting down and abandoning module ProceduralMeshComponent (142)
[2017.03.18-04.56.10:480][844]LogModuleManager: Shutting down and abandoning module OculusLibrary (141)
[2017.03.18-04.56.10:480][844]LogModuleManager: Shutting down and abandoning module OculusInput (140)
[2017.03.18-04.56.10:480][844]LogModuleManager: Shutting down and abandoning module MobilePatchingUtils (139)
[2017.03.18-04.56.10:480][844]LogModuleManager: Shutting down and abandoning module CustomMeshComponent (138)
[2017.03.18-04.56.10:480][844]LogModuleManager: Shutting down and abandoning module CableComponent (137)
[2017.03.18-04.56.10:480][844]LogModuleManager: Shutting down and abandoning module ArchVisCharacter (136)
[2017.03.18-04.56.10:480][844]LogModuleManager: Shutting down and abandoning module MediaPlayerEditor (135)
[2017.03.18-04.56.10:508][844]LogModuleManager: Shutting down and abandoning module HTML5Networking (134)
[2017.03.18-04.56.10:523][844]LogModuleManager: Shutting down and abandoning module GeometryCacheEd (133)
[2017.03.18-04.56.10:523][844]LogModuleManager: Shutting down and abandoning module GeometryCache (132)
[2017.03.18-04.56.10:524][844]LogModuleManager: Shutting down and abandoning module AlembicLibrary (131)
[2017.03.18-04.56.10:524][844]LogModuleManager: Shutting down and abandoning module AlembicImporter (130)
[2017.03.18-04.56.10:531][844]LogModuleManager: Shutting down and abandoning module SuperSearch (129)
[2017.03.18-04.56.10:531][844]LogModuleManager: Shutting down and abandoning module SuperSearchEditor (128)
[2017.03.18-04.56.10:531][844]LogModuleManager: Shutting down and abandoning module SpeedTreeImporter (127)
[2017.03.18-04.56.10:531][844]LogModuleManager: Shutting down and abandoning module PluginBrowser (126)
[2017.03.18-04.56.10:531][844]LogModuleManager: Shutting down and abandoning module MobileLauncherProfileWizard (125)
[2017.03.18-04.56.10:550][844]LogModuleManager: Shutting down and abandoning module EpicSurvey (124)
[2017.03.18-04.56.10:550][844]LogModuleManager: Shutting down and abandoning module DesktopPlatform (123)
[2017.03.18-04.56.10:550][844]LogModuleManager: Shutting down and abandoning module VisualStudioSourceCodeAccess (122)
[2017.03.18-04.56.10:550][844]LogModuleManager: Shutting down and abandoning module UObjectPlugin (121)
[2017.03.18-04.56.10:550][844]LogModuleManager: Shutting down and abandoning module SubversionSourceControl (120)
[2017.03.18-04.56.10:550][844]LogModuleManager: Shutting down and abandoning module PerforceSourceControl (119)
[2017.03.18-04.56.10:550][844]LogModuleManager: Shutting down and abandoning module SourceControl (118)
[2017.03.18-04.56.10:550][844]LogModuleManager: Shutting down and abandoning module GitSourceControl (117)
[2017.03.18-04.56.10:550][844]LogModuleManager: Shutting down and abandoning module LightPropagationVolumeEditor (116)
[2017.03.18-04.56.10:551][844]LogModuleManager: Shutting down and abandoning module PaperTiledImporter (115)
[2017.03.18-04.56.10:551][844]LogModuleManager: Shutting down and abandoning module PaperSpriteSheetImporter (114)
[2017.03.18-04.56.10:551][844]LogModuleManager: Shutting down and abandoning module MeshPaint (113)
[2017.03.18-04.56.10:551][844]LogModuleManager: Shutting down and abandoning module PixelInspectorModule (112)
[2017.03.18-04.56.10:551][844]LogModuleManager: Shutting down and abandoning module HotReload (111)
[2017.03.18-04.56.10:552][844]LogModuleManager: Shutting down and abandoning module MainFrame (110)
[2017.03.18-04.56.10:553][844]LogModuleManager: Shutting down and abandoning module LevelEditor (109)
[2017.03.18-04.56.10:557][844]LogModuleManager: Shutting down and abandoning module ContentBrowser (108)
[2017.03.18-04.56.10:562][844]LogModuleManager: Shutting down and abandoning module Paper2DEditor (107)
[2017.03.18-04.56.10:567][844]LogModuleManager: Shutting down and abandoning module UdpMessaging (106)
[2017.03.18-04.56.10:676][844]LogModuleManager: Shutting down and abandoning module TcpMessaging (105)
[2017.03.18-04.56.10:779][844]LogModuleManager: Shutting down and abandoning module SubstanceCore (104)
[2017.03.18-04.56.10:799][844]LogModuleManager: Shutting down and abandoning module LightPropagationVolumeRuntime (103)
[2017.03.18-04.56.10:799][844]LogModuleManager: Shutting down and abandoning module Paper2D (102)
[2017.03.18-04.56.10:805][844]LogModuleManager: Shutting down and abandoning module WindowsMoviePlayer (101)
[2017.03.18-04.56.10:805][844]LogModuleManager: Shutting down and abandoning module WmfMedia (100)
[2017.03.18-04.56.10:823][844]LogModuleManager: Shutting down and abandoning module MediaAssets (99)
[2017.03.18-04.56.10:826][844]LogModuleManager: Shutting down and abandoning module GameLiveStreaming (98)
[2017.03.18-04.56.10:830][844]LogModuleManager: Shutting down and abandoning module GameplayTagsEditor (97)
[2017.03.18-04.56.10:830][844]LogModuleManager: Shutting down and abandoning module VREditor (96)
[2017.03.18-04.56.10:830][844]LogModuleManager: Shutting down and abandoning module GameplayTasksEditor (95)
[2017.03.18-04.56.10:830][844]LogModuleManager: Shutting down and abandoning module BehaviorTreeEditor (94)
[2017.03.18-04.56.10:855][844]LogModuleManager: Shutting down and abandoning module FunctionalTesting (93)
[2017.03.18-04.56.10:855][844]LogModuleManager: Shutting down and abandoning module CollisionAnalyzer (92)
[2017.03.18-04.56.10:876][844]LogModuleManager: Shutting down and abandoning module Sequencer (91)
[2017.03.18-04.56.10:878][844]LogModuleManager: Shutting down and abandoning module WorkspaceMenuStructure (90)
[2017.03.18-04.56.10:879][844]LogModuleManager: Shutting down and abandoning module MessageLog (89)
[2017.03.18-04.56.10:879][844]LogModuleManager: Shutting down and abandoning module AssetTools (88)
[2017.03.18-04.56.10:879][844]LogModuleManager: Shutting down and abandoning module UMGEditor (87)
[2017.03.18-04.56.10:879][844]LogModuleManager: Shutting down and abandoning module UMG (86)
[2017.03.18-04.56.10:879][844]LogModuleManager: Shutting down and abandoning module SlateReflector (85)
[2017.03.18-04.56.10:903][844]LogModuleManager: Shutting down and abandoning module Slate (84)
[2017.03.18-04.56.10:903][844]LogModuleManager: Shutting down and abandoning module EditorStyle (83)
[2017.03.18-04.56.10:919][844]LogModuleManager: Shutting down and abandoning module SourceCodeAccess (82)
[2017.03.18-04.56.10:919][844]LogModuleManager: Shutting down and abandoning module HeadMountedDisplay (81)
[2017.03.18-04.56.10:919][844]LogModuleManager: Shutting down and abandoning module XAudio2 (80)
[2017.03.18-04.56.10:919][844]LogModuleManager: Shutting down and abandoning module Networking (79)
[2017.03.18-04.56.10:919][844]LogModuleManager: Shutting down and abandoning module Core (78)
[2017.03.18-04.56.10:919][844]LogModuleManager: Shutting down and abandoning module DirectoryWatcher (77)
[2017.03.18-04.56.10:919][844]LogDirectoryWatcher: A directory notification for '../../../Engine/Content/' was aborted.
[2017.03.18-04.56.10:920][844]LogDirectoryWatcher: A directory notification for '../../../../../PurgaStory_v3/Content/' was aborted.
[2017.03.18-04.56.10:920][844]LogDirectoryWatcher: A directory notification for '../../../Engine/Plugins/2D/Paper2D/Content/' was aborted.
[2017.03.18-04.56.10:921][844]LogModuleManager: Shutting down and abandoning module AssetRegistry (76)
[2017.03.18-04.56.11:407][844]LogModuleManager: Shutting down and abandoning module KismetCompiler (75)
[2017.03.18-04.56.11:407][844]LogModuleManager: Shutting down and abandoning module PhysXFormats (74)
[2017.03.18-04.56.11:407][844]LogModuleManager: Shutting down and abandoning module SimplygonSwarm (73)
[2017.03.18-04.56.11:412][844]LogModuleManager: Shutting down and abandoning module SimplygonMeshReduction (72)
[2017.03.18-04.56.11:412][844]LogModuleManager: Shutting down and abandoning module QuadricMeshReduction (71)
[2017.03.18-04.56.11:412][844]LogModuleManager: Shutting down and abandoning module PropertyEditor (70)
[2017.03.18-04.56.11:412][844]LogModuleManager: Shutting down and abandoning module MeshUtilities (69)
[2017.03.18-04.56.11:423][844]LogModuleManager: Shutting down and abandoning module DerivedDataCache (68)
[2017.03.18-04.56.11:525][844]LogDerivedDataCache: Shutdown
[2017.03.18-04.56.11:525][844]LogModuleManager: Shutting down and abandoning module VulkanShaderFormat (67)
[2017.03.18-04.56.11:525][844]LogModuleManager: Shutting down and abandoning module ShaderFormatOpenGL (66)
[2017.03.18-04.56.11:537][844]LogModuleManager: Shutting down and abandoning module ShaderFormatD3D (65)
[2017.03.18-04.56.11:538][844]LogModuleManager: Shutting down and abandoning module MetalShaderFormat (64)
[2017.03.18-04.56.11:545][844]LogModuleManager: Shutting down and abandoning module TextureFormatUncompressed (63)
[2017.03.18-04.56.11:545][844]LogModuleManager: Shutting down and abandoning module TextureFormatPVR (62)
[2017.03.18-04.56.11:546][844]LogModuleManager: Shutting down and abandoning module TextureFormatDXT (61)
[2017.03.18-04.56.11:546][844]LogModuleManager: Shutting down and abandoning module TextureFormatIntelISPCTexComp (60)
[2017.03.18-04.56.11:546][844]LogModuleManager: Shutting down and abandoning module ImageWrapper (59)
[2017.03.18-04.56.11:546][844]LogModuleManager: Shutting down and abandoning module TextureFormatASTC (58)
[2017.03.18-04.56.11:546][844]LogModuleManager: Shutting down and abandoning module TextureFormatAndroid (57)
[2017.03.18-04.56.11:546][844]LogModuleManager: Shutting down and abandoning module AudioFormatOpus (56)
[2017.03.18-04.56.11:546][844]LogModuleManager: Shutting down and abandoning module AudioFormatOgg (55)
[2017.03.18-04.56.11:546][844]LogModuleManager: Shutting down and abandoning module AudioFormatADPCM (54)
[2017.03.18-04.56.11:546][844]LogModuleManager: Shutting down and abandoning module LinuxTargetPlatform (53)
[2017.03.18-04.56.11:546][844]LogModuleManager: Shutting down and abandoning module LinuxServerTargetPlatform (52)
[2017.03.18-04.56.11:547][844]LogModuleManager: Shutting down and abandoning module LinuxNoEditorTargetPlatform (51)
[2017.03.18-04.56.11:547][844]LogModuleManager: Shutting down and abandoning module LinuxClientTargetPlatform (50)
[2017.03.18-04.56.11:547][844]LogModuleManager: Shutting down and abandoning module TVOSTargetPlatform (49)
[2017.03.18-04.56.11:547][844]LogModuleManager: Shutting down and abandoning module Messaging (48)
[2017.03.18-04.56.11:547][844]LogModuleManager: Shutting down and abandoning module IOSTargetPlatform (47)
[2017.03.18-04.56.11:547][844]LogModuleManager: Shutting down and abandoning module HTML5TargetPlatform (46)
[2017.03.18-04.56.11:547][844]LogModuleManager: Shutting down and abandoning module Android_PVRTCTargetPlatform (45)
[2017.03.18-04.56.11:547][844]LogModuleManager: Shutting down and abandoning module Android_MultiTargetPlatform (44)
[2017.03.18-04.56.11:547][844]LogModuleManager: Shutting down and abandoning module Android_ETC2TargetPlatform (43)
[2017.03.18-04.56.11:547][844]LogModuleManager: Shutting down and abandoning module Android_ETC1TargetPlatform (42)
[2017.03.18-04.56.11:547][844]LogModuleManager: Shutting down and abandoning module Android_DXTTargetPlatform (41)
[2017.03.18-04.56.11:547][844]LogModuleManager: Shutting down and abandoning module Android_ATCTargetPlatform (40)
[2017.03.18-04.56.11:547][844]LogModuleManager: Shutting down and abandoning module Android_ASTCTargetPlatform (39)
[2017.03.18-04.56.11:547][844]LogModuleManager: Shutting down and abandoning module AndroidTargetPlatform (38)
[2017.03.18-04.56.11:547][844]LogModuleManager: Shutting down and abandoning module WindowsTargetPlatform (37)
[2017.03.18-04.56.11:547][844]LogModuleManager: Shutting down and abandoning module WindowsServerTargetPlatform (36)
[2017.03.18-04.56.11:547][844]LogModuleManager: Shutting down and abandoning module WindowsNoEditorTargetPlatform (35)
[2017.03.18-04.56.11:547][844]LogModuleManager: Shutting down and abandoning module WindowsClientTargetPlatform (34)
[2017.03.18-04.56.11:547][844]LogModuleManager: Shutting down and abandoning module MacTargetPlatform (33)
[2017.03.18-04.56.11:548][844]LogModuleManager: Shutting down and abandoning module MacServerTargetPlatform (32)
[2017.03.18-04.56.11:548][844]LogModuleManager: Shutting down and abandoning module MacNoEditorTargetPlatform (31)
[2017.03.18-04.56.11:548][844]LogModuleManager: Shutting down and abandoning module MacClientTargetPlatform (30)
[2017.03.18-04.56.11:548][844]LogModuleManager: Shutting down and abandoning module AllDesktopTargetPlatform (29)
[2017.03.18-04.56.11:548][844]LogModuleManager: Shutting down and abandoning module TargetPlatform (28)
[2017.03.18-04.56.11:548][844]LogModuleManager: Shutting down and abandoning module InputCore (27)
[2017.03.18-04.56.11:548][844]LogModuleManager: Shutting down and abandoning module Settings (26)
[2017.03.18-04.56.11:548][844]LogModuleManager: Shutting down and abandoning module OculusRift (25)
[2017.03.18-04.56.11:548][844]LogModuleManager: Shutting down and abandoning module ExampleDeviceProfileSelector (24)
[2017.03.18-04.56.11:548][844]LogModuleManager: Shutting down and abandoning module OnlineBlueprintSupport (23)
[2017.03.18-04.56.11:548][844]LogModuleManager: Shutting down and abandoning module OnlineSubsystem (18)
[2017.03.18-04.56.11:548][844]LogOnline:Display: NULL: FOnlineSubsystemNull::Shutdown()
[2017.03.18-04.56.11:550][844]LogOnline:Display: Unloading online subsystem: STEAM
[2017.03.18-04.56.11:554][844]LogOnline:Display: Unloading online subsystem: NULL
[2017.03.18-04.56.11:554][844]LogModuleManager: Shutting down and abandoning module SSL (17)
[2017.03.18-04.56.11:560][844]LogModuleManager: Shutting down and abandoning module HTTP (16)
[2017.03.18-04.56.11:560][844]LogModuleManager: Shutting down and abandoning module XMPP (15)
[2017.03.18-04.56.11:574][844]LogModuleManager: Shutting down and abandoning module TextureCompressor (14)
[2017.03.18-04.56.11:575][844]LogModuleManager: Shutting down and abandoning module ShaderCore (13)
[2017.03.18-04.56.11:575][844]LogModuleManager: Shutting down and abandoning module Landscape (12)
[2017.03.18-04.56.11:575][844]LogModuleManager: Shutting down and abandoning module SlateRHIRenderer (11)
[2017.03.18-04.56.11:590][844]LogModuleManager: Shutting down and abandoning module OpenGLDrv (10)
[2017.03.18-04.56.11:594][844]LogModuleManager: Shutting down and abandoning module D3D11RHI (9)
[2017.03.18-04.56.11:595][844]LogModuleManager: Shutting down and abandoning module AnimGraphRuntime (8)
[2017.03.18-04.56.11:595][844]LogModuleManager: Shutting down and abandoning module Renderer (7)
[2017.03.18-04.56.11:595][844]LogModuleManager: Shutting down and abandoning module Engine (6)
[2017.03.18-04.56.11:595][844]LogModuleManager: Shutting down and abandoning module CoreUObject (5)
[2017.03.18-04.56.11:595][844]LogModuleManager: Shutting down and abandoning module NetworkFile (4)
[2017.03.18-04.56.11:602][844]LogModuleManager: Shutting down and abandoning module StreamingFile (3)
[2017.03.18-04.56.11:602][844]LogModuleManager: Shutting down and abandoning module SandboxFile (2)
[2017.03.18-04.56.11:602][844]LogModuleManager: Shutting down and abandoning module PakFile (1)
[2017.03.18-04.56.11:613][844]LogExit: Exiting.
[2017.03.18-04.56.11:618][844]Log file closed, 03/18/17 12:56:11
