Log file open, 03/13/17 22:05:36
LogInit:Display: Running engine for game: PurgaStory
LogPlatformFile: Not using cached read wrapper
LogInit:Display: RandInit(1348677209) SRandInit(1348677209).
LogTaskGraph: Started task graph with 5 named threads and 8 total threads with 1 sets of task threads.
LogStats: Stats thread started at 0.160108
LogPluginManager: Loaded Plugin Paper2D, From D:/Unreal/Epic Games/4.14/Engine/Plugins/2D/Paper2D/Paper2D.uplugin
LogPluginManager: Loaded Plugin LightPropagationVolume, From D:/Unreal/Epic Games/4.14/Engine/Plugins/Blendables/LightPropagationVolume/LightPropagationVolume.uplugin
LogPluginManager: Loaded Plugin BlankPlugin, From D:/Unreal/Epic Games/4.14/Engine/Plugins/Developer/BlankPlugin/BlankPlugin.uplugin
LogPluginManager: Loaded Plugin CodeLiteSourceCodeAccess, From D:/Unreal/Epic Games/4.14/Engine/Plugins/Developer/CodeLiteSourceCodeAccess/CodeLiteSourceCodeAccess.uplugin
LogPluginManager: Loaded Plugin GitSourceControl, From D:/Unreal/Epic Games/4.14/Engine/Plugins/Developer/GitSourceControl/GitSourceControl.uplugin
LogPluginManager: Loaded Plugin KDevelopSourceCodeAccess, From D:/Unreal/Epic Games/4.14/Engine/Plugins/Developer/KDevelopSourceCodeAccess/KDevelopSourceCodeAccess.uplugin
LogPluginManager: Loaded Plugin NullSourceCodeAccess, From D:/Unreal/Epic Games/4.14/Engine/Plugins/Developer/NullSourceCodeAccess/NullSourceCodeAccess.uplugin
LogPluginManager: Loaded Plugin OneSkyLocalizationService, From D:/Unreal/Epic Games/4.14/Engine/Plugins/Developer/OneSkyLocalizationService/OneSkyLocalizationService.uplugin
LogPluginManager: Loaded Plugin PerforceSourceControl, From D:/Unreal/Epic Games/4.14/Engine/Plugins/Developer/PerforceSourceControl/PerforceSourceControl.uplugin
LogPluginManager: Loaded Plugin SubversionSourceControl, From D:/Unreal/Epic Games/4.14/Engine/Plugins/Developer/SubversionSourceControl/SubversionSourceControl.uplugin
LogPluginManager: Loaded Plugin UObjectPlugin, From D:/Unreal/Epic Games/4.14/Engine/Plugins/Developer/UObjectPlugin/UObjectPlugin.uplugin
LogPluginManager: Loaded Plugin VisualStudioSourceCodeAccess, From D:/Unreal/Epic Games/4.14/Engine/Plugins/Developer/VisualStudioSourceCodeAccess/VisualStudioSourceCodeAccess.uplugin
LogPluginManager: Loaded Plugin XCodeSourceCodeAccess, From D:/Unreal/Epic Games/4.14/Engine/Plugins/Developer/XCodeSourceCodeAccess/XCodeSourceCodeAccess.uplugin
LogPluginManager: Loaded Plugin AudioCapture, From D:/Unreal/Epic Games/4.14/Engine/Plugins/Editor/AudioCapture/AudioCapture.uplugin
LogPluginManager: Loaded Plugin EpicSurvey, From D:/Unreal/Epic Games/4.14/Engine/Plugins/Editor/EpicSurvey/EpicSurvey.uplugin
LogPluginManager: Loaded Plugin MacGraphicsSwitching, From D:/Unreal/Epic Games/4.14/Engine/Plugins/Editor/MacGraphicsSwitching/MacGraphicsSwitching.uplugin
LogPluginManager: Loaded Plugin MobileLauncherProfileWizard, From D:/Unreal/Epic Games/4.14/Engine/Plugins/Editor/MobileLauncherProfileWizard/MobileLauncherProfileWizard.uplugin
LogPluginManager: Loaded Plugin PluginBrowser, From D:/Unreal/Epic Games/4.14/Engine/Plugins/Editor/PluginBrowser/PluginBrowser.uplugin
LogPluginManager: Loaded Plugin SpeedTreeImporter, From D:/Unreal/Epic Games/4.14/Engine/Plugins/Editor/SpeedTreeImporter/SpeedTreeImporter.uplugin
LogPluginManager: Loaded Plugin SuperSearchEditor, From D:/Unreal/Epic Games/4.14/Engine/Plugins/Editor/SuperSearchEditor/SuperSearchEditor.uplugin
LogPluginManager: Loaded Plugin AlembicImporter, From D:/Unreal/Epic Games/4.14/Engine/Plugins/Experimental/AlembicImporter/AlembicImporter.uplugin
LogPluginManager: Loaded Plugin BlueprintStats, From D:/Unreal/Epic Games/4.14/Engine/Plugins/Experimental/BlueprintStats/BlueprintStats.uplugin
LogPluginManager: Loaded Plugin CharacterAI, From D:/Unreal/Epic Games/4.14/Engine/Plugins/Experimental/CharacterAI/CharacterAI.uplugin
LogPluginManager: Loaded Plugin CodeEditor, From D:/Unreal/Epic Games/4.14/Engine/Plugins/Experimental/CodeEditor/CodeEditor.uplugin
LogPluginManager: Loaded Plugin CodeView, From D:/Unreal/Epic Games/4.14/Engine/Plugins/Experimental/CodeView/CodeView.uplugin
LogPluginManager: Loaded Plugin HTML5Networking, From D:/Unreal/Epic Games/4.14/Engine/Plugins/Experimental/HTML5Networking/HTML5Networking.uplugin
LogPluginManager: Loaded Plugin OSVR, From D:/Unreal/Epic Games/4.14/Engine/Plugins/Experimental/OSVR/OSVR.uplugin
LogPluginManager: Loaded Plugin Phya, From D:/Unreal/Epic Games/4.14/Engine/Plugins/Experimental/Phya/Phya.uplugin
LogPluginManager: Loaded Plugin SignificanceManager, From D:/Unreal/Epic Games/4.14/Engine/Plugins/Experimental/SignificanceManager/SignificanceManager.uplugin
LogPluginManager: Loaded Plugin SimpleHMD, From D:/Unreal/Epic Games/4.14/Engine/Plugins/Experimental/SimpleHMD/SimpleHMD.uplugin
LogPluginManager: Loaded Plugin StereoPanorama, From D:/Unreal/Epic Games/4.14/Engine/Plugins/Experimental/StereoPanorama/StereoPanorama.uplugin
LogPluginManager: Loaded Plugin StructBox, From D:/Unreal/Epic Games/4.14/Engine/Plugins/Experimental/StructBox/StructBox.uplugin
LogPluginManager: Loaded Plugin Substance, From D:/Unreal/Epic Games/4.14/Engine/Plugins/Marketplace/Substance/Substance.uplugin
LogPluginManager: Loaded Plugin AndroidMedia, From D:/Unreal/Epic Games/4.14/Engine/Plugins/Media/AndroidMedia/AndroidMedia.uplugin
LogPluginManager: Loaded Plugin AvfMedia, From D:/Unreal/Epic Games/4.14/Engine/Plugins/Media/AvfMedia/AvfMedia.uplugin
LogPluginManager: Loaded Plugin MediaPlayerEditor, From D:/Unreal/Epic Games/4.14/Engine/Plugins/Media/MediaPlayerEditor/MediaPlayerEditor.uplugin
LogPluginManager: Loaded Plugin WmfMedia, From D:/Unreal/Epic Games/4.14/Engine/Plugins/Media/WmfMedia/WmfMedia.uplugin
LogPluginManager: Loaded Plugin MessagingDebugger, From D:/Unreal/Epic Games/4.14/Engine/Plugins/Messaging/MessagingDebugger/MessagingDebugger.uplugin
LogPluginManager: Loaded Plugin TcpMessaging, From D:/Unreal/Epic Games/4.14/Engine/Plugins/Messaging/TcpMessaging/TcpMessaging.uplugin
LogPluginManager: Loaded Plugin UdpMessaging, From D:/Unreal/Epic Games/4.14/Engine/Plugins/Messaging/UdpMessaging/UdpMessaging.uplugin
LogPluginManager: Loaded Plugin LevelSequenceEditor, From D:/Unreal/Epic Games/4.14/Engine/Plugins/MovieScene/LevelSequenceEditor/LevelSequenceEditor.uplugin
LogPluginManager: Loaded Plugin MatineeToLevelSequence, From D:/Unreal/Epic Games/4.14/Engine/Plugins/MovieScene/MatineeToLevelSequence/MatineeToLevelSequence.uplugin
LogPluginManager: Loaded Plugin NetcodeUnitTest, From D:/Unreal/Epic Games/4.14/Engine/Plugins/NetcodeUnitTest/NetcodeUnitTest/NetcodeUnitTest.uplugin
LogPluginManager: Loaded Plugin NUTUnrealEngine4, From D:/Unreal/Epic Games/4.14/Engine/Plugins/NetcodeUnitTest/NUTUnrealEngine4/NUTUnrealEngine4.uplugin
LogPluginManager: Loaded Plugin OnlineSubsystemGameCircle, From D:/Unreal/Epic Games/4.14/Engine/Plugins/Online/Android/OnlineSubsystemGameCircle/OnlineSubsystemGameCircle.uplugin
LogPluginManager: Loaded Plugin OnlineSubsystemGooglePlay, From D:/Unreal/Epic Games/4.14/Engine/Plugins/Online/Android/OnlineSubsystemGooglePlay/OnlineSubsystemGooglePlay.uplugin
LogPluginManager: Loaded Plugin OnlineSubsystemIOS, From D:/Unreal/Epic Games/4.14/Engine/Plugins/Online/IOS/OnlineSubsystemIOS/OnlineSubsystemIOS.uplugin
LogPluginManager: Loaded Plugin OnlineFramework, From D:/Unreal/Epic Games/4.14/Engine/Plugins/Online/OnlineFramework/OnlineFramework.uplugin
LogPluginManager: Loaded Plugin OnlineSubsystem, From D:/Unreal/Epic Games/4.14/Engine/Plugins/Online/OnlineSubsystem/OnlineSubsystem.uplugin
LogPluginManager: Loaded Plugin OnlineSubsystemAmazon, From D:/Unreal/Epic Games/4.14/Engine/Plugins/Online/OnlineSubsystemAmazon/OnlineSubsystemAmazon.uplugin
LogPluginManager: Loaded Plugin OnlineSubsystemFacebook, From D:/Unreal/Epic Games/4.14/Engine/Plugins/Online/OnlineSubsystemFacebook/OnlineSubsystemFacebook.uplugin
LogPluginManager: Loaded Plugin OnlineSubsystemNull, From D:/Unreal/Epic Games/4.14/Engine/Plugins/Online/OnlineSubsystemNull/OnlineSubsystemNull.uplugin
LogPluginManager: Loaded Plugin OnlineSubsystemOculus, From D:/Unreal/Epic Games/4.14/Engine/Plugins/Online/OnlineSubsystemOculus/OnlineSubsystemOculus.uplugin
LogPluginManager: Loaded Plugin OnlineSubsystemSteam, From D:/Unreal/Epic Games/4.14/Engine/Plugins/Online/OnlineSubsystemSteam/OnlineSubsystemSteam.uplugin
LogPluginManager: Loaded Plugin OnlineSubsystemUtils, From D:/Unreal/Epic Games/4.14/Engine/Plugins/Online/OnlineSubsystemUtils/OnlineSubsystemUtils.uplugin
LogPluginManager: Loaded Plugin IOSTapJoy, From D:/Unreal/Epic Games/4.14/Engine/Plugins/Runtime/Advertising/IOSTapJoy/IOSTapJoy.uplugin
LogPluginManager: Loaded Plugin AnalyticsBlueprintLibrary, From D:/Unreal/Epic Games/4.14/Engine/Plugins/Runtime/Analytics/AnalyticsBlueprintLibrary/AnalyticsBlueprintLibrary.uplugin
LogPluginManager: Loaded Plugin AnalyticsMulticast, From D:/Unreal/Epic Games/4.14/Engine/Plugins/Runtime/Analytics/AnalyticsMulticast/AnalyticsMulticast.uplugin
LogPluginManager: Loaded Plugin Apsalar, From D:/Unreal/Epic Games/4.14/Engine/Plugins/Runtime/Analytics/Apsalar/Apsalar.uplugin
LogPluginManager: Loaded Plugin FileLogging, From D:/Unreal/Epic Games/4.14/Engine/Plugins/Runtime/Analytics/FileLogging/FileLogging.uplugin
LogPluginManager: Loaded Plugin Flurry, From D:/Unreal/Epic Games/4.14/Engine/Plugins/Runtime/Analytics/Flurry/Flurry.uplugin
LogPluginManager: Loaded Plugin AndroidDeviceProfileSelector, From D:/Unreal/Epic Games/4.14/Engine/Plugins/Runtime/AndroidDeviceProfileSelector/AndroidDeviceProfileSelector.uplugin
LogPluginManager: Loaded Plugin AndroidMoviePlayer, From D:/Unreal/Epic Games/4.14/Engine/Plugins/Runtime/AndroidMoviePlayer/AndroidMoviePlayer.uplugin
LogPluginManager: Loaded Plugin AppleMoviePlayer, From D:/Unreal/Epic Games/4.14/Engine/Plugins/Runtime/AppleMoviePlayer/AppleMoviePlayer.uplugin
LogPluginManager: Loaded Plugin ArchVisCharacter, From D:/Unreal/Epic Games/4.14/Engine/Plugins/Runtime/ArchVisCharacter/ArchVisCharacter.uplugin
LogPluginManager: Loaded Plugin CableComponent, From D:/Unreal/Epic Games/4.14/Engine/Plugins/Runtime/CableComponent/CableComponent.uplugin
LogPluginManager: Loaded Plugin CustomMeshComponent, From D:/Unreal/Epic Games/4.14/Engine/Plugins/Runtime/CustomMeshComponent/CustomMeshComponent.uplugin
LogPluginManager: Loaded Plugin ExampleDeviceProfileSelector, From D:/Unreal/Epic Games/4.14/Engine/Plugins/Runtime/ExampleDeviceProfileSelector/ExampleDeviceProfileSelector.uplugin
LogPluginManager: Loaded Plugin GearVR, From D:/Unreal/Epic Games/4.14/Engine/Plugins/Runtime/GearVR/GearVR.uplugin
LogPluginManager: Loaded Plugin GoogleVRController, From D:/Unreal/Epic Games/4.14/Engine/Plugins/Runtime/GoogleVR/GoogleVRController/GoogleVRController.uplugin
LogPluginManager: Loaded Plugin GoogleVRHMD, From D:/Unreal/Epic Games/4.14/Engine/Plugins/Runtime/GoogleVR/GoogleVRHMD/GoogleVRHMD.uplugin
LogPluginManager: Loaded Plugin IOSDeviceProfileSelector, From D:/Unreal/Epic Games/4.14/Engine/Plugins/Runtime/IOSDeviceProfileSelector/IOSDeviceProfileSelector.uplugin
LogPluginManager: Loaded Plugin LeapMotion, From D:/Unreal/Epic Games/4.14/Engine/Plugins/Runtime/LeapMotion/LeapMotion.uplugin
LogPluginManager: Loaded Plugin LinuxDeviceProfileSelector, From D:/Unreal/Epic Games/4.14/Engine/Plugins/Runtime/LinuxDeviceProfileSelector/LinuxDeviceProfileSelector.uplugin
LogPluginManager: Loaded Plugin MIDIDevice, From D:/Unreal/Epic Games/4.14/Engine/Plugins/Runtime/MIDIDevice/MIDIDevice.uplugin
LogPluginManager: Loaded Plugin MobilePatchingUtils, From D:/Unreal/Epic Games/4.14/Engine/Plugins/Runtime/MobilePatchingUtils/MobilePatchingUtils.uplugin
LogPluginManager: Loaded Plugin Ansel, From D:/Unreal/Epic Games/4.14/Engine/Plugins/Runtime/Nvidia/Ansel/Ansel.uplugin
LogPluginManager: Loaded Plugin OculusAudio, From D:/Unreal/Epic Games/4.14/Engine/Plugins/Runtime/OculusAudio/OculusAudio.uplugin
LogPluginManager: Loaded Plugin OculusInput, From D:/Unreal/Epic Games/4.14/Engine/Plugins/Runtime/OculusInput/OculusInput.uplugin
LogPluginManager: Loaded Plugin OculusLibrary, From D:/Unreal/Epic Games/4.14/Engine/Plugins/Runtime/OculusLibrary/OculusLibrary.uplugin
LogPluginManager: Loaded Plugin OculusRift, From D:/Unreal/Epic Games/4.14/Engine/Plugins/Runtime/OculusRift/OculusRift.uplugin
LogPluginManager: Loaded Plugin Oodle, From D:/Unreal/Epic Games/4.14/Engine/Plugins/Runtime/PacketHandlers/CompressionComponents/Oodle/Oodle.uplugin
LogPluginManager: Loaded Plugin ProceduralMeshComponent, From D:/Unreal/Epic Games/4.14/Engine/Plugins/Runtime/ProceduralMeshComponent/ProceduralMeshComponent.uplugin
LogPluginManager: Loaded Plugin SoundMod, From D:/Unreal/Epic Games/4.14/Engine/Plugins/Runtime/SoundMod/SoundMod.uplugin
LogPluginManager: Loaded Plugin SoundVisualizations, From D:/Unreal/Epic Games/4.14/Engine/Plugins/Runtime/SoundVisualizations/SoundVisualizations.uplugin
LogPluginManager: Loaded Plugin SteamController, From D:/Unreal/Epic Games/4.14/Engine/Plugins/Runtime/Steam/SteamController/SteamController.uplugin
LogPluginManager: Loaded Plugin SteamVR, From D:/Unreal/Epic Games/4.14/Engine/Plugins/Runtime/Steam/SteamVR/SteamVR.uplugin
LogPluginManager: Loaded Plugin WebBrowserWidget, From D:/Unreal/Epic Games/4.14/Engine/Plugins/Runtime/WebBrowserWidget/WebBrowserWidget.uplugin
LogPluginManager: Loaded Plugin WindowsDeviceProfileSelector, From D:/Unreal/Epic Games/4.14/Engine/Plugins/Runtime/WindowsDeviceProfileSelector/WindowsDeviceProfileSelector.uplugin
LogPluginManager: Loaded Plugin WindowsMoviePlayer, From D:/Unreal/Epic Games/4.14/Engine/Plugins/Runtime/WindowsMoviePlayer/WindowsMoviePlayer.uplugin
LogPluginManager: Loaded Plugin ScriptPlugin, From D:/Unreal/Epic Games/4.14/Engine/Plugins/ScriptPlugin/ScriptPlugin.uplugin
LogPluginManager: Loaded Plugin SlateRemote, From D:/Unreal/Epic Games/4.14/Engine/Plugins/Slate/SlateRemote/SlateRemote.uplugin
LogPluginManager: Loaded Plugin EditorTests, From D:/Unreal/Epic Games/4.14/Engine/Plugins/Tests/EditorTests/EditorTests.uplugin
LogPluginManager: Loaded Plugin FbxAutomationTestBuilder, From D:/Unreal/Epic Games/4.14/Engine/Plugins/Tests/FbxAutomationTestBuilder/FbxAutomationTestBuilder.uplugin
LogPluginManager: Loaded Plugin FunctionalTestingEditor, From D:/Unreal/Epic Games/4.14/Engine/Plugins/Tests/FunctionalTestingEditor/FunctionalTestingEditor.uplugin
LogPluginManager: Loaded Plugin RuntimeTests, From D:/Unreal/Epic Games/4.14/Engine/Plugins/Tests/RuntimeTests/RuntimeTests.uplugin
LogPluginManager: Loaded Plugin ScreenshotTools, From D:/Unreal/Epic Games/4.14/Engine/Plugins/Tests/ScreenshotTools/ScreenshotTools.uplugin
LogInit: Using libcurl 7.47.1
LogInit:  - built for x86_64-pc-win32
LogInit:  - supports SSL with OpenSSL/1.0.2g
LogInit:  - supports HTTP deflate (compression) using libz 1.2.8
LogInit:  - other features:
LogInit:      CURL_VERSION_SSL
LogInit:      CURL_VERSION_LIBZ
LogInit:      CURL_VERSION_IPV6
LogInit:      CURL_VERSION_ASYNCHDNS
LogInit:      CURL_VERSION_LARGEFILE
LogInit:      CURL_VERSION_IDN
LogInit:  CurlRequestOptions (configurable via config and command line):
LogInit:  - bVerifyPeer = false  - Libcurl will NOT verify peer certificate
LogInit:  - bUseHttpProxy = false  - Libcurl will NOT use HTTP proxy
LogInit:  - bDontReuseConnections = false  - Libcurl will reuse connections
LogInit:  - CertBundlePath = nullptr  - Libcurl will use whatever was configured at build time.
LogOnline:Display: STEAM: Loading Steam SDK 1.32
LogOnline:Warning: STEAM: Steam API disabled!
LogOnline:Display: STEAM: OnlineSubsystemSteam::Shutdown()
LogInit: WinSock: version 1.1 (2.2), MaxSocks=32767, MaxUdp=65467
LogInit: Build: ++UE4+Release-4.14-CL-3249277
LogInit: Engine Version: 4.14.3-3249277+++UE4+Release-4.14
LogInit: Compatible Engine Version: 4.14.0-3195953+++UE4+Release-4.14
LogInit: Net CL: 3195953
LogDevObjectVersion: Number of dev versions registered: 13
LogDevObjectVersion:   Dev-Blueprints (B0D832E4-1F89-4F0D-ACCF-7EB736FD4AA2): 7
LogDevObjectVersion:   Dev-Build (E1C64328-A22C-4D53-A36C-8E866417BD8C): 0
LogDevObjectVersion:   Dev-Core (375EC13C-06E4-48FB-B500-84F0262A717E): 1
LogDevObjectVersion:   Dev-Editor (E4B068ED-F494-42E9-A231-DA0B2E46BB41): 8
LogDevObjectVersion:   Dev-Framework (CFFC743F-43B0-4480-9391-14DF171D2073): 17
LogDevObjectVersion:   Dev-Mobile (B02B49B5-BB20-44E9-A304-32B752E40360): 0
LogDevObjectVersion:   Dev-Networking (A4E4105C-59A1-49B5-A7C5-40C4547EDFEE): 0
LogDevObjectVersion:   Dev-Online (39C831C9-5AE6-47DC-9A44-9C173E1C8E7C): 0
LogDevObjectVersion:   Dev-Physics (78F01B33-EBEA-4F98-B9B4-84EACCB95AA2): 0
LogDevObjectVersion:   Dev-Platform (6631380F-2D4D-43E0-8009-CF276956A95A): 0
LogDevObjectVersion:   Dev-Rendering (12F88B9F-8875-4AFC-A67C-D90C383ABD29): 12
LogDevObjectVersion:   Dev-Sequencer (7B5AE74C-D270-4C10-A958-57980B212A5A): 1
LogDevObjectVersion:   Dev-VR (D7296918-1DD6-4BDD-9DE2-64A83CC13884): 0
LogInit: Compiled (64-bit): Jan  6 2017 10:49:43
LogInit: Compiled with Visual C++: 19.00.23026.00
LogInit: Build Configuration: Development
LogInit: Branch Name: ++UE4+Release-4.14
LogInit: Command line:  
LogInit: Base directory: D:/Unreal/Epic Games/4.14/Engine/Binaries/Win64/
LogInit: Installed Engine Build: 1
LogInit: Presizing for max 8388607 objects, including 0 objects not considered by GC, pre-allocating 0 bytes for permanent pool.
LogInit: Object subsystem initialized
[2017.03.13-14.05.38:916][  0]LogInit: Selected Device Profile: [Windows]
[2017.03.13-14.05.38:916][  0]LogInit: Applying CVar settings loaded from the selected device profile: [Windows]
[2017.03.13-14.05.39:010][  0]LogInit: Computer: ASUS
[2017.03.13-14.05.39:010][  0]LogInit: User: User
[2017.03.13-14.05.39:010][  0]LogInit: CPU Page size=65536, Cores=4
[2017.03.13-14.05.39:010][  0]LogInit: High frequency timer resolution =2.533204 MHz
[2017.03.13-14.05.39:011][  0]LogMemory: Memory total: Physical=11.9GB (12GB approx)
[2017.03.13-14.05.39:011][  0]LogMemory: Platform Memory Stats for Windows
[2017.03.13-14.05.39:011][  0]LogMemory: Process Physical Memory: 266.71 MB used, 266.71 MB peak
[2017.03.13-14.05.39:011][  0]LogMemory: Process Virtual Memory: 263.11 MB used, 263.11 MB peak
[2017.03.13-14.05.39:011][  0]LogMemory: Physical Memory: 4600.80 MB used,  7576.09 MB free, 12176.89 MB total
[2017.03.13-14.05.39:011][  0]LogMemory: Virtual Memory: 680.07 MB used,  7576.09 MB free, 134217728.00 MB total
[2017.03.13-14.05.39:604][  0]LogTextLocalizationManager: No specific translations for ('en-SG') exist, so ('en') translations will be used.
[2017.03.13-14.05.48:441][  0]LogD3D11RHI: D3D11 adapters:
[2017.03.13-14.05.49:051][  0]LogD3D11RHI:    0. 'NVIDIA GeForce GTX 950M' (Feature Level 11_0)
[2017.03.13-14.05.49:051][  0]LogD3D11RHI:       4036/0/6088 MB DedicatedVideo/DedicatedSystem/SharedSystem, Outputs:1, VendorId:0x10de
[2017.03.13-14.05.49:070][  0]LogD3D11RHI:    1. 'Intel(R) HD Graphics 4600' (Feature Level 11_0)
[2017.03.13-14.05.49:070][  0]LogD3D11RHI:       112/0/2048 MB DedicatedVideo/DedicatedSystem/SharedSystem, Outputs:0, VendorId:0x8086
[2017.03.13-14.05.49:075][  0]LogD3D11RHI:    2. 'Microsoft Basic Render Driver' (Feature Level 11_0)
[2017.03.13-14.05.49:075][  0]LogD3D11RHI:       0/0/6088 MB DedicatedVideo/DedicatedSystem/SharedSystem, Outputs:0, VendorId:0x1414
[2017.03.13-14.05.49:075][  0]LogD3D11RHI: Chosen D3D11 Adapter: 0
[2017.03.13-14.05.49:092][  0]LogD3D11RHI: Creating new Direct3DDevice
[2017.03.13-14.05.49:092][  0]LogD3D11RHI:     GPU DeviceId: 0x139a (for the marketing name, search the web for "GPU Device Id")
[2017.03.13-14.05.49:092][  0]LogWindows: EnumDisplayDevices:
[2017.03.13-14.05.49:092][  0]LogWindows:    0. 'Intel(R) HD Graphics 4600' (P:1 D:1)
[2017.03.13-14.05.49:093][  0]LogWindows:    1. 'Intel(R) HD Graphics 4600' (P:0 D:0)
[2017.03.13-14.05.49:094][  0]LogWindows:    2. 'Intel(R) HD Graphics 4600' (P:0 D:0)
[2017.03.13-14.05.49:094][  0]LogWindows: DebugString: PrimaryIsNotTheChoosenAdapter PrimaryIsNotTheChoosenAdapter PrimaryIsNotTheChoosenAdapter FoundDriverCount:0 
[2017.03.13-14.05.49:094][  0]LogD3D11RHI:     Adapter Name: NVIDIA GeForce GTX 950M
[2017.03.13-14.05.49:094][  0]LogD3D11RHI:   Driver Version: Unknown (internal:Unknown, unified:Unknown)
[2017.03.13-14.05.49:094][  0]LogD3D11RHI:      Driver Date: Unknown
[2017.03.13-14.05.49:094][  0]LogRHI: Texture pool is 1361 MB (70% of 1945 MB)
[2017.03.13-14.05.49:157][  0]LogD3D11RHI: Async texture creation enabled
[2017.03.13-14.05.49:184][  0]LogD3D11RHI: GPU Timing Frequency: 1000.000000 (Debug: 2 1)
[2017.03.13-14.05.49:187][  0]LogShaderCompilers: Guid format shader working directory is 16 characters bigger than the processId version (../../../../../PurgaStory_v3/Intermediate/Shaders/WorkingDirectory/12784/).
[2017.03.13-14.05.49:187][  0]LogShaderCompilers: Cleaned the shader compiler working directory 'C:/Users/User/AppData/Local/Temp/UnrealShaderWorkingDir/B3A81D0E496E3C740FDA5EB003930EFA/'.
[2017.03.13-14.05.49:187][  0]LogShaderCompilers:Display: Using Local Shader Compiler.
[2017.03.13-14.05.55:639][  0]LogTemp:Display: Loaded TP AllDesktopTargetPlatform
[2017.03.13-14.05.55:818][  0]LogTemp:Display: Loaded TP MacClientTargetPlatform
[2017.03.13-14.05.56:001][  0]LogTemp:Display: Loaded TP MacNoEditorTargetPlatform
[2017.03.13-14.05.56:180][  0]LogTemp:Display: Loaded TP MacServerTargetPlatform
[2017.03.13-14.05.56:395][  0]LogTemp:Display: Loaded TP MacTargetPlatform
[2017.03.13-14.05.56:596][  0]LogTemp:Display: Loaded TP WindowsClientTargetPlatform
[2017.03.13-14.05.56:772][  0]LogTemp:Display: Loaded TP WindowsNoEditorTargetPlatform
[2017.03.13-14.05.56:974][  0]LogTemp:Display: Loaded TP WindowsServerTargetPlatform
[2017.03.13-14.05.57:134][  0]LogTemp:Display: Loaded TP WindowsTargetPlatform
[2017.03.13-14.05.57:311][  0]LogTemp:Display: Loaded TP AndroidTargetPlatform
[2017.03.13-14.05.57:514][  0]LogTemp:Display: Loaded TP Android_ASTCTargetPlatform
[2017.03.13-14.05.57:697][  0]LogTemp:Display: Loaded TP Android_ATCTargetPlatform
[2017.03.13-14.05.57:860][  0]LogTemp:Display: Loaded TP Android_DXTTargetPlatform
[2017.03.13-14.05.58:033][  0]LogTemp:Display: Loaded TP Android_ETC1TargetPlatform
[2017.03.13-14.05.58:200][  0]LogTemp:Display: Loaded TP Android_ETC2TargetPlatform
[2017.03.13-14.05.58:537][  0]LogTemp:Display: Loaded TP Android_MultiTargetPlatform
[2017.03.13-14.05.58:537][  0]LogTemp:Display: Loaded TP Android_PVRTCTargetPlatform
[2017.03.13-14.05.58:645][  0]LogTemp:Display: Loaded TP HTML5TargetPlatform
[2017.03.13-14.05.58:920][  0]LogTemp:Display: Loaded TP IOSTargetPlatform
[2017.03.13-14.05.59:055][  0]LogTemp:Display: Loaded TP TVOSTargetPlatform
[2017.03.13-14.05.59:228][  0]LogTemp:Display: Loaded TP LinuxClientTargetPlatform
[2017.03.13-14.05.59:423][  0]LogTemp:Display: Loaded TP LinuxNoEditorTargetPlatform
[2017.03.13-14.05.59:596][  0]LogTemp:Display: Loaded TP LinuxServerTargetPlatform
[2017.03.13-14.05.59:776][  0]LogTemp:Display: Loaded TP LinuxTargetPlatform
[2017.03.13-14.05.59:776][  0]LogTargetPlatformManager:Display: Building Assets For Windows
[2017.03.13-14.06.01:038][  0]LogDerivedDataCache:Display: Max Cache Size: 512 MB
[2017.03.13-14.06.01:225][  0]LogDerivedDataCache: Loaded boot cache 0.19s 50MB C:/Users/User/AppData/Local/UnrealEngine/4.14/DerivedDataCache/Boot.ddc.
[2017.03.13-14.06.01:226][  0]LogDerivedDataCache:Display: Loaded Boot cache: C:/Users/User/AppData/Local/UnrealEngine/4.14/DerivedDataCache/Boot.ddc
[2017.03.13-14.06.01:226][  0]LogDerivedDataCache: FDerivedDataBackendGraph:  Pak pak cache file ../../../../../PurgaStory_v3/DerivedDataCache/DDC.ddp not found, will not use a pak cache.
[2017.03.13-14.06.01:226][  0]LogDerivedDataCache: Unable to find inner node Pak for hierarchical cache Hierarchy.
[2017.03.13-14.06.01:227][  0]LogDerivedDataCache: FDerivedDataBackendGraph:  CompressedPak pak cache file ../../../../../PurgaStory_v3/DerivedDataCache/Compressed.ddp not found, will not use a pak cache.
[2017.03.13-14.06.01:227][  0]LogDerivedDataCache: Unable to find inner node CompressedPak for hierarchical cache Hierarchy.
[2017.03.13-14.06.01:320][  0]LogDerivedDataCache:Display: Pak cache opened for reading ../../../Engine/DerivedDataCache/Compressed.ddp.
[2017.03.13-14.06.01:336][  0]LogDerivedDataCache: Using Local data cache path C:/Users/User/AppData/Local/UnrealEngine/Common/DerivedDataCache: Writable
[2017.03.13-14.06.02:162][  0]LogInit: Selected Device Profile: [Windows]
[2017.03.13-14.06.02:172][  0]LogContentStreaming: Texture pool size is 0.00 MB
[2017.03.13-14.06.03:380][  0]LogMeshUtilities: Using QuadricMeshReduction for automatic static mesh reduction
[2017.03.13-14.06.03:503][  0]LogSimplygon: Simplygon DLL not present - disabling.
[2017.03.13-14.06.03:628][  0]LogMeshUtilities: Using SimplygonSwarm for distributed automatic mesh merging
[2017.03.13-14.06.03:628][  0]LogMeshUtilities: No automatic skeletal mesh reduction module available
[2017.03.13-14.06.03:628][  0]LogMeshUtilities: No automatic mesh merging module available
[2017.03.13-14.06.05:524][  0]LogNetVersion: GetLocalNetworkVersion: CL: 3195953, ProjectName: purgastory, ProjectVersion: , EngineNetworkVersion: 2, GameNetworkVersion: 0, NetworkChecksum: 4090582873
[2017.03.13-14.06.05:677][  0]LogAssetRegistry: FAssetRegistry took 0.0236 seconds to start up
[2017.03.13-14.06.05:826][  0]LogPackageLocalizationCache: Processed 3 localized package path(s) for 2 prioritized culture(s) in 0.080325 seconds
[2017.03.13-14.06.05:851][  0]LogUObjectArray: 31953 objects as part of root set at end of initial load.
[2017.03.13-14.06.05:851][  0]LogUObjectAllocator: 7149672 out of 0 bytes used by permanent object pool.
[2017.03.13-14.06.05:851][  0]LogUObjectArray: CloseDisregardForGC: 0/0 objects in disregard for GC pool
[2017.03.13-14.06.09:437][  0]LogSlate: Using Freetype 2.6.0
[2017.03.13-14.06.09:439][  0]LogSlate: SlateFontCache - WITH_FREETYPE: 1, WITH_HARFBUZZ: 1
[2017.03.13-14.06.09:439][  0]LogSlate: SlateFontCache - WITH_FREETYPE: 1, WITH_HARFBUZZ: 1
[2017.03.13-14.06.12:564][  0]LogSubstanceCoreModule: Substance [CPU] Engine Loaded, Max Texture Size = 2048
[2017.03.13-14.06.12:667][  0]LogTcpMessaging: Initializing TcpMessaging bridge
[2017.03.13-14.06.12:788][  0]LogUdpMessaging: Initializing bridge on interface 0.0.0.0:0 to multicast group 230.0.0.1:6666.
[2017.03.13-14.06.13:611][  0]LogMaterial: Uniform references updated for custom material expression Custom.
[2017.03.13-14.06.15:029][  0]SourceControl: Info Source control is disabled
[2017.03.13-14.06.15:174][  0]SourceControl: Info Source control is disabled
[2017.03.13-14.06.15:302][  0]SourceControl: Info Source control is disabled
[2017.03.13-14.06.15:432][  0]SourceControl: Info Source control is disabled
[2017.03.13-14.06.20:504][  0]LogEngine: Initializing Engine...
[2017.03.13-14.06.20:505][  0]LogHMD: Failed to initialize OpenVR with code 110
[2017.03.13-14.06.21:350][  0]LogAIModule: Creating AISystem for world Untitled
[2017.03.13-14.06.21:370][  0]LogInit: XAudio2 using 'Speakers (Conexant SmartAudio HD)' : 2 channels at 48 kHz using 32 bits per sample (channel mask 0x3)
[2017.03.13-14.06.21:417][  0]LogInit: FAudioDevice initialized.
[2017.03.13-14.06.21:499][  0]LogDerivedDataCache: Saved boot cache 0.08s 50MB C:/Users/User/AppData/Local/UnrealEngine/4.14/DerivedDataCache/Boot.ddc.
[2017.03.13-14.06.21:773][  0]LogInit: Texture streaming: Enabled
[2017.03.13-14.06.22:573][  0]LogInit: Transaction tracking system initialized
[2017.03.13-14.06.24:298][  0]BlueprintLog: New page: Editor Load
[2017.03.13-14.06.27:222][  0]LocalizationService: Info Localization service is disabled
[2017.03.13-14.06.28:855][  0]LogConsoleResponse:Display: 
[2017.03.13-14.06.29:348][  0]LogCook:Display: Max memory allowance for cook 16384mb min free memory 0mb
[2017.03.13-14.06.29:348][  0]LogCook:Display: Mobile HDR setting 1
[2017.03.13-14.06.30:290][  0]LogFileCache: Scanning file cache for directory 'D:/Unreal/PurgaStory_v3/Content/' took 0.05s
[2017.03.13-14.06.33:612][  0]SourceControl: Info Source control is disabled
[2017.03.13-14.06.33:613][  0]Cmd: MAP LOAD FILE="../../../../../PurgaStory_v3/Content/Multiplayer/Maps/MP_mainMenu.umap" TEMPLATE=0 SHOWPROGRESS=1 FEATURELEVEL=3
[2017.03.13-14.06.33:615][  0]LightingResults: New page: Lighting Build
[2017.03.13-14.06.33:744][  0]MapCheck: New page: Map Check
[2017.03.13-14.06.33:744][  0]LightingResults: New page: Lighting Build
[2017.03.13-14.06.35:092][  0]LogAIModule: Creating AISystem for world MP_mainMenu
[2017.03.13-14.06.35:096][  0]LogEditorServer: Finished looking for orphan Actors (0.000 secs)
[2017.03.13-14.06.35:098][  0]Cmd: MAP CHECKDEP NOCLEARLOG
[2017.03.13-14.06.35:214][  0]MapCheck: Info Map check complete: 0 Error(s), 0 Warning(s), took 116.434ms to complete.
[2017.03.13-14.06.35:215][  0]LogFileHelpers: Loading map 'MP_mainMenu' took 1.602
[2017.03.13-14.06.35:566][  0]LogCollectionManager: Loaded 0 collections in 0.003871 seconds
[2017.03.13-14.06.35:732][  0]LogFileCache: Scanning file cache for directory 'D:/Unreal/PurgaStory_v3/Saved/Collections/' took 0.01s
[2017.03.13-14.06.35:732][  0]LogFileCache: Scanning file cache for directory 'D:/Unreal/PurgaStory_v3/Content/Developers/User/Collections/' took 0.01s
[2017.03.13-14.06.35:732][  0]LogFileCache: Scanning file cache for directory 'D:/Unreal/PurgaStory_v3/Content/Collections/' took 0.01s
[2017.03.13-14.06.35:732][  0]LogCollectionManager: Rebuilt the GUID cache for 0 collections in 0.000005 seconds
[2017.03.13-14.06.35:768][  0]LogContentBrowser: Native class hierarchy populated in 0.0357 seconds. Added 2206 classes and 437 folders.
[2017.03.13-14.06.35:909][  0]LogStats: UGameplayTagsManager::ConstructGameplayTagTree: Construct from data asset -  0.000 s
[2017.03.13-14.06.35:910][  0]LogStats: UGameplayTagsManager::ConstructGameplayTagTree: GameplayTagTreeChangedEvent.Broadcast -  0.000 s
[2017.03.13-14.06.35:912][  0]LogContentBrowser: Native class hierarchy updated for 'GameplayTags' in 0.0021 seconds. Added 13 classes and 0 folders.
[2017.03.13-14.06.36:098][  0]LogContentBrowser: Native class hierarchy updated for 'WidgetCarousel' in 0.0016 seconds. Added 0 classes and 0 folders.
[2017.03.13-14.06.36:239][  0]LogContentBrowser: Native class hierarchy updated for 'AddContentDialog' in 0.0018 seconds. Added 0 classes and 0 folders.
[2017.03.13-14.06.36:378][  0]LogContentBrowser: Native class hierarchy updated for 'SceneOutliner' in 0.0018 seconds. Added 1 classes and 2 folders.
[2017.03.13-14.06.36:648][  0]LogCrashTracker: Crashtracker disabled due to settings.
[2017.03.13-14.06.36:671][  0]LogUObjectGlobals:Warning: Failed to find object 'Class None.'
[2017.03.13-14.06.36:835][  0]LogContentBrowser: Native class hierarchy updated for 'HierarchicalLODOutliner' in 0.0023 seconds. Added 1 classes and 2 folders.
[2017.03.13-14.06.36:836][  0]LogLoad: (Engine Initialization) Total time: 64.41 seconds
[2017.03.13-14.06.36:836][  0]LogLoad: (Engine Initialization) Total Blueprint compile time: 0.87 seconds
[2017.03.13-14.06.36:836][  0]LogExternalProfiler: Found external profiler: VSPerf
[2017.03.13-14.06.36:836][  0]LogExternalProfiler: Using external profiler: VSPerf
[2017.03.13-14.06.37:178][  0]LogOcInput: OculusInput pre-init called
[2017.03.13-14.06.37:227][  0]LogContentStreaming: Texture pool size now 800 MB
[2017.03.13-14.06.37:973][  0]LogRenderer: Reallocating scene render targets to support 768x352 NumSamples 1 (Frame:2).
[2017.03.13-14.06.38:233][  1]LogFileCache: Retrieving MD5 hashes for directory 'D:/Unreal/PurgaStory_v3/Content/' took 1.04s
[2017.03.13-14.06.53:403][ 46]LogAssetRegistry: Asset discovery search completed in 47.7496 seconds
[2017.03.13-14.06.53:403][ 46]LogCollectionManager: Rebuilt the object cache for 0 collections in 0.000001 seconds (found 0 objects)
[2017.03.13-14.06.53:403][ 46]LogCollectionManager: Fixed up redirectors for 0 collections in 0.000047 seconds (updated 0 objects)
[2017.03.13-14.08.12:229][513]LogAIModule: Creating AISystem for world Purgastory_Level
[2017.03.13-14.08.12:233][513]LogMaterial:Warning: Material /Game/KiteDemo/Environments/Trees/ScotsPine_01/ScotsPine_01_Branches_Mat.ScotsPine_01_Branches_Mat needed to have new flag set bUsedWithInstancedStaticMeshes !
[2017.03.13-14.08.12:240][513]LogMaterial: Missing cached shader map for material ScotsPine_01_Branches_Mat, compiling. 
[2017.03.13-14.08.12:540][513]MapCheck:Warning: Warning ScotsPine_01_Branches_Mat Material /Game/KiteDemo/Environments/Trees/ScotsPine_01/ScotsPine_01_Branches_Mat.ScotsPine_01_Branches_Mat was missing the usage flag bUsedWithInstancedStaticMeshes. If the material asset is not re-saved, it may not render correctly when run outside the editor. Fix
[2017.03.13-14.08.12:566][513]LogMaterial: 0.00 seconds spent updating 1 materials, 1 interfaces, 0 instances, 0 with static permutations.
[2017.03.13-14.08.12:566][513]LogMaterial:Warning: Material /Game/KiteDemo/Environments/Trees/ScotsPine_01/ScotsPine_01_Branches_2_Mat.ScotsPine_01_Branches_2_Mat needed to have new flag set bUsedWithInstancedStaticMeshes !
[2017.03.13-14.08.12:591][513]LogMaterial: Missing cached shader map for material ScotsPine_01_Branches_2_Mat, compiling. 
[2017.03.13-14.08.12:838][513]MapCheck:Warning: Warning ScotsPine_01_Branches_2_Mat Material /Game/KiteDemo/Environments/Trees/ScotsPine_01/ScotsPine_01_Branches_2_Mat.ScotsPine_01_Branches_2_Mat was missing the usage flag bUsedWithInstancedStaticMeshes. If the material asset is not re-saved, it may not render correctly when run outside the editor. Fix
[2017.03.13-14.08.12:841][513]LogMaterial: 0.00 seconds spent updating 1 materials, 1 interfaces, 0 instances, 0 with static permutations.
[2017.03.13-14.08.12:841][513]LogMaterial:Warning: Material /Game/KiteDemo/Environments/Trees/ScotsPine_01/ScotsPine_01_Leaves_Mat.ScotsPine_01_Leaves_Mat needed to have new flag set bUsedWithInstancedStaticMeshes !
[2017.03.13-14.08.12:855][513]LogMaterial: Missing cached shader map for material ScotsPine_01_Leaves_Mat, compiling. 
[2017.03.13-14.08.13:190][513]MapCheck:Warning: Warning ScotsPine_01_Leaves_Mat Material /Game/KiteDemo/Environments/Trees/ScotsPine_01/ScotsPine_01_Leaves_Mat.ScotsPine_01_Leaves_Mat was missing the usage flag bUsedWithInstancedStaticMeshes. If the material asset is not re-saved, it may not render correctly when run outside the editor. Fix
[2017.03.13-14.08.13:193][513]LogMaterial: 0.00 seconds spent updating 1 materials, 1 interfaces, 0 instances, 0 with static permutations.
[2017.03.13-14.08.13:193][513]LogMaterial:Warning: Material /Game/KiteDemo/Environments/Trees/ScotsPine_01/ScotsPine_01_Fronds_Mat.ScotsPine_01_Fronds_Mat needed to have new flag set bUsedWithInstancedStaticMeshes !
[2017.03.13-14.08.13:205][513]LogMaterial: Missing cached shader map for material ScotsPine_01_Fronds_Mat, compiling. 
[2017.03.13-14.08.13:497][513]MapCheck:Warning: Warning ScotsPine_01_Fronds_Mat Material /Game/KiteDemo/Environments/Trees/ScotsPine_01/ScotsPine_01_Fronds_Mat.ScotsPine_01_Fronds_Mat was missing the usage flag bUsedWithInstancedStaticMeshes. If the material asset is not re-saved, it may not render correctly when run outside the editor. Fix
[2017.03.13-14.08.13:501][513]LogMaterial: 0.00 seconds spent updating 1 materials, 1 interfaces, 0 instances, 0 with static permutations.
[2017.03.13-14.08.14:006][513]Cmd: MAP LOAD FILE="../../../../../PurgaStory_v3/Content/Multiplayer/Maps/Purgastory_Level.umap" TEMPLATE=0 SHOWPROGRESS=1 FEATURELEVEL=3
[2017.03.13-14.08.14:006][513]LightingResults: New page: Lighting Build
[2017.03.13-14.08.14:008][513]LoadErrors: New page: Loading map: Purgastory_Level.umap
[2017.03.13-14.08.14:009][513]MapCheck: New page: Map Check
[2017.03.13-14.08.14:009][513]LightingResults: New page: Lighting Build
[2017.03.13-14.08.14:622][513]LogPhysics:Warning: AddConvexElemsToRigidActor: [/Game/Bed/bed1.bed1] ConvexElem[0] invalid
[2017.03.13-14.08.15:222][513]LogEditorServer: Finished looking for orphan Actors (0.001 secs)
[2017.03.13-14.08.15:411][513]Cmd: MAP CHECKDEP NOCLEARLOG
[2017.03.13-14.08.15:717][513]MapCheck: Info Map check complete: 0 Error(s), 0 Warning(s), took 304.988ms to complete.
[2017.03.13-14.08.15:719][513]LogFileHelpers: Loading map 'Purgastory_Level' took 1.715
[2017.03.13-14.09.29:902][187]LogMaterial: 0.02 seconds spent updating 1 materials, 1 interfaces, 0 instances, 1 with static permutations.
[2017.03.13-14.09.30:032][187]LogMaterial: 0.02 seconds spent updating 1 materials, 1 interfaces, 0 instances, 1 with static permutations.
[2017.03.13-14.09.30:176][187]LogMaterial: 0.02 seconds spent updating 1 materials, 1 interfaces, 0 instances, 1 with static permutations.
[2017.03.13-14.09.30:314][187]LogMaterial: 0.02 seconds spent updating 1 materials, 1 interfaces, 0 instances, 1 with static permutations.
[2017.03.13-14.09.30:403][187]LogTexture:Display: Building textures: Texture2D_2 (G8)
[2017.03.13-14.10.13:162][ 62]LogEditorViewport: Clicking on Actor (LMB): StaticMeshActor (reaper3)
[2017.03.13-14.10.14:564][103]LogEditorViewport: Clicking on Actor (LMB): StaticMeshActor (reaper3)
[2017.03.13-14.10.17:237][207]LogMaterial: Missing cached shader map for material Reaper_Face_Material, compiling. 
[2017.03.13-14.10.17:576][207]LogMaterial: Missing cached shader map for material Reaper_Face_Material, compiling. 
[2017.03.13-14.10.17:616][207]LogMaterial: 0.00 seconds spent updating 1 materials, 1 interfaces, 0 instances, 0 with static permutations.
[2017.03.13-14.10.17:655][207]LogMaterial: Missing cached shader map for material FMatExpressionPreview MaterialExpressionVectorParameter_0, compiling. 
[2017.03.13-14.10.22:918][340]MaterialEditorStats: Info Base pass shader with only dynamic lighting: 22 instructions
[2017.03.13-14.10.22:918][340]MaterialEditorStats: Info Vertex shader: 29 instructions
[2017.03.13-14.10.22:918][340]MaterialEditorStats: Info Texture samplers: 0/16
[2017.03.13-14.10.28:089][499]LogMaterial: Missing cached shader map for material Reaper_Face_Material, compiling. 
[2017.03.13-14.10.28:127][499]LogMaterial: 0.00 seconds spent updating 1 materials, 1 interfaces, 0 instances, 0 with static permutations.
[2017.03.13-14.10.28:136][499]LogMaterial: Missing cached shader map for material Reaper_Face_Material, compiling. 
[2017.03.13-14.10.28:176][499]LogMaterial: 0.00 seconds spent updating 1 materials, 1 interfaces, 0 instances, 0 with static permutations.
[2017.03.13-14.10.31:541][573]LogMaterial: Missing cached shader map for material Reaper_Face_Material, compiling. 
[2017.03.13-14.10.31:586][573]LogMaterial: 0.00 seconds spent updating 1 materials, 1 interfaces, 0 instances, 0 with static permutations.
[2017.03.13-14.10.32:766][610]LogMaterialEditor: Saving and Compiling material Reaper_Face_Material
[2017.03.13-14.10.33:932][610]LogMaterial: Missing cached shader map for material Reaper_Face_Material, compiling. 
[2017.03.13-14.10.34:014][610]LogMaterial: 0.00 seconds spent updating 1 materials, 1 interfaces, 0 instances, 0 with static permutations.
[2017.03.13-14.10.34:084][610]LogMaterial: Missing cached shader map for material Reaper_Face_Material, compiling. 
[2017.03.13-14.10.34:195][610]LogMaterial: Missing cached shader map for material Reaper_Face_Material, compiling. 
[2017.03.13-14.10.34:290][610]LogMaterial: 0.01 seconds spent updating 1 materials, 1 interfaces, 0 instances, 0 with static permutations.
[2017.03.13-14.10.43:135][610]Cmd: OBJ SAVEPACKAGE PACKAGE="/Game/Reaper_Face_Material" FILE="../../../../../PurgaStory_v3/Content/Reaper_Face_Material.uasset" SILENT=true
[2017.03.13-14.10.43:206][610]LogSavePackage: Save=48.31ms
[2017.03.13-14.10.43:206][610]LogSavePackage: Moving '../../../../../PurgaStory_v3/Saved/Reaper_Face_Material26C832264EDA542CC4A6B38C05A49914.tmp' to '../../../../../PurgaStory_v3/Content/Reaper_Face_Material.uasset'
[2017.03.13-14.10.43:217][610]LogSavePackage:Display: Finished SavePackage ../../../../../PurgaStory_v3/Content/Reaper_Face_Material.uasset
[2017.03.13-14.10.43:232][610]MaterialEditorStats: Info Base pass shader with only dynamic lighting: 58 instructions
[2017.03.13-14.10.43:233][610]MaterialEditorStats: Info Vertex shader: 29 instructions
[2017.03.13-14.10.43:233][610]MaterialEditorStats: Info Texture samplers: 3/16
[2017.03.13-14.11.29:174][292]LogContentBrowser: Native class hierarchy updated for 'Cascade' in 0.0018 seconds. Added 2 classes and 2 folders.
[2017.03.13-14.12.27:939][ 29]Cmd: OBJ SAVEPACKAGE PACKAGE="/Game/cloud_particle/cloud_particle" FILE="../../../../../PurgaStory_v3/Content/cloud_particle/cloud_particle.uasset" SILENT=true
[2017.03.13-14.12.28:005][ 29]LogSavePackage: Save=37.28ms
[2017.03.13-14.12.28:005][ 29]LogSavePackage: Moving '../../../../../PurgaStory_v3/Saved/cloud_particle967A947A4FA7461333BC0BBF122C98B2.tmp' to '../../../../../PurgaStory_v3/Content/cloud_particle/cloud_particle.uasset'
[2017.03.13-14.12.28:010][ 29]LogSavePackage:Display: Finished SavePackage ../../../../../PurgaStory_v3/Content/cloud_particle/cloud_particle.uasset
[2017.03.13-14.12.31:156][179]LogCascade: Quitting Cascade. FXSystem=0x00000261B5F0DA80
[2017.03.13-14.12.56:051][137]Cmd: OBJ SAVEPACKAGE PACKAGE="/Game/cloud_seeker" FILE="../../../../../PurgaStory_v3/Content/cloud_seeker.uasset" SILENT=true
[2017.03.13-14.12.56:092][137]LogSavePackage: Save=36.71ms
[2017.03.13-14.12.56:092][137]LogSavePackage: Moving '../../../../../PurgaStory_v3/Saved/cloud_seeker51B70F1C40D9D672B3951882E9728CA5.tmp' to '../../../../../PurgaStory_v3/Content/cloud_seeker.uasset'
[2017.03.13-14.12.56:097][137]LogSavePackage:Display: Finished SavePackage ../../../../../PurgaStory_v3/Content/cloud_seeker.uasset
[2017.03.13-14.14.05:996][ 66]LogEditorTransaction: Undo Edit Z
[2017.03.13-14.14.06:345][ 69]LogEditorTransaction: Undo Edit Y
[2017.03.13-14.14.06:557][ 71]LogEditorTransaction: Undo Edit X
[2017.03.13-14.14.06:778][ 72]LogEditorTransaction: Undo Edit Z
[2017.03.13-14.14.06:985][ 75]LogEditorTransaction: Undo Edit Y
[2017.03.13-14.14.07:261][ 80]LogEditorTransaction: Undo Edit X
[2017.03.13-14.16.53:708][131]LogCascade: Non-seeded module ParticleModuleRotationOverLifetime
[2017.03.13-14.16.54:382][153]LogCascade: Non-seeded module ParticleModuleRotationOverLifetime
[2017.03.13-14.19.46:905][408]LogCascade: Non-seeded module ParticleModuleSizeMultiplyLife
[2017.03.13-14.20.01:053][857]Cmd: OBJ SAVEPACKAGE PACKAGE="/Game/cloud_seeker" FILE="../../../../../PurgaStory_v3/Content/cloud_seeker.uasset" SILENT=true
[2017.03.13-14.20.01:119][857]LogSavePackage: Save=37.65ms
[2017.03.13-14.20.01:120][857]LogSavePackage: Moving '../../../../../PurgaStory_v3/Saved/cloud_seekerF1CE1BF746466AF1DB4AA6834C845984.tmp' to '../../../../../PurgaStory_v3/Content/cloud_seeker.uasset'
[2017.03.13-14.20.01:133][857]LogSavePackage:Display: Finished SavePackage ../../../../../PurgaStory_v3/Content/cloud_seeker.uasset
[2017.03.13-14.20.03:529][924]LogCascade: Quitting Cascade. FXSystem=0x00000261ECFA2CA0
[2017.03.13-14.20.07:700][ 47]LogTexture:Display: Building textures: Texture2D_0 (BGRA8)
[2017.03.13-14.20.07:712][ 47]LogTexture:Display: Building textures: Texture2D_15 (BGRA8)
[2017.03.13-14.20.07:714][ 47]LogTexture:Display: Building textures: Texture2D_17 (BGRA8)
[2017.03.13-14.20.07:720][ 47]LogTexture:Display: Building textures: Texture2D_33 (BGRA8)
[2017.03.13-14.20.07:723][ 47]LogTexture:Display: Building textures: Texture2D_8 (BGRA8)
[2017.03.13-14.20.16:292][354]Cmd: CAMERA ALIGN ACTIVEVIEWPORTONLY
[2017.03.13-14.20.20:591][528]LogEditorActor: Deleted Actor: Emitter
[2017.03.13-14.20.20:639][528]LogEditorActor: Deleted 1 Actors (0.054 secs)
[2017.03.13-14.20.23:896][656]Cmd: DELETE
[2017.03.13-14.20.23:896][656]Cmd: ACTOR DELETE
[2017.03.13-14.20.23:903][656]LogEditorActor: Deleted Actor: Emitter
[2017.03.13-14.20.23:940][656]LogEditorActor: Deleted 1 Actors (0.044 secs)
[2017.03.13-14.21.09:715][171]Cmd: OBJ SAVEPACKAGE PACKAGE="/Game/cloud_seeker" FILE="../../../../../PurgaStory_v3/Content/cloud_seeker.uasset" SILENT=true
[2017.03.13-14.21.09:765][171]LogSavePackage: Save=38.31ms
[2017.03.13-14.21.09:765][171]LogSavePackage: Moving '../../../../../PurgaStory_v3/Saved/cloud_seekerCA497A6E4D65B23820222EA0C0EC23DA.tmp' to '../../../../../PurgaStory_v3/Content/cloud_seeker.uasset'
[2017.03.13-14.21.09:771][171]LogSavePackage:Display: Finished SavePackage ../../../../../PurgaStory_v3/Content/cloud_seeker.uasset
[2017.03.13-14.21.19:137][492]Cmd: DELETE
[2017.03.13-14.21.19:137][492]Cmd: ACTOR DELETE
[2017.03.13-14.21.19:145][492]LogEditorActor: Deleted Actor: Emitter
[2017.03.13-14.21.19:193][492]LogEditorActor: Deleted 1 Actors (0.056 secs)
[2017.03.13-14.21.34:462][ 11]Cmd: OBJ SAVEPACKAGE PACKAGE="/Game/cloud_seeker" FILE="../../../../../PurgaStory_v3/Content/cloud_seeker.uasset" SILENT=true
[2017.03.13-14.21.34:518][ 11]LogSavePackage: Save=44.27ms
[2017.03.13-14.21.34:518][ 11]LogSavePackage: Moving '../../../../../PurgaStory_v3/Saved/cloud_seeker92EC30CE4A8B0667221FF38798FFC7B4.tmp' to '../../../../../PurgaStory_v3/Content/cloud_seeker.uasset'
[2017.03.13-14.21.34:525][ 11]LogSavePackage:Display: Finished SavePackage ../../../../../PurgaStory_v3/Content/cloud_seeker.uasset
[2017.03.13-14.21.47:357][342]LogEditorViewport: Clicking on Actor (LMB): Landscape (Landscape)
[2017.03.13-14.21.49:239][393]Cmd: ACTOR SELECT ALL
[2017.03.13-14.21.49:858][404]Cmd: TRANSACTION UNDO
[2017.03.13-14.21.49:858][404]LogEditorTransaction: Undo Select All
[2017.03.13-14.21.51:442][437]Cmd: TRANSACTION UNDO
[2017.03.13-14.21.51:442][437]LogEditorTransaction: Undo Clicking on Actors
[2017.03.13-14.21.52:248][454]Cmd: TRANSACTION UNDO
[2017.03.13-14.21.52:248][454]LogEditorTransaction: Undo Move Actors
[2017.03.13-14.21.55:784][561]Cmd: DELETE
[2017.03.13-14.21.55:784][561]Cmd: ACTOR DELETE
[2017.03.13-14.21.55:791][561]LogEditorActor: Deleted Actor: Emitter
[2017.03.13-14.21.55:831][561]LogEditorActor: Deleted 1 Actors (0.047 secs)
[2017.03.13-14.22.01:995][746]Cmd: TRANSACTION UNDO
[2017.03.13-14.22.01:995][746]LogEditorTransaction: Undo Create Actors
[2017.03.13-14.22.26:824][578]Cmd: OBJ SAVEPACKAGE PACKAGE="/Game/cloud_seeker" FILE="../../../../../PurgaStory_v3/Content/cloud_seeker.uasset" SILENT=true
[2017.03.13-14.22.26:920][578]LogSavePackage: Save=85.35ms
[2017.03.13-14.22.26:920][578]LogSavePackage: Moving '../../../../../PurgaStory_v3/Saved/cloud_seeker9888AAB644524E50A29D438B656240D8.tmp' to '../../../../../PurgaStory_v3/Content/cloud_seeker.uasset'
[2017.03.13-14.22.26:925][578]LogSavePackage:Display: Finished SavePackage ../../../../../PurgaStory_v3/Content/cloud_seeker.uasset
[2017.03.13-14.22.40:560][ 40]Cmd: DELETE
[2017.03.13-14.22.40:560][ 40]Cmd: ACTOR DELETE
[2017.03.13-14.22.40:567][ 40]LogEditorActor: Deleted Actor: Emitter
[2017.03.13-14.22.40:612][ 40]LogEditorActor: Deleted 1 Actors (0.052 secs)
[2017.03.13-14.22.57:015][558]Cmd: OBJ SAVEPACKAGE PACKAGE="/Game/cloud_seeker" FILE="../../../../../PurgaStory_v3/Content/cloud_seeker.uasset" SILENT=true
[2017.03.13-14.22.57:069][558]LogSavePackage: Save=42.66ms
[2017.03.13-14.22.57:070][558]LogSavePackage: Moving '../../../../../PurgaStory_v3/Saved/cloud_seeker17F40A6C4E602A7DA7A6C2879B694685.tmp' to '../../../../../PurgaStory_v3/Content/cloud_seeker.uasset'
[2017.03.13-14.22.57:074][558]LogSavePackage:Display: Finished SavePackage ../../../../../PurgaStory_v3/Content/cloud_seeker.uasset
[2017.03.13-14.23.03:691][751]Cmd: DELETE
[2017.03.13-14.23.03:691][751]Cmd: ACTOR DELETE
[2017.03.13-14.23.03:695][751]LogEditorActor: Deleted Actor: Emitter
[2017.03.13-14.23.03:726][751]LogEditorActor: Deleted 1 Actors (0.035 secs)
[2017.03.13-14.23.24:245][404]Cmd: OBJ SAVEPACKAGE PACKAGE="/Game/cloud_seeker" FILE="../../../../../PurgaStory_v3/Content/cloud_seeker.uasset" SILENT=true
[2017.03.13-14.23.24:296][404]LogSavePackage: Save=40.35ms
[2017.03.13-14.23.24:296][404]LogSavePackage: Moving '../../../../../PurgaStory_v3/Saved/cloud_seeker260986AC419AE243271B4DAD490ECC46.tmp' to '../../../../../PurgaStory_v3/Content/cloud_seeker.uasset'
[2017.03.13-14.23.24:302][404]LogSavePackage:Display: Finished SavePackage ../../../../../PurgaStory_v3/Content/cloud_seeker.uasset
[2017.03.13-14.23.31:786][639]Cmd: DELETE
[2017.03.13-14.23.31:786][639]Cmd: ACTOR DELETE
[2017.03.13-14.23.31:799][639]LogEditorActor: Deleted Actor: Emitter
[2017.03.13-14.23.31:855][639]LogEditorActor: Deleted 1 Actors (0.068 secs)
[2017.03.13-14.23.55:840][392]Cmd: OBJ SAVEPACKAGE PACKAGE="/Game/cloud_seeker" FILE="../../../../../PurgaStory_v3/Content/cloud_seeker.uasset" SILENT=true
[2017.03.13-14.23.55:890][392]LogSavePackage: Save=39.45ms
[2017.03.13-14.23.55:890][392]LogSavePackage: Moving '../../../../../PurgaStory_v3/Saved/cloud_seeker30505DCE49A98403FDF4A7A5A816A64E.tmp' to '../../../../../PurgaStory_v3/Content/cloud_seeker.uasset'
[2017.03.13-14.23.55:895][392]LogSavePackage:Display: Finished SavePackage ../../../../../PurgaStory_v3/Content/cloud_seeker.uasset
[2017.03.13-14.24.02:945][655]LogEditorActor: Deleted Actor: Emitter
[2017.03.13-14.24.02:986][655]LogEditorActor: Deleted 1 Actors (0.047 secs)
[2017.03.13-14.24.11:594][975]Cmd: TRANSACTION UNDO
[2017.03.13-14.24.11:594][975]LogEditorTransaction: Undo Create Actors
[2017.03.13-14.24.22:768][416]Cmd: DELETE
[2017.03.13-14.24.22:768][416]Cmd: ACTOR DELETE
[2017.03.13-14.24.22:774][416]LogEditorActor: Deleted Actor: Emitter
[2017.03.13-14.24.22:812][416]LogEditorActor: Deleted 1 Actors (0.044 secs)
[2017.03.13-14.24.36:899][881]Cmd: OBJ SAVEPACKAGE PACKAGE="/Game/cloud_seeker" FILE="../../../../../PurgaStory_v3/Content/cloud_seeker.uasset" SILENT=true
[2017.03.13-14.24.36:946][881]LogSavePackage: Save=37.93ms
[2017.03.13-14.24.36:946][881]LogSavePackage: Moving '../../../../../PurgaStory_v3/Saved/cloud_seeker029703124F8CFCF9E50E47909CA26D97.tmp' to '../../../../../PurgaStory_v3/Content/cloud_seeker.uasset'
[2017.03.13-14.24.36:952][881]LogSavePackage:Display: Finished SavePackage ../../../../../PurgaStory_v3/Content/cloud_seeker.uasset
[2017.03.13-14.24.53:008][470]Cmd: DELETE
[2017.03.13-14.24.53:008][470]Cmd: ACTOR DELETE
[2017.03.13-14.24.53:016][470]LogEditorActor: Deleted Actor: Emitter
[2017.03.13-14.24.53:055][470]LogEditorActor: Deleted 1 Actors (0.046 secs)
[2017.03.13-14.25.16:091][214]Cmd: OBJ SAVEPACKAGE PACKAGE="/Game/cloud_seeker" FILE="../../../../../PurgaStory_v3/Content/cloud_seeker.uasset" SILENT=true
[2017.03.13-14.25.16:152][214]LogSavePackage: Save=37.05ms
[2017.03.13-14.25.16:152][214]LogSavePackage: Moving '../../../../../PurgaStory_v3/Saved/cloud_seekerCA798E3E4205C3A86D3483ADF7CD96E7.tmp' to '../../../../../PurgaStory_v3/Content/cloud_seeker.uasset'
[2017.03.13-14.25.16:157][214]LogSavePackage:Display: Finished SavePackage ../../../../../PurgaStory_v3/Content/cloud_seeker.uasset
[2017.03.13-14.25.27:747][609]Cmd: DELETE
[2017.03.13-14.25.27:747][609]Cmd: ACTOR DELETE
[2017.03.13-14.25.27:753][609]LogEditorActor: Deleted Actor: Emitter
[2017.03.13-14.25.27:801][609]LogEditorActor: Deleted 1 Actors (0.054 secs)
[2017.03.13-14.25.42:334][180]Cmd: DELETE
[2017.03.13-14.25.42:334][180]Cmd: ACTOR DELETE
[2017.03.13-14.25.42:341][180]LogEditorActor: Deleted Actor: Emitter
[2017.03.13-14.25.42:385][180]LogEditorActor: Deleted 1 Actors (0.051 secs)
[2017.03.13-14.25.53:390][557]Cmd: OBJ SAVEPACKAGE PACKAGE="/Game/cloud_seeker" FILE="../../../../../PurgaStory_v3/Content/cloud_seeker.uasset" SILENT=true
[2017.03.13-14.25.53:440][557]LogSavePackage: Save=39.17ms
[2017.03.13-14.25.53:440][557]LogSavePackage: Moving '../../../../../PurgaStory_v3/Saved/cloud_seeker20A177C74E2635C4ABC5DEBD0373A101.tmp' to '../../../../../PurgaStory_v3/Content/cloud_seeker.uasset'
[2017.03.13-14.25.53:445][557]LogSavePackage:Display: Finished SavePackage ../../../../../PurgaStory_v3/Content/cloud_seeker.uasset
[2017.03.13-14.26.00:670][789]Cmd: DELETE
[2017.03.13-14.26.00:670][789]Cmd: ACTOR DELETE
[2017.03.13-14.26.00:677][789]LogEditorActor: Deleted Actor: Emitter
[2017.03.13-14.26.00:715][789]LogEditorActor: Deleted 1 Actors (0.045 secs)
[2017.03.13-14.26.13:319][197]Cmd: OBJ SAVEPACKAGE PACKAGE="/Game/cloud_seeker" FILE="../../../../../PurgaStory_v3/Content/cloud_seeker.uasset" SILENT=true
[2017.03.13-14.26.13:370][197]LogSavePackage: Save=39.35ms
[2017.03.13-14.26.13:370][197]LogSavePackage: Moving '../../../../../PurgaStory_v3/Saved/cloud_seekerE943311D415E7B3DC27034821FE18155.tmp' to '../../../../../PurgaStory_v3/Content/cloud_seeker.uasset'
[2017.03.13-14.26.13:376][197]LogSavePackage:Display: Finished SavePackage ../../../../../PurgaStory_v3/Content/cloud_seeker.uasset
[2017.03.13-14.26.22:430][490]Cmd: TRANSACTION UNDO
[2017.03.13-14.26.22:430][490]LogEditorTransaction: Undo Create Actors
[2017.03.13-14.26.40:500][107]Cmd: OBJ SAVEPACKAGE PACKAGE="/Game/cloud_seeker" FILE="../../../../../PurgaStory_v3/Content/cloud_seeker.uasset" SILENT=true
[2017.03.13-14.26.40:552][107]LogSavePackage: Save=39.05ms
[2017.03.13-14.26.40:552][107]LogSavePackage: Moving '../../../../../PurgaStory_v3/Saved/cloud_seeker126CC35A4B35A5B3C117A4A07D6271A0.tmp' to '../../../../../PurgaStory_v3/Content/cloud_seeker.uasset'
[2017.03.13-14.26.40:557][107]LogSavePackage:Display: Finished SavePackage ../../../../../PurgaStory_v3/Content/cloud_seeker.uasset
[2017.03.13-14.27.00:277][729]Cmd: OBJ SAVEPACKAGE PACKAGE="/Game/cloud_seeker" FILE="../../../../../PurgaStory_v3/Content/cloud_seeker.uasset" SILENT=true
[2017.03.13-14.27.00:329][729]LogSavePackage: Save=39.33ms
[2017.03.13-14.27.00:329][729]LogSavePackage: Moving '../../../../../PurgaStory_v3/Saved/cloud_seekerAAA0FC3547CE2CF8090FC8BE00BA7AC2.tmp' to '../../../../../PurgaStory_v3/Content/cloud_seeker.uasset'
[2017.03.13-14.27.00:334][729]LogSavePackage:Display: Finished SavePackage ../../../../../PurgaStory_v3/Content/cloud_seeker.uasset
[2017.03.13-14.27.03:756][821]LogCascade: Non-seeded module ParticleModuleLocationPrimitiveSphere
[2017.03.13-14.27.15:561][267]Cmd: DELETE
[2017.03.13-14.27.15:562][267]Cmd: ACTOR DELETE
[2017.03.13-14.27.15:568][267]LogEditorActor: Deleted Actor: Emitter
[2017.03.13-14.27.15:620][267]LogEditorActor: Deleted 1 Actors (0.058 secs)
[2017.03.13-14.27.18:688][386]Cmd: DELETE
[2017.03.13-14.27.18:688][386]Cmd: ACTOR DELETE
[2017.03.13-14.27.18:694][386]LogEditorActor: Deleted Actor: Emitter
[2017.03.13-14.27.18:733][386]LogEditorActor: Deleted 1 Actors (0.045 secs)
[2017.03.13-14.27.26:183][675]Cmd: DELETE
[2017.03.13-14.27.26:183][675]Cmd: ACTOR DELETE
[2017.03.13-14.27.26:193][675]LogEditorActor: Deleted Actor: Emitter
[2017.03.13-14.27.26:234][675]LogEditorActor: Deleted 1 Actors (0.051 secs)
[2017.03.13-14.27.53:770][862]LogSavePackage: Save=1933.13ms
[2017.03.13-14.27.53:771][862]LogSavePackage: Moving '../../../../../PurgaStory_v3/Saved/Purgastory_Level_Auto1B5E78926450FD1E4B223888C0E6FD4D7.tmp' to '../../../../../PurgaStory_v3/Saved/Autosaves/Game/Multiplayer/Maps/Purgastory_Level_Auto1.umap'
[2017.03.13-14.27.53:776][862]LogSavePackage:Display: Finished SavePackage ../../../../../PurgaStory_v3/Saved/Autosaves/Game/Multiplayer/Maps/Purgastory_Level_Auto1.umap
[2017.03.13-14.27.53:809][862]LogFileHelpers: Editor autosave (incl. sublevels) for '/Game/Multiplayer/Maps/Purgastory_Level' took 2.043
[2017.03.13-14.27.53:809][862]LogFileHelpers: Editor autosave (incl. sublevels) for all levels took 2.043
[2017.03.13-14.27.53:814][862]Cmd: OBJ SAVEPACKAGE PACKAGE="/Game/cloud_particle" FILE="../../../../../PurgaStory_v3/Saved/Autosaves/Game/cloud_particle_Auto1.uasset" SILENT=false AUTOSAVING=true
[2017.03.13-14.27.53:849][862]LogSavePackage: Save=29.85ms
[2017.03.13-14.27.53:849][862]LogSavePackage: Moving '../../../../../PurgaStory_v3/Saved/cloud_particle_Auto1D888831A4D0031C4DCDC69A844618876.tmp' to '../../../../../PurgaStory_v3/Saved/Autosaves/Game/cloud_particle_Auto1.uasset'
[2017.03.13-14.27.53:851][862]LogSavePackage:Display: Finished SavePackage ../../../../../PurgaStory_v3/Saved/Autosaves/Game/cloud_particle_Auto1.uasset
[2017.03.13-14.27.53:853][862]OBJ SavePackage: Generating thumbnails for [1] asset(s) in package [/Game/cloud_seeker] ([1] browsable assets)...
[2017.03.13-14.27.53:887][862]OBJ SavePackage:     Rendered thumbnail for [ParticleSystem /Game/cloud_seeker.cloud_seeker]
[2017.03.13-14.27.53:887][862]OBJ SavePackage: Finished generating thumbnails for package [/Game/cloud_seeker]
[2017.03.13-14.27.53:887][862]Cmd: OBJ SAVEPACKAGE PACKAGE="/Game/cloud_seeker" FILE="../../../../../PurgaStory_v3/Saved/Autosaves/Game/cloud_seeker_Auto1.uasset" SILENT=false AUTOSAVING=true
[2017.03.13-14.27.53:954][862]LogSavePackage: Save=52.91ms
[2017.03.13-14.27.53:954][862]LogSavePackage: Moving '../../../../../PurgaStory_v3/Saved/cloud_seeker_Auto1A0A6DB7F42719966F8376DB06BBB519B.tmp' to '../../../../../PurgaStory_v3/Saved/Autosaves/Game/cloud_seeker_Auto1.uasset'
[2017.03.13-14.27.53:956][862]LogSavePackage:Display: Finished SavePackage ../../../../../PurgaStory_v3/Saved/Autosaves/Game/cloud_seeker_Auto1.uasset
[2017.03.13-14.27.53:957][862]LogFileHelpers: Auto-saving content packages took 0.144
[2017.03.13-14.28.07:359][269]LogCascade: Non-seeded module ParticleModuleColorOverLife
[2017.03.13-14.29.16:215][596]Cmd: OBJ SAVEPACKAGE PACKAGE="/Game/cloud_seeker" FILE="../../../../../PurgaStory_v3/Content/cloud_seeker.uasset" SILENT=true
[2017.03.13-14.29.16:266][596]LogSavePackage: Save=39.60ms
[2017.03.13-14.29.16:266][596]LogSavePackage: Moving '../../../../../PurgaStory_v3/Saved/cloud_seeker40FD5E134A3DB0BFA5B15F9B45B38011.tmp' to '../../../../../PurgaStory_v3/Content/cloud_seeker.uasset'
[2017.03.13-14.29.16:279][596]LogSavePackage:Display: Finished SavePackage ../../../../../PurgaStory_v3/Content/cloud_seeker.uasset
[2017.03.13-14.29.49:564][850]Cmd: DELETE
[2017.03.13-14.29.49:564][850]Cmd: ACTOR DELETE
[2017.03.13-14.29.49:574][850]LogEditorActor: Deleted Actor: Emitter
[2017.03.13-14.29.49:626][850]LogEditorActor: Deleted 1 Actors (0.061 secs)
[2017.03.13-14.30.20:451][873]LogCascade: Quitting Cascade. FXSystem=0x00000261AC74F240
[2017.03.13-14.30.40:430][339]Cmd: OBJ SAVEPACKAGE PACKAGE="/Game/Multiplayer/Maps/Purgastory_Level" FILE="../../../../../PurgaStory_v3/Content/Multiplayer/Maps/Purgastory_Level.umap" SILENT=true AUTOSAVING=false KEEPDIRTY=false
[2017.03.13-14.30.42:353][339]LogSavePackage: Save=1875.89ms
[2017.03.13-14.30.42:353][339]LogSavePackage: Moving '../../../../../PurgaStory_v3/Saved/Purgastory_Level68439FD84E996F4A6E3BDB901EF8B11F.tmp' to '../../../../../PurgaStory_v3/Content/Multiplayer/Maps/Purgastory_Level.umap'
[2017.03.13-14.30.42:369][339]LogSavePackage:Display: Finished SavePackage ../../../../../PurgaStory_v3/Content/Multiplayer/Maps/Purgastory_Level.umap
[2017.03.13-14.32.17:580][ 23]LogMaterial: Missing cached shader map for material Material_0, compiling. 
[2017.03.13-14.37.09:763][ 13]LogTexture:Display: Building textures: T_RockMesh_M (DXT1)
[2017.03.13-14.37.14:451][ 13]LogTexture:Display: Building textures: T_RockMesh_N (BC5)
[2017.03.13-14.37.16:404][ 13]LogTexture:Display: Building textures: T_Detail_Rocky_N (BC5)
[2017.03.13-14.37.20:619][174]LogActorFactory: Actor Factory created SM_Rock
[2017.03.13-14.37.24:024][320]LogActorFactory: Actor Factory created SM_Rock
[2017.03.13-14.37.39:596][860]Cmd: EDIT COPY
[2017.03.13-14.37.39:956][865]Cmd: EDIT PASTE
[2017.03.13-14.38.08:617][851]Cmd: EDIT COPY
[2017.03.13-14.38.08:849][858]Cmd: EDIT PASTE
[2017.03.13-14.38.20:655][254]LogEditorViewport: Clicking on Actor (LMB): Landscape (Landscape)
[2017.03.13-14.38.23:792][347]LogEditorViewport: Clicking on Actor (LMB): StaticMeshActor (SM_Rock3)
[2017.03.13-14.38.30:761][570]Cmd: EDIT COPY
[2017.03.13-14.38.31:083][579]Cmd: EDIT PASTE
[2017.03.13-14.38.44:936][ 75]Cmd: EDIT COPY
[2017.03.13-14.38.45:220][ 83]Cmd: EDIT PASTE
[2017.03.13-14.39.03:312][230]Cmd: EDIT COPY
[2017.03.13-14.39.03:553][251]Cmd: EDIT PASTE
[2017.03.13-14.39.12:504][  1]LogEditorViewport: Clicking on Actor (LMB): StaticMeshActor (SM_Wall_125x337)
[2017.03.13-14.39.17:707][441]LogEditorViewport: Clicking on Actor (LMB): StaticMeshActor (SM_Rock6)
[2017.03.13-14.39.22:442][671]LogEditorViewport: Clicking on Actor (LMB): StaticMeshActor (SM_Wall_500x301)
[2017.03.13-14.39.27:873][859]LogEditorViewport: Clicking on Actor (LMB): StaticMeshActor (SM_Rock3)
[2017.03.13-14.39.31:075][958]Cmd: EDIT COPY
[2017.03.13-14.39.31:316][963]Cmd: EDIT PASTE
[2017.03.13-14.39.33:539][ 27]Cmd: CAMERA ALIGN ACTIVEVIEWPORTONLY
[2017.03.13-14.39.46:676][511]LogEditorViewport: Clicking on Actor (LMB): StaticMeshActor (reaper3)
[2017.03.13-14.39.49:694][616]LogEditorViewport: Clicking on Actor (LMB): StaticMeshActor (SM_Rock7)
[2017.03.13-14.39.50:139][629]Cmd: EDIT COPY
[2017.03.13-14.39.50:378][638]Cmd: EDIT PASTE
[2017.03.13-14.40.08:518][317]LogEditorViewport: Clicking on Actor (LMB): StaticMeshActor (Floor105)
[2017.03.13-14.40.15:776][602]LogEditorViewport: Clicking on Actor (LMB): StaticMeshActor (SM_Rock8)
[2017.03.13-14.40.15:990][604]Cmd: EDIT COPY
[2017.03.13-14.40.16:238][613]Cmd: EDIT PASTE
[2017.03.13-14.40.23:027][845]Cmd: CAMERA ALIGN ACTIVEVIEWPORTONLY
[2017.03.13-14.40.32:695][225]LogEditorViewport: Clicking on Actor (LMB): StaticMeshActor (SM_Rock8)
[2017.03.13-14.40.38:568][447]LogEditorViewport: Clicking on Actor (LMB): InstancedFoliageActor (InstancedFoliageActor)
[2017.03.13-14.40.39:994][485]LogEditorViewport: Clicking on Actor (LMB): Landscape (Landscape)
[2017.03.13-14.40.47:292][742]LogActorFactory: Actor Factory created SM_Rock
[2017.03.13-14.40.48:166][771]LogActorFactory: Actor Factory created SM_Rock
[2017.03.13-14.40.51:938][899]LogActorFactory: Actor Factory created SM_Rock
[2017.03.13-14.40.52:659][922]LogActorFactory: Actor Factory created SM_Rock
[2017.03.13-14.41.03:366][293]LogEditorViewport: Clicking on Actor (LMB): Landscape (Landscape)
[2017.03.13-14.41.09:439][515]LogActorFactory: Actor Factory created SM_Rock
[2017.03.13-14.41.09:737][523]LogActorFactory: Actor Factory created SM_Rock
[2017.03.13-14.41.15:422][736]Cmd: EDIT COPY
[2017.03.13-14.41.15:662][745]Cmd: EDIT PASTE
[2017.03.13-14.41.23:966][ 80]LogEditorViewport: Clicking on Actor (LMB): Landscape (Landscape)
[2017.03.13-14.41.27:862][228]LogEditorViewport: Clicking on Actor (LMB): StaticMeshActor (SM_Rock12)
[2017.03.13-14.41.28:598][248]LogEditorViewport: Clicking on Actor (CTRL LMB): StaticMeshActor (SM_Rock13)
[2017.03.13-14.41.31:910][381]LogEditorViewport: Clicking on Actor (LMB): Landscape (Landscape)
[2017.03.13-14.41.44:258][862]LogActorFactory: Actor Factory created SM_Rock
[2017.03.13-14.41.44:693][875]LogActorFactory: Actor Factory created SM_Rock
[2017.03.13-14.41.51:960][161]Cmd: EDIT COPY
[2017.03.13-14.41.52:176][169]Cmd: EDIT PASTE
[2017.03.13-14.42.06:308][720]Cmd: EDIT COPY
[2017.03.13-14.42.06:585][730]Cmd: EDIT PASTE
[2017.03.13-14.42.16:255][ 99]LogEditorViewport: Clicking on Actor (LMB): Landscape (Landscape)
[2017.03.13-14.42.16:656][102]LogEditorViewport: Clicking on Actor (LMB): Landscape (Landscape)
[2017.03.13-14.42.17:316][126]LogEditorViewport: Clicking on Actor (LMB): Landscape (Landscape)
[2017.03.13-14.42.17:909][148]LogEditorViewport: Clicking on Actor (LMB): Landscape (Landscape)
[2017.03.13-14.42.28:544][568]LogEditorViewport: Clicking on Actor (LMB): StaticMeshActor (SM_Rock9)
[2017.03.13-14.42.28:939][578]Cmd: EDIT COPY
[2017.03.13-14.42.29:154][586]Cmd: EDIT PASTE
[2017.03.13-14.42.35:356][816]LogEditorViewport: Clicking on Actor (LMB): Landscape (Landscape)
[2017.03.13-14.42.38:396][927]LogEditorViewport: Clicking on Actor (LMB): StaticMeshActor (SM_Rock17)
[2017.03.13-14.42.54:792][460]Cmd: OBJ SAVEPACKAGE PACKAGE="/Game/Multiplayer/Maps/Purgastory_Level" FILE="../../../../../PurgaStory_v3/Content/Multiplayer/Maps/Purgastory_Level.umap" SILENT=true AUTOSAVING=false KEEPDIRTY=false
[2017.03.13-14.42.57:534][460]LogSavePackage: Save=2528.36ms
[2017.03.13-14.42.57:538][460]LogSavePackage: Moving '../../../../../PurgaStory_v3/Saved/Purgastory_LevelE0FFAF8544A99A58450C6586FE94ED57.tmp' to '../../../../../PurgaStory_v3/Content/Multiplayer/Maps/Purgastory_Level.umap'
[2017.03.13-14.42.57:568][460]LogSavePackage:Display: Finished SavePackage ../../../../../PurgaStory_v3/Content/Multiplayer/Maps/Purgastory_Level.umap
[2017.03.13-14.49.13:479][648]Cmd: OBJ SAVEPACKAGE PACKAGE="/Game/cloud_particle" FILE="../../../../../PurgaStory_v3/Content/cloud_particle.uasset" SILENT=true
[2017.03.13-14.49.13:502][648]LogSavePackage: Save=12.50ms
[2017.03.13-14.49.13:502][648]LogSavePackage: Moving '../../../../../PurgaStory_v3/Saved/cloud_particleBE34572746BD63CEF3C9DC848A8C490E.tmp' to '../../../../../PurgaStory_v3/Content/cloud_particle.uasset'
[2017.03.13-14.49.13:506][648]LogSavePackage:Display: Finished SavePackage ../../../../../PurgaStory_v3/Content/cloud_particle.uasset
[2017.03.13-14.49.24:215][989]Cmd: QUIT_EDITOR
[2017.03.13-14.49.24:339][989]LogWindowsTextInputMethodSystem:Display: IME system now deactivated.
[2017.03.13-14.49.24:446][989]LogExit: Preparing to exit.
[2017.03.13-14.49.25:152][989]LogDirectoryWatcher: A directory notification for 'D:/Unreal/PurgaStory_v3/Content/' was aborted.
[2017.03.13-14.49.25:691][989]LogExit: Editor shut down
[2017.03.13-14.49.25:694][989]LogExit: Transaction tracking system shut down
[2017.03.13-14.49.26:240][989]LogObj: Freed 0b from 0 cluster array pools.
[2017.03.13-14.49.26:243][989]LogExit: Object subsystem successfully closed.
[2017.03.13-14.49.26:327][989]LogD3D11RHI: Shutdown
[2017.03.13-14.49.26:327][989]LogD3D11RHI: CleanupD3DDevice
[2017.03.13-14.49.26:800][989]LogD3D11RHI: ~FD3D11DynamicRHI
[2017.03.13-14.49.26:839][989]LogHttp:Display: Http module shutting down, but needs to wait on 1 outstanding Http requests:
[2017.03.13-14.49.26:839][989]LogHttp:Display: 	verb=[POST] url=[https://datarouter.ol.epicgames.com/datarouter/api/v1/public/data?SessionID=%7B770B702F-4187-7945-16FE-CB8AE27594AB%7D&AppID=UEEditor.Rocket.Release&AppVersion=4.14.3-3249277%2B%2B%2BUE4%2BRelease-4.14&UserID=d1c8f82b417d2ce73f7df0820151bd26%7C54ddd81e2c83417ea6547a0ffff3e5a4%7Cfb954913-2a66-44b3-9e13-656e6d75c89e&AppEnvironment=datacollector-binary&UploadType=eteventstream] status=Processing
[2017.03.13-14.49.26:872][989]LogModuleManager: Shutting down and abandoning module DistCurveEditor (247)
[2017.03.13-14.49.26:872][989]LogModuleManager: Shutting down and abandoning module Cascade (246)
[2017.03.13-14.49.26:872][989]LogModuleManager: Shutting down and abandoning module MaterialEditor (245)
[2017.03.13-14.49.26:872][989]LogModuleManager: Shutting down and abandoning module HierarchicalLODOutliner (244)
[2017.03.13-14.49.26:872][989]LogModuleManager: Shutting down and abandoning module CrashTracker (243)
[2017.03.13-14.49.26:872][989]LogModuleManager: Shutting down and abandoning module SceneOutliner (242)
[2017.03.13-14.49.26:872][989]LogModuleManager: Shutting down and abandoning module WidgetCarousel (241)
[2017.03.13-14.49.26:872][989]LogModuleManager: Shutting down and abandoning module AddContentDialog (240)
[2017.03.13-14.49.26:873][989]LogDirectoryWatcher: A directory notification for 'D:/Unreal/Epic Games/4.14/FeaturePacks/' was aborted.
[2017.03.13-14.49.26:898][989]LogModuleManager: Shutting down and abandoning module GameplayTags (239)
[2017.03.13-14.49.26:898][989]LogModuleManager: Shutting down and abandoning module EditorWidgets (238)
[2017.03.13-14.49.26:898][989]LogModuleManager: Shutting down and abandoning module CollectionManager (237)
[2017.03.13-14.49.26:898][989]LogDirectoryWatcher: A directory notification for 'D:/Unreal/PurgaStory_v3/Content/Collections/' was aborted.
[2017.03.13-14.49.26:898][989]LogDirectoryWatcher: A directory notification for 'D:/Unreal/PurgaStory_v3/Content/Developers/User/Collections/' was aborted.
[2017.03.13-14.49.26:899][989]LogDirectoryWatcher: A directory notification for 'D:/Unreal/PurgaStory_v3/Saved/Collections/' was aborted.
[2017.03.13-14.49.26:899][989]LogModuleManager: Shutting down and abandoning module StatsViewer (236)
[2017.03.13-14.49.26:899][989]LogModuleManager: Shutting down and abandoning module FoliageEdit (235)
[2017.03.13-14.49.26:899][989]LogModuleManager: Shutting down and abandoning module LandscapeEditor (234)
[2017.03.13-14.49.26:899][989]LogModuleManager: Shutting down and abandoning module SceneDepthPickerMode (233)
[2017.03.13-14.49.26:900][989]LogModuleManager: Shutting down and abandoning module ActorPickerMode (232)
[2017.03.13-14.49.26:900][989]LogModuleManager: Shutting down and abandoning module GeometryMode (231)
[2017.03.13-14.49.26:900][989]LogModuleManager: Shutting down and abandoning module TextureAlignMode (230)
[2017.03.13-14.49.26:900][989]LogModuleManager: Shutting down and abandoning module BspMode (229)
[2017.03.13-14.49.26:900][989]LogModuleManager: Shutting down and abandoning module HardwareSurvey (228)
[2017.03.13-14.49.26:900][989]LogModuleManager: Shutting down and abandoning module SequenceRecorderSections (227)
[2017.03.13-14.49.26:900][989]LogModuleManager: Shutting down and abandoning module AutomationWorker (226)
[2017.03.13-14.49.26:900][989]LogModuleManager: Shutting down and abandoning module MatineeToLevelSequence (225)
[2017.03.13-14.49.26:900][989]LogModuleManager: Shutting down and abandoning module PlacementMode (224)
[2017.03.13-14.49.26:900][989]LogModuleManager: Shutting down and abandoning module LevelSequenceEditor (223)
[2017.03.13-14.49.26:901][989]LogModuleManager: Shutting down and abandoning module WmfMediaFactory (222)
[2017.03.13-14.49.26:901][989]LogModuleManager: Shutting down and abandoning module WmfMediaEditor (221)
[2017.03.13-14.49.26:901][989]LogModuleManager: Shutting down and abandoning module AvfMediaFactory (220)
[2017.03.13-14.49.26:901][989]LogModuleManager: Shutting down and abandoning module AvfMediaEditor (219)
[2017.03.13-14.49.26:901][989]LogModuleManager: Shutting down and abandoning module Media (218)
[2017.03.13-14.49.26:901][989]LogModuleManager: Shutting down and abandoning module AndroidMediaFactory (217)
[2017.03.13-14.49.26:901][989]LogModuleManager: Shutting down and abandoning module AndroidMediaEditor (216)
[2017.03.13-14.49.26:901][989]LogModuleManager: Shutting down and abandoning module CharacterAI (215)
[2017.03.13-14.49.26:901][989]LogModuleManager: Shutting down and abandoning module SequenceRecorder (214)
[2017.03.13-14.49.26:901][989]LogModuleManager: Shutting down and abandoning module AudioCapture (213)
[2017.03.13-14.49.26:901][989]LogModuleManager: Shutting down and abandoning module SmartSnapping (212)
[2017.03.13-14.49.26:901][989]LogModuleManager: Shutting down and abandoning module SessionServices (211)
[2017.03.13-14.49.26:901][989]LogModuleManager: Shutting down and abandoning module ViewportSnapping (210)
[2017.03.13-14.49.26:901][989]LogModuleManager: Shutting down and abandoning module ViewportInteraction (209)
[2017.03.13-14.49.26:901][989]LogModuleManager: Shutting down and abandoning module LogVisualizer (208)
[2017.03.13-14.49.26:902][989]LogModuleManager: Shutting down and abandoning module GameProjectGeneration (207)
[2017.03.13-14.49.26:902][989]LogModuleManager: Shutting down and abandoning module IntroTutorials (206)
[2017.03.13-14.49.26:902][989]LogModuleManager: Shutting down and abandoning module EditorLiveStreaming (205)
[2017.03.13-14.49.26:902][989]LogModuleManager: Shutting down and abandoning module IOSPlatformEditor (204)
[2017.03.13-14.49.26:902][989]LogModuleManager: Shutting down and abandoning module HTML5PlatformEditor (203)
[2017.03.13-14.49.26:902][989]LogModuleManager: Shutting down and abandoning module AndroidDeviceDetection (202)
[2017.03.13-14.49.27:885][989]LogModuleManager: Shutting down and abandoning module AndroidPlatformEditor (201)
[2017.03.13-14.49.27:886][989]LogModuleManager: Shutting down and abandoning module IOSRuntimeSettings (200)
[2017.03.13-14.49.27:886][989]LogModuleManager: Shutting down and abandoning module AndroidRuntimeSettings (199)
[2017.03.13-14.49.27:886][989]LogModuleManager: Shutting down and abandoning module InputBindingEditor (198)
[2017.03.13-14.49.27:886][989]LogModuleManager: Shutting down and abandoning module NiagaraEditor (197)
[2017.03.13-14.49.27:886][989]LogModuleManager: Shutting down and abandoning module MergeActors (196)
[2017.03.13-14.49.27:886][989]LogModuleManager: Shutting down and abandoning module SizeMap (195)
[2017.03.13-14.49.27:886][989]LogModuleManager: Shutting down and abandoning module TreeMap (194)
[2017.03.13-14.49.27:887][989]LogModuleManager: Shutting down and abandoning module ReferenceViewer (193)
[2017.03.13-14.49.27:887][989]LogModuleManager: Shutting down and abandoning module LocalizationService (192)
[2017.03.13-14.49.27:887][989]LogModuleManager: Shutting down and abandoning module LocalizationDashboard (191)
[2017.03.13-14.49.27:887][989]LogModuleManager: Shutting down and abandoning module HardwareTargeting (190)
[2017.03.13-14.49.27:887][989]LogModuleManager: Shutting down and abandoning module DeviceProfileEditor (189)
[2017.03.13-14.49.27:887][989]LogModuleManager: Shutting down and abandoning module UndoHistory (188)
[2017.03.13-14.49.27:887][989]LogModuleManager: Shutting down and abandoning module UserFeedback (187)
[2017.03.13-14.49.27:887][989]LogModuleManager: Shutting down and abandoning module XmlParser (186)
[2017.03.13-14.49.27:887][989]LogModuleManager: Shutting down and abandoning module Blutility (185)
[2017.03.13-14.49.27:887][989]LogModuleManager: Shutting down and abandoning module ProjectTargetPlatformEditor (184)
[2017.03.13-14.49.27:889][989]LogModuleManager: Shutting down and abandoning module ProjectSettingsViewer (183)
[2017.03.13-14.49.27:889][989]LogModuleManager: Shutting down and abandoning module EditorSettingsViewer (182)
[2017.03.13-14.49.27:890][989]LogModuleManager: Shutting down and abandoning module SettingsEditor (181)
[2017.03.13-14.49.27:890][989]LogModuleManager: Shutting down and abandoning module ProjectLauncher (180)
[2017.03.13-14.49.27:890][989]LogModuleManager: Shutting down and abandoning module SessionFrontend (179)
[2017.03.13-14.49.27:890][989]LogModuleManager: Shutting down and abandoning module ProfilerClient (178)
[2017.03.13-14.49.27:890][989]LogModuleManager: Shutting down and abandoning module TargetDeviceServices (177)
[2017.03.13-14.49.27:891][989]LogModuleManager: Shutting down and abandoning module DeviceManager (176)
[2017.03.13-14.49.27:954][989]LogModuleManager: Shutting down and abandoning module AutomationController (175)
[2017.03.13-14.49.27:954][989]LogModuleManager: Shutting down and abandoning module AutomationWindow (174)
[2017.03.13-14.49.27:954][989]LogModuleManager: Shutting down and abandoning module Layers (173)
[2017.03.13-14.49.27:955][989]LogModuleManager: Shutting down and abandoning module ComponentVisualizers (172)
[2017.03.13-14.49.27:955][989]LogModuleManager: Shutting down and abandoning module DetailCustomizations (171)
[2017.03.13-14.49.27:955][989]LogModuleManager: Shutting down and abandoning module PackagesDialog (170)
[2017.03.13-14.49.27:956][989]LogModuleManager: Shutting down and abandoning module AnimGraph (169)
[2017.03.13-14.49.27:956][989]LogModuleManager: Shutting down and abandoning module Persona (168)
[2017.03.13-14.49.27:956][989]LogModuleManager: Shutting down and abandoning module Kismet (167)
[2017.03.13-14.49.27:982][989]LogModuleManager: Shutting down and abandoning module GraphEditor (166)
[2017.03.13-14.49.27:982][989]LogModuleManager: Shutting down and abandoning module ClassViewer (165)
[2017.03.13-14.49.28:014][989]LogModuleManager: Shutting down and abandoning module Toolbox (164)
[2017.03.13-14.49.28:014][989]LogModuleManager: Shutting down and abandoning module ModuleUI (163)
[2017.03.13-14.49.28:014][989]LogModuleManager: Shutting down and abandoning module MovieSceneTools (162)
[2017.03.13-14.49.28:015][989]LogModuleManager: Shutting down and abandoning module OutputLog (161)
[2017.03.13-14.49.28:015][989]LogModuleManager: Shutting down and abandoning module GammaUI (160)
[2017.03.13-14.49.28:015][989]LogModuleManager: Shutting down and abandoning module Documentation (159)
[2017.03.13-14.49.28:015][989]LogModuleManager: Shutting down and abandoning module Niagara (158)
[2017.03.13-14.49.28:015][989]LogModuleManager: Shutting down and abandoning module StreamingPauseRendering (157)
[2017.03.13-14.49.28:015][989]LogModuleManager: Shutting down and abandoning module AnalyticsET (156)
[2017.03.13-14.49.28:015][989]LogModuleManager: Shutting down and abandoning module PortalServices (155)
[2017.03.13-14.49.28:015][989]LogModuleManager: Shutting down and abandoning module PortalRpc (154)
[2017.03.13-14.49.28:015][989]LogModuleManager: Shutting down and abandoning module MessagingRpc (153)
[2017.03.13-14.49.28:015][989]LogModuleManager: Shutting down and abandoning module GameplayDebugger (152)
[2017.03.13-14.49.28:016][989]LogModuleManager: Shutting down and abandoning module AITestSuite (151)
[2017.03.13-14.49.28:016][989]LogModuleManager: Shutting down and abandoning module AIModule (150)
[2017.03.13-14.49.28:016][989]LogModuleManager: Shutting down and abandoning module ProfilerService (149)
[2017.03.13-14.49.28:283][989]LogModuleManager: Shutting down and abandoning module TaskGraph (148)
[2017.03.13-14.49.28:283][989]LogModuleManager: Shutting down and abandoning module SubstanceEditor (147)
[2017.03.13-14.49.28:284][989]LogModuleManager: Shutting down and abandoning module SlateRemote (146)
[2017.03.13-14.49.28:284][989]LogModuleManager: Shutting down and abandoning module SteamVRController (145)
[2017.03.13-14.49.28:286][989]LogModuleManager: Shutting down and abandoning module SteamVR (144)
[2017.03.13-14.49.28:286][989]LogModuleManager: Shutting down and abandoning module ProceduralMeshComponentEditor (143)
[2017.03.13-14.49.28:287][989]LogModuleManager: Shutting down and abandoning module ProceduralMeshComponent (142)
[2017.03.13-14.49.28:287][989]LogModuleManager: Shutting down and abandoning module OculusLibrary (141)
[2017.03.13-14.49.28:287][989]LogModuleManager: Shutting down and abandoning module OculusInput (140)
[2017.03.13-14.49.28:287][989]LogModuleManager: Shutting down and abandoning module MobilePatchingUtils (139)
[2017.03.13-14.49.28:287][989]LogModuleManager: Shutting down and abandoning module CustomMeshComponent (138)
[2017.03.13-14.49.28:287][989]LogModuleManager: Shutting down and abandoning module CableComponent (137)
[2017.03.13-14.49.28:287][989]LogModuleManager: Shutting down and abandoning module ArchVisCharacter (136)
[2017.03.13-14.49.28:287][989]LogModuleManager: Shutting down and abandoning module MediaPlayerEditor (135)
[2017.03.13-14.49.28:287][989]LogModuleManager: Shutting down and abandoning module HTML5Networking (134)
[2017.03.13-14.49.28:287][989]LogModuleManager: Shutting down and abandoning module GeometryCacheEd (133)
[2017.03.13-14.49.28:287][989]LogModuleManager: Shutting down and abandoning module GeometryCache (132)
[2017.03.13-14.49.28:287][989]LogModuleManager: Shutting down and abandoning module AlembicLibrary (131)
[2017.03.13-14.49.28:287][989]LogModuleManager: Shutting down and abandoning module AlembicImporter (130)
[2017.03.13-14.49.28:288][989]LogModuleManager: Shutting down and abandoning module SuperSearch (129)
[2017.03.13-14.49.28:297][989]LogModuleManager: Shutting down and abandoning module SuperSearchEditor (128)
[2017.03.13-14.49.28:298][989]LogModuleManager: Shutting down and abandoning module SpeedTreeImporter (127)
[2017.03.13-14.49.28:298][989]LogModuleManager: Shutting down and abandoning module PluginBrowser (126)
[2017.03.13-14.49.28:298][989]LogModuleManager: Shutting down and abandoning module MobileLauncherProfileWizard (125)
[2017.03.13-14.49.28:298][989]LogModuleManager: Shutting down and abandoning module EpicSurvey (124)
[2017.03.13-14.49.28:298][989]LogModuleManager: Shutting down and abandoning module DesktopPlatform (123)
[2017.03.13-14.49.28:298][989]LogModuleManager: Shutting down and abandoning module VisualStudioSourceCodeAccess (122)
[2017.03.13-14.49.28:299][989]LogModuleManager: Shutting down and abandoning module UObjectPlugin (121)
[2017.03.13-14.49.28:299][989]LogModuleManager: Shutting down and abandoning module SubversionSourceControl (120)
[2017.03.13-14.49.28:299][989]LogModuleManager: Shutting down and abandoning module PerforceSourceControl (119)
[2017.03.13-14.49.28:299][989]LogModuleManager: Shutting down and abandoning module SourceControl (118)
[2017.03.13-14.49.28:300][989]LogModuleManager: Shutting down and abandoning module GitSourceControl (117)
[2017.03.13-14.49.28:300][989]LogModuleManager: Shutting down and abandoning module LightPropagationVolumeEditor (116)
[2017.03.13-14.49.28:300][989]LogModuleManager: Shutting down and abandoning module PaperTiledImporter (115)
[2017.03.13-14.49.28:300][989]LogModuleManager: Shutting down and abandoning module PaperSpriteSheetImporter (114)
[2017.03.13-14.49.28:300][989]LogModuleManager: Shutting down and abandoning module MeshPaint (113)
[2017.03.13-14.49.28:300][989]LogModuleManager: Shutting down and abandoning module PixelInspectorModule (112)
[2017.03.13-14.49.28:300][989]LogModuleManager: Shutting down and abandoning module HotReload (111)
[2017.03.13-14.49.28:301][989]LogModuleManager: Shutting down and abandoning module MainFrame (110)
[2017.03.13-14.49.28:302][989]LogModuleManager: Shutting down and abandoning module LevelEditor (109)
[2017.03.13-14.49.28:317][989]LogModuleManager: Shutting down and abandoning module ContentBrowser (108)
[2017.03.13-14.49.28:345][989]LogModuleManager: Shutting down and abandoning module Paper2DEditor (107)
[2017.03.13-14.49.28:347][989]LogModuleManager: Shutting down and abandoning module UdpMessaging (106)
[2017.03.13-14.49.28:447][989]LogModuleManager: Shutting down and abandoning module TcpMessaging (105)
[2017.03.13-14.49.28:550][989]LogModuleManager: Shutting down and abandoning module SubstanceCore (104)
[2017.03.13-14.49.28:550][989]LogModuleManager: Shutting down and abandoning module LightPropagationVolumeRuntime (103)
[2017.03.13-14.49.28:550][989]LogModuleManager: Shutting down and abandoning module Paper2D (102)
[2017.03.13-14.49.28:550][989]LogModuleManager: Shutting down and abandoning module WindowsMoviePlayer (101)
[2017.03.13-14.49.28:551][989]LogModuleManager: Shutting down and abandoning module WmfMedia (100)
[2017.03.13-14.49.28:552][989]LogModuleManager: Shutting down and abandoning module MediaAssets (99)
[2017.03.13-14.49.28:552][989]LogModuleManager: Shutting down and abandoning module GameLiveStreaming (98)
[2017.03.13-14.49.28:553][989]LogModuleManager: Shutting down and abandoning module GameplayTagsEditor (97)
[2017.03.13-14.49.28:553][989]LogModuleManager: Shutting down and abandoning module VREditor (96)
[2017.03.13-14.49.28:554][989]LogModuleManager: Shutting down and abandoning module GameplayTasksEditor (95)
[2017.03.13-14.49.28:554][989]LogModuleManager: Shutting down and abandoning module BehaviorTreeEditor (94)
[2017.03.13-14.49.28:554][989]LogModuleManager: Shutting down and abandoning module FunctionalTesting (93)
[2017.03.13-14.49.28:554][989]LogModuleManager: Shutting down and abandoning module CollisionAnalyzer (92)
[2017.03.13-14.49.28:554][989]LogModuleManager: Shutting down and abandoning module Sequencer (91)
[2017.03.13-14.49.28:554][989]LogModuleManager: Shutting down and abandoning module WorkspaceMenuStructure (90)
[2017.03.13-14.49.28:554][989]LogModuleManager: Shutting down and abandoning module MessageLog (89)
[2017.03.13-14.49.28:555][989]LogModuleManager: Shutting down and abandoning module AssetTools (88)
[2017.03.13-14.49.28:555][989]LogModuleManager: Shutting down and abandoning module UMGEditor (87)
[2017.03.13-14.49.28:555][989]LogModuleManager: Shutting down and abandoning module UMG (86)
[2017.03.13-14.49.28:555][989]LogModuleManager: Shutting down and abandoning module SlateReflector (85)
[2017.03.13-14.49.28:555][989]LogModuleManager: Shutting down and abandoning module Slate (84)
[2017.03.13-14.49.28:555][989]LogModuleManager: Shutting down and abandoning module EditorStyle (83)
[2017.03.13-14.49.28:567][989]LogModuleManager: Shutting down and abandoning module SourceCodeAccess (82)
[2017.03.13-14.49.28:567][989]LogModuleManager: Shutting down and abandoning module HeadMountedDisplay (81)
[2017.03.13-14.49.28:567][989]LogModuleManager: Shutting down and abandoning module XAudio2 (80)
[2017.03.13-14.49.28:567][989]LogModuleManager: Shutting down and abandoning module Networking (79)
[2017.03.13-14.49.28:567][989]LogModuleManager: Shutting down and abandoning module Core (78)
[2017.03.13-14.49.28:567][989]LogModuleManager: Shutting down and abandoning module DirectoryWatcher (77)
[2017.03.13-14.49.28:567][989]LogDirectoryWatcher: A directory notification for '../../../Engine/Content/' was aborted.
[2017.03.13-14.49.28:570][989]LogDirectoryWatcher: A directory notification for '../../../../../PurgaStory_v3/Content/' was aborted.
[2017.03.13-14.49.28:572][989]LogDirectoryWatcher: A directory notification for '../../../Engine/Plugins/2D/Paper2D/Content/' was aborted.
[2017.03.13-14.49.28:586][989]LogModuleManager: Shutting down and abandoning module AssetRegistry (76)
[2017.03.13-14.49.29:276][989]LogModuleManager: Shutting down and abandoning module KismetCompiler (75)
[2017.03.13-14.49.29:276][989]LogModuleManager: Shutting down and abandoning module PhysXFormats (74)
[2017.03.13-14.49.29:276][989]LogModuleManager: Shutting down and abandoning module SimplygonSwarm (73)
[2017.03.13-14.49.29:276][989]LogModuleManager: Shutting down and abandoning module SimplygonMeshReduction (72)
[2017.03.13-14.49.29:276][989]LogModuleManager: Shutting down and abandoning module QuadricMeshReduction (71)
[2017.03.13-14.49.29:276][989]LogModuleManager: Shutting down and abandoning module PropertyEditor (70)
[2017.03.13-14.49.29:276][989]LogModuleManager: Shutting down and abandoning module MeshUtilities (69)
[2017.03.13-14.49.29:277][989]LogModuleManager: Shutting down and abandoning module DerivedDataCache (68)
[2017.03.13-14.49.29:289][989]LogDerivedDataCache: Shutdown
[2017.03.13-14.49.29:289][989]LogModuleManager: Shutting down and abandoning module VulkanShaderFormat (67)
[2017.03.13-14.49.29:289][989]LogModuleManager: Shutting down and abandoning module ShaderFormatOpenGL (66)
[2017.03.13-14.49.29:289][989]LogModuleManager: Shutting down and abandoning module ShaderFormatD3D (65)
[2017.03.13-14.49.29:289][989]LogModuleManager: Shutting down and abandoning module MetalShaderFormat (64)
[2017.03.13-14.49.29:289][989]LogModuleManager: Shutting down and abandoning module TextureFormatUncompressed (63)
[2017.03.13-14.49.29:289][989]LogModuleManager: Shutting down and abandoning module TextureFormatPVR (62)
[2017.03.13-14.49.29:290][989]LogModuleManager: Shutting down and abandoning module TextureFormatDXT (61)
[2017.03.13-14.49.29:290][989]LogModuleManager: Shutting down and abandoning module TextureFormatIntelISPCTexComp (60)
[2017.03.13-14.49.29:290][989]LogModuleManager: Shutting down and abandoning module ImageWrapper (59)
[2017.03.13-14.49.29:290][989]LogModuleManager: Shutting down and abandoning module TextureFormatASTC (58)
[2017.03.13-14.49.29:290][989]LogModuleManager: Shutting down and abandoning module TextureFormatAndroid (57)
[2017.03.13-14.49.29:291][989]LogModuleManager: Shutting down and abandoning module AudioFormatOpus (56)
[2017.03.13-14.49.29:291][989]LogModuleManager: Shutting down and abandoning module AudioFormatOgg (55)
[2017.03.13-14.49.29:291][989]LogModuleManager: Shutting down and abandoning module AudioFormatADPCM (54)
[2017.03.13-14.49.29:291][989]LogModuleManager: Shutting down and abandoning module LinuxTargetPlatform (53)
[2017.03.13-14.49.29:291][989]LogModuleManager: Shutting down and abandoning module LinuxServerTargetPlatform (52)
[2017.03.13-14.49.29:291][989]LogModuleManager: Shutting down and abandoning module LinuxNoEditorTargetPlatform (51)
[2017.03.13-14.49.29:291][989]LogModuleManager: Shutting down and abandoning module LinuxClientTargetPlatform (50)
[2017.03.13-14.49.29:291][989]LogModuleManager: Shutting down and abandoning module TVOSTargetPlatform (49)
[2017.03.13-14.49.29:291][989]LogModuleManager: Shutting down and abandoning module Messaging (48)
[2017.03.13-14.49.29:292][989]LogModuleManager: Shutting down and abandoning module IOSTargetPlatform (47)
[2017.03.13-14.49.29:292][989]LogModuleManager: Shutting down and abandoning module HTML5TargetPlatform (46)
[2017.03.13-14.49.29:292][989]LogModuleManager: Shutting down and abandoning module Android_PVRTCTargetPlatform (45)
[2017.03.13-14.49.29:292][989]LogModuleManager: Shutting down and abandoning module Android_MultiTargetPlatform (44)
[2017.03.13-14.49.29:292][989]LogModuleManager: Shutting down and abandoning module Android_ETC2TargetPlatform (43)
[2017.03.13-14.49.29:292][989]LogModuleManager: Shutting down and abandoning module Android_ETC1TargetPlatform (42)
[2017.03.13-14.49.29:292][989]LogModuleManager: Shutting down and abandoning module Android_DXTTargetPlatform (41)
[2017.03.13-14.49.29:292][989]LogModuleManager: Shutting down and abandoning module Android_ATCTargetPlatform (40)
[2017.03.13-14.49.29:292][989]LogModuleManager: Shutting down and abandoning module Android_ASTCTargetPlatform (39)
[2017.03.13-14.49.29:292][989]LogModuleManager: Shutting down and abandoning module AndroidTargetPlatform (38)
[2017.03.13-14.49.29:292][989]LogModuleManager: Shutting down and abandoning module WindowsTargetPlatform (37)
[2017.03.13-14.49.29:292][989]LogModuleManager: Shutting down and abandoning module WindowsServerTargetPlatform (36)
[2017.03.13-14.49.29:292][989]LogModuleManager: Shutting down and abandoning module WindowsNoEditorTargetPlatform (35)
[2017.03.13-14.49.29:292][989]LogModuleManager: Shutting down and abandoning module WindowsClientTargetPlatform (34)
[2017.03.13-14.49.29:293][989]LogModuleManager: Shutting down and abandoning module MacTargetPlatform (33)
[2017.03.13-14.49.29:293][989]LogModuleManager: Shutting down and abandoning module MacServerTargetPlatform (32)
[2017.03.13-14.49.29:293][989]LogModuleManager: Shutting down and abandoning module MacNoEditorTargetPlatform (31)
[2017.03.13-14.49.29:293][989]LogModuleManager: Shutting down and abandoning module MacClientTargetPlatform (30)
[2017.03.13-14.49.29:293][989]LogModuleManager: Shutting down and abandoning module AllDesktopTargetPlatform (29)
[2017.03.13-14.49.29:293][989]LogModuleManager: Shutting down and abandoning module TargetPlatform (28)
[2017.03.13-14.49.29:293][989]LogModuleManager: Shutting down and abandoning module InputCore (27)
[2017.03.13-14.49.29:293][989]LogModuleManager: Shutting down and abandoning module Settings (26)
[2017.03.13-14.49.29:293][989]LogModuleManager: Shutting down and abandoning module OculusRift (25)
[2017.03.13-14.49.29:293][989]LogModuleManager: Shutting down and abandoning module ExampleDeviceProfileSelector (24)
[2017.03.13-14.49.29:293][989]LogModuleManager: Shutting down and abandoning module OnlineBlueprintSupport (23)
[2017.03.13-14.49.29:294][989]LogModuleManager: Shutting down and abandoning module OnlineSubsystem (18)
[2017.03.13-14.49.29:294][989]LogOnline:Display: NULL: FOnlineSubsystemNull::Shutdown()
[2017.03.13-14.49.29:299][989]LogOnline:Display: Unloading online subsystem: STEAM
[2017.03.13-14.49.29:299][989]LogOnline:Display: Unloading online subsystem: NULL
[2017.03.13-14.49.29:300][989]LogModuleManager: Shutting down and abandoning module SSL (17)
[2017.03.13-14.49.29:309][989]LogModuleManager: Shutting down and abandoning module HTTP (16)
[2017.03.13-14.49.29:309][989]LogModuleManager: Shutting down and abandoning module XMPP (15)
[2017.03.13-14.49.29:309][989]LogModuleManager: Shutting down and abandoning module TextureCompressor (14)
[2017.03.13-14.49.29:309][989]LogModuleManager: Shutting down and abandoning module ShaderCore (13)
[2017.03.13-14.49.29:309][989]LogModuleManager: Shutting down and abandoning module Landscape (12)
[2017.03.13-14.49.29:309][989]LogModuleManager: Shutting down and abandoning module SlateRHIRenderer (11)
[2017.03.13-14.49.29:340][989]LogModuleManager: Shutting down and abandoning module OpenGLDrv (10)
[2017.03.13-14.49.29:340][989]LogModuleManager: Shutting down and abandoning module D3D11RHI (9)
[2017.03.13-14.49.29:340][989]LogModuleManager: Shutting down and abandoning module AnimGraphRuntime (8)
[2017.03.13-14.49.29:340][989]LogModuleManager: Shutting down and abandoning module Renderer (7)
[2017.03.13-14.49.29:340][989]LogModuleManager: Shutting down and abandoning module Engine (6)
[2017.03.13-14.49.29:340][989]LogModuleManager: Shutting down and abandoning module CoreUObject (5)
[2017.03.13-14.49.29:340][989]LogModuleManager: Shutting down and abandoning module NetworkFile (4)
[2017.03.13-14.49.29:340][989]LogModuleManager: Shutting down and abandoning module StreamingFile (3)
[2017.03.13-14.49.29:340][989]LogModuleManager: Shutting down and abandoning module SandboxFile (2)
[2017.03.13-14.49.29:340][989]LogModuleManager: Shutting down and abandoning module PakFile (1)
[2017.03.13-14.49.29:354][989]LogExit: Exiting.
[2017.03.13-14.49.29:521][989]Log file closed, 03/13/17 22:49:29
