Log file open, 04/08/17 17:03:55
LogInit:Display: Running engine for game: PurgaStory
LogPlatformFile: Not using cached read wrapper
LogInit:Display: RandInit(-776424680) SRandInit(-776424680).
LogTaskGraph: Started task graph with 5 named threads and 8 total threads with 1 sets of task threads.
LogStats: Stats thread started at 0.167446
LogPluginManager: Loaded Plugin Paper2D, From D:/Unreal/Epic Games/4.14/Engine/Plugins/2D/Paper2D/Paper2D.uplugin
LogPluginManager: Loaded Plugin LightPropagationVolume, From D:/Unreal/Epic Games/4.14/Engine/Plugins/Blendables/LightPropagationVolume/LightPropagationVolume.uplugin
LogPluginManager: Loaded Plugin BlankPlugin, From D:/Unreal/Epic Games/4.14/Engine/Plugins/Developer/BlankPlugin/BlankPlugin.uplugin
LogPluginManager: Loaded Plugin CodeLiteSourceCodeAccess, From D:/Unreal/Epic Games/4.14/Engine/Plugins/Developer/CodeLiteSourceCodeAccess/CodeLiteSourceCodeAccess.uplugin
LogPluginManager: Loaded Plugin GitSourceControl, From D:/Unreal/Epic Games/4.14/Engine/Plugins/Developer/GitSourceControl/GitSourceControl.uplugin
LogPluginManager: Loaded Plugin KDevelopSourceCodeAccess, From D:/Unreal/Epic Games/4.14/Engine/Plugins/Developer/KDevelopSourceCodeAccess/KDevelopSourceCodeAccess.uplugin
LogPluginManager: Loaded Plugin NullSourceCodeAccess, From D:/Unreal/Epic Games/4.14/Engine/Plugins/Developer/NullSourceCodeAccess/NullSourceCodeAccess.uplugin
LogPluginManager: Loaded Plugin OneSkyLocalizationService, From D:/Unreal/Epic Games/4.14/Engine/Plugins/Developer/OneSkyLocalizationService/OneSkyLocalizationService.uplugin
LogPluginManager: Loaded Plugin PerforceSourceControl, From D:/Unreal/Epic Games/4.14/Engine/Plugins/Developer/PerforceSourceControl/PerforceSourceControl.uplugin
LogPluginManager: Loaded Plugin SubversionSourceControl, From D:/Unreal/Epic Games/4.14/Engine/Plugins/Developer/SubversionSourceControl/SubversionSourceControl.uplugin
LogPluginManager: Loaded Plugin UObjectPlugin, From D:/Unreal/Epic Games/4.14/Engine/Plugins/Developer/UObjectPlugin/UObjectPlugin.uplugin
LogPluginManager: Loaded Plugin VisualStudioSourceCodeAccess, From D:/Unreal/Epic Games/4.14/Engine/Plugins/Developer/VisualStudioSourceCodeAccess/VisualStudioSourceCodeAccess.uplugin
LogPluginManager: Loaded Plugin XCodeSourceCodeAccess, From D:/Unreal/Epic Games/4.14/Engine/Plugins/Developer/XCodeSourceCodeAccess/XCodeSourceCodeAccess.uplugin
LogPluginManager: Loaded Plugin AudioCapture, From D:/Unreal/Epic Games/4.14/Engine/Plugins/Editor/AudioCapture/AudioCapture.uplugin
LogPluginManager: Loaded Plugin EpicSurvey, From D:/Unreal/Epic Games/4.14/Engine/Plugins/Editor/EpicSurvey/EpicSurvey.uplugin
LogPluginManager: Loaded Plugin MacGraphicsSwitching, From D:/Unreal/Epic Games/4.14/Engine/Plugins/Editor/MacGraphicsSwitching/MacGraphicsSwitching.uplugin
LogPluginManager: Loaded Plugin MobileLauncherProfileWizard, From D:/Unreal/Epic Games/4.14/Engine/Plugins/Editor/MobileLauncherProfileWizard/MobileLauncherProfileWizard.uplugin
LogPluginManager: Loaded Plugin PluginBrowser, From D:/Unreal/Epic Games/4.14/Engine/Plugins/Editor/PluginBrowser/PluginBrowser.uplugin
LogPluginManager: Loaded Plugin SpeedTreeImporter, From D:/Unreal/Epic Games/4.14/Engine/Plugins/Editor/SpeedTreeImporter/SpeedTreeImporter.uplugin
LogPluginManager: Loaded Plugin SuperSearchEditor, From D:/Unreal/Epic Games/4.14/Engine/Plugins/Editor/SuperSearchEditor/SuperSearchEditor.uplugin
LogPluginManager: Loaded Plugin AlembicImporter, From D:/Unreal/Epic Games/4.14/Engine/Plugins/Experimental/AlembicImporter/AlembicImporter.uplugin
LogPluginManager: Loaded Plugin BlueprintStats, From D:/Unreal/Epic Games/4.14/Engine/Plugins/Experimental/BlueprintStats/BlueprintStats.uplugin
LogPluginManager: Loaded Plugin CharacterAI, From D:/Unreal/Epic Games/4.14/Engine/Plugins/Experimental/CharacterAI/CharacterAI.uplugin
LogPluginManager: Loaded Plugin CodeEditor, From D:/Unreal/Epic Games/4.14/Engine/Plugins/Experimental/CodeEditor/CodeEditor.uplugin
LogPluginManager: Loaded Plugin CodeView, From D:/Unreal/Epic Games/4.14/Engine/Plugins/Experimental/CodeView/CodeView.uplugin
LogPluginManager: Loaded Plugin HTML5Networking, From D:/Unreal/Epic Games/4.14/Engine/Plugins/Experimental/HTML5Networking/HTML5Networking.uplugin
LogPluginManager: Loaded Plugin OSVR, From D:/Unreal/Epic Games/4.14/Engine/Plugins/Experimental/OSVR/OSVR.uplugin
LogPluginManager: Loaded Plugin Phya, From D:/Unreal/Epic Games/4.14/Engine/Plugins/Experimental/Phya/Phya.uplugin
LogPluginManager: Loaded Plugin SignificanceManager, From D:/Unreal/Epic Games/4.14/Engine/Plugins/Experimental/SignificanceManager/SignificanceManager.uplugin
LogPluginManager: Loaded Plugin SimpleHMD, From D:/Unreal/Epic Games/4.14/Engine/Plugins/Experimental/SimpleHMD/SimpleHMD.uplugin
LogPluginManager: Loaded Plugin StereoPanorama, From D:/Unreal/Epic Games/4.14/Engine/Plugins/Experimental/StereoPanorama/StereoPanorama.uplugin
LogPluginManager: Loaded Plugin StructBox, From D:/Unreal/Epic Games/4.14/Engine/Plugins/Experimental/StructBox/StructBox.uplugin
LogPluginManager: Loaded Plugin Substance, From D:/Unreal/Epic Games/4.14/Engine/Plugins/Marketplace/Substance/Substance.uplugin
LogPluginManager: Loaded Plugin AndroidMedia, From D:/Unreal/Epic Games/4.14/Engine/Plugins/Media/AndroidMedia/AndroidMedia.uplugin
LogPluginManager: Loaded Plugin AvfMedia, From D:/Unreal/Epic Games/4.14/Engine/Plugins/Media/AvfMedia/AvfMedia.uplugin
LogPluginManager: Loaded Plugin MediaPlayerEditor, From D:/Unreal/Epic Games/4.14/Engine/Plugins/Media/MediaPlayerEditor/MediaPlayerEditor.uplugin
LogPluginManager: Loaded Plugin WmfMedia, From D:/Unreal/Epic Games/4.14/Engine/Plugins/Media/WmfMedia/WmfMedia.uplugin
LogPluginManager: Loaded Plugin MessagingDebugger, From D:/Unreal/Epic Games/4.14/Engine/Plugins/Messaging/MessagingDebugger/MessagingDebugger.uplugin
LogPluginManager: Loaded Plugin TcpMessaging, From D:/Unreal/Epic Games/4.14/Engine/Plugins/Messaging/TcpMessaging/TcpMessaging.uplugin
LogPluginManager: Loaded Plugin UdpMessaging, From D:/Unreal/Epic Games/4.14/Engine/Plugins/Messaging/UdpMessaging/UdpMessaging.uplugin
LogPluginManager: Loaded Plugin LevelSequenceEditor, From D:/Unreal/Epic Games/4.14/Engine/Plugins/MovieScene/LevelSequenceEditor/LevelSequenceEditor.uplugin
LogPluginManager: Loaded Plugin MatineeToLevelSequence, From D:/Unreal/Epic Games/4.14/Engine/Plugins/MovieScene/MatineeToLevelSequence/MatineeToLevelSequence.uplugin
LogPluginManager: Loaded Plugin NetcodeUnitTest, From D:/Unreal/Epic Games/4.14/Engine/Plugins/NetcodeUnitTest/NetcodeUnitTest/NetcodeUnitTest.uplugin
LogPluginManager: Loaded Plugin NUTUnrealEngine4, From D:/Unreal/Epic Games/4.14/Engine/Plugins/NetcodeUnitTest/NUTUnrealEngine4/NUTUnrealEngine4.uplugin
LogPluginManager: Loaded Plugin OnlineSubsystemGameCircle, From D:/Unreal/Epic Games/4.14/Engine/Plugins/Online/Android/OnlineSubsystemGameCircle/OnlineSubsystemGameCircle.uplugin
LogPluginManager: Loaded Plugin OnlineSubsystemGooglePlay, From D:/Unreal/Epic Games/4.14/Engine/Plugins/Online/Android/OnlineSubsystemGooglePlay/OnlineSubsystemGooglePlay.uplugin
LogPluginManager: Loaded Plugin OnlineSubsystemIOS, From D:/Unreal/Epic Games/4.14/Engine/Plugins/Online/IOS/OnlineSubsystemIOS/OnlineSubsystemIOS.uplugin
LogPluginManager: Loaded Plugin OnlineFramework, From D:/Unreal/Epic Games/4.14/Engine/Plugins/Online/OnlineFramework/OnlineFramework.uplugin
LogPluginManager: Loaded Plugin OnlineSubsystem, From D:/Unreal/Epic Games/4.14/Engine/Plugins/Online/OnlineSubsystem/OnlineSubsystem.uplugin
LogPluginManager: Loaded Plugin OnlineSubsystemAmazon, From D:/Unreal/Epic Games/4.14/Engine/Plugins/Online/OnlineSubsystemAmazon/OnlineSubsystemAmazon.uplugin
LogPluginManager: Loaded Plugin OnlineSubsystemFacebook, From D:/Unreal/Epic Games/4.14/Engine/Plugins/Online/OnlineSubsystemFacebook/OnlineSubsystemFacebook.uplugin
LogPluginManager: Loaded Plugin OnlineSubsystemNull, From D:/Unreal/Epic Games/4.14/Engine/Plugins/Online/OnlineSubsystemNull/OnlineSubsystemNull.uplugin
LogPluginManager: Loaded Plugin OnlineSubsystemOculus, From D:/Unreal/Epic Games/4.14/Engine/Plugins/Online/OnlineSubsystemOculus/OnlineSubsystemOculus.uplugin
LogPluginManager: Loaded Plugin OnlineSubsystemSteam, From D:/Unreal/Epic Games/4.14/Engine/Plugins/Online/OnlineSubsystemSteam/OnlineSubsystemSteam.uplugin
LogPluginManager: Loaded Plugin OnlineSubsystemUtils, From D:/Unreal/Epic Games/4.14/Engine/Plugins/Online/OnlineSubsystemUtils/OnlineSubsystemUtils.uplugin
LogPluginManager: Loaded Plugin IOSTapJoy, From D:/Unreal/Epic Games/4.14/Engine/Plugins/Runtime/Advertising/IOSTapJoy/IOSTapJoy.uplugin
LogPluginManager: Loaded Plugin AnalyticsBlueprintLibrary, From D:/Unreal/Epic Games/4.14/Engine/Plugins/Runtime/Analytics/AnalyticsBlueprintLibrary/AnalyticsBlueprintLibrary.uplugin
LogPluginManager: Loaded Plugin AnalyticsMulticast, From D:/Unreal/Epic Games/4.14/Engine/Plugins/Runtime/Analytics/AnalyticsMulticast/AnalyticsMulticast.uplugin
LogPluginManager: Loaded Plugin Apsalar, From D:/Unreal/Epic Games/4.14/Engine/Plugins/Runtime/Analytics/Apsalar/Apsalar.uplugin
LogPluginManager: Loaded Plugin FileLogging, From D:/Unreal/Epic Games/4.14/Engine/Plugins/Runtime/Analytics/FileLogging/FileLogging.uplugin
LogPluginManager: Loaded Plugin Flurry, From D:/Unreal/Epic Games/4.14/Engine/Plugins/Runtime/Analytics/Flurry/Flurry.uplugin
LogPluginManager: Loaded Plugin AndroidDeviceProfileSelector, From D:/Unreal/Epic Games/4.14/Engine/Plugins/Runtime/AndroidDeviceProfileSelector/AndroidDeviceProfileSelector.uplugin
LogPluginManager: Loaded Plugin AndroidMoviePlayer, From D:/Unreal/Epic Games/4.14/Engine/Plugins/Runtime/AndroidMoviePlayer/AndroidMoviePlayer.uplugin
LogPluginManager: Loaded Plugin AppleMoviePlayer, From D:/Unreal/Epic Games/4.14/Engine/Plugins/Runtime/AppleMoviePlayer/AppleMoviePlayer.uplugin
LogPluginManager: Loaded Plugin ArchVisCharacter, From D:/Unreal/Epic Games/4.14/Engine/Plugins/Runtime/ArchVisCharacter/ArchVisCharacter.uplugin
LogPluginManager: Loaded Plugin CableComponent, From D:/Unreal/Epic Games/4.14/Engine/Plugins/Runtime/CableComponent/CableComponent.uplugin
LogPluginManager: Loaded Plugin CustomMeshComponent, From D:/Unreal/Epic Games/4.14/Engine/Plugins/Runtime/CustomMeshComponent/CustomMeshComponent.uplugin
LogPluginManager: Loaded Plugin ExampleDeviceProfileSelector, From D:/Unreal/Epic Games/4.14/Engine/Plugins/Runtime/ExampleDeviceProfileSelector/ExampleDeviceProfileSelector.uplugin
LogPluginManager: Loaded Plugin GearVR, From D:/Unreal/Epic Games/4.14/Engine/Plugins/Runtime/GearVR/GearVR.uplugin
LogPluginManager: Loaded Plugin GoogleVRController, From D:/Unreal/Epic Games/4.14/Engine/Plugins/Runtime/GoogleVR/GoogleVRController/GoogleVRController.uplugin
LogPluginManager: Loaded Plugin GoogleVRHMD, From D:/Unreal/Epic Games/4.14/Engine/Plugins/Runtime/GoogleVR/GoogleVRHMD/GoogleVRHMD.uplugin
LogPluginManager: Loaded Plugin IOSDeviceProfileSelector, From D:/Unreal/Epic Games/4.14/Engine/Plugins/Runtime/IOSDeviceProfileSelector/IOSDeviceProfileSelector.uplugin
LogPluginManager: Loaded Plugin LeapMotion, From D:/Unreal/Epic Games/4.14/Engine/Plugins/Runtime/LeapMotion/LeapMotion.uplugin
LogPluginManager: Loaded Plugin LinuxDeviceProfileSelector, From D:/Unreal/Epic Games/4.14/Engine/Plugins/Runtime/LinuxDeviceProfileSelector/LinuxDeviceProfileSelector.uplugin
LogPluginManager: Loaded Plugin MIDIDevice, From D:/Unreal/Epic Games/4.14/Engine/Plugins/Runtime/MIDIDevice/MIDIDevice.uplugin
LogPluginManager: Loaded Plugin MobilePatchingUtils, From D:/Unreal/Epic Games/4.14/Engine/Plugins/Runtime/MobilePatchingUtils/MobilePatchingUtils.uplugin
LogPluginManager: Loaded Plugin Ansel, From D:/Unreal/Epic Games/4.14/Engine/Plugins/Runtime/Nvidia/Ansel/Ansel.uplugin
LogPluginManager: Loaded Plugin OculusAudio, From D:/Unreal/Epic Games/4.14/Engine/Plugins/Runtime/OculusAudio/OculusAudio.uplugin
LogPluginManager: Loaded Plugin OculusInput, From D:/Unreal/Epic Games/4.14/Engine/Plugins/Runtime/OculusInput/OculusInput.uplugin
LogPluginManager: Loaded Plugin OculusLibrary, From D:/Unreal/Epic Games/4.14/Engine/Plugins/Runtime/OculusLibrary/OculusLibrary.uplugin
LogPluginManager: Loaded Plugin OculusRift, From D:/Unreal/Epic Games/4.14/Engine/Plugins/Runtime/OculusRift/OculusRift.uplugin
LogPluginManager: Loaded Plugin Oodle, From D:/Unreal/Epic Games/4.14/Engine/Plugins/Runtime/PacketHandlers/CompressionComponents/Oodle/Oodle.uplugin
LogPluginManager: Loaded Plugin ProceduralMeshComponent, From D:/Unreal/Epic Games/4.14/Engine/Plugins/Runtime/ProceduralMeshComponent/ProceduralMeshComponent.uplugin
LogPluginManager: Loaded Plugin SoundMod, From D:/Unreal/Epic Games/4.14/Engine/Plugins/Runtime/SoundMod/SoundMod.uplugin
LogPluginManager: Loaded Plugin SoundVisualizations, From D:/Unreal/Epic Games/4.14/Engine/Plugins/Runtime/SoundVisualizations/SoundVisualizations.uplugin
LogPluginManager: Loaded Plugin SteamController, From D:/Unreal/Epic Games/4.14/Engine/Plugins/Runtime/Steam/SteamController/SteamController.uplugin
LogPluginManager: Loaded Plugin SteamVR, From D:/Unreal/Epic Games/4.14/Engine/Plugins/Runtime/Steam/SteamVR/SteamVR.uplugin
LogPluginManager: Loaded Plugin WebBrowserWidget, From D:/Unreal/Epic Games/4.14/Engine/Plugins/Runtime/WebBrowserWidget/WebBrowserWidget.uplugin
LogPluginManager: Loaded Plugin WindowsDeviceProfileSelector, From D:/Unreal/Epic Games/4.14/Engine/Plugins/Runtime/WindowsDeviceProfileSelector/WindowsDeviceProfileSelector.uplugin
LogPluginManager: Loaded Plugin WindowsMoviePlayer, From D:/Unreal/Epic Games/4.14/Engine/Plugins/Runtime/WindowsMoviePlayer/WindowsMoviePlayer.uplugin
LogPluginManager: Loaded Plugin ScriptPlugin, From D:/Unreal/Epic Games/4.14/Engine/Plugins/ScriptPlugin/ScriptPlugin.uplugin
LogPluginManager: Loaded Plugin SlateRemote, From D:/Unreal/Epic Games/4.14/Engine/Plugins/Slate/SlateRemote/SlateRemote.uplugin
LogPluginManager: Loaded Plugin EditorTests, From D:/Unreal/Epic Games/4.14/Engine/Plugins/Tests/EditorTests/EditorTests.uplugin
LogPluginManager: Loaded Plugin FbxAutomationTestBuilder, From D:/Unreal/Epic Games/4.14/Engine/Plugins/Tests/FbxAutomationTestBuilder/FbxAutomationTestBuilder.uplugin
LogPluginManager: Loaded Plugin FunctionalTestingEditor, From D:/Unreal/Epic Games/4.14/Engine/Plugins/Tests/FunctionalTestingEditor/FunctionalTestingEditor.uplugin
LogPluginManager: Loaded Plugin RuntimeTests, From D:/Unreal/Epic Games/4.14/Engine/Plugins/Tests/RuntimeTests/RuntimeTests.uplugin
LogPluginManager: Loaded Plugin ScreenshotTools, From D:/Unreal/Epic Games/4.14/Engine/Plugins/Tests/ScreenshotTools/ScreenshotTools.uplugin
LogInit: Using libcurl 7.47.1
LogInit:  - built for x86_64-pc-win32
LogInit:  - supports SSL with OpenSSL/1.0.2g
LogInit:  - supports HTTP deflate (compression) using libz 1.2.8
LogInit:  - other features:
LogInit:      CURL_VERSION_SSL
LogInit:      CURL_VERSION_LIBZ
LogInit:      CURL_VERSION_IPV6
LogInit:      CURL_VERSION_ASYNCHDNS
LogInit:      CURL_VERSION_LARGEFILE
LogInit:      CURL_VERSION_IDN
LogInit:  CurlRequestOptions (configurable via config and command line):
LogInit:  - bVerifyPeer = false  - Libcurl will NOT verify peer certificate
LogInit:  - bUseHttpProxy = false  - Libcurl will NOT use HTTP proxy
LogInit:  - bDontReuseConnections = false  - Libcurl will reuse connections
LogInit:  - CertBundlePath = nullptr  - Libcurl will use whatever was configured at build time.
LogOnline:Display: STEAM: Loading Steam SDK 1.32
LogOnline:Warning: STEAM: Steam API disabled!
LogOnline:Display: STEAM: OnlineSubsystemSteam::Shutdown()
LogInit: WinSock: version 1.1 (2.2), MaxSocks=32767, MaxUdp=65467
LogInit: Build: ++UE4+Release-4.14-CL-3249277
LogInit: Engine Version: 4.14.3-3249277+++UE4+Release-4.14
LogInit: Compatible Engine Version: 4.14.0-3195953+++UE4+Release-4.14
LogInit: Net CL: 3195953
LogDevObjectVersion: Number of dev versions registered: 13
LogDevObjectVersion:   Dev-Blueprints (B0D832E4-1F89-4F0D-ACCF-7EB736FD4AA2): 7
LogDevObjectVersion:   Dev-Build (E1C64328-A22C-4D53-A36C-8E866417BD8C): 0
LogDevObjectVersion:   Dev-Core (375EC13C-06E4-48FB-B500-84F0262A717E): 1
LogDevObjectVersion:   Dev-Editor (E4B068ED-F494-42E9-A231-DA0B2E46BB41): 8
LogDevObjectVersion:   Dev-Framework (CFFC743F-43B0-4480-9391-14DF171D2073): 17
LogDevObjectVersion:   Dev-Mobile (B02B49B5-BB20-44E9-A304-32B752E40360): 0
LogDevObjectVersion:   Dev-Networking (A4E4105C-59A1-49B5-A7C5-40C4547EDFEE): 0
LogDevObjectVersion:   Dev-Online (39C831C9-5AE6-47DC-9A44-9C173E1C8E7C): 0
LogDevObjectVersion:   Dev-Physics (78F01B33-EBEA-4F98-B9B4-84EACCB95AA2): 0
LogDevObjectVersion:   Dev-Platform (6631380F-2D4D-43E0-8009-CF276956A95A): 0
LogDevObjectVersion:   Dev-Rendering (12F88B9F-8875-4AFC-A67C-D90C383ABD29): 12
LogDevObjectVersion:   Dev-Sequencer (7B5AE74C-D270-4C10-A958-57980B212A5A): 1
LogDevObjectVersion:   Dev-VR (D7296918-1DD6-4BDD-9DE2-64A83CC13884): 0
LogInit: Compiled (64-bit): Jan  6 2017 10:49:43
LogInit: Compiled with Visual C++: 19.00.23026.00
LogInit: Build Configuration: Development
LogInit: Branch Name: ++UE4+Release-4.14
LogInit: Command line:  
LogInit: Base directory: D:/Unreal/Epic Games/4.14/Engine/Binaries/Win64/
LogInit: Installed Engine Build: 1
LogInit: Presizing for max 8388607 objects, including 0 objects not considered by GC, pre-allocating 0 bytes for permanent pool.
LogInit: Object subsystem initialized
[2017.04.08-09.03.57:043][  0]LogInit: Selected Device Profile: [Windows]
[2017.04.08-09.03.57:043][  0]LogInit: Applying CVar settings loaded from the selected device profile: [Windows]
[2017.04.08-09.03.57:083][  0]LogInit: Computer: ASUS
[2017.04.08-09.03.57:083][  0]LogInit: User: User
[2017.04.08-09.03.57:083][  0]LogInit: CPU Page size=65536, Cores=4
[2017.04.08-09.03.57:083][  0]LogInit: High frequency timer resolution =2.533194 MHz
[2017.04.08-09.03.57:085][  0]LogMemory: Memory total: Physical=11.9GB (12GB approx)
[2017.04.08-09.03.57:085][  0]LogMemory: Platform Memory Stats for Windows
[2017.04.08-09.03.57:085][  0]LogMemory: Process Physical Memory: 268.31 MB used, 268.31 MB peak
[2017.04.08-09.03.57:085][  0]LogMemory: Process Virtual Memory: 263.03 MB used, 263.03 MB peak
[2017.04.08-09.03.57:085][  0]LogMemory: Physical Memory: 4923.01 MB used,  7253.88 MB free, 12176.89 MB total
[2017.04.08-09.03.57:085][  0]LogMemory: Virtual Memory: 680.30 MB used,  7253.88 MB free, 134217728.00 MB total
[2017.04.08-09.03.57:680][  0]LogTextLocalizationManager: No specific translations for ('en-SG') exist, so ('en') translations will be used.
[2017.04.08-09.04.00:403][  0]LogD3D11RHI: D3D11 adapters:
[2017.04.08-09.04.01:075][  0]LogD3D11RHI:    0. 'NVIDIA GeForce GTX 950M' (Feature Level 11_0)
[2017.04.08-09.04.01:075][  0]LogD3D11RHI:       4036/0/6088 MB DedicatedVideo/DedicatedSystem/SharedSystem, Outputs:1, VendorId:0x10de
[2017.04.08-09.04.01:093][  0]LogD3D11RHI:    1. 'Intel(R) HD Graphics 4600' (Feature Level 11_0)
[2017.04.08-09.04.01:094][  0]LogD3D11RHI:       112/0/2048 MB DedicatedVideo/DedicatedSystem/SharedSystem, Outputs:0, VendorId:0x8086
[2017.04.08-09.04.01:098][  0]LogD3D11RHI:    2. 'Microsoft Basic Render Driver' (Feature Level 11_0)
[2017.04.08-09.04.01:098][  0]LogD3D11RHI:       0/0/6088 MB DedicatedVideo/DedicatedSystem/SharedSystem, Outputs:0, VendorId:0x1414
[2017.04.08-09.04.01:098][  0]LogD3D11RHI: Chosen D3D11 Adapter: 0
[2017.04.08-09.04.01:117][  0]LogD3D11RHI: Creating new Direct3DDevice
[2017.04.08-09.04.01:117][  0]LogD3D11RHI:     GPU DeviceId: 0x139a (for the marketing name, search the web for "GPU Device Id")
[2017.04.08-09.04.01:117][  0]LogWindows: EnumDisplayDevices:
[2017.04.08-09.04.01:117][  0]LogWindows:    0. 'Intel(R) HD Graphics 4600' (P:1 D:1)
[2017.04.08-09.04.01:119][  0]LogWindows:    1. 'Intel(R) HD Graphics 4600' (P:0 D:0)
[2017.04.08-09.04.01:120][  0]LogWindows:    2. 'Intel(R) HD Graphics 4600' (P:0 D:0)
[2017.04.08-09.04.01:121][  0]LogWindows: DebugString: PrimaryIsNotTheChoosenAdapter PrimaryIsNotTheChoosenAdapter PrimaryIsNotTheChoosenAdapter FoundDriverCount:0 
[2017.04.08-09.04.01:121][  0]LogD3D11RHI:     Adapter Name: NVIDIA GeForce GTX 950M
[2017.04.08-09.04.01:121][  0]LogD3D11RHI:   Driver Version: Unknown (internal:Unknown, unified:Unknown)
[2017.04.08-09.04.01:121][  0]LogD3D11RHI:      Driver Date: Unknown
[2017.04.08-09.04.01:121][  0]LogRHI: Texture pool is 1361 MB (70% of 1945 MB)
[2017.04.08-09.04.01:182][  0]LogD3D11RHI: Async texture creation enabled
[2017.04.08-09.04.01:220][  0]LogD3D11RHI: GPU Timing Frequency: 1000.000000 (Debug: 2 1)
[2017.04.08-09.04.01:222][  0]LogShaderCompilers: Guid format shader working directory is 17 characters bigger than the processId version (../../../../../PurgaStory_v3/Intermediate/Shaders/WorkingDirectory/9100/).
[2017.04.08-09.04.01:223][  0]LogShaderCompilers: Cleaned the shader compiler working directory 'C:/Users/User/AppData/Local/Temp/UnrealShaderWorkingDir/BAEA2DDB45709C13F8EB29B727D86822/'.
[2017.04.08-09.04.01:223][  0]LogShaderCompilers:Display: Using Local Shader Compiler.
[2017.04.08-09.04.05:081][  0]LogTemp:Display: Loaded TP AllDesktopTargetPlatform
[2017.04.08-09.04.05:259][  0]LogTemp:Display: Loaded TP MacClientTargetPlatform
[2017.04.08-09.04.05:430][  0]LogTemp:Display: Loaded TP MacNoEditorTargetPlatform
[2017.04.08-09.04.05:597][  0]LogTemp:Display: Loaded TP MacServerTargetPlatform
[2017.04.08-09.04.05:777][  0]LogTemp:Display: Loaded TP MacTargetPlatform
[2017.04.08-09.04.05:965][  0]LogTemp:Display: Loaded TP WindowsClientTargetPlatform
[2017.04.08-09.04.06:148][  0]LogTemp:Display: Loaded TP WindowsNoEditorTargetPlatform
[2017.04.08-09.04.06:341][  0]LogTemp:Display: Loaded TP WindowsServerTargetPlatform
[2017.04.08-09.04.06:497][  0]LogTemp:Display: Loaded TP WindowsTargetPlatform
[2017.04.08-09.04.06:681][  0]LogTemp:Display: Loaded TP AndroidTargetPlatform
[2017.04.08-09.04.06:858][  0]LogTemp:Display: Loaded TP Android_ASTCTargetPlatform
[2017.04.08-09.04.07:027][  0]LogTemp:Display: Loaded TP Android_ATCTargetPlatform
[2017.04.08-09.04.07:197][  0]LogTemp:Display: Loaded TP Android_DXTTargetPlatform
[2017.04.08-09.04.07:380][  0]LogTemp:Display: Loaded TP Android_ETC1TargetPlatform
[2017.04.08-09.04.07:554][  0]LogTemp:Display: Loaded TP Android_ETC2TargetPlatform
[2017.04.08-09.04.07:881][  0]LogTemp:Display: Loaded TP Android_MultiTargetPlatform
[2017.04.08-09.04.07:881][  0]LogTemp:Display: Loaded TP Android_PVRTCTargetPlatform
[2017.04.08-09.04.07:983][  0]LogTemp:Display: Loaded TP HTML5TargetPlatform
[2017.04.08-09.04.08:210][  0]LogTemp:Display: Loaded TP IOSTargetPlatform
[2017.04.08-09.04.08:322][  0]LogTemp:Display: Loaded TP TVOSTargetPlatform
[2017.04.08-09.04.08:480][  0]LogTemp:Display: Loaded TP LinuxClientTargetPlatform
[2017.04.08-09.04.08:641][  0]LogTemp:Display: Loaded TP LinuxNoEditorTargetPlatform
[2017.04.08-09.04.08:801][  0]LogTemp:Display: Loaded TP LinuxServerTargetPlatform
[2017.04.08-09.04.08:961][  0]LogTemp:Display: Loaded TP LinuxTargetPlatform
[2017.04.08-09.04.08:961][  0]LogTargetPlatformManager:Display: Building Assets For Windows
[2017.04.08-09.04.10:047][  0]LogDerivedDataCache:Display: Max Cache Size: 512 MB
[2017.04.08-09.04.10:231][  0]LogDerivedDataCache: Loaded boot cache 0.18s 50MB C:/Users/User/AppData/Local/UnrealEngine/4.14/DerivedDataCache/Boot.ddc.
[2017.04.08-09.04.10:231][  0]LogDerivedDataCache:Display: Loaded Boot cache: C:/Users/User/AppData/Local/UnrealEngine/4.14/DerivedDataCache/Boot.ddc
[2017.04.08-09.04.10:231][  0]LogDerivedDataCache: FDerivedDataBackendGraph:  Pak pak cache file ../../../../../PurgaStory_v3/DerivedDataCache/DDC.ddp not found, will not use a pak cache.
[2017.04.08-09.04.10:231][  0]LogDerivedDataCache: Unable to find inner node Pak for hierarchical cache Hierarchy.
[2017.04.08-09.04.10:231][  0]LogDerivedDataCache: FDerivedDataBackendGraph:  CompressedPak pak cache file ../../../../../PurgaStory_v3/DerivedDataCache/Compressed.ddp not found, will not use a pak cache.
[2017.04.08-09.04.10:231][  0]LogDerivedDataCache: Unable to find inner node CompressedPak for hierarchical cache Hierarchy.
[2017.04.08-09.04.10:306][  0]LogDerivedDataCache:Display: Pak cache opened for reading ../../../Engine/DerivedDataCache/Compressed.ddp.
[2017.04.08-09.04.10:321][  0]LogDerivedDataCache: Using Local data cache path C:/Users/User/AppData/Local/UnrealEngine/Common/DerivedDataCache: Writable
[2017.04.08-09.04.11:032][  0]LogInit: Selected Device Profile: [Windows]
[2017.04.08-09.04.11:043][  0]LogContentStreaming: Texture pool size is 0.00 MB
[2017.04.08-09.04.11:726][  0]LogMeshUtilities: Using QuadricMeshReduction for automatic static mesh reduction
[2017.04.08-09.04.11:850][  0]LogSimplygon: Simplygon DLL not present - disabling.
[2017.04.08-09.04.11:973][  0]LogMeshUtilities: Using SimplygonSwarm for distributed automatic mesh merging
[2017.04.08-09.04.11:973][  0]LogMeshUtilities: No automatic skeletal mesh reduction module available
[2017.04.08-09.04.11:973][  0]LogMeshUtilities: No automatic mesh merging module available
[2017.04.08-09.04.13:651][  0]LogNetVersion: GetLocalNetworkVersion: CL: 3195953, ProjectName: purgastory, ProjectVersion: , EngineNetworkVersion: 2, GameNetworkVersion: 0, NetworkChecksum: 4090582873
[2017.04.08-09.04.13:775][  0]LogAssetRegistry: FAssetRegistry took 0.0227 seconds to start up
[2017.04.08-09.04.13:925][  0]LogPackageLocalizationCache: Processed 3 localized package path(s) for 2 prioritized culture(s) in 0.081689 seconds
[2017.04.08-09.04.13:942][  0]LogUObjectArray: 31953 objects as part of root set at end of initial load.
[2017.04.08-09.04.13:942][  0]LogUObjectAllocator: 7149664 out of 0 bytes used by permanent object pool.
[2017.04.08-09.04.13:942][  0]LogUObjectArray: CloseDisregardForGC: 0/0 objects in disregard for GC pool
[2017.04.08-09.04.16:641][  0]LogSlate: Using Freetype 2.6.0
[2017.04.08-09.04.16:642][  0]LogSlate: SlateFontCache - WITH_FREETYPE: 1, WITH_HARFBUZZ: 1
[2017.04.08-09.04.16:643][  0]LogSlate: SlateFontCache - WITH_FREETYPE: 1, WITH_HARFBUZZ: 1
[2017.04.08-09.04.19:840][  0]LogSubstanceCoreModule: Substance [CPU] Engine Loaded, Max Texture Size = 2048
[2017.04.08-09.04.19:914][  0]LogTcpMessaging: Initializing TcpMessaging bridge
[2017.04.08-09.04.19:998][  0]LogUdpMessaging: Initializing bridge on interface 0.0.0.0:0 to multicast group 230.0.0.1:6666.
[2017.04.08-09.04.20:748][  0]LogMaterial: Uniform references updated for custom material expression Custom.
[2017.04.08-09.04.21:817][  0]SourceControl: Info Source control is disabled
[2017.04.08-09.04.21:954][  0]SourceControl: Info Source control is disabled
[2017.04.08-09.04.22:079][  0]SourceControl: Info Source control is disabled
[2017.04.08-09.04.22:199][  0]SourceControl: Info Source control is disabled
[2017.04.08-09.04.26:717][  0]LogEngine: Initializing Engine...
[2017.04.08-09.04.26:719][  0]LogHMD: Failed to initialize OpenVR with code 110
[2017.04.08-09.04.27:432][  0]LogAIModule: Creating AISystem for world Untitled
[2017.04.08-09.04.27:447][  0]LogInit: XAudio2 using 'Speakers (Conexant SmartAudio HD)' : 2 channels at 48 kHz using 32 bits per sample (channel mask 0x3)
[2017.04.08-09.04.27:536][  0]LogInit: FAudioDevice initialized.
[2017.04.08-09.04.27:593][  0]LogDerivedDataCache: Saved boot cache 0.06s 50MB C:/Users/User/AppData/Local/UnrealEngine/4.14/DerivedDataCache/Boot.ddc.
[2017.04.08-09.04.27:609][  0]LogInit: Texture streaming: Enabled
[2017.04.08-09.04.28:065][  0]LogWindowsTextInputMethodSystem:Display: IME system now deactivated.
[2017.04.08-09.04.28:174][  0]LogInit: Transaction tracking system initialized
[2017.04.08-09.04.29:914][  0]BlueprintLog: New page: Editor Load
[2017.04.08-09.04.32:669][  0]LocalizationService: Info Localization service is disabled
[2017.04.08-09.04.35:288][  0]LogConsoleResponse:Display: 
[2017.04.08-09.04.35:970][  0]LogCook:Display: Max memory allowance for cook 16384mb min free memory 0mb
[2017.04.08-09.04.35:970][  0]LogCook:Display: Mobile HDR setting 1
[2017.04.08-09.04.36:476][  0]LogFileCache: Scanning file cache for directory 'D:/Unreal/PurgaStory_v3/Content/' took 0.06s
[2017.04.08-09.04.38:834][  0]SourceControl: Info Source control is disabled
[2017.04.08-09.04.38:834][  0]Cmd: MAP LOAD FILE="../../../../../PurgaStory_v3/Content/Multiplayer/Maps/MP_mainMenu.umap" TEMPLATE=0 SHOWPROGRESS=1 FEATURELEVEL=3
[2017.04.08-09.04.38:835][  0]LightingResults: New page: Lighting Build
[2017.04.08-09.04.38:922][  0]MapCheck: New page: Map Check
[2017.04.08-09.04.38:922][  0]LightingResults: New page: Lighting Build
[2017.04.08-09.04.44:071][  0]LogAIModule: Creating AISystem for world MP_mainMenu
[2017.04.08-09.04.44:073][  0]LogEditorServer: Finished looking for orphan Actors (0.000 secs)
[2017.04.08-09.04.44:075][  0]Cmd: MAP CHECKDEP NOCLEARLOG
[2017.04.08-09.04.44:194][  0]MapCheck: Info Map check complete: 0 Error(s), 0 Warning(s), took 119.088ms to complete.
[2017.04.08-09.04.44:194][  0]LogFileHelpers: Loading map 'MP_mainMenu' took 5.360
[2017.04.08-09.04.44:540][  0]LogCollectionManager: Loaded 0 collections in 0.002918 seconds
[2017.04.08-09.04.44:695][  0]LogFileCache: Scanning file cache for directory 'D:/Unreal/PurgaStory_v3/Saved/Collections/' took 0.01s
[2017.04.08-09.04.44:695][  0]LogFileCache: Scanning file cache for directory 'D:/Unreal/PurgaStory_v3/Content/Developers/User/Collections/' took 0.01s
[2017.04.08-09.04.44:695][  0]LogFileCache: Scanning file cache for directory 'D:/Unreal/PurgaStory_v3/Content/Collections/' took 0.01s
[2017.04.08-09.04.44:695][  0]LogCollectionManager: Rebuilt the GUID cache for 0 collections in 0.000005 seconds
[2017.04.08-09.04.44:728][  0]LogContentBrowser: Native class hierarchy populated in 0.0320 seconds. Added 2206 classes and 437 folders.
[2017.04.08-09.04.44:838][  0]LogStats: UGameplayTagsManager::ConstructGameplayTagTree: Construct from data asset -  0.000 s
[2017.04.08-09.04.44:838][  0]LogStats: UGameplayTagsManager::ConstructGameplayTagTree: GameplayTagTreeChangedEvent.Broadcast -  0.000 s
[2017.04.08-09.04.44:840][  0]LogContentBrowser: Native class hierarchy updated for 'GameplayTags' in 0.0018 seconds. Added 13 classes and 0 folders.
[2017.04.08-09.04.45:001][  0]LogContentBrowser: Native class hierarchy updated for 'WidgetCarousel' in 0.0016 seconds. Added 0 classes and 0 folders.
[2017.04.08-09.04.45:135][  0]LogContentBrowser: Native class hierarchy updated for 'AddContentDialog' in 0.0017 seconds. Added 0 classes and 0 folders.
[2017.04.08-09.04.45:247][  0]LogContentBrowser: Native class hierarchy updated for 'SceneOutliner' in 0.0017 seconds. Added 1 classes and 2 folders.
[2017.04.08-09.04.45:498][  0]LogCrashTracker: Crashtracker disabled due to settings.
[2017.04.08-09.04.45:521][  0]LogUObjectGlobals:Warning: Failed to find object 'Class None.'
[2017.04.08-09.04.45:681][  0]LogContentBrowser: Native class hierarchy updated for 'HierarchicalLODOutliner' in 0.0019 seconds. Added 1 classes and 2 folders.
[2017.04.08-09.04.45:682][  0]LogLoad: (Engine Initialization) Total time: 53.83 seconds
[2017.04.08-09.04.45:682][  0]LogLoad: (Engine Initialization) Total Blueprint compile time: 0.95 seconds
[2017.04.08-09.04.45:682][  0]LogExternalProfiler: Found external profiler: VSPerf
[2017.04.08-09.04.45:682][  0]LogExternalProfiler: Using external profiler: VSPerf
[2017.04.08-09.04.45:694][  0]LogOcInput: OculusInput pre-init called
[2017.04.08-09.04.45:741][  0]LogContentStreaming: Texture pool size now 800 MB
[2017.04.08-09.04.46:201][  0]LogRenderer: Reallocating scene render targets to support 888x412 NumSamples 1 (Frame:2).
[2017.04.08-09.04.46:493][  1]LogFileCache: Retrieving MD5 hashes for directory 'D:/Unreal/PurgaStory_v3/Content/' took 0.78s
[2017.04.08-09.04.47:091][  9]LogAssetRegistry: Asset discovery search completed in 33.3391 seconds
[2017.04.08-09.04.47:091][  9]LogCollectionManager: Rebuilt the object cache for 0 collections in 0.000001 seconds (found 0 objects)
[2017.04.08-09.04.47:091][  9]LogCollectionManager: Fixed up redirectors for 0 collections in 0.000052 seconds (updated 0 objects)
[2017.04.08-09.06.04:951][975]LogBlueprint:Warning: [BP_Seeker] 'HidingTimeLeft' variable not found. Base class was probably changed.
[2017.04.08-09.06.07:094][975]LogLinker:Warning: Can't find file '/Game/Materials/_Base_Mat/M_Textures/T_DefaultNoise_N'
[2017.04.08-09.06.07:094][975]LogLinker:Warning: Can't find file for asset '/Game/Materials/_Base_Mat/M_Textures/T_DefaultNoise_N' while loading ../../../../../PurgaStory_v3/Content/Materials/Architecture/Rubber/MI_Rubber_Black_001_a.uasset.
[2017.04.08-09.06.07:095][975]LoadErrors:Error: Error /Game/Materials/Architecture/Rubber/MI_Rubber_Black_001_a : Can't find file for asset. /Game/Materials/_Base_Mat/M_Textures/T_DefaultNoise_N
[2017.04.08-09.06.07:095][975]LogLinker:Warning: Can't find file '/Game/Materials/_Base_Mat/M_Textures/T_DefaultNoise_N'
[2017.04.08-09.06.07:095][975]LogLinker:Warning: Can't find file for asset '/Game/Materials/_Base_Mat/M_Textures/T_DefaultNoise_N' while loading ../../../../../PurgaStory_v3/Content/Materials/Architecture/Rubber/MI_Rubber_Black_001_a.uasset.
[2017.04.08-09.06.07:098][975]LogLinker:Warning: Asset '../../../../../PurgaStory_v3/Content/Materials/PP_Outliner_M.uasset' has been saved with empty engine version. The asset will be loaded but may be incompatible.
[2017.04.08-09.06.07:105][975]LogLinker:Warning: Asset '../../../../../PurgaStory_v3/Content/Materials/MF_ConvolveTexture.uasset' has been saved with empty engine version. The asset will be loaded but may be incompatible.
[2017.04.08-09.06.07:114][975]LogLinker:Warning: Asset '../../../../../PurgaStory_v3/Content/Materials/MF_ExtractDepth.uasset' has been saved with empty engine version. The asset will be loaded but may be incompatible.
[2017.04.08-09.06.07:118][975]LogLinker:Warning: Asset '../../../../../PurgaStory_v3/Content/Materials/MF_SampleSceneTextureNeighbourUVs.uasset' has been saved with empty engine version. The asset will be loaded but may be incompatible.
[2017.04.08-09.06.07:185][975]LogLinker:Warning: Can't find file '/Game/Materials/_Base_Mat/M_Textures/white'
[2017.04.08-09.06.07:186][975]LogLinker:Warning: Can't find file for asset '/Game/Materials/_Base_Mat/M_Textures/white' while loading ../../../../../PurgaStory_v3/Content/Materials/_Base_Mat/M_Prototyper_2.uasset.
[2017.04.08-09.06.07:186][975]LoadErrors:Error: Error /Game/Materials/_Base_Mat/M_Prototyper_2 : Can't find file for asset. /Game/Materials/_Base_Mat/M_Textures/white
[2017.04.08-09.06.07:187][975]LogLinker:Warning: Can't find file '/Game/Materials/_Base_Mat/M_Textures/white'
[2017.04.08-09.06.07:187][975]LogLinker:Warning: Can't find file for asset '/Game/Materials/_Base_Mat/M_Textures/white' while loading ../../../../../PurgaStory_v3/Content/Materials/_Base_Mat/M_Prototyper_2.uasset.
[2017.04.08-09.06.09:778][975]LogLinker:Warning: Can't find file '/Game/Materials/_Base_Mat/M_Textures/T_DefaultNoise_N'
[2017.04.08-09.06.09:779][975]LoadErrors: Info Failed to load /Game/Materials/_Base_Mat/M_Textures/T_DefaultNoise_N.T_DefaultNoise_N Referenced by MI_Rubber_Black_001_a
[2017.04.08-09.06.09:780][975]LogLinker:Warning: Can't find file for asset '/Game/Materials/_Base_Mat/M_Textures/T_DefaultNoise_N' while loading NULL.
[2017.04.08-09.06.09:831][975]LogLinker:Warning: Can't find file '/Game/Materials/_Base_Mat/M_Textures/white'
[2017.04.08-09.06.09:831][975]LoadErrors: Info Failed to load /Game/Materials/_Base_Mat/M_Textures/white.white Referenced by MaterialExpressionTextureObjectParameter_3
[2017.04.08-09.06.09:832][975]LogLinker:Warning: Can't find file for asset '/Game/Materials/_Base_Mat/M_Textures/white' while loading NULL.
[2017.04.08-09.06.09:833][975]LogLinker:Warning: Can't find file '/Game/Materials/_Base_Mat/M_Textures/white'
[2017.04.08-09.06.09:833][975]LoadErrors: Info Failed to load /Game/Materials/_Base_Mat/M_Textures/white.white Referenced by MaterialExpressionTextureSampleParameter2D_6
[2017.04.08-09.06.09:833][975]LogLinker:Warning: Can't find file for asset '/Game/Materials/_Base_Mat/M_Textures/white' while loading NULL.
[2017.04.08-09.06.09:844][975]LogMaterial: Uniform references updated for custom material expression TemporalAA SampleID.
[2017.04.08-09.06.09:845][975]LogMaterial: Uniform references updated for custom material expression Custom.
[2017.04.08-09.06.12:885][975]LogMaterial: Missing cached shader map for material M_RollingFire, compiling. 
[2017.04.08-09.06.14:871][975]LogMaterial: Missing cached shader map for material M_Prototyper_2, compiling. 
[2017.04.08-09.06.14:880][975]LogMaterial:Warning: Failed to compile Material /Game/Materials/_Base_Mat/M_Prototyper_2.M_Prototyper_2 for platform PCD3D_SM5, Default Material will be used in game.
[2017.04.08-09.06.14:880][975]LogMaterial:Warning: 	(Node TextureObjectParameter) Param Tex Object> Requires valid texture
[2017.04.08-09.06.14:892][975]LogMaterial: Missing cached shader map for material M_Prototyper_2, compiling. 
[2017.04.08-09.06.14:902][975]LogMaterial:Warning: Failed to compile Material Instance /Game/Materials/Solids/Dual_Color/MI_Black_White.MI_Black_White with Base M_Prototyper_2 for platform PCD3D_SM5, Default Material will be used in game.
[2017.04.08-09.06.14:902][975]LogMaterial:Warning: 	(Node TextureObjectParameter) Param Tex Object> Requires valid texture
[2017.04.08-09.06.15:700][975]LogAIModule: Creating AISystem for world Purgastory_Level
[2017.04.08-09.06.16:643][975]Cmd: MAP LOAD FILE="../../../../../PurgaStory_v3/Content/Multiplayer/Maps/Purgastory_Level.umap" TEMPLATE=0 SHOWPROGRESS=1 FEATURELEVEL=3
[2017.04.08-09.06.16:643][975]LightingResults: New page: Lighting Build
[2017.04.08-09.06.16:645][975]LoadErrors: New page: Loading map: Purgastory_Level.umap
[2017.04.08-09.06.16:646][975]MapCheck: New page: Map Check
[2017.04.08-09.06.16:646][975]LightingResults: New page: Lighting Build
[2017.04.08-09.06.17:001][975]LogPhysics:Error: PHYSX: (D:\Build\++UE4+Release-4.14+PhysX_Compile\Sync\Engine\Source\ThirdParty\PhysX\PhysX_3.4\Source\PhysX\src\NpMaterial.cpp 143) eINVALID_PARAMETER : PxMaterial::setRestitution: Invalid value 1.150000 was clamped to [0,1]!
[2017.04.08-09.06.17:811][975]LogEditorServer: Finished looking for orphan Actors (0.001 secs)
[2017.04.08-09.06.17:950][975]Cmd: MAP CHECKDEP NOCLEARLOG
[2017.04.08-09.06.18:215][975]MapCheck: Info Map check complete: 0 Error(s), 0 Warning(s), took 264.232ms to complete.
[2017.04.08-09.06.18:216][975]LogFileHelpers: Loading map 'Purgastory_Level' took 1.575
[2017.04.08-09.06.28:400][721]LogContentBrowser: Native class hierarchy updated for 'BlueprintGraph' in 0.0015 seconds. Added 111 classes and 0 folders.
[2017.04.08-09.06.32:346][834]LogShaderCompilers:Warning: Failed to compile Material /Game/Assets/Materials/M_RollingFire.M_RollingFire for platform PCD3D_SM5, Default Material will be used in game.
[2017.04.08-09.06.32:346][834]LogShaderCompilers:Warning: 	HitProxyVertexShader.usf(27,3-34):  err0r X3000: unrecognized identifier 'FVertexFactoryInterpolantsVSToDS'
[2017.04.08-09.06.32:346][834]LogShaderCompilers:Warning: 	LightMapDensityShader.usf(23,3-34):  err0r X3000: unrecognized identifier 'FVertexFactoryInterpolantsVSToDS'
[2017.04.08-09.06.32:346][834]LogShaderCompilers:Warning: 	DepthOnlyVertexShader.usf(30,3-34):  err0r X3000: unrecognized identifier 'FVertexFactoryInterpolantsVSToDS'
[2017.04.08-09.06.32:346][834]LogShaderCompilers:Warning: 	DebugViewModeVertexShader.usf(18,3-34):  err0r X3000: unrecognized identifier 'FVertexFactoryInterpolantsVSToDS'
[2017.04.08-09.06.32:346][834]LogShaderCompilers:Warning: 	BasePassVertexCommon.usf(30,3-34):  err0r X3000: unrecognized identifier 'FVertexFactoryInterpolantsVSToDS'
[2017.04.08-09.06.32:346][834]LogShaderCompilers:Warning: 	VelocityShader.usf(49,3-34):  err0r X3000: unrecognized identifier 'FVertexFactoryInterpolantsVSToDS'
[2017.04.08-09.06.32:346][834]LogShaderCompilers:Warning: 	ShadowDepthVertexShader.usf(124,2-33):  err0r X3000: unrecognized identifier 'FVertexFactoryInterpolantsVSToDS'
[2017.04.08-09.13.45:728][540]BlueprintLog: New page: Compile GS_MP
[2017.04.08-09.14.12:184][138]LogEditorTransaction: Undo Edit Z
[2017.04.08-09.14.12:884][139]LogEditorTransaction: Undo Edit Y
[2017.04.08-09.14.13:578][140]LogEditorTransaction: Undo Edit X
[2017.04.08-09.14.13:639][140]LogEditorTransaction: Undo Edit X
[2017.04.08-09.14.13:651][140]LogEditorTransaction: Undo Edit Z
[2017.04.08-09.14.14:262][141]LogEditorTransaction: Undo Edit Y
[2017.04.08-09.14.14:325][141]LogEditorTransaction: Undo Edit X
[2017.04.08-09.14.14:338][141]LogEditorTransaction: Undo Change Number Pin Value
[2017.04.08-09.15.07:628][473]Cmd: OBJ SAVEPACKAGE PACKAGE="/Game/Multiplayer/Blueprints/GS_MP" FILE="../../../../../PurgaStory_v3/Content/Multiplayer/Blueprints/GS_MP.uasset" SILENT=true
[2017.04.08-09.15.07:988][473]LogSavePackage: Save=327.72ms
[2017.04.08-09.15.07:988][473]LogSavePackage: Moving '../../../../../PurgaStory_v3/Saved/GS_MPFE5EA7E04F8888690C7484BEC89BCE76.tmp' to '../../../../../PurgaStory_v3/Content/Multiplayer/Blueprints/GS_MP.uasset'
[2017.04.08-09.15.07:994][473]LogSavePackage:Display: Finished SavePackage ../../../../../PurgaStory_v3/Content/Multiplayer/Blueprints/GS_MP.uasset
[2017.04.08-09.15.10:226][521]BlueprintLog: New page: Compile GS_MP
[2017.04.08-09.15.14:438][570]Cmd: OBJ SAVEPACKAGE PACKAGE="/Game/Multiplayer/Blueprints/GS_MP" FILE="../../../../../PurgaStory_v3/Content/Multiplayer/Blueprints/GS_MP.uasset" SILENT=true
[2017.04.08-09.15.14:779][570]LogSavePackage: Save=334.67ms
[2017.04.08-09.15.14:779][570]LogSavePackage: Moving '../../../../../PurgaStory_v3/Saved/GS_MP38DA63F343ED82D5AE71B8823B61BF7C.tmp' to '../../../../../PurgaStory_v3/Content/Multiplayer/Blueprints/GS_MP.uasset'
[2017.04.08-09.15.14:782][570]LogSavePackage:Display: Finished SavePackage ../../../../../PurgaStory_v3/Content/Multiplayer/Blueprints/GS_MP.uasset
[2017.04.08-09.15.29:538][901]BlueprintLog: New page: Compile Purgastory_Level
[2017.04.08-09.15.42:691][131]Cmd: OBJ SAVEPACKAGE PACKAGE="/Game/Multiplayer/Maps/Purgastory_Level" FILE="../../../../../PurgaStory_v3/Content/Multiplayer/Maps/Purgastory_Level.umap" SILENT=true AUTOSAVING=false KEEPDIRTY=false
[2017.04.08-09.15.48:443][131]LogSavePackage: Save=5510.88ms
[2017.04.08-09.15.48:443][131]LogSavePackage: Moving '../../../../../PurgaStory_v3/Saved/Purgastory_LevelBCD0A2FD4D68AA42C9F12C9414423E6C.tmp' to '../../../../../PurgaStory_v3/Content/Multiplayer/Maps/Purgastory_Level.umap'
[2017.04.08-09.15.48:463][131]LogSavePackage:Display: Finished SavePackage ../../../../../PurgaStory_v3/Content/Multiplayer/Maps/Purgastory_Level.umap
[2017.04.08-09.15.48:651][131]LogFileHelpers: Saving map 'Purgastory_Level' took 6.541
[2017.04.08-09.15.49:033][131]LogWindowsTextInputMethodSystem:Display: IME system now deactivated.
[2017.04.08-09.15.49:457][132]Cmd: QUIT_EDITOR
[2017.04.08-09.15.49:714][132]LogExit: Preparing to exit.
[2017.04.08-09.15.50:355][132]LogDirectoryWatcher: A directory notification for 'D:/Unreal/PurgaStory_v3/Content/' was aborted.
[2017.04.08-09.15.50:578][132]LogExit: Editor shut down
[2017.04.08-09.15.50:579][132]LogExit: Transaction tracking system shut down
[2017.04.08-09.15.51:230][132]LogObj: Freed 0b from 0 cluster array pools.
[2017.04.08-09.15.51:230][132]LogExit: Object subsystem successfully closed.
[2017.04.08-09.15.51:276][132]LogD3D11RHI: Shutdown
[2017.04.08-09.15.51:276][132]LogD3D11RHI: CleanupD3DDevice
[2017.04.08-09.15.51:888][132]LogD3D11RHI: ~FD3D11DynamicRHI
[2017.04.08-09.15.51:913][132]LogHttp:Display: Http module shutting down, but needs to wait on 1 outstanding Http requests:
[2017.04.08-09.15.51:913][132]LogHttp:Display: 	verb=[POST] url=[https://datarouter.ol.epicgames.com/datarouter/api/v1/public/data?SessionID=%7BB381BEBD-4711-19FD-FF59-2DA75C8E0D4F%7D&AppID=UEEditor.Rocket.Release&AppVersion=4.14.3-3249277%2B%2B%2BUE4%2BRelease-4.14&UserID=d1c8f82b417d2ce73f7df0820151bd26%7C54ddd81e2c83417ea6547a0ffff3e5a4%7Cfb954913-2a66-44b3-9e13-656e6d75c89e&AppEnvironment=datacollector-binary&UploadType=eteventstream] status=Processing
[2017.04.08-09.15.51:920][132]LogModuleManager: Shutting down and abandoning module BlueprintGraph (246)
[2017.04.08-09.15.51:920][132]LogModuleManager: Shutting down and abandoning module BlueprintProfiler (245)
[2017.04.08-09.15.51:920][132]LogModuleManager: Shutting down and abandoning module HierarchicalLODOutliner (244)
[2017.04.08-09.15.51:920][132]LogModuleManager: Shutting down and abandoning module CrashTracker (243)
[2017.04.08-09.15.51:920][132]LogModuleManager: Shutting down and abandoning module SceneOutliner (242)
[2017.04.08-09.15.51:920][132]LogModuleManager: Shutting down and abandoning module WidgetCarousel (241)
[2017.04.08-09.15.51:920][132]LogModuleManager: Shutting down and abandoning module AddContentDialog (240)
[2017.04.08-09.15.51:920][132]LogDirectoryWatcher: A directory notification for 'D:/Unreal/Epic Games/4.14/FeaturePacks/' was aborted.
[2017.04.08-09.15.51:923][132]LogModuleManager: Shutting down and abandoning module GameplayTags (239)
[2017.04.08-09.15.51:923][132]LogModuleManager: Shutting down and abandoning module EditorWidgets (238)
[2017.04.08-09.15.51:923][132]LogModuleManager: Shutting down and abandoning module CollectionManager (237)
[2017.04.08-09.15.51:924][132]LogDirectoryWatcher: A directory notification for 'D:/Unreal/PurgaStory_v3/Content/Collections/' was aborted.
[2017.04.08-09.15.51:924][132]LogDirectoryWatcher: A directory notification for 'D:/Unreal/PurgaStory_v3/Content/Developers/User/Collections/' was aborted.
[2017.04.08-09.15.51:924][132]LogDirectoryWatcher: A directory notification for 'D:/Unreal/PurgaStory_v3/Saved/Collections/' was aborted.
[2017.04.08-09.15.51:924][132]LogModuleManager: Shutting down and abandoning module StatsViewer (236)
[2017.04.08-09.15.51:924][132]LogModuleManager: Shutting down and abandoning module FoliageEdit (235)
[2017.04.08-09.15.51:924][132]LogModuleManager: Shutting down and abandoning module LandscapeEditor (234)
[2017.04.08-09.15.51:924][132]LogModuleManager: Shutting down and abandoning module SceneDepthPickerMode (233)
[2017.04.08-09.15.51:924][132]LogModuleManager: Shutting down and abandoning module ActorPickerMode (232)
[2017.04.08-09.15.51:924][132]LogModuleManager: Shutting down and abandoning module GeometryMode (231)
[2017.04.08-09.15.51:925][132]LogModuleManager: Shutting down and abandoning module TextureAlignMode (230)
[2017.04.08-09.15.51:925][132]LogModuleManager: Shutting down and abandoning module BspMode (229)
[2017.04.08-09.15.51:925][132]LogModuleManager: Shutting down and abandoning module HardwareSurvey (228)
[2017.04.08-09.15.51:925][132]LogModuleManager: Shutting down and abandoning module SequenceRecorderSections (227)
[2017.04.08-09.15.51:925][132]LogModuleManager: Shutting down and abandoning module AutomationWorker (226)
[2017.04.08-09.15.51:925][132]LogModuleManager: Shutting down and abandoning module MatineeToLevelSequence (225)
[2017.04.08-09.15.51:925][132]LogModuleManager: Shutting down and abandoning module PlacementMode (224)
[2017.04.08-09.15.51:925][132]LogModuleManager: Shutting down and abandoning module LevelSequenceEditor (223)
[2017.04.08-09.15.51:925][132]LogModuleManager: Shutting down and abandoning module WmfMediaFactory (222)
[2017.04.08-09.15.51:925][132]LogModuleManager: Shutting down and abandoning module WmfMediaEditor (221)
[2017.04.08-09.15.51:925][132]LogModuleManager: Shutting down and abandoning module AvfMediaFactory (220)
[2017.04.08-09.15.51:925][132]LogModuleManager: Shutting down and abandoning module AvfMediaEditor (219)
[2017.04.08-09.15.51:925][132]LogModuleManager: Shutting down and abandoning module Media (218)
[2017.04.08-09.15.51:925][132]LogModuleManager: Shutting down and abandoning module AndroidMediaFactory (217)
[2017.04.08-09.15.51:925][132]LogModuleManager: Shutting down and abandoning module AndroidMediaEditor (216)
[2017.04.08-09.15.51:925][132]LogModuleManager: Shutting down and abandoning module CharacterAI (215)
[2017.04.08-09.15.51:925][132]LogModuleManager: Shutting down and abandoning module SequenceRecorder (214)
[2017.04.08-09.15.51:925][132]LogModuleManager: Shutting down and abandoning module AudioCapture (213)
[2017.04.08-09.15.51:925][132]LogModuleManager: Shutting down and abandoning module SmartSnapping (212)
[2017.04.08-09.15.51:925][132]LogModuleManager: Shutting down and abandoning module SessionServices (211)
[2017.04.08-09.15.51:925][132]LogModuleManager: Shutting down and abandoning module ViewportSnapping (210)
[2017.04.08-09.15.51:926][132]LogModuleManager: Shutting down and abandoning module ViewportInteraction (209)
[2017.04.08-09.15.51:926][132]LogModuleManager: Shutting down and abandoning module LogVisualizer (208)
[2017.04.08-09.15.51:926][132]LogModuleManager: Shutting down and abandoning module GameProjectGeneration (207)
[2017.04.08-09.15.51:926][132]LogModuleManager: Shutting down and abandoning module IntroTutorials (206)
[2017.04.08-09.15.51:926][132]LogModuleManager: Shutting down and abandoning module EditorLiveStreaming (205)
[2017.04.08-09.15.51:926][132]LogModuleManager: Shutting down and abandoning module IOSPlatformEditor (204)
[2017.04.08-09.15.51:926][132]LogModuleManager: Shutting down and abandoning module HTML5PlatformEditor (203)
[2017.04.08-09.15.51:926][132]LogModuleManager: Shutting down and abandoning module AndroidDeviceDetection (202)
[2017.04.08-09.15.52:595][132]LogModuleManager: Shutting down and abandoning module AndroidPlatformEditor (201)
[2017.04.08-09.15.52:595][132]LogModuleManager: Shutting down and abandoning module IOSRuntimeSettings (200)
[2017.04.08-09.15.52:595][132]LogModuleManager: Shutting down and abandoning module AndroidRuntimeSettings (199)
[2017.04.08-09.15.52:595][132]LogModuleManager: Shutting down and abandoning module InputBindingEditor (198)
[2017.04.08-09.15.52:596][132]LogModuleManager: Shutting down and abandoning module NiagaraEditor (197)
[2017.04.08-09.15.52:596][132]LogModuleManager: Shutting down and abandoning module MergeActors (196)
[2017.04.08-09.15.52:596][132]LogModuleManager: Shutting down and abandoning module SizeMap (195)
[2017.04.08-09.15.52:596][132]LogModuleManager: Shutting down and abandoning module TreeMap (194)
[2017.04.08-09.15.52:596][132]LogModuleManager: Shutting down and abandoning module ReferenceViewer (193)
[2017.04.08-09.15.52:596][132]LogModuleManager: Shutting down and abandoning module LocalizationService (192)
[2017.04.08-09.15.52:596][132]LogModuleManager: Shutting down and abandoning module LocalizationDashboard (191)
[2017.04.08-09.15.52:596][132]LogModuleManager: Shutting down and abandoning module HardwareTargeting (190)
[2017.04.08-09.15.52:597][132]LogModuleManager: Shutting down and abandoning module DeviceProfileEditor (189)
[2017.04.08-09.15.52:597][132]LogModuleManager: Shutting down and abandoning module UndoHistory (188)
[2017.04.08-09.15.52:597][132]LogModuleManager: Shutting down and abandoning module UserFeedback (187)
[2017.04.08-09.15.52:597][132]LogModuleManager: Shutting down and abandoning module XmlParser (186)
[2017.04.08-09.15.52:609][132]LogModuleManager: Shutting down and abandoning module Blutility (185)
[2017.04.08-09.15.52:609][132]LogModuleManager: Shutting down and abandoning module ProjectTargetPlatformEditor (184)
[2017.04.08-09.15.52:609][132]LogModuleManager: Shutting down and abandoning module ProjectSettingsViewer (183)
[2017.04.08-09.15.52:610][132]LogModuleManager: Shutting down and abandoning module EditorSettingsViewer (182)
[2017.04.08-09.15.52:610][132]LogModuleManager: Shutting down and abandoning module SettingsEditor (181)
[2017.04.08-09.15.52:610][132]LogModuleManager: Shutting down and abandoning module ProjectLauncher (180)
[2017.04.08-09.15.52:610][132]LogModuleManager: Shutting down and abandoning module SessionFrontend (179)
[2017.04.08-09.15.52:610][132]LogModuleManager: Shutting down and abandoning module ProfilerClient (178)
[2017.04.08-09.15.52:610][132]LogModuleManager: Shutting down and abandoning module TargetDeviceServices (177)
[2017.04.08-09.15.52:610][132]LogModuleManager: Shutting down and abandoning module DeviceManager (176)
[2017.04.08-09.15.52:654][132]LogModuleManager: Shutting down and abandoning module AutomationController (175)
[2017.04.08-09.15.52:654][132]LogModuleManager: Shutting down and abandoning module AutomationWindow (174)
[2017.04.08-09.15.52:654][132]LogModuleManager: Shutting down and abandoning module Layers (173)
[2017.04.08-09.15.52:654][132]LogModuleManager: Shutting down and abandoning module ComponentVisualizers (172)
[2017.04.08-09.15.52:654][132]LogModuleManager: Shutting down and abandoning module DetailCustomizations (171)
[2017.04.08-09.15.52:654][132]LogModuleManager: Shutting down and abandoning module PackagesDialog (170)
[2017.04.08-09.15.52:655][132]LogModuleManager: Shutting down and abandoning module AnimGraph (169)
[2017.04.08-09.15.52:655][132]LogModuleManager: Shutting down and abandoning module Persona (168)
[2017.04.08-09.15.52:655][132]LogModuleManager: Shutting down and abandoning module Kismet (167)
[2017.04.08-09.15.52:693][132]LogModuleManager: Shutting down and abandoning module GraphEditor (166)
[2017.04.08-09.15.52:693][132]LogModuleManager: Shutting down and abandoning module ClassViewer (165)
[2017.04.08-09.15.52:693][132]LogModuleManager: Shutting down and abandoning module Toolbox (164)
[2017.04.08-09.15.52:693][132]LogModuleManager: Shutting down and abandoning module ModuleUI (163)
[2017.04.08-09.15.52:694][132]LogModuleManager: Shutting down and abandoning module MovieSceneTools (162)
[2017.04.08-09.15.52:694][132]LogModuleManager: Shutting down and abandoning module OutputLog (161)
[2017.04.08-09.15.52:694][132]LogModuleManager: Shutting down and abandoning module GammaUI (160)
[2017.04.08-09.15.52:694][132]LogModuleManager: Shutting down and abandoning module Documentation (159)
[2017.04.08-09.15.52:694][132]LogModuleManager: Shutting down and abandoning module Niagara (158)
[2017.04.08-09.15.52:694][132]LogModuleManager: Shutting down and abandoning module StreamingPauseRendering (157)
[2017.04.08-09.15.52:694][132]LogModuleManager: Shutting down and abandoning module AnalyticsET (156)
[2017.04.08-09.15.52:694][132]LogModuleManager: Shutting down and abandoning module PortalServices (155)
[2017.04.08-09.15.52:694][132]LogModuleManager: Shutting down and abandoning module PortalRpc (154)
[2017.04.08-09.15.52:694][132]LogModuleManager: Shutting down and abandoning module MessagingRpc (153)
[2017.04.08-09.15.52:694][132]LogModuleManager: Shutting down and abandoning module GameplayDebugger (152)
[2017.04.08-09.15.52:694][132]LogModuleManager: Shutting down and abandoning module AITestSuite (151)
[2017.04.08-09.15.52:694][132]LogModuleManager: Shutting down and abandoning module AIModule (150)
[2017.04.08-09.15.52:695][132]LogModuleManager: Shutting down and abandoning module ProfilerService (149)
[2017.04.08-09.15.52:917][132]LogModuleManager: Shutting down and abandoning module TaskGraph (148)
[2017.04.08-09.15.52:929][132]LogModuleManager: Shutting down and abandoning module SubstanceEditor (147)
[2017.04.08-09.15.52:932][132]LogModuleManager: Shutting down and abandoning module SlateRemote (146)
[2017.04.08-09.15.52:932][132]LogModuleManager: Shutting down and abandoning module SteamVRController (145)
[2017.04.08-09.15.52:935][132]LogModuleManager: Shutting down and abandoning module SteamVR (144)
[2017.04.08-09.15.52:936][132]LogModuleManager: Shutting down and abandoning module ProceduralMeshComponentEditor (143)
[2017.04.08-09.15.52:936][132]LogModuleManager: Shutting down and abandoning module ProceduralMeshComponent (142)
[2017.04.08-09.15.52:936][132]LogModuleManager: Shutting down and abandoning module OculusLibrary (141)
[2017.04.08-09.15.52:936][132]LogModuleManager: Shutting down and abandoning module OculusInput (140)
[2017.04.08-09.15.52:937][132]LogModuleManager: Shutting down and abandoning module MobilePatchingUtils (139)
[2017.04.08-09.15.52:937][132]LogModuleManager: Shutting down and abandoning module CustomMeshComponent (138)
[2017.04.08-09.15.52:937][132]LogModuleManager: Shutting down and abandoning module CableComponent (137)
[2017.04.08-09.15.52:937][132]LogModuleManager: Shutting down and abandoning module ArchVisCharacter (136)
[2017.04.08-09.15.52:937][132]LogModuleManager: Shutting down and abandoning module MediaPlayerEditor (135)
[2017.04.08-09.15.52:937][132]LogModuleManager: Shutting down and abandoning module HTML5Networking (134)
[2017.04.08-09.15.52:937][132]LogModuleManager: Shutting down and abandoning module GeometryCacheEd (133)
[2017.04.08-09.15.52:937][132]LogModuleManager: Shutting down and abandoning module GeometryCache (132)
[2017.04.08-09.15.52:937][132]LogModuleManager: Shutting down and abandoning module AlembicLibrary (131)
[2017.04.08-09.15.52:937][132]LogModuleManager: Shutting down and abandoning module AlembicImporter (130)
[2017.04.08-09.15.52:937][132]LogModuleManager: Shutting down and abandoning module SuperSearch (129)
[2017.04.08-09.15.52:937][132]LogModuleManager: Shutting down and abandoning module SuperSearchEditor (128)
[2017.04.08-09.15.52:937][132]LogModuleManager: Shutting down and abandoning module SpeedTreeImporter (127)
[2017.04.08-09.15.52:938][132]LogModuleManager: Shutting down and abandoning module PluginBrowser (126)
[2017.04.08-09.15.52:938][132]LogModuleManager: Shutting down and abandoning module MobileLauncherProfileWizard (125)
[2017.04.08-09.15.52:938][132]LogModuleManager: Shutting down and abandoning module EpicSurvey (124)
[2017.04.08-09.15.52:938][132]LogModuleManager: Shutting down and abandoning module DesktopPlatform (123)
[2017.04.08-09.15.52:938][132]LogModuleManager: Shutting down and abandoning module VisualStudioSourceCodeAccess (122)
[2017.04.08-09.15.52:938][132]LogModuleManager: Shutting down and abandoning module UObjectPlugin (121)
[2017.04.08-09.15.52:938][132]LogModuleManager: Shutting down and abandoning module SubversionSourceControl (120)
[2017.04.08-09.15.52:938][132]LogModuleManager: Shutting down and abandoning module PerforceSourceControl (119)
[2017.04.08-09.15.52:938][132]LogModuleManager: Shutting down and abandoning module SourceControl (118)
[2017.04.08-09.15.52:938][132]LogModuleManager: Shutting down and abandoning module GitSourceControl (117)
[2017.04.08-09.15.52:939][132]LogModuleManager: Shutting down and abandoning module LightPropagationVolumeEditor (116)
[2017.04.08-09.15.52:939][132]LogModuleManager: Shutting down and abandoning module PaperTiledImporter (115)
[2017.04.08-09.15.52:939][132]LogModuleManager: Shutting down and abandoning module PaperSpriteSheetImporter (114)
[2017.04.08-09.15.52:939][132]LogModuleManager: Shutting down and abandoning module MeshPaint (113)
[2017.04.08-09.15.52:939][132]LogModuleManager: Shutting down and abandoning module PixelInspectorModule (112)
[2017.04.08-09.15.52:939][132]LogModuleManager: Shutting down and abandoning module HotReload (111)
[2017.04.08-09.15.52:944][132]LogModuleManager: Shutting down and abandoning module MainFrame (110)
[2017.04.08-09.15.52:945][132]LogModuleManager: Shutting down and abandoning module LevelEditor (109)
[2017.04.08-09.15.52:949][132]LogModuleManager: Shutting down and abandoning module ContentBrowser (108)
[2017.04.08-09.15.52:954][132]LogModuleManager: Shutting down and abandoning module Paper2DEditor (107)
[2017.04.08-09.15.52:955][132]LogModuleManager: Shutting down and abandoning module UdpMessaging (106)
[2017.04.08-09.15.53:057][132]LogModuleManager: Shutting down and abandoning module TcpMessaging (105)
[2017.04.08-09.15.53:158][132]LogModuleManager: Shutting down and abandoning module SubstanceCore (104)
[2017.04.08-09.15.53:158][132]LogModuleManager: Shutting down and abandoning module LightPropagationVolumeRuntime (103)
[2017.04.08-09.15.53:159][132]LogModuleManager: Shutting down and abandoning module Paper2D (102)
[2017.04.08-09.15.53:159][132]LogModuleManager: Shutting down and abandoning module WindowsMoviePlayer (101)
[2017.04.08-09.15.53:159][132]LogModuleManager: Shutting down and abandoning module WmfMedia (100)
[2017.04.08-09.15.53:161][132]LogModuleManager: Shutting down and abandoning module MediaAssets (99)
[2017.04.08-09.15.53:161][132]LogModuleManager: Shutting down and abandoning module GameLiveStreaming (98)
[2017.04.08-09.15.53:161][132]LogModuleManager: Shutting down and abandoning module GameplayTagsEditor (97)
[2017.04.08-09.15.53:161][132]LogModuleManager: Shutting down and abandoning module VREditor (96)
[2017.04.08-09.15.53:161][132]LogModuleManager: Shutting down and abandoning module GameplayTasksEditor (95)
[2017.04.08-09.15.53:161][132]LogModuleManager: Shutting down and abandoning module BehaviorTreeEditor (94)
[2017.04.08-09.15.53:161][132]LogModuleManager: Shutting down and abandoning module FunctionalTesting (93)
[2017.04.08-09.15.53:161][132]LogModuleManager: Shutting down and abandoning module CollisionAnalyzer (92)
[2017.04.08-09.15.53:161][132]LogModuleManager: Shutting down and abandoning module Sequencer (91)
[2017.04.08-09.15.53:162][132]LogModuleManager: Shutting down and abandoning module WorkspaceMenuStructure (90)
[2017.04.08-09.15.53:162][132]LogModuleManager: Shutting down and abandoning module MessageLog (89)
[2017.04.08-09.15.53:162][132]LogModuleManager: Shutting down and abandoning module AssetTools (88)
[2017.04.08-09.15.53:163][132]LogModuleManager: Shutting down and abandoning module UMGEditor (87)
[2017.04.08-09.15.53:163][132]LogModuleManager: Shutting down and abandoning module UMG (86)
[2017.04.08-09.15.53:163][132]LogModuleManager: Shutting down and abandoning module SlateReflector (85)
[2017.04.08-09.15.53:163][132]LogModuleManager: Shutting down and abandoning module Slate (84)
[2017.04.08-09.15.53:163][132]LogModuleManager: Shutting down and abandoning module EditorStyle (83)
[2017.04.08-09.15.53:173][132]LogModuleManager: Shutting down and abandoning module SourceCodeAccess (82)
[2017.04.08-09.15.53:173][132]LogModuleManager: Shutting down and abandoning module HeadMountedDisplay (81)
[2017.04.08-09.15.53:173][132]LogModuleManager: Shutting down and abandoning module XAudio2 (80)
[2017.04.08-09.15.53:173][132]LogModuleManager: Shutting down and abandoning module Networking (79)
[2017.04.08-09.15.53:173][132]LogModuleManager: Shutting down and abandoning module Core (78)
[2017.04.08-09.15.53:173][132]LogModuleManager: Shutting down and abandoning module DirectoryWatcher (77)
[2017.04.08-09.15.53:173][132]LogDirectoryWatcher: A directory notification for '../../../Engine/Content/' was aborted.
[2017.04.08-09.15.53:174][132]LogDirectoryWatcher: A directory notification for '../../../../../PurgaStory_v3/Content/' was aborted.
[2017.04.08-09.15.53:174][132]LogDirectoryWatcher: A directory notification for '../../../Engine/Plugins/2D/Paper2D/Content/' was aborted.
[2017.04.08-09.15.53:177][132]LogModuleManager: Shutting down and abandoning module AssetRegistry (76)
[2017.04.08-09.15.54:071][132]LogFileManager:Warning: DeleteFile was unable to delete '../../../../../PurgaStory_v3/Intermediate/CachedAssetRegistry.bin', retrying in .5s...
[2017.04.08-09.15.54:071][132]LogFileManager:Warning: DeleteFile recovered during retry!
[2017.04.08-09.15.54:071][132]LogModuleManager: Shutting down and abandoning module KismetCompiler (75)
[2017.04.08-09.15.54:071][132]LogModuleManager: Shutting down and abandoning module PhysXFormats (74)
[2017.04.08-09.15.54:071][132]LogModuleManager: Shutting down and abandoning module SimplygonSwarm (73)
[2017.04.08-09.15.54:071][132]LogModuleManager: Shutting down and abandoning module SimplygonMeshReduction (72)
[2017.04.08-09.15.54:071][132]LogModuleManager: Shutting down and abandoning module QuadricMeshReduction (71)
[2017.04.08-09.15.54:071][132]LogModuleManager: Shutting down and abandoning module PropertyEditor (70)
[2017.04.08-09.15.54:071][132]LogModuleManager: Shutting down and abandoning module MeshUtilities (69)
[2017.04.08-09.15.54:071][132]LogModuleManager: Shutting down and abandoning module DerivedDataCache (68)
[2017.04.08-09.15.54:093][132]LogDerivedDataCache: Shutdown
[2017.04.08-09.15.54:093][132]LogModuleManager: Shutting down and abandoning module VulkanShaderFormat (67)
[2017.04.08-09.15.54:094][132]LogModuleManager: Shutting down and abandoning module ShaderFormatOpenGL (66)
[2017.04.08-09.15.54:094][132]LogModuleManager: Shutting down and abandoning module ShaderFormatD3D (65)
[2017.04.08-09.15.54:094][132]LogModuleManager: Shutting down and abandoning module MetalShaderFormat (64)
[2017.04.08-09.15.54:094][132]LogModuleManager: Shutting down and abandoning module TextureFormatUncompressed (63)
[2017.04.08-09.15.54:094][132]LogModuleManager: Shutting down and abandoning module TextureFormatPVR (62)
[2017.04.08-09.15.54:094][132]LogModuleManager: Shutting down and abandoning module TextureFormatDXT (61)
[2017.04.08-09.15.54:094][132]LogModuleManager: Shutting down and abandoning module TextureFormatIntelISPCTexComp (60)
[2017.04.08-09.15.54:094][132]LogModuleManager: Shutting down and abandoning module ImageWrapper (59)
[2017.04.08-09.15.54:094][132]LogModuleManager: Shutting down and abandoning module TextureFormatASTC (58)
[2017.04.08-09.15.54:094][132]LogModuleManager: Shutting down and abandoning module TextureFormatAndroid (57)
[2017.04.08-09.15.54:094][132]LogModuleManager: Shutting down and abandoning module AudioFormatOpus (56)
[2017.04.08-09.15.54:094][132]LogModuleManager: Shutting down and abandoning module AudioFormatOgg (55)
[2017.04.08-09.15.54:094][132]LogModuleManager: Shutting down and abandoning module AudioFormatADPCM (54)
[2017.04.08-09.15.54:094][132]LogModuleManager: Shutting down and abandoning module LinuxTargetPlatform (53)
[2017.04.08-09.15.54:094][132]LogModuleManager: Shutting down and abandoning module LinuxServerTargetPlatform (52)
[2017.04.08-09.15.54:094][132]LogModuleManager: Shutting down and abandoning module LinuxNoEditorTargetPlatform (51)
[2017.04.08-09.15.54:094][132]LogModuleManager: Shutting down and abandoning module LinuxClientTargetPlatform (50)
[2017.04.08-09.15.54:095][132]LogModuleManager: Shutting down and abandoning module TVOSTargetPlatform (49)
[2017.04.08-09.15.54:095][132]LogModuleManager: Shutting down and abandoning module Messaging (48)
[2017.04.08-09.15.54:095][132]LogModuleManager: Shutting down and abandoning module IOSTargetPlatform (47)
[2017.04.08-09.15.54:095][132]LogModuleManager: Shutting down and abandoning module HTML5TargetPlatform (46)
[2017.04.08-09.15.54:095][132]LogModuleManager: Shutting down and abandoning module Android_PVRTCTargetPlatform (45)
[2017.04.08-09.15.54:095][132]LogModuleManager: Shutting down and abandoning module Android_MultiTargetPlatform (44)
[2017.04.08-09.15.54:095][132]LogModuleManager: Shutting down and abandoning module Android_ETC2TargetPlatform (43)
[2017.04.08-09.15.54:095][132]LogModuleManager: Shutting down and abandoning module Android_ETC1TargetPlatform (42)
[2017.04.08-09.15.54:095][132]LogModuleManager: Shutting down and abandoning module Android_DXTTargetPlatform (41)
[2017.04.08-09.15.54:095][132]LogModuleManager: Shutting down and abandoning module Android_ATCTargetPlatform (40)
[2017.04.08-09.15.54:095][132]LogModuleManager: Shutting down and abandoning module Android_ASTCTargetPlatform (39)
[2017.04.08-09.15.54:095][132]LogModuleManager: Shutting down and abandoning module AndroidTargetPlatform (38)
[2017.04.08-09.15.54:095][132]LogModuleManager: Shutting down and abandoning module WindowsTargetPlatform (37)
[2017.04.08-09.15.54:095][132]LogModuleManager: Shutting down and abandoning module WindowsServerTargetPlatform (36)
[2017.04.08-09.15.54:095][132]LogModuleManager: Shutting down and abandoning module WindowsNoEditorTargetPlatform (35)
[2017.04.08-09.15.54:095][132]LogModuleManager: Shutting down and abandoning module WindowsClientTargetPlatform (34)
[2017.04.08-09.15.54:095][132]LogModuleManager: Shutting down and abandoning module MacTargetPlatform (33)
[2017.04.08-09.15.54:095][132]LogModuleManager: Shutting down and abandoning module MacServerTargetPlatform (32)
[2017.04.08-09.15.54:095][132]LogModuleManager: Shutting down and abandoning module MacNoEditorTargetPlatform (31)
[2017.04.08-09.15.54:095][132]LogModuleManager: Shutting down and abandoning module MacClientTargetPlatform (30)
[2017.04.08-09.15.54:095][132]LogModuleManager: Shutting down and abandoning module AllDesktopTargetPlatform (29)
[2017.04.08-09.15.54:095][132]LogModuleManager: Shutting down and abandoning module TargetPlatform (28)
[2017.04.08-09.15.54:095][132]LogModuleManager: Shutting down and abandoning module InputCore (27)
[2017.04.08-09.15.54:095][132]LogModuleManager: Shutting down and abandoning module Settings (26)
[2017.04.08-09.15.54:095][132]LogModuleManager: Shutting down and abandoning module OculusRift (25)
[2017.04.08-09.15.54:095][132]LogModuleManager: Shutting down and abandoning module ExampleDeviceProfileSelector (24)
[2017.04.08-09.15.54:095][132]LogModuleManager: Shutting down and abandoning module OnlineBlueprintSupport (23)
[2017.04.08-09.15.54:095][132]LogModuleManager: Shutting down and abandoning module OnlineSubsystem (18)
[2017.04.08-09.15.54:095][132]LogOnline:Display: NULL: FOnlineSubsystemNull::Shutdown()
[2017.04.08-09.15.54:097][132]LogOnline:Display: Unloading online subsystem: STEAM
[2017.04.08-09.15.54:097][132]LogOnline:Display: Unloading online subsystem: NULL
[2017.04.08-09.15.54:097][132]LogModuleManager: Shutting down and abandoning module SSL (17)
[2017.04.08-09.15.54:102][132]LogModuleManager: Shutting down and abandoning module HTTP (16)
[2017.04.08-09.15.54:102][132]LogModuleManager: Shutting down and abandoning module XMPP (15)
[2017.04.08-09.15.54:102][132]LogModuleManager: Shutting down and abandoning module TextureCompressor (14)
[2017.04.08-09.15.54:103][132]LogModuleManager: Shutting down and abandoning module ShaderCore (13)
[2017.04.08-09.15.54:103][132]LogModuleManager: Shutting down and abandoning module Landscape (12)
[2017.04.08-09.15.54:103][132]LogModuleManager: Shutting down and abandoning module SlateRHIRenderer (11)
[2017.04.08-09.15.54:111][132]LogModuleManager: Shutting down and abandoning module OpenGLDrv (10)
[2017.04.08-09.15.54:111][132]LogModuleManager: Shutting down and abandoning module D3D11RHI (9)
[2017.04.08-09.15.54:111][132]LogModuleManager: Shutting down and abandoning module AnimGraphRuntime (8)
[2017.04.08-09.15.54:111][132]LogModuleManager: Shutting down and abandoning module Renderer (7)
[2017.04.08-09.15.54:111][132]LogModuleManager: Shutting down and abandoning module Engine (6)
[2017.04.08-09.15.54:111][132]LogModuleManager: Shutting down and abandoning module CoreUObject (5)
[2017.04.08-09.15.54:111][132]LogModuleManager: Shutting down and abandoning module NetworkFile (4)
[2017.04.08-09.15.54:111][132]LogModuleManager: Shutting down and abandoning module StreamingFile (3)
[2017.04.08-09.15.54:111][132]LogModuleManager: Shutting down and abandoning module SandboxFile (2)
[2017.04.08-09.15.54:111][132]LogModuleManager: Shutting down and abandoning module PakFile (1)
[2017.04.08-09.15.54:118][132]LogExit: Exiting.
[2017.04.08-09.15.54:124][132]Log file closed, 04/08/17 17:15:54
