Log file open, 04/10/17 20:35:40
LogInit:Display: Running engine for game: PurgaStory
LogPlatformFile: Not using cached read wrapper
LogInit:Display: RandInit(1135406459) SRandInit(1135406460).
LogTaskGraph: Started task graph with 5 named threads and 8 total threads with 1 sets of task threads.
LogStats: Stats thread started at 0.171376
LogPluginManager: Loaded Plugin Paper2D, From D:/Unreal/Epic Games/4.14/Engine/Plugins/2D/Paper2D/Paper2D.uplugin
LogPluginManager: Loaded Plugin LightPropagationVolume, From D:/Unreal/Epic Games/4.14/Engine/Plugins/Blendables/LightPropagationVolume/LightPropagationVolume.uplugin
LogPluginManager: Loaded Plugin BlankPlugin, From D:/Unreal/Epic Games/4.14/Engine/Plugins/Developer/BlankPlugin/BlankPlugin.uplugin
LogPluginManager: Loaded Plugin CodeLiteSourceCodeAccess, From D:/Unreal/Epic Games/4.14/Engine/Plugins/Developer/CodeLiteSourceCodeAccess/CodeLiteSourceCodeAccess.uplugin
LogPluginManager: Loaded Plugin GitSourceControl, From D:/Unreal/Epic Games/4.14/Engine/Plugins/Developer/GitSourceControl/GitSourceControl.uplugin
LogPluginManager: Loaded Plugin KDevelopSourceCodeAccess, From D:/Unreal/Epic Games/4.14/Engine/Plugins/Developer/KDevelopSourceCodeAccess/KDevelopSourceCodeAccess.uplugin
LogPluginManager: Loaded Plugin NullSourceCodeAccess, From D:/Unreal/Epic Games/4.14/Engine/Plugins/Developer/NullSourceCodeAccess/NullSourceCodeAccess.uplugin
LogPluginManager: Loaded Plugin OneSkyLocalizationService, From D:/Unreal/Epic Games/4.14/Engine/Plugins/Developer/OneSkyLocalizationService/OneSkyLocalizationService.uplugin
LogPluginManager: Loaded Plugin PerforceSourceControl, From D:/Unreal/Epic Games/4.14/Engine/Plugins/Developer/PerforceSourceControl/PerforceSourceControl.uplugin
LogPluginManager: Loaded Plugin SubversionSourceControl, From D:/Unreal/Epic Games/4.14/Engine/Plugins/Developer/SubversionSourceControl/SubversionSourceControl.uplugin
LogPluginManager: Loaded Plugin UObjectPlugin, From D:/Unreal/Epic Games/4.14/Engine/Plugins/Developer/UObjectPlugin/UObjectPlugin.uplugin
LogPluginManager: Loaded Plugin VisualStudioSourceCodeAccess, From D:/Unreal/Epic Games/4.14/Engine/Plugins/Developer/VisualStudioSourceCodeAccess/VisualStudioSourceCodeAccess.uplugin
LogPluginManager: Loaded Plugin XCodeSourceCodeAccess, From D:/Unreal/Epic Games/4.14/Engine/Plugins/Developer/XCodeSourceCodeAccess/XCodeSourceCodeAccess.uplugin
LogPluginManager: Loaded Plugin AudioCapture, From D:/Unreal/Epic Games/4.14/Engine/Plugins/Editor/AudioCapture/AudioCapture.uplugin
LogPluginManager: Loaded Plugin EpicSurvey, From D:/Unreal/Epic Games/4.14/Engine/Plugins/Editor/EpicSurvey/EpicSurvey.uplugin
LogPluginManager: Loaded Plugin MacGraphicsSwitching, From D:/Unreal/Epic Games/4.14/Engine/Plugins/Editor/MacGraphicsSwitching/MacGraphicsSwitching.uplugin
LogPluginManager: Loaded Plugin MobileLauncherProfileWizard, From D:/Unreal/Epic Games/4.14/Engine/Plugins/Editor/MobileLauncherProfileWizard/MobileLauncherProfileWizard.uplugin
LogPluginManager: Loaded Plugin PluginBrowser, From D:/Unreal/Epic Games/4.14/Engine/Plugins/Editor/PluginBrowser/PluginBrowser.uplugin
LogPluginManager: Loaded Plugin SpeedTreeImporter, From D:/Unreal/Epic Games/4.14/Engine/Plugins/Editor/SpeedTreeImporter/SpeedTreeImporter.uplugin
LogPluginManager: Loaded Plugin SuperSearchEditor, From D:/Unreal/Epic Games/4.14/Engine/Plugins/Editor/SuperSearchEditor/SuperSearchEditor.uplugin
LogPluginManager: Loaded Plugin AlembicImporter, From D:/Unreal/Epic Games/4.14/Engine/Plugins/Experimental/AlembicImporter/AlembicImporter.uplugin
LogPluginManager: Loaded Plugin BlueprintStats, From D:/Unreal/Epic Games/4.14/Engine/Plugins/Experimental/BlueprintStats/BlueprintStats.uplugin
LogPluginManager: Loaded Plugin CharacterAI, From D:/Unreal/Epic Games/4.14/Engine/Plugins/Experimental/CharacterAI/CharacterAI.uplugin
LogPluginManager: Loaded Plugin CodeEditor, From D:/Unreal/Epic Games/4.14/Engine/Plugins/Experimental/CodeEditor/CodeEditor.uplugin
LogPluginManager: Loaded Plugin CodeView, From D:/Unreal/Epic Games/4.14/Engine/Plugins/Experimental/CodeView/CodeView.uplugin
LogPluginManager: Loaded Plugin HTML5Networking, From D:/Unreal/Epic Games/4.14/Engine/Plugins/Experimental/HTML5Networking/HTML5Networking.uplugin
LogPluginManager: Loaded Plugin OSVR, From D:/Unreal/Epic Games/4.14/Engine/Plugins/Experimental/OSVR/OSVR.uplugin
LogPluginManager: Loaded Plugin Phya, From D:/Unreal/Epic Games/4.14/Engine/Plugins/Experimental/Phya/Phya.uplugin
LogPluginManager: Loaded Plugin SignificanceManager, From D:/Unreal/Epic Games/4.14/Engine/Plugins/Experimental/SignificanceManager/SignificanceManager.uplugin
LogPluginManager: Loaded Plugin SimpleHMD, From D:/Unreal/Epic Games/4.14/Engine/Plugins/Experimental/SimpleHMD/SimpleHMD.uplugin
LogPluginManager: Loaded Plugin StereoPanorama, From D:/Unreal/Epic Games/4.14/Engine/Plugins/Experimental/StereoPanorama/StereoPanorama.uplugin
LogPluginManager: Loaded Plugin StructBox, From D:/Unreal/Epic Games/4.14/Engine/Plugins/Experimental/StructBox/StructBox.uplugin
LogPluginManager: Loaded Plugin Substance, From D:/Unreal/Epic Games/4.14/Engine/Plugins/Marketplace/Substance/Substance.uplugin
LogPluginManager: Loaded Plugin AndroidMedia, From D:/Unreal/Epic Games/4.14/Engine/Plugins/Media/AndroidMedia/AndroidMedia.uplugin
LogPluginManager: Loaded Plugin AvfMedia, From D:/Unreal/Epic Games/4.14/Engine/Plugins/Media/AvfMedia/AvfMedia.uplugin
LogPluginManager: Loaded Plugin MediaPlayerEditor, From D:/Unreal/Epic Games/4.14/Engine/Plugins/Media/MediaPlayerEditor/MediaPlayerEditor.uplugin
LogPluginManager: Loaded Plugin WmfMedia, From D:/Unreal/Epic Games/4.14/Engine/Plugins/Media/WmfMedia/WmfMedia.uplugin
LogPluginManager: Loaded Plugin MessagingDebugger, From D:/Unreal/Epic Games/4.14/Engine/Plugins/Messaging/MessagingDebugger/MessagingDebugger.uplugin
LogPluginManager: Loaded Plugin TcpMessaging, From D:/Unreal/Epic Games/4.14/Engine/Plugins/Messaging/TcpMessaging/TcpMessaging.uplugin
LogPluginManager: Loaded Plugin UdpMessaging, From D:/Unreal/Epic Games/4.14/Engine/Plugins/Messaging/UdpMessaging/UdpMessaging.uplugin
LogPluginManager: Loaded Plugin LevelSequenceEditor, From D:/Unreal/Epic Games/4.14/Engine/Plugins/MovieScene/LevelSequenceEditor/LevelSequenceEditor.uplugin
LogPluginManager: Loaded Plugin MatineeToLevelSequence, From D:/Unreal/Epic Games/4.14/Engine/Plugins/MovieScene/MatineeToLevelSequence/MatineeToLevelSequence.uplugin
LogPluginManager: Loaded Plugin NetcodeUnitTest, From D:/Unreal/Epic Games/4.14/Engine/Plugins/NetcodeUnitTest/NetcodeUnitTest/NetcodeUnitTest.uplugin
LogPluginManager: Loaded Plugin NUTUnrealEngine4, From D:/Unreal/Epic Games/4.14/Engine/Plugins/NetcodeUnitTest/NUTUnrealEngine4/NUTUnrealEngine4.uplugin
LogPluginManager: Loaded Plugin OnlineSubsystemGameCircle, From D:/Unreal/Epic Games/4.14/Engine/Plugins/Online/Android/OnlineSubsystemGameCircle/OnlineSubsystemGameCircle.uplugin
LogPluginManager: Loaded Plugin OnlineSubsystemGooglePlay, From D:/Unreal/Epic Games/4.14/Engine/Plugins/Online/Android/OnlineSubsystemGooglePlay/OnlineSubsystemGooglePlay.uplugin
LogPluginManager: Loaded Plugin OnlineSubsystemIOS, From D:/Unreal/Epic Games/4.14/Engine/Plugins/Online/IOS/OnlineSubsystemIOS/OnlineSubsystemIOS.uplugin
LogPluginManager: Loaded Plugin OnlineFramework, From D:/Unreal/Epic Games/4.14/Engine/Plugins/Online/OnlineFramework/OnlineFramework.uplugin
LogPluginManager: Loaded Plugin OnlineSubsystem, From D:/Unreal/Epic Games/4.14/Engine/Plugins/Online/OnlineSubsystem/OnlineSubsystem.uplugin
LogPluginManager: Loaded Plugin OnlineSubsystemAmazon, From D:/Unreal/Epic Games/4.14/Engine/Plugins/Online/OnlineSubsystemAmazon/OnlineSubsystemAmazon.uplugin
LogPluginManager: Loaded Plugin OnlineSubsystemFacebook, From D:/Unreal/Epic Games/4.14/Engine/Plugins/Online/OnlineSubsystemFacebook/OnlineSubsystemFacebook.uplugin
LogPluginManager: Loaded Plugin OnlineSubsystemNull, From D:/Unreal/Epic Games/4.14/Engine/Plugins/Online/OnlineSubsystemNull/OnlineSubsystemNull.uplugin
LogPluginManager: Loaded Plugin OnlineSubsystemOculus, From D:/Unreal/Epic Games/4.14/Engine/Plugins/Online/OnlineSubsystemOculus/OnlineSubsystemOculus.uplugin
LogPluginManager: Loaded Plugin OnlineSubsystemSteam, From D:/Unreal/Epic Games/4.14/Engine/Plugins/Online/OnlineSubsystemSteam/OnlineSubsystemSteam.uplugin
LogPluginManager: Loaded Plugin OnlineSubsystemUtils, From D:/Unreal/Epic Games/4.14/Engine/Plugins/Online/OnlineSubsystemUtils/OnlineSubsystemUtils.uplugin
LogPluginManager: Loaded Plugin IOSTapJoy, From D:/Unreal/Epic Games/4.14/Engine/Plugins/Runtime/Advertising/IOSTapJoy/IOSTapJoy.uplugin
LogPluginManager: Loaded Plugin AnalyticsBlueprintLibrary, From D:/Unreal/Epic Games/4.14/Engine/Plugins/Runtime/Analytics/AnalyticsBlueprintLibrary/AnalyticsBlueprintLibrary.uplugin
LogPluginManager: Loaded Plugin AnalyticsMulticast, From D:/Unreal/Epic Games/4.14/Engine/Plugins/Runtime/Analytics/AnalyticsMulticast/AnalyticsMulticast.uplugin
LogPluginManager: Loaded Plugin Apsalar, From D:/Unreal/Epic Games/4.14/Engine/Plugins/Runtime/Analytics/Apsalar/Apsalar.uplugin
LogPluginManager: Loaded Plugin FileLogging, From D:/Unreal/Epic Games/4.14/Engine/Plugins/Runtime/Analytics/FileLogging/FileLogging.uplugin
LogPluginManager: Loaded Plugin Flurry, From D:/Unreal/Epic Games/4.14/Engine/Plugins/Runtime/Analytics/Flurry/Flurry.uplugin
LogPluginManager: Loaded Plugin AndroidDeviceProfileSelector, From D:/Unreal/Epic Games/4.14/Engine/Plugins/Runtime/AndroidDeviceProfileSelector/AndroidDeviceProfileSelector.uplugin
LogPluginManager: Loaded Plugin AndroidMoviePlayer, From D:/Unreal/Epic Games/4.14/Engine/Plugins/Runtime/AndroidMoviePlayer/AndroidMoviePlayer.uplugin
LogPluginManager: Loaded Plugin AppleMoviePlayer, From D:/Unreal/Epic Games/4.14/Engine/Plugins/Runtime/AppleMoviePlayer/AppleMoviePlayer.uplugin
LogPluginManager: Loaded Plugin ArchVisCharacter, From D:/Unreal/Epic Games/4.14/Engine/Plugins/Runtime/ArchVisCharacter/ArchVisCharacter.uplugin
LogPluginManager: Loaded Plugin CableComponent, From D:/Unreal/Epic Games/4.14/Engine/Plugins/Runtime/CableComponent/CableComponent.uplugin
LogPluginManager: Loaded Plugin CustomMeshComponent, From D:/Unreal/Epic Games/4.14/Engine/Plugins/Runtime/CustomMeshComponent/CustomMeshComponent.uplugin
LogPluginManager: Loaded Plugin ExampleDeviceProfileSelector, From D:/Unreal/Epic Games/4.14/Engine/Plugins/Runtime/ExampleDeviceProfileSelector/ExampleDeviceProfileSelector.uplugin
LogPluginManager: Loaded Plugin GearVR, From D:/Unreal/Epic Games/4.14/Engine/Plugins/Runtime/GearVR/GearVR.uplugin
LogPluginManager: Loaded Plugin GoogleVRController, From D:/Unreal/Epic Games/4.14/Engine/Plugins/Runtime/GoogleVR/GoogleVRController/GoogleVRController.uplugin
LogPluginManager: Loaded Plugin GoogleVRHMD, From D:/Unreal/Epic Games/4.14/Engine/Plugins/Runtime/GoogleVR/GoogleVRHMD/GoogleVRHMD.uplugin
LogPluginManager: Loaded Plugin IOSDeviceProfileSelector, From D:/Unreal/Epic Games/4.14/Engine/Plugins/Runtime/IOSDeviceProfileSelector/IOSDeviceProfileSelector.uplugin
LogPluginManager: Loaded Plugin LeapMotion, From D:/Unreal/Epic Games/4.14/Engine/Plugins/Runtime/LeapMotion/LeapMotion.uplugin
LogPluginManager: Loaded Plugin LinuxDeviceProfileSelector, From D:/Unreal/Epic Games/4.14/Engine/Plugins/Runtime/LinuxDeviceProfileSelector/LinuxDeviceProfileSelector.uplugin
LogPluginManager: Loaded Plugin MIDIDevice, From D:/Unreal/Epic Games/4.14/Engine/Plugins/Runtime/MIDIDevice/MIDIDevice.uplugin
LogPluginManager: Loaded Plugin MobilePatchingUtils, From D:/Unreal/Epic Games/4.14/Engine/Plugins/Runtime/MobilePatchingUtils/MobilePatchingUtils.uplugin
LogPluginManager: Loaded Plugin Ansel, From D:/Unreal/Epic Games/4.14/Engine/Plugins/Runtime/Nvidia/Ansel/Ansel.uplugin
LogPluginManager: Loaded Plugin OculusAudio, From D:/Unreal/Epic Games/4.14/Engine/Plugins/Runtime/OculusAudio/OculusAudio.uplugin
LogPluginManager: Loaded Plugin OculusInput, From D:/Unreal/Epic Games/4.14/Engine/Plugins/Runtime/OculusInput/OculusInput.uplugin
LogPluginManager: Loaded Plugin OculusLibrary, From D:/Unreal/Epic Games/4.14/Engine/Plugins/Runtime/OculusLibrary/OculusLibrary.uplugin
LogPluginManager: Loaded Plugin OculusRift, From D:/Unreal/Epic Games/4.14/Engine/Plugins/Runtime/OculusRift/OculusRift.uplugin
LogPluginManager: Loaded Plugin Oodle, From D:/Unreal/Epic Games/4.14/Engine/Plugins/Runtime/PacketHandlers/CompressionComponents/Oodle/Oodle.uplugin
LogPluginManager: Loaded Plugin ProceduralMeshComponent, From D:/Unreal/Epic Games/4.14/Engine/Plugins/Runtime/ProceduralMeshComponent/ProceduralMeshComponent.uplugin
LogPluginManager: Loaded Plugin SoundMod, From D:/Unreal/Epic Games/4.14/Engine/Plugins/Runtime/SoundMod/SoundMod.uplugin
LogPluginManager: Loaded Plugin SoundVisualizations, From D:/Unreal/Epic Games/4.14/Engine/Plugins/Runtime/SoundVisualizations/SoundVisualizations.uplugin
LogPluginManager: Loaded Plugin SteamController, From D:/Unreal/Epic Games/4.14/Engine/Plugins/Runtime/Steam/SteamController/SteamController.uplugin
LogPluginManager: Loaded Plugin SteamVR, From D:/Unreal/Epic Games/4.14/Engine/Plugins/Runtime/Steam/SteamVR/SteamVR.uplugin
LogPluginManager: Loaded Plugin WebBrowserWidget, From D:/Unreal/Epic Games/4.14/Engine/Plugins/Runtime/WebBrowserWidget/WebBrowserWidget.uplugin
LogPluginManager: Loaded Plugin WindowsDeviceProfileSelector, From D:/Unreal/Epic Games/4.14/Engine/Plugins/Runtime/WindowsDeviceProfileSelector/WindowsDeviceProfileSelector.uplugin
LogPluginManager: Loaded Plugin WindowsMoviePlayer, From D:/Unreal/Epic Games/4.14/Engine/Plugins/Runtime/WindowsMoviePlayer/WindowsMoviePlayer.uplugin
LogPluginManager: Loaded Plugin ScriptPlugin, From D:/Unreal/Epic Games/4.14/Engine/Plugins/ScriptPlugin/ScriptPlugin.uplugin
LogPluginManager: Loaded Plugin SlateRemote, From D:/Unreal/Epic Games/4.14/Engine/Plugins/Slate/SlateRemote/SlateRemote.uplugin
LogPluginManager: Loaded Plugin EditorTests, From D:/Unreal/Epic Games/4.14/Engine/Plugins/Tests/EditorTests/EditorTests.uplugin
LogPluginManager: Loaded Plugin FbxAutomationTestBuilder, From D:/Unreal/Epic Games/4.14/Engine/Plugins/Tests/FbxAutomationTestBuilder/FbxAutomationTestBuilder.uplugin
LogPluginManager: Loaded Plugin FunctionalTestingEditor, From D:/Unreal/Epic Games/4.14/Engine/Plugins/Tests/FunctionalTestingEditor/FunctionalTestingEditor.uplugin
LogPluginManager: Loaded Plugin RuntimeTests, From D:/Unreal/Epic Games/4.14/Engine/Plugins/Tests/RuntimeTests/RuntimeTests.uplugin
LogPluginManager: Loaded Plugin ScreenshotTools, From D:/Unreal/Epic Games/4.14/Engine/Plugins/Tests/ScreenshotTools/ScreenshotTools.uplugin
LogInit: Using libcurl 7.47.1
LogInit:  - built for x86_64-pc-win32
LogInit:  - supports SSL with OpenSSL/1.0.2g
LogInit:  - supports HTTP deflate (compression) using libz 1.2.8
LogInit:  - other features:
LogInit:      CURL_VERSION_SSL
LogInit:      CURL_VERSION_LIBZ
LogInit:      CURL_VERSION_IPV6
LogInit:      CURL_VERSION_ASYNCHDNS
LogInit:      CURL_VERSION_LARGEFILE
LogInit:      CURL_VERSION_IDN
LogInit:  CurlRequestOptions (configurable via config and command line):
LogInit:  - bVerifyPeer = false  - Libcurl will NOT verify peer certificate
LogInit:  - bUseHttpProxy = false  - Libcurl will NOT use HTTP proxy
LogInit:  - bDontReuseConnections = false  - Libcurl will reuse connections
LogInit:  - CertBundlePath = nullptr  - Libcurl will use whatever was configured at build time.
LogOnline:Display: STEAM: Loading Steam SDK 1.32
LogInit: WinSock: version 1.1 (2.2), MaxSocks=32767, MaxUdp=65467
LogInit: Build: ++UE4+Release-4.14-CL-3249277
LogInit: Engine Version: 4.14.3-3249277+++UE4+Release-4.14
LogInit: Compatible Engine Version: 4.14.0-3195953+++UE4+Release-4.14
LogInit: Net CL: 3195953
LogDevObjectVersion: Number of dev versions registered: 13
LogDevObjectVersion:   Dev-Blueprints (B0D832E4-1F89-4F0D-ACCF-7EB736FD4AA2): 7
LogDevObjectVersion:   Dev-Build (E1C64328-A22C-4D53-A36C-8E866417BD8C): 0
LogDevObjectVersion:   Dev-Core (375EC13C-06E4-48FB-B500-84F0262A717E): 1
LogDevObjectVersion:   Dev-Editor (E4B068ED-F494-42E9-A231-DA0B2E46BB41): 8
LogDevObjectVersion:   Dev-Framework (CFFC743F-43B0-4480-9391-14DF171D2073): 17
LogDevObjectVersion:   Dev-Mobile (B02B49B5-BB20-44E9-A304-32B752E40360): 0
LogDevObjectVersion:   Dev-Networking (A4E4105C-59A1-49B5-A7C5-40C4547EDFEE): 0
LogDevObjectVersion:   Dev-Online (39C831C9-5AE6-47DC-9A44-9C173E1C8E7C): 0
LogDevObjectVersion:   Dev-Physics (78F01B33-EBEA-4F98-B9B4-84EACCB95AA2): 0
LogDevObjectVersion:   Dev-Platform (6631380F-2D4D-43E0-8009-CF276956A95A): 0
LogDevObjectVersion:   Dev-Rendering (12F88B9F-8875-4AFC-A67C-D90C383ABD29): 12
LogDevObjectVersion:   Dev-Sequencer (7B5AE74C-D270-4C10-A958-57980B212A5A): 1
LogDevObjectVersion:   Dev-VR (D7296918-1DD6-4BDD-9DE2-64A83CC13884): 0
LogInit: Compiled (64-bit): Jan  6 2017 10:49:43
LogInit: Compiled with Visual C++: 19.00.23026.00
LogInit: Build Configuration: Development
LogInit: Branch Name: ++UE4+Release-4.14
LogInit: Command line:  /Temp/Autosaves/Game/Multiplayer/Maps/UEDPCMP_mainMenu -game -PIEVIACONSOLE -ResX=720 -ResY=540  -Multiprocess -messaging -SessionName="Play in Standalone Game" -windowed 
LogInit: Base directory: D:/Unreal/Epic Games/4.14/Engine/Binaries/Win64/
LogInit: Installed Engine Build: 1
LogInit: Presizing for max 8388607 objects, including 0 objects not considered by GC, pre-allocating 0 bytes for permanent pool.
LogInit: Object subsystem initialized
[2017.04.10-12.35.42:900][  0]LogInit: Selected Device Profile: [Windows]
[2017.04.10-12.35.42:900][  0]LogInit: Applying CVar settings loaded from the selected device profile: [Windows]
[2017.04.10-12.35.42:923][  0]LogInit: Computer: ASUS
[2017.04.10-12.35.42:923][  0]LogInit: User: User
[2017.04.10-12.35.42:923][  0]LogInit: CPU Page size=65536, Cores=4
[2017.04.10-12.35.42:923][  0]LogInit: High frequency timer resolution =2.533194 MHz
[2017.04.10-12.35.42:924][  0]LogMemory: Memory total: Physical=11.9GB (12GB approx)
[2017.04.10-12.35.42:924][  0]LogMemory: Platform Memory Stats for Windows
[2017.04.10-12.35.42:924][  0]LogMemory: Process Physical Memory: 304.09 MB used, 304.09 MB peak
[2017.04.10-12.35.42:924][  0]LogMemory: Process Virtual Memory: 284.13 MB used, 284.13 MB peak
[2017.04.10-12.35.42:924][  0]LogMemory: Physical Memory: 5808.36 MB used,  6368.54 MB free, 12176.89 MB total
[2017.04.10-12.35.42:924][  0]LogMemory: Virtual Memory: 797.90 MB used,  6368.54 MB free, 134217728.00 MB total
[2017.04.10-12.35.43:019][  0]LogTextLocalizationManager: No specific translations for ('en-SG') exist, so ('en') translations will be used.
[2017.04.10-12.35.44:145][  0]LogD3D11RHI: D3D11 adapters:
[2017.04.10-12.35.44:211][  0]LogD3D11RHI:    0. 'NVIDIA GeForce GTX 950M' (Feature Level 11_0)
[2017.04.10-12.35.44:211][  0]LogD3D11RHI:       4036/0/6088 MB DedicatedVideo/DedicatedSystem/SharedSystem, Outputs:1, VendorId:0x10de
[2017.04.10-12.35.44:229][  0]LogD3D11RHI:    1. 'Intel(R) HD Graphics 4600' (Feature Level 11_0)
[2017.04.10-12.35.44:229][  0]LogD3D11RHI:       112/0/2048 MB DedicatedVideo/DedicatedSystem/SharedSystem, Outputs:0, VendorId:0x8086
[2017.04.10-12.35.44:234][  0]LogD3D11RHI:    2. 'Microsoft Basic Render Driver' (Feature Level 11_0)
[2017.04.10-12.35.44:234][  0]LogD3D11RHI:       0/0/6088 MB DedicatedVideo/DedicatedSystem/SharedSystem, Outputs:0, VendorId:0x1414
[2017.04.10-12.35.44:234][  0]LogD3D11RHI: Chosen D3D11 Adapter: 0
[2017.04.10-12.35.44:248][  0]LogD3D11RHI: Creating new Direct3DDevice
[2017.04.10-12.35.44:249][  0]LogD3D11RHI:     GPU DeviceId: 0x139a (for the marketing name, search the web for "GPU Device Id")
[2017.04.10-12.35.44:249][  0]LogWindows: EnumDisplayDevices:
[2017.04.10-12.35.44:249][  0]LogWindows:    0. 'Intel(R) HD Graphics 4600' (P:1 D:1)
[2017.04.10-12.35.44:249][  0]LogWindows:    1. 'Intel(R) HD Graphics 4600' (P:0 D:0)
[2017.04.10-12.35.44:250][  0]LogWindows:    2. 'Intel(R) HD Graphics 4600' (P:0 D:0)
[2017.04.10-12.35.44:250][  0]LogWindows: DebugString: PrimaryIsNotTheChoosenAdapter PrimaryIsNotTheChoosenAdapter PrimaryIsNotTheChoosenAdapter FoundDriverCount:0 
[2017.04.10-12.35.44:250][  0]LogD3D11RHI:     Adapter Name: NVIDIA GeForce GTX 950M
[2017.04.10-12.35.44:250][  0]LogD3D11RHI:   Driver Version: Unknown (internal:Unknown, unified:Unknown)
[2017.04.10-12.35.44:250][  0]LogD3D11RHI:      Driver Date: Unknown
[2017.04.10-12.35.44:250][  0]LogRHI: Texture pool is 1361 MB (70% of 1945 MB)
[2017.04.10-12.35.44:286][  0]LogD3D11RHI: Async texture creation enabled
[2017.04.10-12.35.44:304][  0]LogD3D11RHI: GPU Timing Frequency: 1000.000000 (Debug: 2 1)
[2017.04.10-12.35.44:306][  0]LogShaderCompilers: Guid format shader working directory is 16 characters bigger than the processId version (../../../../../PurgaStory_v3/Intermediate/Shaders/WorkingDirectory/11348/).
[2017.04.10-12.35.44:306][  0]LogShaderCompilers: Cleaned the shader compiler working directory 'C:/Users/User/AppData/Local/Temp/UnrealShaderWorkingDir/40478828452D803A14B768B7789D8203/'.
[2017.04.10-12.35.44:306][  0]LogShaderCompilers:Display: Using Local Shader Compiler.
[2017.04.10-12.35.48:835][  0]LogTemp:Display: Loaded TP WindowsClientTargetPlatform
[2017.04.10-12.35.49:006][  0]LogTemp:Display: Loaded TP WindowsNoEditorTargetPlatform
[2017.04.10-12.35.49:178][  0]LogTemp:Display: Loaded TP WindowsServerTargetPlatform
[2017.04.10-12.35.49:310][  0]LogTemp:Display: Loaded TP WindowsTargetPlatform
[2017.04.10-12.35.49:310][  0]LogTargetPlatformManager:Display: Building Assets For Windows
[2017.04.10-12.35.50:495][  0]LogDerivedDataCache:Display: Max Cache Size: 512 MB
[2017.04.10-12.35.50:679][  0]LogDerivedDataCache: Loaded boot cache 0.18s 50MB C:/Users/User/AppData/Local/UnrealEngine/4.14/DerivedDataCache/Boot.ddc.
[2017.04.10-12.35.50:679][  0]LogDerivedDataCache:Display: Loaded Boot cache: C:/Users/User/AppData/Local/UnrealEngine/4.14/DerivedDataCache/Boot.ddc
[2017.04.10-12.35.50:679][  0]LogDerivedDataCache: FDerivedDataBackendGraph:  Pak pak cache file ../../../../../PurgaStory_v3/DerivedDataCache/DDC.ddp not found, will not use a pak cache.
[2017.04.10-12.35.50:679][  0]LogDerivedDataCache: Unable to find inner node Pak for hierarchical cache Hierarchy.
[2017.04.10-12.35.50:680][  0]LogDerivedDataCache: FDerivedDataBackendGraph:  CompressedPak pak cache file ../../../../../PurgaStory_v3/DerivedDataCache/Compressed.ddp not found, will not use a pak cache.
[2017.04.10-12.35.50:680][  0]LogDerivedDataCache: Unable to find inner node CompressedPak for hierarchical cache Hierarchy.
[2017.04.10-12.35.50:748][  0]LogDerivedDataCache:Display: Pak cache opened for reading ../../../Engine/DerivedDataCache/Compressed.ddp.
[2017.04.10-12.35.50:763][  0]LogDerivedDataCache: Using Local data cache path C:/Users/User/AppData/Local/UnrealEngine/Common/DerivedDataCache: Writable
[2017.04.10-12.35.51:805][  0]LogAssetRegistry: FAssetRegistry took 0.0003 seconds to start up
[2017.04.10-12.35.51:821][  0]LogPackageLocalizationCache: Processed 3 localized package path(s) for 2 prioritized culture(s) in 0.015545 seconds
[2017.04.10-12.35.51:881][  0]LogInit: Selected Device Profile: [Windows]
[2017.04.10-12.35.51:888][  0]LogContentStreaming: Texture pool size is 1000.00 MB
[2017.04.10-12.35.52:558][  0]LogMeshUtilities: Using QuadricMeshReduction for automatic static mesh reduction
[2017.04.10-12.35.52:695][  0]LogSimplygon: Simplygon DLL not present - disabling.
[2017.04.10-12.35.52:827][  0]LogMeshUtilities: Using SimplygonSwarm for distributed automatic mesh merging
[2017.04.10-12.35.52:827][  0]LogMeshUtilities: No automatic skeletal mesh reduction module available
[2017.04.10-12.35.52:827][  0]LogMeshUtilities: No automatic mesh merging module available
[2017.04.10-12.35.54:358][  0]LogNetVersion: GetLocalNetworkVersion: CL: 3195953, ProjectName: purgastory, ProjectVersion: , EngineNetworkVersion: 2, GameNetworkVersion: 0, NetworkChecksum: 4090582873
[2017.04.10-12.35.56:547][  0]LogSlate: Using Freetype 2.6.0
[2017.04.10-12.35.56:548][  0]LogSlate: SlateFontCache - WITH_FREETYPE: 1, WITH_HARFBUZZ: 1
[2017.04.10-12.35.56:548][  0]LogSlate: SlateFontCache - WITH_FREETYPE: 1, WITH_HARFBUZZ: 1
[2017.04.10-12.35.56:930][  0]LogMoviePlayer: Initializing movie player
[2017.04.10-12.35.57:024][  0]LogWindowsTextInputMethodSystem:Display: IME system now deactivated.
[2017.04.10-12.35.57:094][  0]LogWindowsMoviePlayer: Unable to load movie: ../../../../../PurgaStory_v3/Content/Movies/Default_Startup.mp4
[2017.04.10-12.35.57:638][  0]LogSubstanceCoreModule: Substance [CPU] Engine Loaded, Max Texture Size = 2048
[2017.04.10-12.35.57:728][  0]LogTcpMessaging: Initializing TcpMessaging bridge
[2017.04.10-12.35.57:818][  0]LogUdpMessaging: Initializing bridge on interface 0.0.0.0:0 to multicast group 230.0.0.1:6666.
[2017.04.10-12.35.58:135][  0]SourceControl: Info Source control is disabled
[2017.04.10-12.35.58:135][  0]SourceControl: Info Source control is disabled
[2017.04.10-12.35.58:264][  0]SourceControl: Info Source control is disabled
[2017.04.10-12.36.00:221][  0]LogUObjectArray: 33665 objects as part of root set at end of initial load.
[2017.04.10-12.36.00:221][  0]LogUObjectAllocator: 7660528 out of 0 bytes used by permanent object pool.
[2017.04.10-12.36.00:221][  0]LogUObjectArray: CloseDisregardForGC: 0/0 objects in disregard for GC pool
[2017.04.10-12.36.00:534][  0]LogEngine: Initializing Engine...
[2017.04.10-12.36.00:536][  0]LogHMD: Failed to initialize OpenVR with code 110
[2017.04.10-12.36.00:947][  0]LogInit: XAudio2 using 'Speakers (Conexant SmartAudio HD)' : 2 channels at 48 kHz using 32 bits per sample (channel mask 0x3)
[2017.04.10-12.36.00:984][  0]LogInit: FAudioDevice initialized.
[2017.04.10-12.36.01:021][  0]LogInit: Texture streaming: Enabled
[2017.04.10-12.36.01:076][  0]LogMaterial: Uniform references updated for custom material expression Custom.
[2017.04.10-12.36.05:899][  0]LogInit:Display: Game Engine Initialized.
[2017.04.10-12.36.06:370][  0]LogInit:Display: Starting Game.
[2017.04.10-12.36.06:370][  0]LogNet: Browse: /Temp/Autosaves/Game/Multiplayer/Maps/UEDPCMP_mainMenu?Name=Player
[2017.04.10-12.36.06:370][  0]LogLoad: LoadMap: /Temp/Autosaves/Game/Multiplayer/Maps/UEDPCMP_mainMenu?Name=Player
[2017.04.10-12.36.07:078][  0]LogMemory: Platform Memory Stats for Windows
[2017.04.10-12.36.07:079][  0]LogMemory: Process Physical Memory: 967.70 MB used, 1529.43 MB peak
[2017.04.10-12.36.07:079][  0]LogMemory: Process Virtual Memory: 1321.95 MB used, 1798.75 MB peak
[2017.04.10-12.36.07:079][  0]LogMemory: Physical Memory: 6421.45 MB used,  5755.44 MB free, 12176.89 MB total
[2017.04.10-12.36.07:079][  0]LogMemory: Virtual Memory: 2069.33 MB used,  5755.44 MB free, 134217728.00 MB total
[2017.04.10-12.36.07:079][  0]LogMemory: 
[2017.04.10-12.36.07:079][  0]Allocator Stats for TBB: (not implemented)
[2017.04.10-12.36.07:502][  0]LogAIModule: Creating AISystem for world MP_mainMenu
[2017.04.10-12.36.09:143][  0]LogBlueprint:Warning: [BP_Seeker] 'HidingTimeLeft' variable not found. Base class was probably changed.
[2017.04.10-12.36.10:621][  0]LogAudioDerivedData:Display: Building compressed audio format OGG wave PurgaStory_win...
[2017.04.10-12.36.11:020][  0]LogAudioDerivedData:Display: Building compressed audio format OGG wave PurgaStory_lose...
[2017.04.10-12.36.11:542][  0]LogAudioDerivedData:Display: Building compressed audio format OGG wave Time_to_Hide...
[2017.04.10-12.36.12:751][  0]LogAudioDerivedData:Display: Building compressed audio format OGG wave Find_me_if_you_can...
[2017.04.10-12.36.20:982][  0]LogLoad: Game class is 'FirstPersonGameMode_C'
[2017.04.10-12.36.20:990][  0]LogWorld: Bringing World /Temp/Autosaves/Game/Multiplayer/Maps/UEDPCMP_mainMenu.MP_mainMenu up for play (max tick rate 0) at 2017.04.10-20.36.20
[2017.04.10-12.36.20:991][  0]LogWorld: Bringing up level for play took: 0.003216
[2017.04.10-12.36.20:995][  0]LogGameMode:Display: Match State Changed from EnteringMap to WaitingToStart
[2017.04.10-12.36.20:995][  0]LogGameState: Match State Changed from EnteringMap to WaitingToStart
[2017.04.10-12.36.20:995][  0]LogGameMode:Display: Match State Changed from WaitingToStart to InProgress
[2017.04.10-12.36.21:006][  0]LogBlueprintUserMessages: [MP_mainMenu_C_1] Hello, i am opening main menu
[2017.04.10-12.36.21:006][  0]LogScriptCore:Warning: Script Msg: DestroySession - Invalid player state
[2017.04.10-12.36.21:010][  0]LogGameState: Match State Changed from WaitingToStart to InProgress
[2017.04.10-12.36.21:010][  0]LogLoad: Took 14.639668 seconds to LoadMap(/Temp/Autosaves/Game/Multiplayer/Maps/UEDPCMP_mainMenu)
[2017.04.10-12.36.21:627][  0]LogLoad: (Engine Initialization) Total time: 44.53 seconds
[2017.04.10-12.36.21:627][  0]LogLoad: (Engine Initialization) Total Blueprint compile time: 2.32 seconds
[2017.04.10-12.36.21:627][  0]LogExternalProfiler: Found external profiler: VSPerf
[2017.04.10-12.36.21:627][  0]LogExternalProfiler: Using external profiler: VSPerf
[2017.04.10-12.36.21:648][  0]LogOcInput: OculusInput pre-init called
[2017.04.10-12.36.21:954][  2]LogRenderer: Reallocating scene render targets to support 720x540 NumSamples 1 (Frame:2).
[2017.04.10-12.36.21:965][  2]LogUnrealMath:Error: FMatrix::InverseFast(), trying to invert a NIL matrix, this results in NaNs! Use Inverse() instead.
[2017.04.10-12.36.21:987][  2]LogStats: FPlatformStackWalk::StackWalkAndDump -  0.022 s
[2017.04.10-12.36.21:987][  2]LogOutputDevice:Error: === Handled ensure: ===
[2017.04.10-12.36.21:987][  2]LogOutputDevice:Error: 
[2017.04.10-12.36.21:987][  2]LogOutputDevice:Error: Ensure condition failed: false [File:D:\Build\++UE4+Release-4.14+Compile\Sync\Engine\Source\Runtime\Core\Private\Math\Matrix.cpp] [Line: 9]
[2017.04.10-12.36.21:987][  2]LogOutputDevice:Error: FMatrix::InverseFast(), trying to invert a NIL matrix, this results in NaNs! Use Inverse() instead.
[2017.04.10-12.36.21:987][  2]LogOutputDevice:Error: Stack: 
[2017.04.10-12.36.21:987][  2]LogOutputDevice:Error: UE4Editor-Core.dll
[2017.04.10-12.36.21:987][  2]LogOutputDevice:Error: UE4Editor-Core.dll
[2017.04.10-12.36.21:987][  2]LogOutputDevice:Error: UE4Editor-Core.dll
[2017.04.10-12.36.21:987][  2]LogOutputDevice:Error: UE4Editor-Core.dll
[2017.04.10-12.36.21:987][  2]LogOutputDevice:Error: UE4Editor-Engine.dll
[2017.04.10-12.36.21:987][  2]LogOutputDevice:Error: UE4Editor-Engine.dll
[2017.04.10-12.36.21:987][  2]LogOutputDevice:Error: UE4Editor-Renderer.dll
[2017.04.10-12.36.21:987][  2]LogOutputDevice:Error: UE4Editor-Renderer.dll
[2017.04.10-12.36.21:987][  2]LogOutputDevice:Error: UE4Editor-Renderer.dll
[2017.04.10-12.36.21:987][  2]LogOutputDevice:Error: UE4Editor-Renderer.dll
[2017.04.10-12.36.21:987][  2]LogOutputDevice:Error: UE4Editor-Renderer.dll
[2017.04.10-12.36.21:987][  2]LogOutputDevice:Error: UE4Editor-Renderer.dll
[2017.04.10-12.36.21:987][  2]LogOutputDevice:Error: UE4Editor-Core.dll
[2017.04.10-12.36.21:987][  2]LogOutputDevice:Error: UE4Editor-Core.dll
[2017.04.10-12.36.21:987][  2]LogOutputDevice:Error: UE4Editor-RenderCore.dll
[2017.04.10-12.36.21:988][  2]LogOutputDevice:Error: UE4Editor-RenderCore.dll
[2017.04.10-12.36.21:988][  2]LogOutputDevice:Error: UE4Editor-Core.dll
[2017.04.10-12.36.21:988][  2]LogOutputDevice:Error: UE4Editor-Core.dll
[2017.04.10-12.36.21:988][  2]LogOutputDevice:Error: KERNEL32.DLL
[2017.04.10-12.36.21:988][  2]LogOutputDevice:Error: ntdll.dll
[2017.04.10-12.36.21:988][  2]LogOutputDevice:Error: 
[2017.04.10-12.36.21:988][  2]LogStats:                SubmitErrorReport -  0.000 s
[2017.04.10-12.36.23:161][  2]LogStats:                    SendNewReport -  1.174 s
[2017.04.10-12.36.23:161][  2]LogStats:             FDebug::EnsureFailed -  1.196 s
[2017.04.10-12.36.23:253][  2]LogUnrealMath:Error: FMatrix::InverseFast(), trying to invert a NIL matrix, this results in NaNs! Use Inverse() instead.
[2017.04.10-12.36.23:304][  2]LogWindowsTextInputMethodSystem:Display: IME system now deactivated.
[2017.04.10-12.36.23:312][  2]LogEngine: All Windows Closed
[2017.04.10-12.36.23:312][  2]LogWindows: FPlatformMisc::RequestExit(0)
[2017.04.10-12.36.23:314][  3]LogMoviePlayer: Shutting down movie player
[2017.04.10-12.36.24:115][  3]LogExit: Preparing to exit.
[2017.04.10-12.36.25:350][  3]LogExit: Game engine shut down
[2017.04.10-12.36.25:775][  3]LogObj: Freed 0b from 0 cluster array pools.
[2017.04.10-12.36.25:776][  3]LogExit: Object subsystem successfully closed.
[2017.04.10-12.36.25:796][  3]LogD3D11RHI: Shutdown
[2017.04.10-12.36.25:796][  3]LogD3D11RHI: CleanupD3DDevice
[2017.04.10-12.36.26:024][  3]LogD3D11RHI: ~FD3D11DynamicRHI
[2017.04.10-12.36.26:078][  3]LogModuleManager: Shutting down and abandoning module SequenceRecorderSections (127)
[2017.04.10-12.36.26:078][  3]LogModuleManager: Shutting down and abandoning module SequenceRecorder (126)
[2017.04.10-12.36.26:078][  3]LogModuleManager: Shutting down and abandoning module AutomationController (125)
[2017.04.10-12.36.26:078][  3]LogModuleManager: Shutting down and abandoning module AutomationWorker (124)
[2017.04.10-12.36.26:078][  3]LogModuleManager: Shutting down and abandoning module GameplayDebugger (123)
[2017.04.10-12.36.26:078][  3]LogModuleManager: Shutting down and abandoning module AITestSuite (122)
[2017.04.10-12.36.26:078][  3]LogModuleManager: Shutting down and abandoning module AIModule (121)
[2017.04.10-12.36.26:079][  3]LogModuleManager: Shutting down and abandoning module WmfMediaFactory (120)
[2017.04.10-12.36.26:079][  3]LogModuleManager: Shutting down and abandoning module AvfMediaFactory (119)
[2017.04.10-12.36.26:079][  3]LogModuleManager: Shutting down and abandoning module Media (118)
[2017.04.10-12.36.26:079][  3]LogModuleManager: Shutting down and abandoning module AndroidMediaFactory (117)
[2017.04.10-12.36.26:079][  3]LogModuleManager: Shutting down and abandoning module CharacterAI (116)
[2017.04.10-12.36.26:079][  3]LogModuleManager: Shutting down and abandoning module SessionServices (115)
[2017.04.10-12.36.26:079][  3]LogModuleManager: Shutting down and abandoning module MovieSceneCapture (114)
[2017.04.10-12.36.26:079][  3]LogModuleManager: Shutting down and abandoning module GeometryCacheEd (113)
[2017.04.10-12.36.26:079][  3]LogModuleManager: Shutting down and abandoning module GeometryCache (112)
[2017.04.10-12.36.26:079][  3]LogModuleManager: Shutting down and abandoning module Niagara (111)
[2017.04.10-12.36.26:079][  3]LogModuleManager: Shutting down and abandoning module StreamingPauseRendering (110)
[2017.04.10-12.36.26:079][  3]LogModuleManager: Shutting down and abandoning module PortalServices (109)
[2017.04.10-12.36.26:079][  3]LogModuleManager: Shutting down and abandoning module PortalRpc (108)
[2017.04.10-12.36.26:079][  3]LogModuleManager: Shutting down and abandoning module MessagingRpc (107)
[2017.04.10-12.36.26:079][  3]LogModuleManager: Shutting down and abandoning module ProfilerService (106)
[2017.04.10-12.36.26:116][  3]LogModuleManager: Shutting down and abandoning module TaskGraph (105)
[2017.04.10-12.36.26:117][  3]LogModuleManager: Shutting down and abandoning module SlateRemote (104)
[2017.04.10-12.36.26:117][  3]LogModuleManager: Shutting down and abandoning module SteamVRController (103)
[2017.04.10-12.36.26:117][  3]LogModuleManager: Shutting down and abandoning module SteamVR (102)
[2017.04.10-12.36.26:117][  3]LogModuleManager: Shutting down and abandoning module ProceduralMeshComponent (101)
[2017.04.10-12.36.26:117][  3]LogModuleManager: Shutting down and abandoning module OculusLibrary (100)
[2017.04.10-12.36.26:117][  3]LogModuleManager: Shutting down and abandoning module OculusInput (99)
[2017.04.10-12.36.26:117][  3]LogModuleManager: Shutting down and abandoning module MobilePatchingUtils (98)
[2017.04.10-12.36.26:117][  3]LogModuleManager: Shutting down and abandoning module CustomMeshComponent (97)
[2017.04.10-12.36.26:117][  3]LogModuleManager: Shutting down and abandoning module CableComponent (96)
[2017.04.10-12.36.26:117][  3]LogModuleManager: Shutting down and abandoning module ArchVisCharacter (95)
[2017.04.10-12.36.26:117][  3]LogModuleManager: Shutting down and abandoning module HTML5Networking (93)
[2017.04.10-12.36.26:117][  3]LogModuleManager: Shutting down and abandoning module DesktopPlatform (92)
[2017.04.10-12.36.26:117][  3]LogModuleManager: Shutting down and abandoning module DirectoryWatcher (91)
[2017.04.10-12.36.26:117][  3]LogModuleManager: Shutting down and abandoning module HotReload (90)
[2017.04.10-12.36.26:117][  3]LogModuleManager: Shutting down and abandoning module VisualStudioSourceCodeAccess (89)
[2017.04.10-12.36.26:118][  3]LogModuleManager: Shutting down and abandoning module UObjectPlugin (88)
[2017.04.10-12.36.26:118][  3]LogModuleManager: Shutting down and abandoning module SubversionSourceControl (87)
[2017.04.10-12.36.26:118][  3]LogModuleManager: Shutting down and abandoning module SourceControl (86)
[2017.04.10-12.36.26:118][  3]LogModuleManager: Shutting down and abandoning module PerforceSourceControl (85)
[2017.04.10-12.36.26:118][  3]LogModuleManager: Shutting down and abandoning module UdpMessaging (84)
[2017.04.10-12.36.26:228][  3]LogModuleManager: Shutting down and abandoning module TcpMessaging (83)
[2017.04.10-12.36.26:335][  3]LogModuleManager: Shutting down and abandoning module SubstanceCore (82)
[2017.04.10-12.36.26:335][  3]LogModuleManager: Shutting down and abandoning module LightPropagationVolumeRuntime (81)
[2017.04.10-12.36.26:335][  3]LogModuleManager: Shutting down and abandoning module Paper2D (80)
[2017.04.10-12.36.26:336][  3]LogModuleManager: Shutting down and abandoning module WindowsMoviePlayer (79)
[2017.04.10-12.36.26:336][  3]LogModuleManager: Shutting down and abandoning module WmfMedia (78)
[2017.04.10-12.36.26:355][  3]LogModuleManager: Shutting down and abandoning module MediaAssets (77)
[2017.04.10-12.36.26:355][  3]LogModuleManager: Shutting down and abandoning module GameLiveStreaming (76)
[2017.04.10-12.36.26:355][  3]LogModuleManager: Shutting down and abandoning module GameplayTagsEditor (75)
[2017.04.10-12.36.26:355][  3]LogModuleManager: Shutting down and abandoning module VREditor (74)
[2017.04.10-12.36.26:355][  3]LogModuleManager: Shutting down and abandoning module GameplayTasksEditor (73)
[2017.04.10-12.36.26:355][  3]LogModuleManager: Shutting down and abandoning module BehaviorTreeEditor (72)
[2017.04.10-12.36.26:355][  3]LogModuleManager: Shutting down and abandoning module FunctionalTesting (71)
[2017.04.10-12.36.26:355][  3]LogModuleManager: Shutting down and abandoning module CollisionAnalyzer (70)
[2017.04.10-12.36.26:355][  3]LogModuleManager: Shutting down and abandoning module Sequencer (69)
[2017.04.10-12.36.26:356][  3]LogModuleManager: Shutting down and abandoning module WorkspaceMenuStructure (68)
[2017.04.10-12.36.26:356][  3]LogModuleManager: Shutting down and abandoning module MessageLog (67)
[2017.04.10-12.36.26:356][  3]LogModuleManager: Shutting down and abandoning module AssetTools (66)
[2017.04.10-12.36.26:356][  3]LogModuleManager: Shutting down and abandoning module UMGEditor (65)
[2017.04.10-12.36.26:356][  3]LogModuleManager: Shutting down and abandoning module UMG (64)
[2017.04.10-12.36.26:356][  3]LogModuleManager: Shutting down and abandoning module SlateReflector (63)
[2017.04.10-12.36.26:356][  3]LogModuleManager: Shutting down and abandoning module Slate (62)
[2017.04.10-12.36.26:356][  3]LogModuleManager: Shutting down and abandoning module EditorStyle (61)
[2017.04.10-12.36.26:365][  3]LogModuleManager: Shutting down and abandoning module Messaging (60)
[2017.04.10-12.36.26:365][  3]LogModuleManager: Shutting down and abandoning module SourceCodeAccess (59)
[2017.04.10-12.36.26:365][  3]LogModuleManager: Shutting down and abandoning module HeadMountedDisplay (58)
[2017.04.10-12.36.26:365][  3]LogModuleManager: Shutting down and abandoning module XAudio2 (57)
[2017.04.10-12.36.26:365][  3]LogModuleManager: Shutting down and abandoning module Networking (56)
[2017.04.10-12.36.26:365][  3]LogModuleManager: Shutting down and abandoning module Core (55)
[2017.04.10-12.36.26:365][  3]LogModuleManager: Shutting down and abandoning module KismetCompiler (54)
[2017.04.10-12.36.26:365][  3]LogModuleManager: Shutting down and abandoning module PhysXFormats (53)
[2017.04.10-12.36.26:365][  3]LogModuleManager: Shutting down and abandoning module SimplygonSwarm (52)
[2017.04.10-12.36.26:365][  3]LogModuleManager: Shutting down and abandoning module SimplygonMeshReduction (51)
[2017.04.10-12.36.26:365][  3]LogModuleManager: Shutting down and abandoning module QuadricMeshReduction (50)
[2017.04.10-12.36.26:365][  3]LogModuleManager: Shutting down and abandoning module PropertyEditor (49)
[2017.04.10-12.36.26:366][  3]LogModuleManager: Shutting down and abandoning module MeshUtilities (48)
[2017.04.10-12.36.26:366][  3]LogModuleManager: Shutting down and abandoning module AssetRegistry (47)
[2017.04.10-12.36.26:366][  3]LogModuleManager: Shutting down and abandoning module DerivedDataCache (46)
[2017.04.10-12.36.26:614][  3]LogDerivedDataCache: Shutdown
[2017.04.10-12.36.26:614][  3]LogModuleManager: Shutting down and abandoning module VulkanShaderFormat (45)
[2017.04.10-12.36.26:614][  3]LogModuleManager: Shutting down and abandoning module ShaderFormatOpenGL (44)
[2017.04.10-12.36.26:614][  3]LogModuleManager: Shutting down and abandoning module ShaderFormatD3D (43)
[2017.04.10-12.36.26:614][  3]LogModuleManager: Shutting down and abandoning module MetalShaderFormat (42)
[2017.04.10-12.36.26:614][  3]LogModuleManager: Shutting down and abandoning module TextureFormatUncompressed (41)
[2017.04.10-12.36.26:614][  3]LogModuleManager: Shutting down and abandoning module TextureFormatPVR (40)
[2017.04.10-12.36.26:614][  3]LogModuleManager: Shutting down and abandoning module TextureFormatDXT (39)
[2017.04.10-12.36.26:614][  3]LogModuleManager: Shutting down and abandoning module TextureFormatIntelISPCTexComp (38)
[2017.04.10-12.36.26:615][  3]LogModuleManager: Shutting down and abandoning module ImageWrapper (37)
[2017.04.10-12.36.26:615][  3]LogModuleManager: Shutting down and abandoning module TextureFormatASTC (36)
[2017.04.10-12.36.26:615][  3]LogModuleManager: Shutting down and abandoning module TextureFormatAndroid (35)
[2017.04.10-12.36.26:615][  3]LogModuleManager: Shutting down and abandoning module AudioFormatOpus (34)
[2017.04.10-12.36.26:615][  3]LogModuleManager: Shutting down and abandoning module AudioFormatOgg (33)
[2017.04.10-12.36.26:615][  3]LogModuleManager: Shutting down and abandoning module AudioFormatADPCM (32)
[2017.04.10-12.36.26:615][  3]LogModuleManager: Shutting down and abandoning module WindowsTargetPlatform (31)
[2017.04.10-12.36.26:615][  3]LogModuleManager: Shutting down and abandoning module WindowsServerTargetPlatform (30)
[2017.04.10-12.36.26:615][  3]LogModuleManager: Shutting down and abandoning module WindowsNoEditorTargetPlatform (29)
[2017.04.10-12.36.26:615][  3]LogModuleManager: Shutting down and abandoning module WindowsClientTargetPlatform (28)
[2017.04.10-12.36.26:615][  3]LogModuleManager: Shutting down and abandoning module TargetPlatform (27)
[2017.04.10-12.36.26:615][  3]LogModuleManager: Shutting down and abandoning module InputCore (26)
[2017.04.10-12.36.26:615][  3]LogModuleManager: Shutting down and abandoning module Settings (25)
[2017.04.10-12.36.26:615][  3]LogModuleManager: Shutting down and abandoning module OculusRift (24)
[2017.04.10-12.36.26:615][  3]LogModuleManager: Shutting down and abandoning module ExampleDeviceProfileSelector (23)
[2017.04.10-12.36.26:615][  3]LogModuleManager: Shutting down and abandoning module OnlineBlueprintSupport (22)
[2017.04.10-12.36.26:615][  3]LogModuleManager: Shutting down and abandoning module OnlineSubsystem (18)
[2017.04.10-12.36.26:615][  3]LogOnline:Display: STEAM: OnlineSubsystemSteam::Shutdown()
[2017.04.10-12.36.26:666][  3]LogOnline:Display: Unloading online subsystem: STEAM
[2017.04.10-12.36.26:666][  3]LogOnline:Display: STEAM: OnlineSubsystemSteam::Shutdown()
[2017.04.10-12.36.26:666][  3]LogOnline:Display: Unloading online subsystem: NULL
[2017.04.10-12.36.26:666][  3]LogModuleManager: Shutting down and abandoning module SSL (17)
[2017.04.10-12.36.26:673][  3]LogModuleManager: Shutting down and abandoning module HTTP (16)
[2017.04.10-12.36.26:673][  3]LogModuleManager: Shutting down and abandoning module XMPP (15)
[2017.04.10-12.36.26:673][  3]LogModuleManager: Shutting down and abandoning module TextureCompressor (14)
[2017.04.10-12.36.26:674][  3]LogModuleManager: Shutting down and abandoning module ShaderCore (13)
[2017.04.10-12.36.26:674][  3]LogModuleManager: Shutting down and abandoning module Landscape (12)
[2017.04.10-12.36.26:674][  3]LogModuleManager: Shutting down and abandoning module SlateRHIRenderer (11)
[2017.04.10-12.36.26:675][  3]LogModuleManager: Shutting down and abandoning module OpenGLDrv (10)
[2017.04.10-12.36.26:675][  3]LogModuleManager: Shutting down and abandoning module D3D11RHI (9)
[2017.04.10-12.36.26:675][  3]LogModuleManager: Shutting down and abandoning module AnimGraphRuntime (8)
[2017.04.10-12.36.26:675][  3]LogModuleManager: Shutting down and abandoning module Renderer (7)
[2017.04.10-12.36.26:675][  3]LogModuleManager: Shutting down and abandoning module Engine (6)
[2017.04.10-12.36.26:675][  3]LogModuleManager: Shutting down and abandoning module CoreUObject (5)
[2017.04.10-12.36.26:675][  3]LogModuleManager: Shutting down and abandoning module NetworkFile (4)
[2017.04.10-12.36.26:675][  3]LogModuleManager: Shutting down and abandoning module StreamingFile (3)
[2017.04.10-12.36.26:675][  3]LogModuleManager: Shutting down and abandoning module SandboxFile (2)
[2017.04.10-12.36.26:675][  3]LogModuleManager: Shutting down and abandoning module PakFile (1)
[2017.04.10-12.36.26:686][  3]LogExit: Exiting.
[2017.04.10-12.36.26:696][  3]Log file closed, 04/10/17 20:36:26
