Log file open, 03/25/17 19:16:23
LogInit:Display: Running engine for game: PurgaStory
LogPlatformFile: Not using cached read wrapper
LogInit:Display: RandInit(929157433) SRandInit(929157433).
LogTaskGraph: Started task graph with 5 named threads and 8 total threads with 1 sets of task threads.
LogStats: Stats thread started at 0.307860
LogPluginManager: Loaded Plugin Paper2D, From D:/Unreal/Epic Games/4.14/Engine/Plugins/2D/Paper2D/Paper2D.uplugin
LogPluginManager: Loaded Plugin LightPropagationVolume, From D:/Unreal/Epic Games/4.14/Engine/Plugins/Blendables/LightPropagationVolume/LightPropagationVolume.uplugin
LogPluginManager: Loaded Plugin BlankPlugin, From D:/Unreal/Epic Games/4.14/Engine/Plugins/Developer/BlankPlugin/BlankPlugin.uplugin
LogPluginManager: Loaded Plugin CodeLiteSourceCodeAccess, From D:/Unreal/Epic Games/4.14/Engine/Plugins/Developer/CodeLiteSourceCodeAccess/CodeLiteSourceCodeAccess.uplugin
LogPluginManager: Loaded Plugin GitSourceControl, From D:/Unreal/Epic Games/4.14/Engine/Plugins/Developer/GitSourceControl/GitSourceControl.uplugin
LogPluginManager: Loaded Plugin KDevelopSourceCodeAccess, From D:/Unreal/Epic Games/4.14/Engine/Plugins/Developer/KDevelopSourceCodeAccess/KDevelopSourceCodeAccess.uplugin
LogPluginManager: Loaded Plugin NullSourceCodeAccess, From D:/Unreal/Epic Games/4.14/Engine/Plugins/Developer/NullSourceCodeAccess/NullSourceCodeAccess.uplugin
LogPluginManager: Loaded Plugin OneSkyLocalizationService, From D:/Unreal/Epic Games/4.14/Engine/Plugins/Developer/OneSkyLocalizationService/OneSkyLocalizationService.uplugin
LogPluginManager: Loaded Plugin PerforceSourceControl, From D:/Unreal/Epic Games/4.14/Engine/Plugins/Developer/PerforceSourceControl/PerforceSourceControl.uplugin
LogPluginManager: Loaded Plugin SubversionSourceControl, From D:/Unreal/Epic Games/4.14/Engine/Plugins/Developer/SubversionSourceControl/SubversionSourceControl.uplugin
LogPluginManager: Loaded Plugin UObjectPlugin, From D:/Unreal/Epic Games/4.14/Engine/Plugins/Developer/UObjectPlugin/UObjectPlugin.uplugin
LogPluginManager: Loaded Plugin VisualStudioSourceCodeAccess, From D:/Unreal/Epic Games/4.14/Engine/Plugins/Developer/VisualStudioSourceCodeAccess/VisualStudioSourceCodeAccess.uplugin
LogPluginManager: Loaded Plugin XCodeSourceCodeAccess, From D:/Unreal/Epic Games/4.14/Engine/Plugins/Developer/XCodeSourceCodeAccess/XCodeSourceCodeAccess.uplugin
LogPluginManager: Loaded Plugin AudioCapture, From D:/Unreal/Epic Games/4.14/Engine/Plugins/Editor/AudioCapture/AudioCapture.uplugin
LogPluginManager: Loaded Plugin EpicSurvey, From D:/Unreal/Epic Games/4.14/Engine/Plugins/Editor/EpicSurvey/EpicSurvey.uplugin
LogPluginManager: Loaded Plugin MacGraphicsSwitching, From D:/Unreal/Epic Games/4.14/Engine/Plugins/Editor/MacGraphicsSwitching/MacGraphicsSwitching.uplugin
LogPluginManager: Loaded Plugin MobileLauncherProfileWizard, From D:/Unreal/Epic Games/4.14/Engine/Plugins/Editor/MobileLauncherProfileWizard/MobileLauncherProfileWizard.uplugin
LogPluginManager: Loaded Plugin PluginBrowser, From D:/Unreal/Epic Games/4.14/Engine/Plugins/Editor/PluginBrowser/PluginBrowser.uplugin
LogPluginManager: Loaded Plugin SpeedTreeImporter, From D:/Unreal/Epic Games/4.14/Engine/Plugins/Editor/SpeedTreeImporter/SpeedTreeImporter.uplugin
LogPluginManager: Loaded Plugin SuperSearchEditor, From D:/Unreal/Epic Games/4.14/Engine/Plugins/Editor/SuperSearchEditor/SuperSearchEditor.uplugin
LogPluginManager: Loaded Plugin AlembicImporter, From D:/Unreal/Epic Games/4.14/Engine/Plugins/Experimental/AlembicImporter/AlembicImporter.uplugin
LogPluginManager: Loaded Plugin BlueprintStats, From D:/Unreal/Epic Games/4.14/Engine/Plugins/Experimental/BlueprintStats/BlueprintStats.uplugin
LogPluginManager: Loaded Plugin CharacterAI, From D:/Unreal/Epic Games/4.14/Engine/Plugins/Experimental/CharacterAI/CharacterAI.uplugin
LogPluginManager: Loaded Plugin CodeEditor, From D:/Unreal/Epic Games/4.14/Engine/Plugins/Experimental/CodeEditor/CodeEditor.uplugin
LogPluginManager: Loaded Plugin CodeView, From D:/Unreal/Epic Games/4.14/Engine/Plugins/Experimental/CodeView/CodeView.uplugin
LogPluginManager: Loaded Plugin HTML5Networking, From D:/Unreal/Epic Games/4.14/Engine/Plugins/Experimental/HTML5Networking/HTML5Networking.uplugin
LogPluginManager: Loaded Plugin OSVR, From D:/Unreal/Epic Games/4.14/Engine/Plugins/Experimental/OSVR/OSVR.uplugin
LogPluginManager: Loaded Plugin Phya, From D:/Unreal/Epic Games/4.14/Engine/Plugins/Experimental/Phya/Phya.uplugin
LogPluginManager: Loaded Plugin SignificanceManager, From D:/Unreal/Epic Games/4.14/Engine/Plugins/Experimental/SignificanceManager/SignificanceManager.uplugin
LogPluginManager: Loaded Plugin SimpleHMD, From D:/Unreal/Epic Games/4.14/Engine/Plugins/Experimental/SimpleHMD/SimpleHMD.uplugin
LogPluginManager: Loaded Plugin StereoPanorama, From D:/Unreal/Epic Games/4.14/Engine/Plugins/Experimental/StereoPanorama/StereoPanorama.uplugin
LogPluginManager: Loaded Plugin StructBox, From D:/Unreal/Epic Games/4.14/Engine/Plugins/Experimental/StructBox/StructBox.uplugin
LogPluginManager: Loaded Plugin Substance, From D:/Unreal/Epic Games/4.14/Engine/Plugins/Marketplace/Substance/Substance.uplugin
LogPluginManager: Loaded Plugin AndroidMedia, From D:/Unreal/Epic Games/4.14/Engine/Plugins/Media/AndroidMedia/AndroidMedia.uplugin
LogPluginManager: Loaded Plugin AvfMedia, From D:/Unreal/Epic Games/4.14/Engine/Plugins/Media/AvfMedia/AvfMedia.uplugin
LogPluginManager: Loaded Plugin MediaPlayerEditor, From D:/Unreal/Epic Games/4.14/Engine/Plugins/Media/MediaPlayerEditor/MediaPlayerEditor.uplugin
LogPluginManager: Loaded Plugin WmfMedia, From D:/Unreal/Epic Games/4.14/Engine/Plugins/Media/WmfMedia/WmfMedia.uplugin
LogPluginManager: Loaded Plugin MessagingDebugger, From D:/Unreal/Epic Games/4.14/Engine/Plugins/Messaging/MessagingDebugger/MessagingDebugger.uplugin
LogPluginManager: Loaded Plugin TcpMessaging, From D:/Unreal/Epic Games/4.14/Engine/Plugins/Messaging/TcpMessaging/TcpMessaging.uplugin
LogPluginManager: Loaded Plugin UdpMessaging, From D:/Unreal/Epic Games/4.14/Engine/Plugins/Messaging/UdpMessaging/UdpMessaging.uplugin
LogPluginManager: Loaded Plugin LevelSequenceEditor, From D:/Unreal/Epic Games/4.14/Engine/Plugins/MovieScene/LevelSequenceEditor/LevelSequenceEditor.uplugin
LogPluginManager: Loaded Plugin MatineeToLevelSequence, From D:/Unreal/Epic Games/4.14/Engine/Plugins/MovieScene/MatineeToLevelSequence/MatineeToLevelSequence.uplugin
LogPluginManager: Loaded Plugin NetcodeUnitTest, From D:/Unreal/Epic Games/4.14/Engine/Plugins/NetcodeUnitTest/NetcodeUnitTest/NetcodeUnitTest.uplugin
LogPluginManager: Loaded Plugin NUTUnrealEngine4, From D:/Unreal/Epic Games/4.14/Engine/Plugins/NetcodeUnitTest/NUTUnrealEngine4/NUTUnrealEngine4.uplugin
LogPluginManager: Loaded Plugin OnlineSubsystemGameCircle, From D:/Unreal/Epic Games/4.14/Engine/Plugins/Online/Android/OnlineSubsystemGameCircle/OnlineSubsystemGameCircle.uplugin
LogPluginManager: Loaded Plugin OnlineSubsystemGooglePlay, From D:/Unreal/Epic Games/4.14/Engine/Plugins/Online/Android/OnlineSubsystemGooglePlay/OnlineSubsystemGooglePlay.uplugin
LogPluginManager: Loaded Plugin OnlineSubsystemIOS, From D:/Unreal/Epic Games/4.14/Engine/Plugins/Online/IOS/OnlineSubsystemIOS/OnlineSubsystemIOS.uplugin
LogPluginManager: Loaded Plugin OnlineFramework, From D:/Unreal/Epic Games/4.14/Engine/Plugins/Online/OnlineFramework/OnlineFramework.uplugin
LogPluginManager: Loaded Plugin OnlineSubsystem, From D:/Unreal/Epic Games/4.14/Engine/Plugins/Online/OnlineSubsystem/OnlineSubsystem.uplugin
LogPluginManager: Loaded Plugin OnlineSubsystemAmazon, From D:/Unreal/Epic Games/4.14/Engine/Plugins/Online/OnlineSubsystemAmazon/OnlineSubsystemAmazon.uplugin
LogPluginManager: Loaded Plugin OnlineSubsystemFacebook, From D:/Unreal/Epic Games/4.14/Engine/Plugins/Online/OnlineSubsystemFacebook/OnlineSubsystemFacebook.uplugin
LogPluginManager: Loaded Plugin OnlineSubsystemNull, From D:/Unreal/Epic Games/4.14/Engine/Plugins/Online/OnlineSubsystemNull/OnlineSubsystemNull.uplugin
LogPluginManager: Loaded Plugin OnlineSubsystemOculus, From D:/Unreal/Epic Games/4.14/Engine/Plugins/Online/OnlineSubsystemOculus/OnlineSubsystemOculus.uplugin
LogPluginManager: Loaded Plugin OnlineSubsystemSteam, From D:/Unreal/Epic Games/4.14/Engine/Plugins/Online/OnlineSubsystemSteam/OnlineSubsystemSteam.uplugin
LogPluginManager: Loaded Plugin OnlineSubsystemUtils, From D:/Unreal/Epic Games/4.14/Engine/Plugins/Online/OnlineSubsystemUtils/OnlineSubsystemUtils.uplugin
LogPluginManager: Loaded Plugin IOSTapJoy, From D:/Unreal/Epic Games/4.14/Engine/Plugins/Runtime/Advertising/IOSTapJoy/IOSTapJoy.uplugin
LogPluginManager: Loaded Plugin AnalyticsBlueprintLibrary, From D:/Unreal/Epic Games/4.14/Engine/Plugins/Runtime/Analytics/AnalyticsBlueprintLibrary/AnalyticsBlueprintLibrary.uplugin
LogPluginManager: Loaded Plugin AnalyticsMulticast, From D:/Unreal/Epic Games/4.14/Engine/Plugins/Runtime/Analytics/AnalyticsMulticast/AnalyticsMulticast.uplugin
LogPluginManager: Loaded Plugin Apsalar, From D:/Unreal/Epic Games/4.14/Engine/Plugins/Runtime/Analytics/Apsalar/Apsalar.uplugin
LogPluginManager: Loaded Plugin FileLogging, From D:/Unreal/Epic Games/4.14/Engine/Plugins/Runtime/Analytics/FileLogging/FileLogging.uplugin
LogPluginManager: Loaded Plugin Flurry, From D:/Unreal/Epic Games/4.14/Engine/Plugins/Runtime/Analytics/Flurry/Flurry.uplugin
LogPluginManager: Loaded Plugin AndroidDeviceProfileSelector, From D:/Unreal/Epic Games/4.14/Engine/Plugins/Runtime/AndroidDeviceProfileSelector/AndroidDeviceProfileSelector.uplugin
LogPluginManager: Loaded Plugin AndroidMoviePlayer, From D:/Unreal/Epic Games/4.14/Engine/Plugins/Runtime/AndroidMoviePlayer/AndroidMoviePlayer.uplugin
LogPluginManager: Loaded Plugin AppleMoviePlayer, From D:/Unreal/Epic Games/4.14/Engine/Plugins/Runtime/AppleMoviePlayer/AppleMoviePlayer.uplugin
LogPluginManager: Loaded Plugin ArchVisCharacter, From D:/Unreal/Epic Games/4.14/Engine/Plugins/Runtime/ArchVisCharacter/ArchVisCharacter.uplugin
LogPluginManager: Loaded Plugin CableComponent, From D:/Unreal/Epic Games/4.14/Engine/Plugins/Runtime/CableComponent/CableComponent.uplugin
LogPluginManager: Loaded Plugin CustomMeshComponent, From D:/Unreal/Epic Games/4.14/Engine/Plugins/Runtime/CustomMeshComponent/CustomMeshComponent.uplugin
LogPluginManager: Loaded Plugin ExampleDeviceProfileSelector, From D:/Unreal/Epic Games/4.14/Engine/Plugins/Runtime/ExampleDeviceProfileSelector/ExampleDeviceProfileSelector.uplugin
LogPluginManager: Loaded Plugin GearVR, From D:/Unreal/Epic Games/4.14/Engine/Plugins/Runtime/GearVR/GearVR.uplugin
LogPluginManager: Loaded Plugin GoogleVRController, From D:/Unreal/Epic Games/4.14/Engine/Plugins/Runtime/GoogleVR/GoogleVRController/GoogleVRController.uplugin
LogPluginManager: Loaded Plugin GoogleVRHMD, From D:/Unreal/Epic Games/4.14/Engine/Plugins/Runtime/GoogleVR/GoogleVRHMD/GoogleVRHMD.uplugin
LogPluginManager: Loaded Plugin IOSDeviceProfileSelector, From D:/Unreal/Epic Games/4.14/Engine/Plugins/Runtime/IOSDeviceProfileSelector/IOSDeviceProfileSelector.uplugin
LogPluginManager: Loaded Plugin LeapMotion, From D:/Unreal/Epic Games/4.14/Engine/Plugins/Runtime/LeapMotion/LeapMotion.uplugin
LogPluginManager: Loaded Plugin LinuxDeviceProfileSelector, From D:/Unreal/Epic Games/4.14/Engine/Plugins/Runtime/LinuxDeviceProfileSelector/LinuxDeviceProfileSelector.uplugin
LogPluginManager: Loaded Plugin MIDIDevice, From D:/Unreal/Epic Games/4.14/Engine/Plugins/Runtime/MIDIDevice/MIDIDevice.uplugin
LogPluginManager: Loaded Plugin MobilePatchingUtils, From D:/Unreal/Epic Games/4.14/Engine/Plugins/Runtime/MobilePatchingUtils/MobilePatchingUtils.uplugin
LogPluginManager: Loaded Plugin Ansel, From D:/Unreal/Epic Games/4.14/Engine/Plugins/Runtime/Nvidia/Ansel/Ansel.uplugin
LogPluginManager: Loaded Plugin OculusAudio, From D:/Unreal/Epic Games/4.14/Engine/Plugins/Runtime/OculusAudio/OculusAudio.uplugin
LogPluginManager: Loaded Plugin OculusInput, From D:/Unreal/Epic Games/4.14/Engine/Plugins/Runtime/OculusInput/OculusInput.uplugin
LogPluginManager: Loaded Plugin OculusLibrary, From D:/Unreal/Epic Games/4.14/Engine/Plugins/Runtime/OculusLibrary/OculusLibrary.uplugin
LogPluginManager: Loaded Plugin OculusRift, From D:/Unreal/Epic Games/4.14/Engine/Plugins/Runtime/OculusRift/OculusRift.uplugin
LogPluginManager: Loaded Plugin Oodle, From D:/Unreal/Epic Games/4.14/Engine/Plugins/Runtime/PacketHandlers/CompressionComponents/Oodle/Oodle.uplugin
LogPluginManager: Loaded Plugin ProceduralMeshComponent, From D:/Unreal/Epic Games/4.14/Engine/Plugins/Runtime/ProceduralMeshComponent/ProceduralMeshComponent.uplugin
LogPluginManager: Loaded Plugin SoundMod, From D:/Unreal/Epic Games/4.14/Engine/Plugins/Runtime/SoundMod/SoundMod.uplugin
LogPluginManager: Loaded Plugin SoundVisualizations, From D:/Unreal/Epic Games/4.14/Engine/Plugins/Runtime/SoundVisualizations/SoundVisualizations.uplugin
LogPluginManager: Loaded Plugin SteamController, From D:/Unreal/Epic Games/4.14/Engine/Plugins/Runtime/Steam/SteamController/SteamController.uplugin
LogPluginManager: Loaded Plugin SteamVR, From D:/Unreal/Epic Games/4.14/Engine/Plugins/Runtime/Steam/SteamVR/SteamVR.uplugin
LogPluginManager: Loaded Plugin WebBrowserWidget, From D:/Unreal/Epic Games/4.14/Engine/Plugins/Runtime/WebBrowserWidget/WebBrowserWidget.uplugin
LogPluginManager: Loaded Plugin WindowsDeviceProfileSelector, From D:/Unreal/Epic Games/4.14/Engine/Plugins/Runtime/WindowsDeviceProfileSelector/WindowsDeviceProfileSelector.uplugin
LogPluginManager: Loaded Plugin WindowsMoviePlayer, From D:/Unreal/Epic Games/4.14/Engine/Plugins/Runtime/WindowsMoviePlayer/WindowsMoviePlayer.uplugin
LogPluginManager: Loaded Plugin ScriptPlugin, From D:/Unreal/Epic Games/4.14/Engine/Plugins/ScriptPlugin/ScriptPlugin.uplugin
LogPluginManager: Loaded Plugin SlateRemote, From D:/Unreal/Epic Games/4.14/Engine/Plugins/Slate/SlateRemote/SlateRemote.uplugin
LogPluginManager: Loaded Plugin EditorTests, From D:/Unreal/Epic Games/4.14/Engine/Plugins/Tests/EditorTests/EditorTests.uplugin
LogPluginManager: Loaded Plugin FbxAutomationTestBuilder, From D:/Unreal/Epic Games/4.14/Engine/Plugins/Tests/FbxAutomationTestBuilder/FbxAutomationTestBuilder.uplugin
LogPluginManager: Loaded Plugin FunctionalTestingEditor, From D:/Unreal/Epic Games/4.14/Engine/Plugins/Tests/FunctionalTestingEditor/FunctionalTestingEditor.uplugin
LogPluginManager: Loaded Plugin RuntimeTests, From D:/Unreal/Epic Games/4.14/Engine/Plugins/Tests/RuntimeTests/RuntimeTests.uplugin
LogPluginManager: Loaded Plugin ScreenshotTools, From D:/Unreal/Epic Games/4.14/Engine/Plugins/Tests/ScreenshotTools/ScreenshotTools.uplugin
LogInit: Using libcurl 7.47.1
LogInit:  - built for x86_64-pc-win32
LogInit:  - supports SSL with OpenSSL/1.0.2g
LogInit:  - supports HTTP deflate (compression) using libz 1.2.8
LogInit:  - other features:
LogInit:      CURL_VERSION_SSL
LogInit:      CURL_VERSION_LIBZ
LogInit:      CURL_VERSION_IPV6
LogInit:      CURL_VERSION_ASYNCHDNS
LogInit:      CURL_VERSION_LARGEFILE
LogInit:      CURL_VERSION_IDN
LogInit:  CurlRequestOptions (configurable via config and command line):
LogInit:  - bVerifyPeer = false  - Libcurl will NOT verify peer certificate
LogInit:  - bUseHttpProxy = false  - Libcurl will NOT use HTTP proxy
LogInit:  - bDontReuseConnections = false  - Libcurl will reuse connections
LogInit:  - CertBundlePath = nullptr  - Libcurl will use whatever was configured at build time.
LogOnline:Display: STEAM: Loading Steam SDK 1.32
LogOnline:Warning: STEAM: Steam API disabled!
LogOnline:Display: STEAM: OnlineSubsystemSteam::Shutdown()
LogInit: WinSock: version 1.1 (2.2), MaxSocks=32767, MaxUdp=65467
LogInit: Build: ++UE4+Release-4.14-CL-3249277
LogInit: Engine Version: 4.14.3-3249277+++UE4+Release-4.14
LogInit: Compatible Engine Version: 4.14.0-3195953+++UE4+Release-4.14
LogInit: Net CL: 3195953
LogDevObjectVersion: Number of dev versions registered: 13
LogDevObjectVersion:   Dev-Blueprints (B0D832E4-1F89-4F0D-ACCF-7EB736FD4AA2): 7
LogDevObjectVersion:   Dev-Build (E1C64328-A22C-4D53-A36C-8E866417BD8C): 0
LogDevObjectVersion:   Dev-Core (375EC13C-06E4-48FB-B500-84F0262A717E): 1
LogDevObjectVersion:   Dev-Editor (E4B068ED-F494-42E9-A231-DA0B2E46BB41): 8
LogDevObjectVersion:   Dev-Framework (CFFC743F-43B0-4480-9391-14DF171D2073): 17
LogDevObjectVersion:   Dev-Mobile (B02B49B5-BB20-44E9-A304-32B752E40360): 0
LogDevObjectVersion:   Dev-Networking (A4E4105C-59A1-49B5-A7C5-40C4547EDFEE): 0
LogDevObjectVersion:   Dev-Online (39C831C9-5AE6-47DC-9A44-9C173E1C8E7C): 0
LogDevObjectVersion:   Dev-Physics (78F01B33-EBEA-4F98-B9B4-84EACCB95AA2): 0
LogDevObjectVersion:   Dev-Platform (6631380F-2D4D-43E0-8009-CF276956A95A): 0
LogDevObjectVersion:   Dev-Rendering (12F88B9F-8875-4AFC-A67C-D90C383ABD29): 12
LogDevObjectVersion:   Dev-Sequencer (7B5AE74C-D270-4C10-A958-57980B212A5A): 1
LogDevObjectVersion:   Dev-VR (D7296918-1DD6-4BDD-9DE2-64A83CC13884): 0
LogInit: Compiled (64-bit): Jan  6 2017 10:49:43
LogInit: Compiled with Visual C++: 19.00.23026.00
LogInit: Build Configuration: Development
LogInit: Branch Name: ++UE4+Release-4.14
LogInit: Command line:  
LogInit: Base directory: D:/Unreal/Epic Games/4.14/Engine/Binaries/Win64/
LogInit: Installed Engine Build: 1
LogInit: Presizing for max 8388607 objects, including 0 objects not considered by GC, pre-allocating 0 bytes for permanent pool.
LogInit: Object subsystem initialized
[2017.03.25-11.16.29:973][  0]LogInit: Selected Device Profile: [Windows]
[2017.03.25-11.16.29:973][  0]LogInit: Applying CVar settings loaded from the selected device profile: [Windows]
[2017.03.25-11.16.30:442][  0]LogInit: Computer: ASUS
[2017.03.25-11.16.30:443][  0]LogInit: User: User
[2017.03.25-11.16.30:443][  0]LogInit: CPU Page size=65536, Cores=4
[2017.03.25-11.16.30:443][  0]LogInit: High frequency timer resolution =2.533211 MHz
[2017.03.25-11.16.30:464][  0]LogMemory: Memory total: Physical=11.9GB (12GB approx)
[2017.03.25-11.16.30:476][  0]LogMemory: Platform Memory Stats for Windows
[2017.03.25-11.16.30:476][  0]LogMemory: Process Physical Memory: 266.80 MB used, 266.80 MB peak
[2017.03.25-11.16.30:476][  0]LogMemory: Process Virtual Memory: 263.01 MB used, 263.01 MB peak
[2017.03.25-11.16.30:476][  0]LogMemory: Physical Memory: 3633.64 MB used,  8543.25 MB free, 12176.89 MB total
[2017.03.25-11.16.30:476][  0]LogMemory: Virtual Memory: 680.30 MB used,  8543.25 MB free, 134217728.00 MB total
[2017.03.25-11.16.35:347][  0]LogTextLocalizationManager: No specific translations for ('en-SG') exist, so ('en') translations will be used.
[2017.03.25-11.16.58:802][  0]LogD3D11RHI: D3D11 adapters:
[2017.03.25-11.17.03:614][  0]LogD3D11RHI:    0. 'NVIDIA GeForce GTX 950M' (Feature Level 11_0)
[2017.03.25-11.17.03:614][  0]LogD3D11RHI:       4036/0/6088 MB DedicatedVideo/DedicatedSystem/SharedSystem, Outputs:1, VendorId:0x10de
[2017.03.25-11.17.03:705][  0]LogD3D11RHI:    1. 'Intel(R) HD Graphics 4600' (Feature Level 11_0)
[2017.03.25-11.17.03:705][  0]LogD3D11RHI:       112/0/2048 MB DedicatedVideo/DedicatedSystem/SharedSystem, Outputs:0, VendorId:0x8086
[2017.03.25-11.17.03:713][  0]LogD3D11RHI:    2. 'Microsoft Basic Render Driver' (Feature Level 11_0)
[2017.03.25-11.17.03:713][  0]LogD3D11RHI:       0/0/6088 MB DedicatedVideo/DedicatedSystem/SharedSystem, Outputs:0, VendorId:0x1414
[2017.03.25-11.17.03:713][  0]LogD3D11RHI: Chosen D3D11 Adapter: 0
[2017.03.25-11.17.03:805][  0]LogD3D11RHI: Creating new Direct3DDevice
[2017.03.25-11.17.03:805][  0]LogD3D11RHI:     GPU DeviceId: 0x139a (for the marketing name, search the web for "GPU Device Id")
[2017.03.25-11.17.03:805][  0]LogWindows: EnumDisplayDevices:
[2017.03.25-11.17.03:806][  0]LogWindows:    0. 'Intel(R) HD Graphics 4600' (P:1 D:1)
[2017.03.25-11.17.03:807][  0]LogWindows:    1. 'Intel(R) HD Graphics 4600' (P:0 D:0)
[2017.03.25-11.17.03:808][  0]LogWindows:    2. 'Intel(R) HD Graphics 4600' (P:0 D:0)
[2017.03.25-11.17.03:808][  0]LogWindows: DebugString: PrimaryIsNotTheChoosenAdapter PrimaryIsNotTheChoosenAdapter PrimaryIsNotTheChoosenAdapter FoundDriverCount:0 
[2017.03.25-11.17.03:808][  0]LogD3D11RHI:     Adapter Name: NVIDIA GeForce GTX 950M
[2017.03.25-11.17.03:808][  0]LogD3D11RHI:   Driver Version: Unknown (internal:Unknown, unified:Unknown)
[2017.03.25-11.17.03:808][  0]LogD3D11RHI:      Driver Date: Unknown
[2017.03.25-11.17.03:808][  0]LogRHI: Texture pool is 1361 MB (70% of 1945 MB)
[2017.03.25-11.17.03:878][  0]LogD3D11RHI: Async texture creation enabled
[2017.03.25-11.17.05:320][  0]LogD3D11RHI: GPU Timing Frequency: 1000.000000 (Debug: 2 1)
[2017.03.25-11.17.05:774][  0]LogShaderCompilers: Guid format shader working directory is 17 characters bigger than the processId version (../../../../../PurgaStory_v3/Intermediate/Shaders/WorkingDirectory/7596/).
[2017.03.25-11.17.05:775][  0]LogShaderCompilers: Cleaned the shader compiler working directory 'C:/Users/User/AppData/Local/Temp/UnrealShaderWorkingDir/7E1D6FD546D0109B521E218343CC7924/'.
[2017.03.25-11.17.05:808][  0]LogShaderCompilers:Display: Using Local Shader Compiler.
[2017.03.25-11.17.29:254][  0]LogTemp:Display: Loaded TP AllDesktopTargetPlatform
[2017.03.25-11.17.29:442][  0]LogTemp:Display: Loaded TP MacClientTargetPlatform
[2017.03.25-11.17.29:634][  0]LogTemp:Display: Loaded TP MacNoEditorTargetPlatform
[2017.03.25-11.17.29:833][  0]LogTemp:Display: Loaded TP MacServerTargetPlatform
[2017.03.25-11.17.30:062][  0]LogTemp:Display: Loaded TP MacTargetPlatform
[2017.03.25-11.17.30:248][  0]LogTemp:Display: Loaded TP WindowsClientTargetPlatform
[2017.03.25-11.17.30:451][  0]LogTemp:Display: Loaded TP WindowsNoEditorTargetPlatform
[2017.03.25-11.17.30:632][  0]LogTemp:Display: Loaded TP WindowsServerTargetPlatform
[2017.03.25-11.17.30:771][  0]LogTemp:Display: Loaded TP WindowsTargetPlatform
[2017.03.25-11.17.31:002][  0]LogTemp:Display: Loaded TP AndroidTargetPlatform
[2017.03.25-11.17.31:209][  0]LogTemp:Display: Loaded TP Android_ASTCTargetPlatform
[2017.03.25-11.17.31:454][  0]LogTemp:Display: Loaded TP Android_ATCTargetPlatform
[2017.03.25-11.17.31:660][  0]LogTemp:Display: Loaded TP Android_DXTTargetPlatform
[2017.03.25-11.17.31:876][  0]LogTemp:Display: Loaded TP Android_ETC1TargetPlatform
[2017.03.25-11.17.32:088][  0]LogTemp:Display: Loaded TP Android_ETC2TargetPlatform
[2017.03.25-11.17.32:734][  0]LogTemp:Display: Loaded TP Android_MultiTargetPlatform
[2017.03.25-11.17.32:734][  0]LogTemp:Display: Loaded TP Android_PVRTCTargetPlatform
[2017.03.25-11.17.32:858][  0]LogTemp:Display: Loaded TP HTML5TargetPlatform
[2017.03.25-11.17.33:357][  0]LogTemp:Display: Loaded TP IOSTargetPlatform
[2017.03.25-11.17.33:479][  0]LogTemp:Display: Loaded TP TVOSTargetPlatform
[2017.03.25-11.17.33:672][  0]LogTemp:Display: Loaded TP LinuxClientTargetPlatform
[2017.03.25-11.17.33:860][  0]LogTemp:Display: Loaded TP LinuxNoEditorTargetPlatform
[2017.03.25-11.17.34:050][  0]LogTemp:Display: Loaded TP LinuxServerTargetPlatform
[2017.03.25-11.17.34:307][  0]LogTemp:Display: Loaded TP LinuxTargetPlatform
[2017.03.25-11.17.34:307][  0]LogTargetPlatformManager:Display: Building Assets For Windows
[2017.03.25-11.17.38:403][  0]LogDerivedDataCache:Display: Max Cache Size: 512 MB
[2017.03.25-11.17.39:737][  0]LogDerivedDataCache: Loaded boot cache 1.33s 50MB C:/Users/User/AppData/Local/UnrealEngine/4.14/DerivedDataCache/Boot.ddc.
[2017.03.25-11.17.39:737][  0]LogDerivedDataCache:Display: Loaded Boot cache: C:/Users/User/AppData/Local/UnrealEngine/4.14/DerivedDataCache/Boot.ddc
[2017.03.25-11.17.39:738][  0]LogDerivedDataCache: FDerivedDataBackendGraph:  Pak pak cache file ../../../../../PurgaStory_v3/DerivedDataCache/DDC.ddp not found, will not use a pak cache.
[2017.03.25-11.17.39:738][  0]LogDerivedDataCache: Unable to find inner node Pak for hierarchical cache Hierarchy.
[2017.03.25-11.17.39:738][  0]LogDerivedDataCache: FDerivedDataBackendGraph:  CompressedPak pak cache file ../../../../../PurgaStory_v3/DerivedDataCache/Compressed.ddp not found, will not use a pak cache.
[2017.03.25-11.17.39:738][  0]LogDerivedDataCache: Unable to find inner node CompressedPak for hierarchical cache Hierarchy.
[2017.03.25-11.17.39:809][  0]LogDerivedDataCache:Display: Pak cache opened for reading ../../../Engine/DerivedDataCache/Compressed.ddp.
[2017.03.25-11.17.39:824][  0]LogDerivedDataCache: Using Local data cache path C:/Users/User/AppData/Local/UnrealEngine/Common/DerivedDataCache: Writable
[2017.03.25-11.18.03:959][  0]LogInit: Selected Device Profile: [Windows]
[2017.03.25-11.18.04:563][  0]LogContentStreaming: Texture pool size is 0.00 MB
[2017.03.25-11.18.07:327][  0]LogMeshUtilities: Using QuadricMeshReduction for automatic static mesh reduction
[2017.03.25-11.18.07:730][  0]LogSimplygon: Simplygon DLL not present - disabling.
[2017.03.25-11.18.08:075][  0]LogMeshUtilities: Using SimplygonSwarm for distributed automatic mesh merging
[2017.03.25-11.18.08:076][  0]LogMeshUtilities: No automatic skeletal mesh reduction module available
[2017.03.25-11.18.08:076][  0]LogMeshUtilities: No automatic mesh merging module available
[2017.03.25-11.18.20:673][  0]LogNetVersion: GetLocalNetworkVersion: CL: 3195953, ProjectName: purgastory, ProjectVersion: , EngineNetworkVersion: 2, GameNetworkVersion: 0, NetworkChecksum: 4090582873
[2017.03.25-11.18.21:106][  0]LogAssetRegistry: FAssetRegistry took 0.0301 seconds to start up
[2017.03.25-11.18.21:278][  0]LogAssetRegistry:Error: Failed to open file for write ../../../../../PurgaStory_v3/Intermediate/AssetRegistryCache/48fa13c0.bin
[2017.03.25-11.18.21:341][  0]LogAssetRegistry:Error: Failed to open file for write ../../../../../PurgaStory_v3/Intermediate/AssetRegistryCache/0fc90113.bin
[2017.03.25-11.18.21:378][  0]LogAssetRegistry:Error: Failed to open file for write ../../../../../PurgaStory_v3/Intermediate/AssetRegistryCache/8c0e1344.bin
[2017.03.25-11.18.21:384][  0]LogPackageLocalizationCache: Processed 3 localized package path(s) for 2 prioritized culture(s) in 0.117321 seconds
[2017.03.25-11.18.21:419][  0]LogUObjectArray: 31953 objects as part of root set at end of initial load.
[2017.03.25-11.18.21:419][  0]LogUObjectAllocator: 7149672 out of 0 bytes used by permanent object pool.
[2017.03.25-11.18.21:419][  0]LogUObjectArray: CloseDisregardForGC: 0/0 objects in disregard for GC pool
[2017.03.25-11.18.27:231][  0]LogAssetRegistry:Error: Failed to open file for write ../../../../../PurgaStory_v3/Intermediate/CachedAssetRegistry.bin
[2017.03.25-11.18.27:231][  0]LogSlate: Using Freetype 2.6.0
[2017.03.25-11.18.27:353][  0]LogSlate: SlateFontCache - WITH_FREETYPE: 1, WITH_HARFBUZZ: 1
[2017.03.25-11.18.27:353][  0]LogSlate: SlateFontCache - WITH_FREETYPE: 1, WITH_HARFBUZZ: 1
[2017.03.25-11.18.41:081][  0]LogSubstanceCoreModule: Substance [CPU] Engine Loaded, Max Texture Size = 2048
[2017.03.25-11.18.41:301][  0]LogTcpMessaging: Initializing TcpMessaging bridge
[2017.03.25-11.18.41:469][  0]LogUdpMessaging: Initializing bridge on interface 0.0.0.0:0 to multicast group 230.0.0.1:6666.
[2017.03.25-11.18.43:738][  0]LogMaterial: Uniform references updated for custom material expression Custom.
[2017.03.25-11.18.47:069][  0]SourceControl: Info Source control is disabled
[2017.03.25-11.18.47:784][  0]SourceControl: Info Source control is disabled
[2017.03.25-11.18.48:013][  0]SourceControl: Info Source control is disabled
[2017.03.25-11.18.48:225][  0]SourceControl: Info Source control is disabled
[2017.03.25-11.18.55:435][  0]LogEngine: Initializing Engine...
[2017.03.25-11.18.55:495][  0]LogHMD: Failed to initialize OpenVR with code 110
[2017.03.25-11.18.57:886][  0]LogAIModule: Creating AISystem for world Untitled
[2017.03.25-11.18.57:967][  0]LogInit: XAudio2 using 'Speakers (Conexant SmartAudio HD)' : 2 channels at 48 kHz using 32 bits per sample (channel mask 0x3)
[2017.03.25-11.18.58:165][  0]LogInit: FAudioDevice initialized.
[2017.03.25-11.18.58:183][  0]LogDerivedDataCache:Error: Could not save memory cache C:/Users/User/AppData/Local/UnrealEngine/4.14/DerivedDataCache/Boot.ddc.
[2017.03.25-11.18.58:203][  0]LogInit: Texture streaming: Enabled
[2017.03.25-11.19.00:089][  0]LogInit: Transaction tracking system initialized
[2017.03.25-11.19.06:012][  0]BlueprintLog: New page: Editor Load
[2017.03.25-11.19.10:814][  0]LocalizationService: Info Localization service is disabled
[2017.03.25-11.19.14:787][  0]LogConsoleResponse:Display: 
[2017.03.25-11.19.21:174][  0]LogCook:Display: Max memory allowance for cook 16384mb min free memory 0mb
[2017.03.25-11.19.21:214][  0]LogCook:Display: Mobile HDR setting 1
[2017.03.25-11.19.22:009][  0]LogFileCache: Scanning file cache for directory 'D:/Unreal/PurgaStory_v3/Content/' took 0.13s
[2017.03.25-11.19.27:252][  0]SourceControl: Info Source control is disabled
[2017.03.25-11.19.27:310][  0]Cmd: MAP LOAD FILE="../../../../../PurgaStory_v3/Content/Multiplayer/Maps/MP_mainMenu.umap" TEMPLATE=0 SHOWPROGRESS=1 FEATURELEVEL=3
[2017.03.25-11.19.27:393][  0]LightingResults: New page: Lighting Build
[2017.03.25-11.19.27:753][  0]MapCheck: New page: Map Check
[2017.03.25-11.19.27:753][  0]LightingResults: New page: Lighting Build
[2017.03.25-11.19.30:776][  0]LogAIModule: Creating AISystem for world MP_mainMenu
[2017.03.25-11.19.30:862][  0]LogEditorServer: Finished looking for orphan Actors (0.000 secs)
[2017.03.25-11.19.30:893][  0]Cmd: MAP CHECKDEP NOCLEARLOG
[2017.03.25-11.19.31:107][  0]MapCheck: Info Map check complete: 0 Error(s), 0 Warning(s), took 199.041ms to complete.
[2017.03.25-11.19.31:107][  0]LogFileHelpers: Loading map 'MP_mainMenu' took 3.797
[2017.03.25-11.19.32:509][  0]LogCollectionManager: Loaded 0 collections in 0.003978 seconds
[2017.03.25-11.19.32:769][  0]LogFileCache: Scanning file cache for directory 'D:/Unreal/PurgaStory_v3/Saved/Collections/' took 0.01s
[2017.03.25-11.19.32:769][  0]LogFileCache: Scanning file cache for directory 'D:/Unreal/PurgaStory_v3/Content/Developers/User/Collections/' took 0.01s
[2017.03.25-11.19.32:769][  0]LogFileCache: Scanning file cache for directory 'D:/Unreal/PurgaStory_v3/Content/Collections/' took 0.01s
[2017.03.25-11.19.32:769][  0]LogCollectionManager: Rebuilt the GUID cache for 0 collections in 0.000007 seconds
[2017.03.25-11.19.32:838][  0]LogContentBrowser: Native class hierarchy populated in 0.0533 seconds. Added 2206 classes and 437 folders.
[2017.03.25-11.19.33:195][  0]LogStats: UGameplayTagsManager::ConstructGameplayTagTree: Construct from data asset -  0.000 s
[2017.03.25-11.19.33:196][  0]LogStats: UGameplayTagsManager::ConstructGameplayTagTree: GameplayTagTreeChangedEvent.Broadcast -  0.000 s
[2017.03.25-11.19.33:199][  0]LogContentBrowser: Native class hierarchy updated for 'GameplayTags' in 0.0021 seconds. Added 13 classes and 0 folders.
[2017.03.25-11.19.33:583][  0]LogContentBrowser: Native class hierarchy updated for 'WidgetCarousel' in 0.0017 seconds. Added 0 classes and 0 folders.
[2017.03.25-11.19.35:610][  0]LogContentBrowser: Native class hierarchy updated for 'AddContentDialog' in 0.0018 seconds. Added 0 classes and 0 folders.
[2017.03.25-11.19.35:748][  0]LogContentBrowser: Native class hierarchy updated for 'SceneOutliner' in 0.0016 seconds. Added 1 classes and 2 folders.
[2017.03.25-11.19.36:810][  0]LogCrashTracker: Crashtracker disabled due to settings.
[2017.03.25-11.19.36:888][  0]LogUObjectGlobals:Warning: Failed to find object 'Class None.'
[2017.03.25-11.19.37:248][  0]LogContentBrowser: Native class hierarchy updated for 'HierarchicalLODOutliner' in 0.0018 seconds. Added 1 classes and 2 folders.
[2017.03.25-11.19.37:249][  0]LogLoad: (Engine Initialization) Total time: 211.92 seconds
[2017.03.25-11.19.37:249][  0]LogLoad: (Engine Initialization) Total Blueprint compile time: 2.17 seconds
[2017.03.25-11.19.37:256][  0]LogExternalProfiler: Found external profiler: VSPerf
[2017.03.25-11.19.37:256][  0]LogExternalProfiler: Using external profiler: VSPerf
[2017.03.25-11.19.37:596][  0]LogOcInput: OculusInput pre-init called
[2017.03.25-11.19.37:644][  0]LogContentStreaming: Texture pool size now 800 MB
[2017.03.25-11.19.38:445][  0]LogRenderer: Reallocating scene render targets to support 912x392 NumSamples 1 (Frame:2).
[2017.03.25-11.19.39:051][  1]LogFileCache: Retrieving MD5 hashes for directory 'D:/Unreal/PurgaStory_v3/Content/' took 1.44s
[2017.03.25-11.19.42:728][ 12]LogAssetRegistry: Asset discovery search completed in 81.6462 seconds
[2017.03.25-11.19.42:728][ 12]LogCollectionManager: Rebuilt the object cache for 0 collections in 0.000001 seconds (found 0 objects)
[2017.03.25-11.19.42:728][ 12]LogCollectionManager: Fixed up redirectors for 0 collections in 0.000051 seconds (updated 0 objects)
[2017.03.25-11.19.47:235][ 30]LogWindowsTextInputMethodSystem:Display: IME system now deactivated.
[2017.03.25-11.19.47:695][ 31]Cmd: QUIT_EDITOR
[2017.03.25-11.19.47:905][ 31]LogExit: Preparing to exit.
[2017.03.25-11.19.48:704][ 31]LogDirectoryWatcher: A directory notification for 'D:/Unreal/PurgaStory_v3/Content/' was aborted.
[2017.03.25-11.19.48:763][ 31]LogExit: Editor shut down
[2017.03.25-11.19.48:764][ 31]LogExit: Transaction tracking system shut down
[2017.03.25-11.19.49:020][ 31]LogObj: Freed 0b from 0 cluster array pools.
[2017.03.25-11.19.49:020][ 31]LogExit: Object subsystem successfully closed.
[2017.03.25-11.19.49:266][ 31]LogD3D11RHI: Shutdown
[2017.03.25-11.19.49:266][ 31]LogD3D11RHI: CleanupD3DDevice
[2017.03.25-11.19.49:472][ 31]LogD3D11RHI: ~FD3D11DynamicRHI
[2017.03.25-11.19.49:851][ 31]LogHttp:Display: Http module shutting down, but needs to wait on 1 outstanding Http requests:
[2017.03.25-11.19.49:851][ 31]LogHttp:Display: 	verb=[POST] url=[https://datarouter.ol.epicgames.com/datarouter/api/v1/public/data?SessionID=%7BDEDAC001-4CEB-A289-CFAA-A1B74CC81D5A%7D&AppID=UEEditor.Rocket.Release&AppVersion=4.14.3-3249277%2B%2B%2BUE4%2BRelease-4.14&UserID=d1c8f82b417d2ce73f7df0820151bd26%7C54ddd81e2c83417ea6547a0ffff3e5a4%7Cfb954913-2a66-44b3-9e13-656e6d75c89e&AppEnvironment=datacollector-binary&UploadType=eteventstream] status=Processing
[2017.03.25-11.19.49:851][ 31]LogHttp:Display: Sleeping 0.5s to wait for 1 outstanding Http requests.
[2017.03.25-11.19.50:425][ 31]LogModuleManager: Shutting down and abandoning module HierarchicalLODOutliner (244)
[2017.03.25-11.19.50:429][ 31]LogModuleManager: Shutting down and abandoning module CrashTracker (243)
[2017.03.25-11.19.50:429][ 31]LogModuleManager: Shutting down and abandoning module SceneOutliner (242)
[2017.03.25-11.19.50:429][ 31]LogModuleManager: Shutting down and abandoning module WidgetCarousel (241)
[2017.03.25-11.19.50:429][ 31]LogModuleManager: Shutting down and abandoning module AddContentDialog (240)
[2017.03.25-11.19.50:429][ 31]LogDirectoryWatcher: A directory notification for 'D:/Unreal/Epic Games/4.14/FeaturePacks/' was aborted.
[2017.03.25-11.19.50:432][ 31]LogModuleManager: Shutting down and abandoning module GameplayTags (239)
[2017.03.25-11.19.50:432][ 31]LogModuleManager: Shutting down and abandoning module EditorWidgets (238)
[2017.03.25-11.19.50:432][ 31]LogModuleManager: Shutting down and abandoning module CollectionManager (237)
[2017.03.25-11.19.50:436][ 31]LogDirectoryWatcher: A directory notification for 'D:/Unreal/PurgaStory_v3/Content/Collections/' was aborted.
[2017.03.25-11.19.50:436][ 31]LogDirectoryWatcher: A directory notification for 'D:/Unreal/PurgaStory_v3/Content/Developers/User/Collections/' was aborted.
[2017.03.25-11.19.50:436][ 31]LogDirectoryWatcher: A directory notification for 'D:/Unreal/PurgaStory_v3/Saved/Collections/' was aborted.
[2017.03.25-11.19.50:437][ 31]LogModuleManager: Shutting down and abandoning module StatsViewer (236)
[2017.03.25-11.19.50:449][ 31]LogModuleManager: Shutting down and abandoning module FoliageEdit (235)
[2017.03.25-11.19.50:449][ 31]LogModuleManager: Shutting down and abandoning module LandscapeEditor (234)
[2017.03.25-11.19.50:474][ 31]LogModuleManager: Shutting down and abandoning module SceneDepthPickerMode (233)
[2017.03.25-11.19.50:474][ 31]LogModuleManager: Shutting down and abandoning module ActorPickerMode (232)
[2017.03.25-11.19.50:474][ 31]LogModuleManager: Shutting down and abandoning module GeometryMode (231)
[2017.03.25-11.19.50:474][ 31]LogModuleManager: Shutting down and abandoning module TextureAlignMode (230)
[2017.03.25-11.19.50:474][ 31]LogModuleManager: Shutting down and abandoning module BspMode (229)
[2017.03.25-11.19.50:474][ 31]LogModuleManager: Shutting down and abandoning module HardwareSurvey (228)
[2017.03.25-11.19.50:474][ 31]LogModuleManager: Shutting down and abandoning module SequenceRecorderSections (227)
[2017.03.25-11.19.50:474][ 31]LogModuleManager: Shutting down and abandoning module AutomationWorker (226)
[2017.03.25-11.19.50:474][ 31]LogModuleManager: Shutting down and abandoning module MatineeToLevelSequence (225)
[2017.03.25-11.19.50:474][ 31]LogModuleManager: Shutting down and abandoning module PlacementMode (224)
[2017.03.25-11.19.50:480][ 31]LogModuleManager: Shutting down and abandoning module LevelSequenceEditor (223)
[2017.03.25-11.19.50:481][ 31]LogModuleManager: Shutting down and abandoning module WmfMediaFactory (222)
[2017.03.25-11.19.50:481][ 31]LogModuleManager: Shutting down and abandoning module WmfMediaEditor (221)
[2017.03.25-11.19.50:481][ 31]LogModuleManager: Shutting down and abandoning module AvfMediaFactory (220)
[2017.03.25-11.19.50:481][ 31]LogModuleManager: Shutting down and abandoning module AvfMediaEditor (219)
[2017.03.25-11.19.50:482][ 31]LogModuleManager: Shutting down and abandoning module Media (218)
[2017.03.25-11.19.50:482][ 31]LogModuleManager: Shutting down and abandoning module AndroidMediaFactory (217)
[2017.03.25-11.19.50:482][ 31]LogModuleManager: Shutting down and abandoning module AndroidMediaEditor (216)
[2017.03.25-11.19.50:482][ 31]LogModuleManager: Shutting down and abandoning module CharacterAI (215)
[2017.03.25-11.19.50:482][ 31]LogModuleManager: Shutting down and abandoning module SequenceRecorder (214)
[2017.03.25-11.19.50:500][ 31]LogModuleManager: Shutting down and abandoning module AudioCapture (213)
[2017.03.25-11.19.50:501][ 31]LogModuleManager: Shutting down and abandoning module SmartSnapping (212)
[2017.03.25-11.19.50:501][ 31]LogModuleManager: Shutting down and abandoning module SessionServices (211)
[2017.03.25-11.19.50:501][ 31]LogModuleManager: Shutting down and abandoning module ViewportSnapping (210)
[2017.03.25-11.19.50:501][ 31]LogModuleManager: Shutting down and abandoning module ViewportInteraction (209)
[2017.03.25-11.19.50:501][ 31]LogModuleManager: Shutting down and abandoning module LogVisualizer (208)
[2017.03.25-11.19.50:509][ 31]LogModuleManager: Shutting down and abandoning module GameProjectGeneration (207)
[2017.03.25-11.19.50:525][ 31]LogModuleManager: Shutting down and abandoning module IntroTutorials (206)
[2017.03.25-11.19.50:533][ 31]LogModuleManager: Shutting down and abandoning module EditorLiveStreaming (205)
[2017.03.25-11.19.50:533][ 31]LogModuleManager: Shutting down and abandoning module IOSPlatformEditor (204)
[2017.03.25-11.19.50:533][ 31]LogModuleManager: Shutting down and abandoning module HTML5PlatformEditor (203)
[2017.03.25-11.19.50:533][ 31]LogModuleManager: Shutting down and abandoning module AndroidDeviceDetection (202)
[2017.03.25-11.19.51:231][ 31]LogModuleManager: Shutting down and abandoning module AndroidPlatformEditor (201)
[2017.03.25-11.19.51:232][ 31]LogModuleManager: Shutting down and abandoning module IOSRuntimeSettings (200)
[2017.03.25-11.19.51:232][ 31]LogModuleManager: Shutting down and abandoning module AndroidRuntimeSettings (199)
[2017.03.25-11.19.51:232][ 31]LogModuleManager: Shutting down and abandoning module InputBindingEditor (198)
[2017.03.25-11.19.51:232][ 31]LogModuleManager: Shutting down and abandoning module NiagaraEditor (197)
[2017.03.25-11.19.51:291][ 31]LogModuleManager: Shutting down and abandoning module MergeActors (196)
[2017.03.25-11.19.51:295][ 31]LogModuleManager: Shutting down and abandoning module SizeMap (195)
[2017.03.25-11.19.51:295][ 31]LogModuleManager: Shutting down and abandoning module TreeMap (194)
[2017.03.25-11.19.51:295][ 31]LogModuleManager: Shutting down and abandoning module ReferenceViewer (193)
[2017.03.25-11.19.51:295][ 31]LogModuleManager: Shutting down and abandoning module LocalizationService (192)
[2017.03.25-11.19.51:295][ 31]LogModuleManager: Shutting down and abandoning module LocalizationDashboard (191)
[2017.03.25-11.19.51:300][ 31]LogModuleManager: Shutting down and abandoning module HardwareTargeting (190)
[2017.03.25-11.19.51:301][ 31]LogModuleManager: Shutting down and abandoning module DeviceProfileEditor (189)
[2017.03.25-11.19.51:308][ 31]LogModuleManager: Shutting down and abandoning module UndoHistory (188)
[2017.03.25-11.19.51:320][ 31]LogModuleManager: Shutting down and abandoning module UserFeedback (187)
[2017.03.25-11.19.51:320][ 31]LogModuleManager: Shutting down and abandoning module XmlParser (186)
[2017.03.25-11.19.51:320][ 31]LogModuleManager: Shutting down and abandoning module Blutility (185)
[2017.03.25-11.19.51:320][ 31]LogModuleManager: Shutting down and abandoning module ProjectTargetPlatformEditor (184)
[2017.03.25-11.19.51:321][ 31]LogModuleManager: Shutting down and abandoning module ProjectSettingsViewer (183)
[2017.03.25-11.19.51:321][ 31]LogModuleManager: Shutting down and abandoning module EditorSettingsViewer (182)
[2017.03.25-11.19.51:321][ 31]LogModuleManager: Shutting down and abandoning module SettingsEditor (181)
[2017.03.25-11.19.51:333][ 31]LogModuleManager: Shutting down and abandoning module ProjectLauncher (180)
[2017.03.25-11.19.51:372][ 31]LogModuleManager: Shutting down and abandoning module SessionFrontend (179)
[2017.03.25-11.19.51:384][ 31]LogModuleManager: Shutting down and abandoning module ProfilerClient (178)
[2017.03.25-11.19.51:394][ 31]LogModuleManager: Shutting down and abandoning module TargetDeviceServices (177)
[2017.03.25-11.19.51:394][ 31]LogModuleManager: Shutting down and abandoning module DeviceManager (176)
[2017.03.25-11.19.51:455][ 31]LogModuleManager: Shutting down and abandoning module AutomationController (175)
[2017.03.25-11.19.51:455][ 31]LogModuleManager: Shutting down and abandoning module AutomationWindow (174)
[2017.03.25-11.19.51:522][ 31]LogModuleManager: Shutting down and abandoning module Layers (173)
[2017.03.25-11.19.51:550][ 31]LogModuleManager: Shutting down and abandoning module ComponentVisualizers (172)
[2017.03.25-11.19.51:550][ 31]LogModuleManager: Shutting down and abandoning module DetailCustomizations (171)
[2017.03.25-11.19.51:550][ 31]LogModuleManager: Shutting down and abandoning module PackagesDialog (170)
[2017.03.25-11.19.51:551][ 31]LogModuleManager: Shutting down and abandoning module AnimGraph (169)
[2017.03.25-11.19.51:551][ 31]LogModuleManager: Shutting down and abandoning module Persona (168)
[2017.03.25-11.19.51:560][ 31]LogModuleManager: Shutting down and abandoning module Kismet (167)
[2017.03.25-11.19.51:584][ 31]LogModuleManager: Shutting down and abandoning module GraphEditor (166)
[2017.03.25-11.19.51:630][ 31]LogModuleManager: Shutting down and abandoning module ClassViewer (165)
[2017.03.25-11.19.51:642][ 31]LogModuleManager: Shutting down and abandoning module Toolbox (164)
[2017.03.25-11.19.51:642][ 31]LogModuleManager: Shutting down and abandoning module ModuleUI (163)
[2017.03.25-11.19.51:646][ 31]LogModuleManager: Shutting down and abandoning module MovieSceneTools (162)
[2017.03.25-11.19.51:667][ 31]LogModuleManager: Shutting down and abandoning module OutputLog (161)
[2017.03.25-11.19.51:674][ 31]LogModuleManager: Shutting down and abandoning module GammaUI (160)
[2017.03.25-11.19.51:719][ 31]LogModuleManager: Shutting down and abandoning module Documentation (159)
[2017.03.25-11.19.51:719][ 31]LogModuleManager: Shutting down and abandoning module Niagara (158)
[2017.03.25-11.19.51:719][ 31]LogModuleManager: Shutting down and abandoning module StreamingPauseRendering (157)
[2017.03.25-11.19.51:719][ 31]LogModuleManager: Shutting down and abandoning module AnalyticsET (156)
[2017.03.25-11.19.51:719][ 31]LogModuleManager: Shutting down and abandoning module PortalServices (155)
[2017.03.25-11.19.51:719][ 31]LogModuleManager: Shutting down and abandoning module PortalRpc (154)
[2017.03.25-11.19.51:719][ 31]LogModuleManager: Shutting down and abandoning module MessagingRpc (153)
[2017.03.25-11.19.51:719][ 31]LogModuleManager: Shutting down and abandoning module GameplayDebugger (152)
[2017.03.25-11.19.51:720][ 31]LogModuleManager: Shutting down and abandoning module AITestSuite (151)
[2017.03.25-11.19.51:720][ 31]LogModuleManager: Shutting down and abandoning module AIModule (150)
[2017.03.25-11.19.51:720][ 31]LogModuleManager: Shutting down and abandoning module ProfilerService (149)
[2017.03.25-11.19.51:746][ 31]LogModuleManager: Shutting down and abandoning module TaskGraph (148)
[2017.03.25-11.19.51:784][ 31]LogModuleManager: Shutting down and abandoning module SubstanceEditor (147)
[2017.03.25-11.19.51:819][ 31]LogModuleManager: Shutting down and abandoning module SlateRemote (146)
[2017.03.25-11.19.51:819][ 31]LogModuleManager: Shutting down and abandoning module SteamVRController (145)
[2017.03.25-11.19.51:819][ 31]LogModuleManager: Shutting down and abandoning module SteamVR (144)
[2017.03.25-11.19.51:819][ 31]LogModuleManager: Shutting down and abandoning module ProceduralMeshComponentEditor (143)
[2017.03.25-11.19.51:819][ 31]LogModuleManager: Shutting down and abandoning module ProceduralMeshComponent (142)
[2017.03.25-11.19.51:819][ 31]LogModuleManager: Shutting down and abandoning module OculusLibrary (141)
[2017.03.25-11.19.51:819][ 31]LogModuleManager: Shutting down and abandoning module OculusInput (140)
[2017.03.25-11.19.51:819][ 31]LogModuleManager: Shutting down and abandoning module MobilePatchingUtils (139)
[2017.03.25-11.19.51:819][ 31]LogModuleManager: Shutting down and abandoning module CustomMeshComponent (138)
[2017.03.25-11.19.51:819][ 31]LogModuleManager: Shutting down and abandoning module CableComponent (137)
[2017.03.25-11.19.51:820][ 31]LogModuleManager: Shutting down and abandoning module ArchVisCharacter (136)
[2017.03.25-11.19.51:820][ 31]LogModuleManager: Shutting down and abandoning module MediaPlayerEditor (135)
[2017.03.25-11.19.51:909][ 31]LogModuleManager: Shutting down and abandoning module HTML5Networking (134)
[2017.03.25-11.19.51:912][ 31]LogModuleManager: Shutting down and abandoning module GeometryCacheEd (133)
[2017.03.25-11.19.51:912][ 31]LogModuleManager: Shutting down and abandoning module GeometryCache (132)
[2017.03.25-11.19.51:912][ 31]LogModuleManager: Shutting down and abandoning module AlembicLibrary (131)
[2017.03.25-11.19.51:912][ 31]LogModuleManager: Shutting down and abandoning module AlembicImporter (130)
[2017.03.25-11.19.51:920][ 31]LogModuleManager: Shutting down and abandoning module SuperSearch (129)
[2017.03.25-11.19.51:920][ 31]LogModuleManager: Shutting down and abandoning module SuperSearchEditor (128)
[2017.03.25-11.19.51:920][ 31]LogModuleManager: Shutting down and abandoning module SpeedTreeImporter (127)
[2017.03.25-11.19.51:920][ 31]LogModuleManager: Shutting down and abandoning module PluginBrowser (126)
[2017.03.25-11.19.51:942][ 31]LogModuleManager: Shutting down and abandoning module MobileLauncherProfileWizard (125)
[2017.03.25-11.19.51:976][ 31]LogModuleManager: Shutting down and abandoning module EpicSurvey (124)
[2017.03.25-11.19.51:976][ 31]LogModuleManager: Shutting down and abandoning module DesktopPlatform (123)
[2017.03.25-11.19.51:976][ 31]LogModuleManager: Shutting down and abandoning module VisualStudioSourceCodeAccess (122)
[2017.03.25-11.19.51:977][ 31]LogModuleManager: Shutting down and abandoning module UObjectPlugin (121)
[2017.03.25-11.19.51:977][ 31]LogModuleManager: Shutting down and abandoning module SubversionSourceControl (120)
[2017.03.25-11.19.51:977][ 31]LogModuleManager: Shutting down and abandoning module PerforceSourceControl (119)
[2017.03.25-11.19.51:977][ 31]LogModuleManager: Shutting down and abandoning module SourceControl (118)
[2017.03.25-11.19.51:977][ 31]LogModuleManager: Shutting down and abandoning module GitSourceControl (117)
[2017.03.25-11.19.51:977][ 31]LogModuleManager: Shutting down and abandoning module LightPropagationVolumeEditor (116)
[2017.03.25-11.19.51:977][ 31]LogModuleManager: Shutting down and abandoning module PaperTiledImporter (115)
[2017.03.25-11.19.51:977][ 31]LogModuleManager: Shutting down and abandoning module PaperSpriteSheetImporter (114)
[2017.03.25-11.19.51:977][ 31]LogModuleManager: Shutting down and abandoning module MeshPaint (113)
[2017.03.25-11.19.51:977][ 31]LogModuleManager: Shutting down and abandoning module PixelInspectorModule (112)
[2017.03.25-11.19.51:977][ 31]LogModuleManager: Shutting down and abandoning module HotReload (111)
[2017.03.25-11.19.51:978][ 31]LogModuleManager: Shutting down and abandoning module MainFrame (110)
[2017.03.25-11.19.51:979][ 31]LogModuleManager: Shutting down and abandoning module LevelEditor (109)
[2017.03.25-11.19.51:982][ 31]LogModuleManager: Shutting down and abandoning module ContentBrowser (108)
[2017.03.25-11.19.51:984][ 31]LogModuleManager: Shutting down and abandoning module Paper2DEditor (107)
[2017.03.25-11.19.52:005][ 31]LogModuleManager: Shutting down and abandoning module UdpMessaging (106)
[2017.03.25-11.19.52:106][ 31]LogModuleManager: Shutting down and abandoning module TcpMessaging (105)
[2017.03.25-11.19.52:206][ 31]LogModuleManager: Shutting down and abandoning module SubstanceCore (104)
[2017.03.25-11.19.52:236][ 31]LogModuleManager: Shutting down and abandoning module LightPropagationVolumeRuntime (103)
[2017.03.25-11.19.52:236][ 31]LogModuleManager: Shutting down and abandoning module Paper2D (102)
[2017.03.25-11.19.52:236][ 31]LogModuleManager: Shutting down and abandoning module WindowsMoviePlayer (101)
[2017.03.25-11.19.52:236][ 31]LogModuleManager: Shutting down and abandoning module WmfMedia (100)
[2017.03.25-11.19.52:272][ 31]LogModuleManager: Shutting down and abandoning module MediaAssets (99)
[2017.03.25-11.19.52:272][ 31]LogModuleManager: Shutting down and abandoning module GameLiveStreaming (98)
[2017.03.25-11.19.52:272][ 31]LogModuleManager: Shutting down and abandoning module GameplayTagsEditor (97)
[2017.03.25-11.19.52:272][ 31]LogModuleManager: Shutting down and abandoning module VREditor (96)
[2017.03.25-11.19.52:272][ 31]LogModuleManager: Shutting down and abandoning module GameplayTasksEditor (95)
[2017.03.25-11.19.52:272][ 31]LogModuleManager: Shutting down and abandoning module BehaviorTreeEditor (94)
[2017.03.25-11.19.52:286][ 31]LogModuleManager: Shutting down and abandoning module FunctionalTesting (93)
[2017.03.25-11.19.52:286][ 31]LogModuleManager: Shutting down and abandoning module CollisionAnalyzer (92)
[2017.03.25-11.19.52:295][ 31]LogModuleManager: Shutting down and abandoning module Sequencer (91)
[2017.03.25-11.19.52:313][ 31]LogModuleManager: Shutting down and abandoning module WorkspaceMenuStructure (90)
[2017.03.25-11.19.52:313][ 31]LogModuleManager: Shutting down and abandoning module MessageLog (89)
[2017.03.25-11.19.52:314][ 31]LogModuleManager: Shutting down and abandoning module AssetTools (88)
[2017.03.25-11.19.52:395][ 31]LogModuleManager: Shutting down and abandoning module UMGEditor (87)
[2017.03.25-11.19.52:402][ 31]LogModuleManager: Shutting down and abandoning module UMG (86)
[2017.03.25-11.19.52:430][ 31]LogModuleManager: Shutting down and abandoning module SlateReflector (85)
[2017.03.25-11.19.52:475][ 31]LogModuleManager: Shutting down and abandoning module Slate (84)
[2017.03.25-11.19.52:475][ 31]LogModuleManager: Shutting down and abandoning module EditorStyle (83)
[2017.03.25-11.19.52:481][ 31]LogModuleManager: Shutting down and abandoning module SourceCodeAccess (82)
[2017.03.25-11.19.52:482][ 31]LogModuleManager: Shutting down and abandoning module HeadMountedDisplay (81)
[2017.03.25-11.19.52:482][ 31]LogModuleManager: Shutting down and abandoning module XAudio2 (80)
[2017.03.25-11.19.52:482][ 31]LogModuleManager: Shutting down and abandoning module Networking (79)
[2017.03.25-11.19.52:482][ 31]LogModuleManager: Shutting down and abandoning module Core (78)
[2017.03.25-11.19.52:482][ 31]LogModuleManager: Shutting down and abandoning module DirectoryWatcher (77)
[2017.03.25-11.19.52:482][ 31]LogDirectoryWatcher: A directory notification for '../../../Engine/Content/' was aborted.
[2017.03.25-11.19.52:482][ 31]LogDirectoryWatcher: A directory notification for '../../../../../PurgaStory_v3/Content/' was aborted.
[2017.03.25-11.19.52:482][ 31]LogDirectoryWatcher: A directory notification for '../../../Engine/Plugins/2D/Paper2D/Content/' was aborted.
[2017.03.25-11.19.52:483][ 31]LogModuleManager: Shutting down and abandoning module AssetRegistry (76)
[2017.03.25-11.19.52:775][ 31]LogModuleManager: Shutting down and abandoning module KismetCompiler (75)
[2017.03.25-11.19.52:776][ 31]LogModuleManager: Shutting down and abandoning module PhysXFormats (74)
[2017.03.25-11.19.52:776][ 31]LogModuleManager: Shutting down and abandoning module SimplygonSwarm (73)
[2017.03.25-11.19.52:783][ 31]LogModuleManager: Shutting down and abandoning module SimplygonMeshReduction (72)
[2017.03.25-11.19.52:784][ 31]LogModuleManager: Shutting down and abandoning module QuadricMeshReduction (71)
[2017.03.25-11.19.52:784][ 31]LogModuleManager: Shutting down and abandoning module PropertyEditor (70)
[2017.03.25-11.19.52:784][ 31]LogModuleManager: Shutting down and abandoning module MeshUtilities (69)
[2017.03.25-11.19.52:795][ 31]LogModuleManager: Shutting down and abandoning module DerivedDataCache (68)
[2017.03.25-11.19.52:816][ 31]LogDerivedDataCache: Shutdown
[2017.03.25-11.19.52:816][ 31]LogModuleManager: Shutting down and abandoning module VulkanShaderFormat (67)
[2017.03.25-11.19.52:816][ 31]LogModuleManager: Shutting down and abandoning module ShaderFormatOpenGL (66)
[2017.03.25-11.19.52:830][ 31]LogModuleManager: Shutting down and abandoning module ShaderFormatD3D (65)
[2017.03.25-11.19.52:830][ 31]LogModuleManager: Shutting down and abandoning module MetalShaderFormat (64)
[2017.03.25-11.19.52:839][ 31]LogModuleManager: Shutting down and abandoning module TextureFormatUncompressed (63)
[2017.03.25-11.19.52:839][ 31]LogModuleManager: Shutting down and abandoning module TextureFormatPVR (62)
[2017.03.25-11.19.52:839][ 31]LogModuleManager: Shutting down and abandoning module TextureFormatDXT (61)
[2017.03.25-11.19.52:839][ 31]LogModuleManager: Shutting down and abandoning module TextureFormatIntelISPCTexComp (60)
[2017.03.25-11.19.52:840][ 31]LogModuleManager: Shutting down and abandoning module ImageWrapper (59)
[2017.03.25-11.19.52:840][ 31]LogModuleManager: Shutting down and abandoning module TextureFormatASTC (58)
[2017.03.25-11.19.52:840][ 31]LogModuleManager: Shutting down and abandoning module TextureFormatAndroid (57)
[2017.03.25-11.19.52:840][ 31]LogModuleManager: Shutting down and abandoning module AudioFormatOpus (56)
[2017.03.25-11.19.52:840][ 31]LogModuleManager: Shutting down and abandoning module AudioFormatOgg (55)
[2017.03.25-11.19.52:840][ 31]LogModuleManager: Shutting down and abandoning module AudioFormatADPCM (54)
[2017.03.25-11.19.52:840][ 31]LogModuleManager: Shutting down and abandoning module LinuxTargetPlatform (53)
[2017.03.25-11.19.52:840][ 31]LogModuleManager: Shutting down and abandoning module LinuxServerTargetPlatform (52)
[2017.03.25-11.19.52:840][ 31]LogModuleManager: Shutting down and abandoning module LinuxNoEditorTargetPlatform (51)
[2017.03.25-11.19.52:840][ 31]LogModuleManager: Shutting down and abandoning module LinuxClientTargetPlatform (50)
[2017.03.25-11.19.52:840][ 31]LogModuleManager: Shutting down and abandoning module TVOSTargetPlatform (49)
[2017.03.25-11.19.52:840][ 31]LogModuleManager: Shutting down and abandoning module Messaging (48)
[2017.03.25-11.19.52:840][ 31]LogModuleManager: Shutting down and abandoning module IOSTargetPlatform (47)
[2017.03.25-11.19.52:840][ 31]LogModuleManager: Shutting down and abandoning module HTML5TargetPlatform (46)
[2017.03.25-11.19.52:840][ 31]LogModuleManager: Shutting down and abandoning module Android_PVRTCTargetPlatform (45)
[2017.03.25-11.19.52:840][ 31]LogModuleManager: Shutting down and abandoning module Android_MultiTargetPlatform (44)
[2017.03.25-11.19.52:840][ 31]LogModuleManager: Shutting down and abandoning module Android_ETC2TargetPlatform (43)
[2017.03.25-11.19.52:840][ 31]LogModuleManager: Shutting down and abandoning module Android_ETC1TargetPlatform (42)
[2017.03.25-11.19.52:841][ 31]LogModuleManager: Shutting down and abandoning module Android_DXTTargetPlatform (41)
[2017.03.25-11.19.52:841][ 31]LogModuleManager: Shutting down and abandoning module Android_ATCTargetPlatform (40)
[2017.03.25-11.19.52:841][ 31]LogModuleManager: Shutting down and abandoning module Android_ASTCTargetPlatform (39)
[2017.03.25-11.19.52:841][ 31]LogModuleManager: Shutting down and abandoning module AndroidTargetPlatform (38)
[2017.03.25-11.19.52:841][ 31]LogModuleManager: Shutting down and abandoning module WindowsTargetPlatform (37)
[2017.03.25-11.19.52:841][ 31]LogModuleManager: Shutting down and abandoning module WindowsServerTargetPlatform (36)
[2017.03.25-11.19.52:841][ 31]LogModuleManager: Shutting down and abandoning module WindowsNoEditorTargetPlatform (35)
[2017.03.25-11.19.52:841][ 31]LogModuleManager: Shutting down and abandoning module WindowsClientTargetPlatform (34)
[2017.03.25-11.19.52:841][ 31]LogModuleManager: Shutting down and abandoning module MacTargetPlatform (33)
[2017.03.25-11.19.52:841][ 31]LogModuleManager: Shutting down and abandoning module MacServerTargetPlatform (32)
[2017.03.25-11.19.52:841][ 31]LogModuleManager: Shutting down and abandoning module MacNoEditorTargetPlatform (31)
[2017.03.25-11.19.52:841][ 31]LogModuleManager: Shutting down and abandoning module MacClientTargetPlatform (30)
[2017.03.25-11.19.52:841][ 31]LogModuleManager: Shutting down and abandoning module AllDesktopTargetPlatform (29)
[2017.03.25-11.19.52:841][ 31]LogModuleManager: Shutting down and abandoning module TargetPlatform (28)
[2017.03.25-11.19.52:841][ 31]LogModuleManager: Shutting down and abandoning module InputCore (27)
[2017.03.25-11.19.52:841][ 31]LogModuleManager: Shutting down and abandoning module Settings (26)
[2017.03.25-11.19.52:841][ 31]LogModuleManager: Shutting down and abandoning module OculusRift (25)
[2017.03.25-11.19.52:841][ 31]LogModuleManager: Shutting down and abandoning module ExampleDeviceProfileSelector (24)
[2017.03.25-11.19.52:841][ 31]LogModuleManager: Shutting down and abandoning module OnlineBlueprintSupport (23)
[2017.03.25-11.19.52:841][ 31]LogModuleManager: Shutting down and abandoning module OnlineSubsystem (18)
[2017.03.25-11.19.52:841][ 31]LogOnline:Display: NULL: FOnlineSubsystemNull::Shutdown()
[2017.03.25-11.19.52:852][ 31]LogOnline:Display: Unloading online subsystem: STEAM
[2017.03.25-11.19.52:859][ 31]LogOnline:Display: Unloading online subsystem: NULL
[2017.03.25-11.19.52:859][ 31]LogModuleManager: Shutting down and abandoning module SSL (17)
[2017.03.25-11.19.52:863][ 31]LogModuleManager: Shutting down and abandoning module HTTP (16)
[2017.03.25-11.19.52:863][ 31]LogModuleManager: Shutting down and abandoning module XMPP (15)
[2017.03.25-11.19.52:879][ 31]LogModuleManager: Shutting down and abandoning module TextureCompressor (14)
[2017.03.25-11.19.52:880][ 31]LogModuleManager: Shutting down and abandoning module ShaderCore (13)
[2017.03.25-11.19.52:880][ 31]LogModuleManager: Shutting down and abandoning module Landscape (12)
[2017.03.25-11.19.52:880][ 31]LogModuleManager: Shutting down and abandoning module SlateRHIRenderer (11)
[2017.03.25-11.19.52:893][ 31]LogModuleManager: Shutting down and abandoning module OpenGLDrv (10)
[2017.03.25-11.19.52:899][ 31]LogModuleManager: Shutting down and abandoning module D3D11RHI (9)
[2017.03.25-11.19.52:899][ 31]LogModuleManager: Shutting down and abandoning module AnimGraphRuntime (8)
[2017.03.25-11.19.52:899][ 31]LogModuleManager: Shutting down and abandoning module Renderer (7)
[2017.03.25-11.19.52:899][ 31]LogModuleManager: Shutting down and abandoning module Engine (6)
[2017.03.25-11.19.52:899][ 31]LogModuleManager: Shutting down and abandoning module CoreUObject (5)
[2017.03.25-11.19.52:899][ 31]LogModuleManager: Shutting down and abandoning module NetworkFile (4)
[2017.03.25-11.19.52:907][ 31]LogModuleManager: Shutting down and abandoning module StreamingFile (3)
[2017.03.25-11.19.52:907][ 31]LogModuleManager: Shutting down and abandoning module SandboxFile (2)
[2017.03.25-11.19.52:907][ 31]LogModuleManager: Shutting down and abandoning module PakFile (1)
[2017.03.25-11.19.52:912][ 31]LogExit: Exiting.
[2017.03.25-11.19.52:916][ 31]Log file closed, 03/25/17 19:19:52
