Log file open, 04/08/17 21:13:14
LogInit:Display: Running engine for game: PurgaStory
LogPlatformFile: Not using cached read wrapper
LogInit:Display: RandInit(-1535304403) SRandInit(-1535304403).
LogTaskGraph: Started task graph with 5 named threads and 8 total threads with 1 sets of task threads.
LogStats: Stats thread started at 0.207346
LogPluginManager: Loaded Plugin Paper2D, From D:/Unreal/Epic Games/4.14/Engine/Plugins/2D/Paper2D/Paper2D.uplugin
LogPluginManager: Loaded Plugin LightPropagationVolume, From D:/Unreal/Epic Games/4.14/Engine/Plugins/Blendables/LightPropagationVolume/LightPropagationVolume.uplugin
LogPluginManager: Loaded Plugin BlankPlugin, From D:/Unreal/Epic Games/4.14/Engine/Plugins/Developer/BlankPlugin/BlankPlugin.uplugin
LogPluginManager: Loaded Plugin CodeLiteSourceCodeAccess, From D:/Unreal/Epic Games/4.14/Engine/Plugins/Developer/CodeLiteSourceCodeAccess/CodeLiteSourceCodeAccess.uplugin
LogPluginManager: Loaded Plugin GitSourceControl, From D:/Unreal/Epic Games/4.14/Engine/Plugins/Developer/GitSourceControl/GitSourceControl.uplugin
LogPluginManager: Loaded Plugin KDevelopSourceCodeAccess, From D:/Unreal/Epic Games/4.14/Engine/Plugins/Developer/KDevelopSourceCodeAccess/KDevelopSourceCodeAccess.uplugin
LogPluginManager: Loaded Plugin NullSourceCodeAccess, From D:/Unreal/Epic Games/4.14/Engine/Plugins/Developer/NullSourceCodeAccess/NullSourceCodeAccess.uplugin
LogPluginManager: Loaded Plugin OneSkyLocalizationService, From D:/Unreal/Epic Games/4.14/Engine/Plugins/Developer/OneSkyLocalizationService/OneSkyLocalizationService.uplugin
LogPluginManager: Loaded Plugin PerforceSourceControl, From D:/Unreal/Epic Games/4.14/Engine/Plugins/Developer/PerforceSourceControl/PerforceSourceControl.uplugin
LogPluginManager: Loaded Plugin SubversionSourceControl, From D:/Unreal/Epic Games/4.14/Engine/Plugins/Developer/SubversionSourceControl/SubversionSourceControl.uplugin
LogPluginManager: Loaded Plugin UObjectPlugin, From D:/Unreal/Epic Games/4.14/Engine/Plugins/Developer/UObjectPlugin/UObjectPlugin.uplugin
LogPluginManager: Loaded Plugin VisualStudioSourceCodeAccess, From D:/Unreal/Epic Games/4.14/Engine/Plugins/Developer/VisualStudioSourceCodeAccess/VisualStudioSourceCodeAccess.uplugin
LogPluginManager: Loaded Plugin XCodeSourceCodeAccess, From D:/Unreal/Epic Games/4.14/Engine/Plugins/Developer/XCodeSourceCodeAccess/XCodeSourceCodeAccess.uplugin
LogPluginManager: Loaded Plugin AudioCapture, From D:/Unreal/Epic Games/4.14/Engine/Plugins/Editor/AudioCapture/AudioCapture.uplugin
LogPluginManager: Loaded Plugin EpicSurvey, From D:/Unreal/Epic Games/4.14/Engine/Plugins/Editor/EpicSurvey/EpicSurvey.uplugin
LogPluginManager: Loaded Plugin MacGraphicsSwitching, From D:/Unreal/Epic Games/4.14/Engine/Plugins/Editor/MacGraphicsSwitching/MacGraphicsSwitching.uplugin
LogPluginManager: Loaded Plugin MobileLauncherProfileWizard, From D:/Unreal/Epic Games/4.14/Engine/Plugins/Editor/MobileLauncherProfileWizard/MobileLauncherProfileWizard.uplugin
LogPluginManager: Loaded Plugin PluginBrowser, From D:/Unreal/Epic Games/4.14/Engine/Plugins/Editor/PluginBrowser/PluginBrowser.uplugin
LogPluginManager: Loaded Plugin SpeedTreeImporter, From D:/Unreal/Epic Games/4.14/Engine/Plugins/Editor/SpeedTreeImporter/SpeedTreeImporter.uplugin
LogPluginManager: Loaded Plugin SuperSearchEditor, From D:/Unreal/Epic Games/4.14/Engine/Plugins/Editor/SuperSearchEditor/SuperSearchEditor.uplugin
LogPluginManager: Loaded Plugin AlembicImporter, From D:/Unreal/Epic Games/4.14/Engine/Plugins/Experimental/AlembicImporter/AlembicImporter.uplugin
LogPluginManager: Loaded Plugin BlueprintStats, From D:/Unreal/Epic Games/4.14/Engine/Plugins/Experimental/BlueprintStats/BlueprintStats.uplugin
LogPluginManager: Loaded Plugin CharacterAI, From D:/Unreal/Epic Games/4.14/Engine/Plugins/Experimental/CharacterAI/CharacterAI.uplugin
LogPluginManager: Loaded Plugin CodeEditor, From D:/Unreal/Epic Games/4.14/Engine/Plugins/Experimental/CodeEditor/CodeEditor.uplugin
LogPluginManager: Loaded Plugin CodeView, From D:/Unreal/Epic Games/4.14/Engine/Plugins/Experimental/CodeView/CodeView.uplugin
LogPluginManager: Loaded Plugin HTML5Networking, From D:/Unreal/Epic Games/4.14/Engine/Plugins/Experimental/HTML5Networking/HTML5Networking.uplugin
LogPluginManager: Loaded Plugin OSVR, From D:/Unreal/Epic Games/4.14/Engine/Plugins/Experimental/OSVR/OSVR.uplugin
LogPluginManager: Loaded Plugin Phya, From D:/Unreal/Epic Games/4.14/Engine/Plugins/Experimental/Phya/Phya.uplugin
LogPluginManager: Loaded Plugin SignificanceManager, From D:/Unreal/Epic Games/4.14/Engine/Plugins/Experimental/SignificanceManager/SignificanceManager.uplugin
LogPluginManager: Loaded Plugin SimpleHMD, From D:/Unreal/Epic Games/4.14/Engine/Plugins/Experimental/SimpleHMD/SimpleHMD.uplugin
LogPluginManager: Loaded Plugin StereoPanorama, From D:/Unreal/Epic Games/4.14/Engine/Plugins/Experimental/StereoPanorama/StereoPanorama.uplugin
LogPluginManager: Loaded Plugin StructBox, From D:/Unreal/Epic Games/4.14/Engine/Plugins/Experimental/StructBox/StructBox.uplugin
LogPluginManager: Loaded Plugin Substance, From D:/Unreal/Epic Games/4.14/Engine/Plugins/Marketplace/Substance/Substance.uplugin
LogPluginManager: Loaded Plugin AndroidMedia, From D:/Unreal/Epic Games/4.14/Engine/Plugins/Media/AndroidMedia/AndroidMedia.uplugin
LogPluginManager: Loaded Plugin AvfMedia, From D:/Unreal/Epic Games/4.14/Engine/Plugins/Media/AvfMedia/AvfMedia.uplugin
LogPluginManager: Loaded Plugin MediaPlayerEditor, From D:/Unreal/Epic Games/4.14/Engine/Plugins/Media/MediaPlayerEditor/MediaPlayerEditor.uplugin
LogPluginManager: Loaded Plugin WmfMedia, From D:/Unreal/Epic Games/4.14/Engine/Plugins/Media/WmfMedia/WmfMedia.uplugin
LogPluginManager: Loaded Plugin MessagingDebugger, From D:/Unreal/Epic Games/4.14/Engine/Plugins/Messaging/MessagingDebugger/MessagingDebugger.uplugin
LogPluginManager: Loaded Plugin TcpMessaging, From D:/Unreal/Epic Games/4.14/Engine/Plugins/Messaging/TcpMessaging/TcpMessaging.uplugin
LogPluginManager: Loaded Plugin UdpMessaging, From D:/Unreal/Epic Games/4.14/Engine/Plugins/Messaging/UdpMessaging/UdpMessaging.uplugin
LogPluginManager: Loaded Plugin LevelSequenceEditor, From D:/Unreal/Epic Games/4.14/Engine/Plugins/MovieScene/LevelSequenceEditor/LevelSequenceEditor.uplugin
LogPluginManager: Loaded Plugin MatineeToLevelSequence, From D:/Unreal/Epic Games/4.14/Engine/Plugins/MovieScene/MatineeToLevelSequence/MatineeToLevelSequence.uplugin
LogPluginManager: Loaded Plugin NetcodeUnitTest, From D:/Unreal/Epic Games/4.14/Engine/Plugins/NetcodeUnitTest/NetcodeUnitTest/NetcodeUnitTest.uplugin
LogPluginManager: Loaded Plugin NUTUnrealEngine4, From D:/Unreal/Epic Games/4.14/Engine/Plugins/NetcodeUnitTest/NUTUnrealEngine4/NUTUnrealEngine4.uplugin
LogPluginManager: Loaded Plugin OnlineSubsystemGameCircle, From D:/Unreal/Epic Games/4.14/Engine/Plugins/Online/Android/OnlineSubsystemGameCircle/OnlineSubsystemGameCircle.uplugin
LogPluginManager: Loaded Plugin OnlineSubsystemGooglePlay, From D:/Unreal/Epic Games/4.14/Engine/Plugins/Online/Android/OnlineSubsystemGooglePlay/OnlineSubsystemGooglePlay.uplugin
LogPluginManager: Loaded Plugin OnlineSubsystemIOS, From D:/Unreal/Epic Games/4.14/Engine/Plugins/Online/IOS/OnlineSubsystemIOS/OnlineSubsystemIOS.uplugin
LogPluginManager: Loaded Plugin OnlineFramework, From D:/Unreal/Epic Games/4.14/Engine/Plugins/Online/OnlineFramework/OnlineFramework.uplugin
LogPluginManager: Loaded Plugin OnlineSubsystem, From D:/Unreal/Epic Games/4.14/Engine/Plugins/Online/OnlineSubsystem/OnlineSubsystem.uplugin
LogPluginManager: Loaded Plugin OnlineSubsystemAmazon, From D:/Unreal/Epic Games/4.14/Engine/Plugins/Online/OnlineSubsystemAmazon/OnlineSubsystemAmazon.uplugin
LogPluginManager: Loaded Plugin OnlineSubsystemFacebook, From D:/Unreal/Epic Games/4.14/Engine/Plugins/Online/OnlineSubsystemFacebook/OnlineSubsystemFacebook.uplugin
LogPluginManager: Loaded Plugin OnlineSubsystemNull, From D:/Unreal/Epic Games/4.14/Engine/Plugins/Online/OnlineSubsystemNull/OnlineSubsystemNull.uplugin
LogPluginManager: Loaded Plugin OnlineSubsystemOculus, From D:/Unreal/Epic Games/4.14/Engine/Plugins/Online/OnlineSubsystemOculus/OnlineSubsystemOculus.uplugin
LogPluginManager: Loaded Plugin OnlineSubsystemSteam, From D:/Unreal/Epic Games/4.14/Engine/Plugins/Online/OnlineSubsystemSteam/OnlineSubsystemSteam.uplugin
LogPluginManager: Loaded Plugin OnlineSubsystemUtils, From D:/Unreal/Epic Games/4.14/Engine/Plugins/Online/OnlineSubsystemUtils/OnlineSubsystemUtils.uplugin
LogPluginManager: Loaded Plugin IOSTapJoy, From D:/Unreal/Epic Games/4.14/Engine/Plugins/Runtime/Advertising/IOSTapJoy/IOSTapJoy.uplugin
LogPluginManager: Loaded Plugin AnalyticsBlueprintLibrary, From D:/Unreal/Epic Games/4.14/Engine/Plugins/Runtime/Analytics/AnalyticsBlueprintLibrary/AnalyticsBlueprintLibrary.uplugin
LogPluginManager: Loaded Plugin AnalyticsMulticast, From D:/Unreal/Epic Games/4.14/Engine/Plugins/Runtime/Analytics/AnalyticsMulticast/AnalyticsMulticast.uplugin
LogPluginManager: Loaded Plugin Apsalar, From D:/Unreal/Epic Games/4.14/Engine/Plugins/Runtime/Analytics/Apsalar/Apsalar.uplugin
LogPluginManager: Loaded Plugin FileLogging, From D:/Unreal/Epic Games/4.14/Engine/Plugins/Runtime/Analytics/FileLogging/FileLogging.uplugin
LogPluginManager: Loaded Plugin Flurry, From D:/Unreal/Epic Games/4.14/Engine/Plugins/Runtime/Analytics/Flurry/Flurry.uplugin
LogPluginManager: Loaded Plugin AndroidDeviceProfileSelector, From D:/Unreal/Epic Games/4.14/Engine/Plugins/Runtime/AndroidDeviceProfileSelector/AndroidDeviceProfileSelector.uplugin
LogPluginManager: Loaded Plugin AndroidMoviePlayer, From D:/Unreal/Epic Games/4.14/Engine/Plugins/Runtime/AndroidMoviePlayer/AndroidMoviePlayer.uplugin
LogPluginManager: Loaded Plugin AppleMoviePlayer, From D:/Unreal/Epic Games/4.14/Engine/Plugins/Runtime/AppleMoviePlayer/AppleMoviePlayer.uplugin
LogPluginManager: Loaded Plugin ArchVisCharacter, From D:/Unreal/Epic Games/4.14/Engine/Plugins/Runtime/ArchVisCharacter/ArchVisCharacter.uplugin
LogPluginManager: Loaded Plugin CableComponent, From D:/Unreal/Epic Games/4.14/Engine/Plugins/Runtime/CableComponent/CableComponent.uplugin
LogPluginManager: Loaded Plugin CustomMeshComponent, From D:/Unreal/Epic Games/4.14/Engine/Plugins/Runtime/CustomMeshComponent/CustomMeshComponent.uplugin
LogPluginManager: Loaded Plugin ExampleDeviceProfileSelector, From D:/Unreal/Epic Games/4.14/Engine/Plugins/Runtime/ExampleDeviceProfileSelector/ExampleDeviceProfileSelector.uplugin
LogPluginManager: Loaded Plugin GearVR, From D:/Unreal/Epic Games/4.14/Engine/Plugins/Runtime/GearVR/GearVR.uplugin
LogPluginManager: Loaded Plugin GoogleVRController, From D:/Unreal/Epic Games/4.14/Engine/Plugins/Runtime/GoogleVR/GoogleVRController/GoogleVRController.uplugin
LogPluginManager: Loaded Plugin GoogleVRHMD, From D:/Unreal/Epic Games/4.14/Engine/Plugins/Runtime/GoogleVR/GoogleVRHMD/GoogleVRHMD.uplugin
LogPluginManager: Loaded Plugin IOSDeviceProfileSelector, From D:/Unreal/Epic Games/4.14/Engine/Plugins/Runtime/IOSDeviceProfileSelector/IOSDeviceProfileSelector.uplugin
LogPluginManager: Loaded Plugin LeapMotion, From D:/Unreal/Epic Games/4.14/Engine/Plugins/Runtime/LeapMotion/LeapMotion.uplugin
LogPluginManager: Loaded Plugin LinuxDeviceProfileSelector, From D:/Unreal/Epic Games/4.14/Engine/Plugins/Runtime/LinuxDeviceProfileSelector/LinuxDeviceProfileSelector.uplugin
LogPluginManager: Loaded Plugin MIDIDevice, From D:/Unreal/Epic Games/4.14/Engine/Plugins/Runtime/MIDIDevice/MIDIDevice.uplugin
LogPluginManager: Loaded Plugin MobilePatchingUtils, From D:/Unreal/Epic Games/4.14/Engine/Plugins/Runtime/MobilePatchingUtils/MobilePatchingUtils.uplugin
LogPluginManager: Loaded Plugin Ansel, From D:/Unreal/Epic Games/4.14/Engine/Plugins/Runtime/Nvidia/Ansel/Ansel.uplugin
LogPluginManager: Loaded Plugin OculusAudio, From D:/Unreal/Epic Games/4.14/Engine/Plugins/Runtime/OculusAudio/OculusAudio.uplugin
LogPluginManager: Loaded Plugin OculusInput, From D:/Unreal/Epic Games/4.14/Engine/Plugins/Runtime/OculusInput/OculusInput.uplugin
LogPluginManager: Loaded Plugin OculusLibrary, From D:/Unreal/Epic Games/4.14/Engine/Plugins/Runtime/OculusLibrary/OculusLibrary.uplugin
LogPluginManager: Loaded Plugin OculusRift, From D:/Unreal/Epic Games/4.14/Engine/Plugins/Runtime/OculusRift/OculusRift.uplugin
LogPluginManager: Loaded Plugin Oodle, From D:/Unreal/Epic Games/4.14/Engine/Plugins/Runtime/PacketHandlers/CompressionComponents/Oodle/Oodle.uplugin
LogPluginManager: Loaded Plugin ProceduralMeshComponent, From D:/Unreal/Epic Games/4.14/Engine/Plugins/Runtime/ProceduralMeshComponent/ProceduralMeshComponent.uplugin
LogPluginManager: Loaded Plugin SoundMod, From D:/Unreal/Epic Games/4.14/Engine/Plugins/Runtime/SoundMod/SoundMod.uplugin
LogPluginManager: Loaded Plugin SoundVisualizations, From D:/Unreal/Epic Games/4.14/Engine/Plugins/Runtime/SoundVisualizations/SoundVisualizations.uplugin
LogPluginManager: Loaded Plugin SteamController, From D:/Unreal/Epic Games/4.14/Engine/Plugins/Runtime/Steam/SteamController/SteamController.uplugin
LogPluginManager: Loaded Plugin SteamVR, From D:/Unreal/Epic Games/4.14/Engine/Plugins/Runtime/Steam/SteamVR/SteamVR.uplugin
LogPluginManager: Loaded Plugin WebBrowserWidget, From D:/Unreal/Epic Games/4.14/Engine/Plugins/Runtime/WebBrowserWidget/WebBrowserWidget.uplugin
LogPluginManager: Loaded Plugin WindowsDeviceProfileSelector, From D:/Unreal/Epic Games/4.14/Engine/Plugins/Runtime/WindowsDeviceProfileSelector/WindowsDeviceProfileSelector.uplugin
LogPluginManager: Loaded Plugin WindowsMoviePlayer, From D:/Unreal/Epic Games/4.14/Engine/Plugins/Runtime/WindowsMoviePlayer/WindowsMoviePlayer.uplugin
LogPluginManager: Loaded Plugin ScriptPlugin, From D:/Unreal/Epic Games/4.14/Engine/Plugins/ScriptPlugin/ScriptPlugin.uplugin
LogPluginManager: Loaded Plugin SlateRemote, From D:/Unreal/Epic Games/4.14/Engine/Plugins/Slate/SlateRemote/SlateRemote.uplugin
LogPluginManager: Loaded Plugin EditorTests, From D:/Unreal/Epic Games/4.14/Engine/Plugins/Tests/EditorTests/EditorTests.uplugin
LogPluginManager: Loaded Plugin FbxAutomationTestBuilder, From D:/Unreal/Epic Games/4.14/Engine/Plugins/Tests/FbxAutomationTestBuilder/FbxAutomationTestBuilder.uplugin
LogPluginManager: Loaded Plugin FunctionalTestingEditor, From D:/Unreal/Epic Games/4.14/Engine/Plugins/Tests/FunctionalTestingEditor/FunctionalTestingEditor.uplugin
LogPluginManager: Loaded Plugin RuntimeTests, From D:/Unreal/Epic Games/4.14/Engine/Plugins/Tests/RuntimeTests/RuntimeTests.uplugin
LogPluginManager: Loaded Plugin ScreenshotTools, From D:/Unreal/Epic Games/4.14/Engine/Plugins/Tests/ScreenshotTools/ScreenshotTools.uplugin
LogInit: Using libcurl 7.47.1
LogInit:  - built for x86_64-pc-win32
LogInit:  - supports SSL with OpenSSL/1.0.2g
LogInit:  - supports HTTP deflate (compression) using libz 1.2.8
LogInit:  - other features:
LogInit:      CURL_VERSION_SSL
LogInit:      CURL_VERSION_LIBZ
LogInit:      CURL_VERSION_IPV6
LogInit:      CURL_VERSION_ASYNCHDNS
LogInit:      CURL_VERSION_LARGEFILE
LogInit:      CURL_VERSION_IDN
LogInit:  CurlRequestOptions (configurable via config and command line):
LogInit:  - bVerifyPeer = false  - Libcurl will NOT verify peer certificate
LogInit:  - bUseHttpProxy = false  - Libcurl will NOT use HTTP proxy
LogInit:  - bDontReuseConnections = false  - Libcurl will reuse connections
LogInit:  - CertBundlePath = nullptr  - Libcurl will use whatever was configured at build time.
LogOnline:Display: STEAM: Loading Steam SDK 1.32
LogInit: WinSock: version 1.1 (2.2), MaxSocks=32767, MaxUdp=65467
LogInit: Build: ++UE4+Release-4.14-CL-3249277
LogInit: Engine Version: 4.14.3-3249277+++UE4+Release-4.14
LogInit: Compatible Engine Version: 4.14.0-3195953+++UE4+Release-4.14
LogInit: Net CL: 3195953
LogDevObjectVersion: Number of dev versions registered: 13
LogDevObjectVersion:   Dev-Blueprints (B0D832E4-1F89-4F0D-ACCF-7EB736FD4AA2): 7
LogDevObjectVersion:   Dev-Build (E1C64328-A22C-4D53-A36C-8E866417BD8C): 0
LogDevObjectVersion:   Dev-Core (375EC13C-06E4-48FB-B500-84F0262A717E): 1
LogDevObjectVersion:   Dev-Editor (E4B068ED-F494-42E9-A231-DA0B2E46BB41): 8
LogDevObjectVersion:   Dev-Framework (CFFC743F-43B0-4480-9391-14DF171D2073): 17
LogDevObjectVersion:   Dev-Mobile (B02B49B5-BB20-44E9-A304-32B752E40360): 0
LogDevObjectVersion:   Dev-Networking (A4E4105C-59A1-49B5-A7C5-40C4547EDFEE): 0
LogDevObjectVersion:   Dev-Online (39C831C9-5AE6-47DC-9A44-9C173E1C8E7C): 0
LogDevObjectVersion:   Dev-Physics (78F01B33-EBEA-4F98-B9B4-84EACCB95AA2): 0
LogDevObjectVersion:   Dev-Platform (6631380F-2D4D-43E0-8009-CF276956A95A): 0
LogDevObjectVersion:   Dev-Rendering (12F88B9F-8875-4AFC-A67C-D90C383ABD29): 12
LogDevObjectVersion:   Dev-Sequencer (7B5AE74C-D270-4C10-A958-57980B212A5A): 1
LogDevObjectVersion:   Dev-VR (D7296918-1DD6-4BDD-9DE2-64A83CC13884): 0
LogInit: Compiled (64-bit): Jan  6 2017 10:49:43
LogInit: Compiled with Visual C++: 19.00.23026.00
LogInit: Build Configuration: Development
LogInit: Branch Name: ++UE4+Release-4.14
LogInit: Command line:  /Temp/Autosaves/Game/Multiplayer/Maps/UEDPCMP_mainMenu -game -PIEVIACONSOLE -ResX=720 -ResY=540  -Multiprocess -messaging -SessionName="Play in Standalone Game" -windowed 
LogInit: Base directory: D:/Unreal/Epic Games/4.14/Engine/Binaries/Win64/
LogInit: Installed Engine Build: 1
LogInit: Presizing for max 8388607 objects, including 0 objects not considered by GC, pre-allocating 0 bytes for permanent pool.
LogInit: Object subsystem initialized
[2017.04.08-13.13.16:827][  0]LogInit: Selected Device Profile: [Windows]
[2017.04.08-13.13.16:827][  0]LogInit: Applying CVar settings loaded from the selected device profile: [Windows]
[2017.04.08-13.13.16:841][  0]LogInit: Computer: ASUS
[2017.04.08-13.13.16:841][  0]LogInit: User: User
[2017.04.08-13.13.16:841][  0]LogInit: CPU Page size=65536, Cores=4
[2017.04.08-13.13.16:841][  0]LogInit: High frequency timer resolution =2.533194 MHz
[2017.04.08-13.13.16:842][  0]LogMemory: Memory total: Physical=11.9GB (12GB approx)
[2017.04.08-13.13.16:842][  0]LogMemory: Platform Memory Stats for Windows
[2017.04.08-13.13.16:842][  0]LogMemory: Process Physical Memory: 304.29 MB used, 304.29 MB peak
[2017.04.08-13.13.16:842][  0]LogMemory: Process Virtual Memory: 284.75 MB used, 284.75 MB peak
[2017.04.08-13.13.16:842][  0]LogMemory: Physical Memory: 6539.18 MB used,  5637.71 MB free, 12176.89 MB total
[2017.04.08-13.13.16:842][  0]LogMemory: Virtual Memory: 797.92 MB used,  5637.71 MB free, 134217728.00 MB total
[2017.04.08-13.13.16:958][  0]LogTextLocalizationManager: No specific translations for ('en-SG') exist, so ('en') translations will be used.
[2017.04.08-13.13.18:932][  0]LogD3D11RHI: D3D11 adapters:
[2017.04.08-13.13.19:056][  0]LogD3D11RHI:    0. 'NVIDIA GeForce GTX 950M' (Feature Level 11_0)
[2017.04.08-13.13.19:056][  0]LogD3D11RHI:       4036/0/6088 MB DedicatedVideo/DedicatedSystem/SharedSystem, Outputs:1, VendorId:0x10de
[2017.04.08-13.13.19:083][  0]LogD3D11RHI:    1. 'Intel(R) HD Graphics 4600' (Feature Level 11_0)
[2017.04.08-13.13.19:084][  0]LogD3D11RHI:       112/0/2048 MB DedicatedVideo/DedicatedSystem/SharedSystem, Outputs:0, VendorId:0x8086
[2017.04.08-13.13.19:092][  0]LogD3D11RHI:    2. 'Microsoft Basic Render Driver' (Feature Level 11_0)
[2017.04.08-13.13.19:092][  0]LogD3D11RHI:       0/0/6088 MB DedicatedVideo/DedicatedSystem/SharedSystem, Outputs:0, VendorId:0x1414
[2017.04.08-13.13.19:093][  0]LogD3D11RHI: Chosen D3D11 Adapter: 0
[2017.04.08-13.13.19:116][  0]LogD3D11RHI: Creating new Direct3DDevice
[2017.04.08-13.13.19:117][  0]LogD3D11RHI:     GPU DeviceId: 0x139a (for the marketing name, search the web for "GPU Device Id")
[2017.04.08-13.13.19:117][  0]LogWindows: EnumDisplayDevices:
[2017.04.08-13.13.19:118][  0]LogWindows:    0. 'Intel(R) HD Graphics 4600' (P:1 D:1)
[2017.04.08-13.13.19:119][  0]LogWindows:    1. 'Intel(R) HD Graphics 4600' (P:0 D:0)
[2017.04.08-13.13.19:120][  0]LogWindows:    2. 'Intel(R) HD Graphics 4600' (P:0 D:0)
[2017.04.08-13.13.19:120][  0]LogWindows: DebugString: PrimaryIsNotTheChoosenAdapter PrimaryIsNotTheChoosenAdapter PrimaryIsNotTheChoosenAdapter FoundDriverCount:0 
[2017.04.08-13.13.19:120][  0]LogD3D11RHI:     Adapter Name: NVIDIA GeForce GTX 950M
[2017.04.08-13.13.19:120][  0]LogD3D11RHI:   Driver Version: Unknown (internal:Unknown, unified:Unknown)
[2017.04.08-13.13.19:120][  0]LogD3D11RHI:      Driver Date: Unknown
[2017.04.08-13.13.19:120][  0]LogRHI: Texture pool is 1361 MB (70% of 1945 MB)
[2017.04.08-13.13.19:190][  0]LogD3D11RHI: Async texture creation enabled
[2017.04.08-13.13.19:223][  0]LogD3D11RHI: GPU Timing Frequency: 1000.000000 (Debug: 2 1)
[2017.04.08-13.13.19:226][  0]LogShaderCompilers: Guid format shader working directory is 17 characters bigger than the processId version (../../../../../PurgaStory_v3/Intermediate/Shaders/WorkingDirectory/5476/).
[2017.04.08-13.13.19:227][  0]LogShaderCompilers: Cleaned the shader compiler working directory 'C:/Users/User/AppData/Local/Temp/UnrealShaderWorkingDir/A007CD8A42C82CCC3B47708A68DEE612/'.
[2017.04.08-13.13.19:227][  0]LogShaderCompilers:Display: Using Local Shader Compiler.
[2017.04.08-13.13.24:073][  0]LogTemp:Display: Loaded TP WindowsClientTargetPlatform
[2017.04.08-13.13.24:243][  0]LogTemp:Display: Loaded TP WindowsNoEditorTargetPlatform
[2017.04.08-13.13.24:413][  0]LogTemp:Display: Loaded TP WindowsServerTargetPlatform
[2017.04.08-13.13.24:549][  0]LogTemp:Display: Loaded TP WindowsTargetPlatform
[2017.04.08-13.13.24:549][  0]LogTargetPlatformManager:Display: Building Assets For Windows
[2017.04.08-13.13.25:720][  0]LogDerivedDataCache:Display: Max Cache Size: 512 MB
[2017.04.08-13.13.25:901][  0]LogDerivedDataCache: Loaded boot cache 0.18s 50MB C:/Users/User/AppData/Local/UnrealEngine/4.14/DerivedDataCache/Boot.ddc.
[2017.04.08-13.13.25:901][  0]LogDerivedDataCache:Display: Loaded Boot cache: C:/Users/User/AppData/Local/UnrealEngine/4.14/DerivedDataCache/Boot.ddc
[2017.04.08-13.13.25:901][  0]LogDerivedDataCache: FDerivedDataBackendGraph:  Pak pak cache file ../../../../../PurgaStory_v3/DerivedDataCache/DDC.ddp not found, will not use a pak cache.
[2017.04.08-13.13.25:901][  0]LogDerivedDataCache: Unable to find inner node Pak for hierarchical cache Hierarchy.
[2017.04.08-13.13.25:901][  0]LogDerivedDataCache: FDerivedDataBackendGraph:  CompressedPak pak cache file ../../../../../PurgaStory_v3/DerivedDataCache/Compressed.ddp not found, will not use a pak cache.
[2017.04.08-13.13.25:902][  0]LogDerivedDataCache: Unable to find inner node CompressedPak for hierarchical cache Hierarchy.
[2017.04.08-13.13.25:971][  0]LogDerivedDataCache:Display: Pak cache opened for reading ../../../Engine/DerivedDataCache/Compressed.ddp.
[2017.04.08-13.13.25:985][  0]LogDerivedDataCache: Using Local data cache path C:/Users/User/AppData/Local/UnrealEngine/Common/DerivedDataCache: Writable
[2017.04.08-13.13.27:042][  0]LogAssetRegistry: FAssetRegistry took 0.0003 seconds to start up
[2017.04.08-13.13.27:059][  0]LogPackageLocalizationCache: Processed 3 localized package path(s) for 2 prioritized culture(s) in 0.016666 seconds
[2017.04.08-13.13.27:120][  0]LogInit: Selected Device Profile: [Windows]
[2017.04.08-13.13.27:126][  0]LogContentStreaming: Texture pool size is 1000.00 MB
[2017.04.08-13.13.27:806][  0]LogMeshUtilities: Using QuadricMeshReduction for automatic static mesh reduction
[2017.04.08-13.13.27:929][  0]LogSimplygon: Simplygon DLL not present - disabling.
[2017.04.08-13.13.28:062][  0]LogMeshUtilities: Using SimplygonSwarm for distributed automatic mesh merging
[2017.04.08-13.13.28:062][  0]LogMeshUtilities: No automatic skeletal mesh reduction module available
[2017.04.08-13.13.28:062][  0]LogMeshUtilities: No automatic mesh merging module available
[2017.04.08-13.13.29:576][  0]LogNetVersion: GetLocalNetworkVersion: CL: 3195953, ProjectName: purgastory, ProjectVersion: , EngineNetworkVersion: 2, GameNetworkVersion: 0, NetworkChecksum: 4090582873
[2017.04.08-13.13.31:722][  0]LogSlate: Using Freetype 2.6.0
[2017.04.08-13.13.31:723][  0]LogSlate: SlateFontCache - WITH_FREETYPE: 1, WITH_HARFBUZZ: 1
[2017.04.08-13.13.31:723][  0]LogSlate: SlateFontCache - WITH_FREETYPE: 1, WITH_HARFBUZZ: 1
[2017.04.08-13.13.32:101][  0]LogMoviePlayer: Initializing movie player
[2017.04.08-13.13.32:199][  0]LogWindowsTextInputMethodSystem:Display: IME system now deactivated.
[2017.04.08-13.13.32:269][  0]LogWindowsMoviePlayer: Unable to load movie: ../../../../../PurgaStory_v3/Content/Movies/Default_Startup.mp4
[2017.04.08-13.13.32:806][  0]LogSubstanceCoreModule: Substance [CPU] Engine Loaded, Max Texture Size = 2048
[2017.04.08-13.13.32:895][  0]LogTcpMessaging: Initializing TcpMessaging bridge
[2017.04.08-13.13.32:984][  0]LogUdpMessaging: Initializing bridge on interface 0.0.0.0:0 to multicast group 230.0.0.1:6666.
[2017.04.08-13.13.33:298][  0]SourceControl: Info Source control is disabled
[2017.04.08-13.13.33:298][  0]SourceControl: Info Source control is disabled
[2017.04.08-13.13.33:426][  0]SourceControl: Info Source control is disabled
[2017.04.08-13.13.35:362][  0]LogUObjectArray: 33665 objects as part of root set at end of initial load.
[2017.04.08-13.13.35:362][  0]LogUObjectAllocator: 7660528 out of 0 bytes used by permanent object pool.
[2017.04.08-13.13.35:362][  0]LogUObjectArray: CloseDisregardForGC: 0/0 objects in disregard for GC pool
[2017.04.08-13.13.35:679][  0]LogEngine: Initializing Engine...
[2017.04.08-13.13.35:682][  0]LogHMD: Failed to initialize OpenVR with code 110
[2017.04.08-13.13.36:090][  0]LogInit: XAudio2 using 'Speakers (Conexant SmartAudio HD)' : 2 channels at 48 kHz using 32 bits per sample (channel mask 0x3)
[2017.04.08-13.13.36:128][  0]LogInit: FAudioDevice initialized.
[2017.04.08-13.13.36:161][  0]LogInit: Texture streaming: Enabled
[2017.04.08-13.13.36:208][  0]LogMaterial: Uniform references updated for custom material expression Custom.
[2017.04.08-13.13.41:012][  0]LogInit:Display: Game Engine Initialized.
[2017.04.08-13.13.41:510][  0]LogInit:Display: Starting Game.
[2017.04.08-13.13.41:510][  0]LogNet: Browse: /Temp/Autosaves/Game/Multiplayer/Maps/UEDPCMP_mainMenu?Name=Player
[2017.04.08-13.13.41:510][  0]LogLoad: LoadMap: /Temp/Autosaves/Game/Multiplayer/Maps/UEDPCMP_mainMenu?Name=Player
[2017.04.08-13.13.42:272][  0]LogMemory: Platform Memory Stats for Windows
[2017.04.08-13.13.42:272][  0]LogMemory: Process Physical Memory: 1001.46 MB used, 1532.15 MB peak
[2017.04.08-13.13.42:272][  0]LogMemory: Process Virtual Memory: 1356.52 MB used, 1798.54 MB peak
[2017.04.08-13.13.42:272][  0]LogMemory: Physical Memory: 7197.69 MB used,  4979.20 MB free, 12176.89 MB total
[2017.04.08-13.13.42:272][  0]LogMemory: Virtual Memory: 2101.91 MB used,  4979.20 MB free, 134217728.00 MB total
[2017.04.08-13.13.42:272][  0]LogMemory: 
[2017.04.08-13.13.42:272][  0]Allocator Stats for TBB: (not implemented)
[2017.04.08-13.13.42:675][  0]LogAIModule: Creating AISystem for world MP_mainMenu
[2017.04.08-13.13.44:278][  0]LogBlueprint:Warning: [BP_Seeker] 'HidingTimeLeft' variable not found. Base class was probably changed.
[2017.04.08-13.13.45:825][  0]LogLoad: Game class is 'FirstPersonGameMode_C'
[2017.04.08-13.13.45:831][  0]LogWorld: Bringing World /Temp/Autosaves/Game/Multiplayer/Maps/UEDPCMP_mainMenu.MP_mainMenu up for play (max tick rate 0) at 2017.04.08-21.13.45
[2017.04.08-13.13.45:832][  0]LogWorld: Bringing up level for play took: 0.002377
[2017.04.08-13.13.45:836][  0]LogGameMode:Display: Match State Changed from EnteringMap to WaitingToStart
[2017.04.08-13.13.45:836][  0]LogGameState: Match State Changed from EnteringMap to WaitingToStart
[2017.04.08-13.13.45:836][  0]LogGameMode:Display: Match State Changed from WaitingToStart to InProgress
[2017.04.08-13.13.45:847][  0]LogBlueprintUserMessages: [MP_mainMenu_C_3] Hello, i am opening main menu
[2017.04.08-13.13.45:848][  0]LogScriptCore:Warning: Script Msg: DestroySession - Invalid player state
[2017.04.08-13.13.45:850][  0]LogGameState: Match State Changed from WaitingToStart to InProgress
[2017.04.08-13.13.45:850][  0]LogLoad: Took 4.340348 seconds to LoadMap(/Temp/Autosaves/Game/Multiplayer/Maps/UEDPCMP_mainMenu)
[2017.04.08-13.13.46:468][  0]LogLoad: (Engine Initialization) Total time: 34.96 seconds
[2017.04.08-13.13.46:468][  0]LogLoad: (Engine Initialization) Total Blueprint compile time: 2.31 seconds
[2017.04.08-13.13.46:468][  0]LogExternalProfiler: Found external profiler: VSPerf
[2017.04.08-13.13.46:468][  0]LogExternalProfiler: Using external profiler: VSPerf
[2017.04.08-13.13.46:497][  0]LogOcInput: OculusInput pre-init called
[2017.04.08-13.13.46:791][  2]LogRenderer: Reallocating scene render targets to support 720x540 NumSamples 1 (Frame:2).
[2017.04.08-13.13.46:802][  2]LogUnrealMath:Error: FMatrix::InverseFast(), trying to invert a NIL matrix, this results in NaNs! Use Inverse() instead.
[2017.04.08-13.13.46:824][  2]LogStats: FPlatformStackWalk::StackWalkAndDump -  0.022 s
[2017.04.08-13.13.46:824][  2]LogOutputDevice:Error: === Handled ensure: ===
[2017.04.08-13.13.46:824][  2]LogOutputDevice:Error: 
[2017.04.08-13.13.46:824][  2]LogOutputDevice:Error: Ensure condition failed: false [File:D:\Build\++UE4+Release-4.14+Compile\Sync\Engine\Source\Runtime\Core\Private\Math\Matrix.cpp] [Line: 9]
[2017.04.08-13.13.46:824][  2]LogOutputDevice:Error: FMatrix::InverseFast(), trying to invert a NIL matrix, this results in NaNs! Use Inverse() instead.
[2017.04.08-13.13.46:824][  2]LogOutputDevice:Error: Stack: 
[2017.04.08-13.13.46:824][  2]LogOutputDevice:Error: UE4Editor-Core.dll
[2017.04.08-13.13.46:824][  2]LogOutputDevice:Error: UE4Editor-Core.dll
[2017.04.08-13.13.46:824][  2]LogOutputDevice:Error: UE4Editor-Core.dll
[2017.04.08-13.13.46:824][  2]LogOutputDevice:Error: UE4Editor-Core.dll
[2017.04.08-13.13.46:824][  2]LogOutputDevice:Error: UE4Editor-Engine.dll
[2017.04.08-13.13.46:824][  2]LogOutputDevice:Error: UE4Editor-Engine.dll
[2017.04.08-13.13.46:824][  2]LogOutputDevice:Error: UE4Editor-Renderer.dll
[2017.04.08-13.13.46:824][  2]LogOutputDevice:Error: UE4Editor-Renderer.dll
[2017.04.08-13.13.46:824][  2]LogOutputDevice:Error: UE4Editor-Renderer.dll
[2017.04.08-13.13.46:824][  2]LogOutputDevice:Error: UE4Editor-Renderer.dll
[2017.04.08-13.13.46:824][  2]LogOutputDevice:Error: UE4Editor-Renderer.dll
[2017.04.08-13.13.46:824][  2]LogOutputDevice:Error: UE4Editor-Renderer.dll
[2017.04.08-13.13.46:824][  2]LogOutputDevice:Error: UE4Editor-Core.dll
[2017.04.08-13.13.46:824][  2]LogOutputDevice:Error: UE4Editor-Core.dll
[2017.04.08-13.13.46:824][  2]LogOutputDevice:Error: UE4Editor-RenderCore.dll
[2017.04.08-13.13.46:824][  2]LogOutputDevice:Error: UE4Editor-RenderCore.dll
[2017.04.08-13.13.46:824][  2]LogOutputDevice:Error: UE4Editor-Core.dll
[2017.04.08-13.13.46:824][  2]LogOutputDevice:Error: UE4Editor-Core.dll
[2017.04.08-13.13.46:824][  2]LogOutputDevice:Error: KERNEL32.DLL
[2017.04.08-13.13.46:824][  2]LogOutputDevice:Error: ntdll.dll
[2017.04.08-13.13.46:824][  2]LogOutputDevice:Error: 
[2017.04.08-13.13.46:824][  2]LogStats:                SubmitErrorReport -  0.000 s
[2017.04.08-13.13.48:067][  2]LogStats:                    SendNewReport -  1.243 s
[2017.04.08-13.13.48:067][  2]LogStats:             FDebug::EnsureFailed -  1.265 s
[2017.04.08-13.13.48:183][  2]LogUnrealMath:Error: FMatrix::InverseFast(), trying to invert a NIL matrix, this results in NaNs! Use Inverse() instead.
[2017.04.08-13.13.48:208][  3]LogUnrealMath:Error: FMatrix::InverseFast(), trying to invert a NIL matrix, this results in NaNs! Use Inverse() instead.
[2017.04.08-13.13.48:233][  4]LogUnrealMath:Error: FMatrix::InverseFast(), trying to invert a NIL matrix, this results in NaNs! Use Inverse() instead.
[2017.04.08-13.13.48:256][  5]LogUnrealMath:Error: FMatrix::InverseFast(), trying to invert a NIL matrix, this results in NaNs! Use Inverse() instead.
[2017.04.08-13.13.48:279][  6]LogUnrealMath:Error: FMatrix::InverseFast(), trying to invert a NIL matrix, this results in NaNs! Use Inverse() instead.
[2017.04.08-13.13.48:304][  7]LogUnrealMath:Error: FMatrix::InverseFast(), trying to invert a NIL matrix, this results in NaNs! Use Inverse() instead.
[2017.04.08-13.13.48:328][  8]LogUnrealMath:Error: FMatrix::InverseFast(), trying to invert a NIL matrix, this results in NaNs! Use Inverse() instead.
[2017.04.08-13.13.48:352][  9]LogUnrealMath:Error: FMatrix::InverseFast(), trying to invert a NIL matrix, this results in NaNs! Use Inverse() instead.
[2017.04.08-13.13.48:374][ 10]LogUnrealMath:Error: FMatrix::InverseFast(), trying to invert a NIL matrix, this results in NaNs! Use Inverse() instead.
[2017.04.08-13.13.48:390][ 11]LogUnrealMath:Error: FMatrix::InverseFast(), trying to invert a NIL matrix, this results in NaNs! Use Inverse() instead.
[2017.04.08-13.13.48:390][ 11]LogUnrealMath:Error: FMatrix::InverseFast(), trying to invert a NIL matrix, this results in NaNs! Use Inverse() instead.
[2017.04.08-13.13.48:406][ 12]LogUnrealMath:Error: FMatrix::InverseFast(), trying to invert a NIL matrix, this results in NaNs! Use Inverse() instead.
[2017.04.08-13.13.48:422][ 13]LogUnrealMath:Error: FMatrix::InverseFast(), trying to invert a NIL matrix, this results in NaNs! Use Inverse() instead.
[2017.04.08-13.13.48:439][ 14]LogUnrealMath:Error: FMatrix::InverseFast(), trying to invert a NIL matrix, this results in NaNs! Use Inverse() instead.
[2017.04.08-13.13.48:454][ 15]LogUnrealMath:Error: FMatrix::InverseFast(), trying to invert a NIL matrix, this results in NaNs! Use Inverse() instead.
[2017.04.08-13.13.48:471][ 16]LogUnrealMath:Error: FMatrix::InverseFast(), trying to invert a NIL matrix, this results in NaNs! Use Inverse() instead.
[2017.04.08-13.13.48:487][ 17]LogUnrealMath:Error: FMatrix::InverseFast(), trying to invert a NIL matrix, this results in NaNs! Use Inverse() instead.
[2017.04.08-13.13.48:503][ 18]LogUnrealMath:Error: FMatrix::InverseFast(), trying to invert a NIL matrix, this results in NaNs! Use Inverse() instead.
[2017.04.08-13.13.48:518][ 19]LogUnrealMath:Error: FMatrix::InverseFast(), trying to invert a NIL matrix, this results in NaNs! Use Inverse() instead.
[2017.04.08-13.13.48:538][ 20]LogUnrealMath:Error: FMatrix::InverseFast(), trying to invert a NIL matrix, this results in NaNs! Use Inverse() instead.
[2017.04.08-13.13.48:553][ 21]LogUnrealMath:Error: FMatrix::InverseFast(), trying to invert a NIL matrix, this results in NaNs! Use Inverse() instead.
[2017.04.08-13.13.48:567][ 23]LogUnrealMath:Error: FMatrix::InverseFast(), trying to invert a NIL matrix, this results in NaNs! Use Inverse() instead.
[2017.04.08-13.13.48:584][ 23]LogUnrealMath:Error: FMatrix::InverseFast(), trying to invert a NIL matrix, this results in NaNs! Use Inverse() instead.
[2017.04.08-13.13.48:600][ 24]LogUnrealMath:Error: FMatrix::InverseFast(), trying to invert a NIL matrix, this results in NaNs! Use Inverse() instead.
[2017.04.08-13.13.48:615][ 25]LogUnrealMath:Error: FMatrix::InverseFast(), trying to invert a NIL matrix, this results in NaNs! Use Inverse() instead.
[2017.04.08-13.13.48:632][ 26]LogUnrealMath:Error: FMatrix::InverseFast(), trying to invert a NIL matrix, this results in NaNs! Use Inverse() instead.
[2017.04.08-13.13.48:648][ 28]LogUnrealMath:Error: FMatrix::InverseFast(), trying to invert a NIL matrix, this results in NaNs! Use Inverse() instead.
[2017.04.08-13.13.48:664][ 28]LogUnrealMath:Error: FMatrix::InverseFast(), trying to invert a NIL matrix, this results in NaNs! Use Inverse() instead.
[2017.04.08-13.13.48:681][ 29]LogUnrealMath:Error: FMatrix::InverseFast(), trying to invert a NIL matrix, this results in NaNs! Use Inverse() instead.
[2017.04.08-13.13.48:696][ 30]LogUnrealMath:Error: FMatrix::InverseFast(), trying to invert a NIL matrix, this results in NaNs! Use Inverse() instead.
[2017.04.08-13.13.48:712][ 31]LogUnrealMath:Error: FMatrix::InverseFast(), trying to invert a NIL matrix, this results in NaNs! Use Inverse() instead.
[2017.04.08-13.13.48:728][ 32]LogUnrealMath:Error: FMatrix::InverseFast(), trying to invert a NIL matrix, this results in NaNs! Use Inverse() instead.
[2017.04.08-13.13.48:744][ 33]LogUnrealMath:Error: FMatrix::InverseFast(), trying to invert a NIL matrix, this results in NaNs! Use Inverse() instead.
[2017.04.08-13.13.48:760][ 34]LogUnrealMath:Error: FMatrix::InverseFast(), trying to invert a NIL matrix, this results in NaNs! Use Inverse() instead.
[2017.04.08-13.13.48:776][ 35]LogUnrealMath:Error: FMatrix::InverseFast(), trying to invert a NIL matrix, this results in NaNs! Use Inverse() instead.
[2017.04.08-13.13.48:793][ 36]LogUnrealMath:Error: FMatrix::InverseFast(), trying to invert a NIL matrix, this results in NaNs! Use Inverse() instead.
[2017.04.08-13.13.48:809][ 37]LogUnrealMath:Error: FMatrix::InverseFast(), trying to invert a NIL matrix, this results in NaNs! Use Inverse() instead.
[2017.04.08-13.13.48:825][ 39]LogUnrealMath:Error: FMatrix::InverseFast(), trying to invert a NIL matrix, this results in NaNs! Use Inverse() instead.
[2017.04.08-13.13.48:842][ 40]LogUnrealMath:Error: FMatrix::InverseFast(), trying to invert a NIL matrix, this results in NaNs! Use Inverse() instead.
[2017.04.08-13.13.48:857][ 40]LogUnrealMath:Error: FMatrix::InverseFast(), trying to invert a NIL matrix, this results in NaNs! Use Inverse() instead.
[2017.04.08-13.13.48:874][ 41]LogUnrealMath:Error: FMatrix::InverseFast(), trying to invert a NIL matrix, this results in NaNs! Use Inverse() instead.
[2017.04.08-13.13.48:890][ 42]LogUnrealMath:Error: FMatrix::InverseFast(), trying to invert a NIL matrix, this results in NaNs! Use Inverse() instead.
[2017.04.08-13.13.48:906][ 43]LogUnrealMath:Error: FMatrix::InverseFast(), trying to invert a NIL matrix, this results in NaNs! Use Inverse() instead.
[2017.04.08-13.13.48:922][ 44]LogUnrealMath:Error: FMatrix::InverseFast(), trying to invert a NIL matrix, this results in NaNs! Use Inverse() instead.
[2017.04.08-13.13.48:938][ 45]LogUnrealMath:Error: FMatrix::InverseFast(), trying to invert a NIL matrix, this results in NaNs! Use Inverse() instead.
[2017.04.08-13.13.48:955][ 46]LogUnrealMath:Error: FMatrix::InverseFast(), trying to invert a NIL matrix, this results in NaNs! Use Inverse() instead.
[2017.04.08-13.13.48:971][ 47]LogUnrealMath:Error: FMatrix::InverseFast(), trying to invert a NIL matrix, this results in NaNs! Use Inverse() instead.
[2017.04.08-13.13.48:986][ 48]LogUnrealMath:Error: FMatrix::InverseFast(), trying to invert a NIL matrix, this results in NaNs! Use Inverse() instead.
[2017.04.08-13.13.49:003][ 49]LogUnrealMath:Error: FMatrix::InverseFast(), trying to invert a NIL matrix, this results in NaNs! Use Inverse() instead.
[2017.04.08-13.13.49:019][ 50]LogUnrealMath:Error: FMatrix::InverseFast(), trying to invert a NIL matrix, this results in NaNs! Use Inverse() instead.
[2017.04.08-13.13.49:036][ 51]LogUnrealMath:Error: FMatrix::InverseFast(), trying to invert a NIL matrix, this results in NaNs! Use Inverse() instead.
[2017.04.08-13.13.49:051][ 52]LogUnrealMath:Error: FMatrix::InverseFast(), trying to invert a NIL matrix, this results in NaNs! Use Inverse() instead.
[2017.04.08-13.13.49:067][ 53]LogUnrealMath:Error: FMatrix::InverseFast(), trying to invert a NIL matrix, this results in NaNs! Use Inverse() instead.
[2017.04.08-13.13.49:084][ 54]LogUnrealMath:Error: FMatrix::InverseFast(), trying to invert a NIL matrix, this results in NaNs! Use Inverse() instead.
[2017.04.08-13.13.49:100][ 55]LogUnrealMath:Error: FMatrix::InverseFast(), trying to invert a NIL matrix, this results in NaNs! Use Inverse() instead.
[2017.04.08-13.13.49:116][ 56]LogUnrealMath:Error: FMatrix::InverseFast(), trying to invert a NIL matrix, this results in NaNs! Use Inverse() instead.
[2017.04.08-13.13.49:132][ 57]LogUnrealMath:Error: FMatrix::InverseFast(), trying to invert a NIL matrix, this results in NaNs! Use Inverse() instead.
[2017.04.08-13.13.49:150][ 58]LogUnrealMath:Error: FMatrix::InverseFast(), trying to invert a NIL matrix, this results in NaNs! Use Inverse() instead.
[2017.04.08-13.13.49:165][ 59]LogUnrealMath:Error: FMatrix::InverseFast(), trying to invert a NIL matrix, this results in NaNs! Use Inverse() instead.
[2017.04.08-13.13.49:180][ 60]LogUnrealMath:Error: FMatrix::InverseFast(), trying to invert a NIL matrix, this results in NaNs! Use Inverse() instead.
[2017.04.08-13.13.49:196][ 61]LogUnrealMath:Error: FMatrix::InverseFast(), trying to invert a NIL matrix, this results in NaNs! Use Inverse() instead.
[2017.04.08-13.13.49:213][ 63]LogUnrealMath:Error: FMatrix::InverseFast(), trying to invert a NIL matrix, this results in NaNs! Use Inverse() instead.
[2017.04.08-13.13.49:229][ 63]LogUnrealMath:Error: FMatrix::InverseFast(), trying to invert a NIL matrix, this results in NaNs! Use Inverse() instead.
[2017.04.08-13.13.49:245][ 64]LogUnrealMath:Error: FMatrix::InverseFast(), trying to invert a NIL matrix, this results in NaNs! Use Inverse() instead.
[2017.04.08-13.13.49:261][ 65]LogUnrealMath:Error: FMatrix::InverseFast(), trying to invert a NIL matrix, this results in NaNs! Use Inverse() instead.
[2017.04.08-13.13.49:277][ 66]LogUnrealMath:Error: FMatrix::InverseFast(), trying to invert a NIL matrix, this results in NaNs! Use Inverse() instead.
[2017.04.08-13.13.49:293][ 67]LogUnrealMath:Error: FMatrix::InverseFast(), trying to invert a NIL matrix, this results in NaNs! Use Inverse() instead.
[2017.04.08-13.13.49:309][ 68]LogUnrealMath:Error: FMatrix::InverseFast(), trying to invert a NIL matrix, this results in NaNs! Use Inverse() instead.
[2017.04.08-13.13.49:326][ 70]LogUnrealMath:Error: FMatrix::InverseFast(), trying to invert a NIL matrix, this results in NaNs! Use Inverse() instead.
[2017.04.08-13.13.49:341][ 70]LogUnrealMath:Error: FMatrix::InverseFast(), trying to invert a NIL matrix, this results in NaNs! Use Inverse() instead.
[2017.04.08-13.13.49:357][ 71]LogUnrealMath:Error: FMatrix::InverseFast(), trying to invert a NIL matrix, this results in NaNs! Use Inverse() instead.
[2017.04.08-13.13.49:373][ 72]LogUnrealMath:Error: FMatrix::InverseFast(), trying to invert a NIL matrix, this results in NaNs! Use Inverse() instead.
[2017.04.08-13.13.49:389][ 73]LogUnrealMath:Error: FMatrix::InverseFast(), trying to invert a NIL matrix, this results in NaNs! Use Inverse() instead.
[2017.04.08-13.13.49:405][ 74]LogUnrealMath:Error: FMatrix::InverseFast(), trying to invert a NIL matrix, this results in NaNs! Use Inverse() instead.
[2017.04.08-13.13.49:421][ 75]LogUnrealMath:Error: FMatrix::InverseFast(), trying to invert a NIL matrix, this results in NaNs! Use Inverse() instead.
[2017.04.08-13.13.49:438][ 76]LogUnrealMath:Error: FMatrix::InverseFast(), trying to invert a NIL matrix, this results in NaNs! Use Inverse() instead.
[2017.04.08-13.13.49:454][ 77]LogUnrealMath:Error: FMatrix::InverseFast(), trying to invert a NIL matrix, this results in NaNs! Use Inverse() instead.
[2017.04.08-13.13.49:474][ 78]LogUnrealMath:Error: FMatrix::InverseFast(), trying to invert a NIL matrix, this results in NaNs! Use Inverse() instead.
[2017.04.08-13.13.49:487][ 79]LogUnrealMath:Error: FMatrix::InverseFast(), trying to invert a NIL matrix, this results in NaNs! Use Inverse() instead.
[2017.04.08-13.13.49:504][ 81]LogUnrealMath:Error: FMatrix::InverseFast(), trying to invert a NIL matrix, this results in NaNs! Use Inverse() instead.
[2017.04.08-13.13.49:519][ 81]LogUnrealMath:Error: FMatrix::InverseFast(), trying to invert a NIL matrix, this results in NaNs! Use Inverse() instead.
[2017.04.08-13.13.49:535][ 82]LogUnrealMath:Error: FMatrix::InverseFast(), trying to invert a NIL matrix, this results in NaNs! Use Inverse() instead.
[2017.04.08-13.13.49:552][ 84]LogUnrealMath:Error: FMatrix::InverseFast(), trying to invert a NIL matrix, this results in NaNs! Use Inverse() instead.
[2017.04.08-13.13.49:567][ 84]LogUnrealMath:Error: FMatrix::InverseFast(), trying to invert a NIL matrix, this results in NaNs! Use Inverse() instead.
[2017.04.08-13.13.49:584][ 85]LogNetVersion: GetLocalNetworkVersion: CL: 3195953, ProjectName: purgastory, ProjectVersion: 1.0.0.0, EngineNetworkVersion: 2, GameNetworkVersion: 0, NetworkChecksum: 3808236973
[2017.04.08-13.13.49:588][ 85]LogUnrealMath:Error: FMatrix::InverseFast(), trying to invert a NIL matrix, this results in NaNs! Use Inverse() instead.
[2017.04.08-13.13.49:620][ 87]LogUnrealMath:Error: FMatrix::InverseFast(), trying to invert a NIL matrix, this results in NaNs! Use Inverse() instead.
[2017.04.08-13.13.49:620][ 87]LogUnrealMath:Error: FMatrix::InverseFast(), trying to invert a NIL matrix, this results in NaNs! Use Inverse() instead.
[2017.04.08-13.13.49:636][ 88]LogUnrealMath:Error: FMatrix::InverseFast(), trying to invert a NIL matrix, this results in NaNs! Use Inverse() instead.
[2017.04.08-13.13.49:652][ 89]LogUnrealMath:Error: FMatrix::InverseFast(), trying to invert a NIL matrix, this results in NaNs! Use Inverse() instead.
[2017.04.08-13.13.49:668][ 90]LogUnrealMath:Error: FMatrix::InverseFast(), trying to invert a NIL matrix, this results in NaNs! Use Inverse() instead.
[2017.04.08-13.13.49:685][ 91]LogUnrealMath:Error: FMatrix::InverseFast(), trying to invert a NIL matrix, this results in NaNs! Use Inverse() instead.
[2017.04.08-13.13.49:701][ 92]LogUnrealMath:Error: FMatrix::InverseFast(), trying to invert a NIL matrix, this results in NaNs! Use Inverse() instead.
[2017.04.08-13.13.49:717][ 93]LogUnrealMath:Error: FMatrix::InverseFast(), trying to invert a NIL matrix, this results in NaNs! Use Inverse() instead.
[2017.04.08-13.13.49:734][ 95]LogUnrealMath:Error: FMatrix::InverseFast(), trying to invert a NIL matrix, this results in NaNs! Use Inverse() instead.
[2017.04.08-13.13.49:749][ 95]LogUnrealMath:Error: FMatrix::InverseFast(), trying to invert a NIL matrix, this results in NaNs! Use Inverse() instead.
[2017.04.08-13.13.49:766][ 97]LogUnrealMath:Error: FMatrix::InverseFast(), trying to invert a NIL matrix, this results in NaNs! Use Inverse() instead.
[2017.04.08-13.13.49:782][ 98]LogUnrealMath:Error: FMatrix::InverseFast(), trying to invert a NIL matrix, this results in NaNs! Use Inverse() instead.
[2017.04.08-13.13.49:797][ 98]LogUnrealMath:Error: FMatrix::InverseFast(), trying to invert a NIL matrix, this results in NaNs! Use Inverse() instead.
[2017.04.08-13.13.49:813][ 99]LogUnrealMath:Error: FMatrix::InverseFast(), trying to invert a NIL matrix, this results in NaNs! Use Inverse() instead.
[2017.04.08-13.13.49:831][101]LogUnrealMath:Error: FMatrix::InverseFast(), trying to invert a NIL matrix, this results in NaNs! Use Inverse() instead.
[2017.04.08-13.13.49:846][102]LogUnrealMath:Error: FMatrix::InverseFast(), trying to invert a NIL matrix, this results in NaNs! Use Inverse() instead.
[2017.04.08-13.13.49:862][102]LogUnrealMath:Error: FMatrix::InverseFast(), trying to invert a NIL matrix, this results in NaNs! Use Inverse() instead.
[2017.04.08-13.13.51:725][103]LogPackageName:Warning: Found ambiguous long package name for 'Purgastory_Level.umap'. Returning '/Game/Multiplayer/Maps/Purgastory_Level', but could also be '/Game/StarterContent/Maps/Purgastory_Level'.
[2017.04.08-13.13.51:725][103]LogPackageName: SearchForPackageOnDisk took   0.225s to resolve Purgastory_Level.umap.
[2017.04.08-13.13.51:726][103]LogGameMode:Display: Match State Changed from InProgress to LeavingMap
[2017.04.08-13.13.51:726][103]LogGameState: Match State Changed from InProgress to LeavingMap
[2017.04.08-13.13.52:048][103]LogPackageName:Warning: Found ambiguous long package name for 'Purgastory_Level.umap'. Returning '/Game/Multiplayer/Maps/Purgastory_Level', but could also be '/Game/StarterContent/Maps/Purgastory_Level'.
[2017.04.08-13.13.52:048][103]LogPackageName: SearchForPackageOnDisk took   0.321s to resolve Purgastory_Level.umap.
[2017.04.08-13.13.52:049][103]LogNet: Browse: /Game/Multiplayer/Maps/Purgastory_Level?listen
[2017.04.08-13.13.52:049][103]LogLoad: LoadMap: /Game/Multiplayer/Maps/Purgastory_Level?listen
[2017.04.08-13.13.52:052][103]LogUnrealMath:Error: FMatrix::InverseFast(), trying to invert a NIL matrix, this results in NaNs! Use Inverse() instead.
[2017.04.08-13.13.52:310][103]LogMemory: Platform Memory Stats for Windows
[2017.04.08-13.13.52:310][103]LogMemory: Process Physical Memory: 1156.47 MB used, 1532.15 MB peak
[2017.04.08-13.13.52:310][103]LogMemory: Process Virtual Memory: 1537.94 MB used, 1798.54 MB peak
[2017.04.08-13.13.52:310][103]LogMemory: Physical Memory: 7445.99 MB used,  4730.90 MB free, 12176.89 MB total
[2017.04.08-13.13.52:310][103]LogMemory: Virtual Memory: 2302.72 MB used,  4730.90 MB free, 134217728.00 MB total
[2017.04.08-13.13.52:310][103]LogMemory: 
[2017.04.08-13.13.52:310][103]Allocator Stats for TBB: (not implemented)
[2017.04.08-13.13.55:112][103]LogBlueprint:Warning: [BP_Seeker] 'HidingTimeLeft' variable not found. Base class was probably changed.
[2017.04.08-13.13.58:261][103]LogLinker:Warning: Asset '../../../../../PurgaStory_v3/Content/Materials/PP_Outliner_M.uasset' has been saved with empty engine version. The asset will be loaded but may be incompatible.
[2017.04.08-13.13.58:268][103]LogLinker:Warning: Can't find file '/Game/Materials/_Base_Mat/M_Textures/T_DefaultNoise_N'
[2017.04.08-13.13.58:268][103]LoadErrors: Info Failed to load /Game/Materials/_Base_Mat/M_Textures/T_DefaultNoise_N.T_DefaultNoise_N Referenced by MI_Rubber_Black_001_a
[2017.04.08-13.13.58:268][103]LogUObjectGlobals:Warning: Failed to load '/Game/Materials/_Base_Mat/M_Textures/T_DefaultNoise_N': Can't find file '/Game/Materials/_Base_Mat/M_Textures/T_DefaultNoise_N'
[2017.04.08-13.13.58:268][103]LogLinker:Warning: Can't find file for asset '/Game/Materials/_Base_Mat/M_Textures/T_DefaultNoise_N' while loading NULL.
[2017.04.08-13.13.58:268][103]LoadErrors: Info Failed to load /Game/Materials/_Base_Mat/M_Textures/T_DefaultNoise_N.T_DefaultNoise_N Referenced by MI_Rubber_Black_001_a
[2017.04.08-13.13.58:269][103]LogUObjectGlobals:Warning: Failed to load '/Game/Materials/_Base_Mat/M_Textures/T_DefaultNoise_N': Can't find file for asset '/Game/Materials/_Base_Mat/M_Textures/T_DefaultNoise_N' while loading NULL.
[2017.04.08-13.13.58:777][103]LogLinker:Warning: Can't find file '/Game/Materials/_Base_Mat/M_Textures/white'
[2017.04.08-13.13.58:777][103]LoadErrors: Info Failed to load /Game/Materials/_Base_Mat/M_Textures/white.white Referenced by MaterialExpressionTextureObjectParameter_3
[2017.04.08-13.13.58:777][103]LogUObjectGlobals:Warning: Failed to load '/Game/Materials/_Base_Mat/M_Textures/white': Can't find file '/Game/Materials/_Base_Mat/M_Textures/white'
[2017.04.08-13.13.58:778][103]LogLinker:Warning: Can't find file for asset '/Game/Materials/_Base_Mat/M_Textures/white' while loading NULL.
[2017.04.08-13.13.58:778][103]LoadErrors: Info Failed to load /Game/Materials/_Base_Mat/M_Textures/white.white Referenced by MaterialExpressionTextureObjectParameter_3
[2017.04.08-13.13.58:778][103]LogUObjectGlobals:Warning: Failed to load '/Game/Materials/_Base_Mat/M_Textures/white': Can't find file for asset '/Game/Materials/_Base_Mat/M_Textures/white' while loading NULL.
[2017.04.08-13.13.58:778][103]LogLinker:Warning: Can't find file '/Game/Materials/_Base_Mat/M_Textures/white'
[2017.04.08-13.13.58:778][103]LoadErrors: Info Failed to load /Game/Materials/_Base_Mat/M_Textures/white.white Referenced by MaterialExpressionTextureSampleParameter2D_6
[2017.04.08-13.13.58:778][103]LogUObjectGlobals:Warning: Failed to load '/Game/Materials/_Base_Mat/M_Textures/white': Can't find file '/Game/Materials/_Base_Mat/M_Textures/white'
[2017.04.08-13.13.58:779][103]LogLinker:Warning: Can't find file for asset '/Game/Materials/_Base_Mat/M_Textures/white' while loading NULL.
[2017.04.08-13.13.58:779][103]LoadErrors: Info Failed to load /Game/Materials/_Base_Mat/M_Textures/white.white Referenced by MaterialExpressionTextureSampleParameter2D_6
[2017.04.08-13.13.58:779][103]LogUObjectGlobals:Warning: Failed to load '/Game/Materials/_Base_Mat/M_Textures/white': Can't find file for asset '/Game/Materials/_Base_Mat/M_Textures/white' while loading NULL.
[2017.04.08-13.13.58:781][103]LogLinker:Warning: Asset '../../../../../PurgaStory_v3/Content/Materials/MF_ConvolveTexture.uasset' has been saved with empty engine version. The asset will be loaded but may be incompatible.
[2017.04.08-13.13.58:789][103]LogLinker:Warning: Asset '../../../../../PurgaStory_v3/Content/Materials/MF_SampleSceneTextureNeighbourUVs.uasset' has been saved with empty engine version. The asset will be loaded but may be incompatible.
[2017.04.08-13.13.58:795][103]LogLinker:Warning: Asset '../../../../../PurgaStory_v3/Content/Materials/MF_ExtractDepth.uasset' has been saved with empty engine version. The asset will be loaded but may be incompatible.
[2017.04.08-13.13.59:326][103]LogMaterial: Uniform references updated for custom material expression Custom.
[2017.04.08-13.13.59:328][103]LogMaterial: Uniform references updated for custom material expression TemporalAA SampleID.
[2017.04.08-13.14.01:161][103]LogMaterial: Missing cached shader map for material M_Prototyper_2, compiling. 
[2017.04.08-13.14.01:167][103]LogMaterial:Warning: Failed to compile Material /Game/Materials/_Base_Mat/M_Prototyper_2.M_Prototyper_2 for platform PCD3D_SM5, Default Material will be used in game.
[2017.04.08-13.14.01:167][103]LogMaterial:Warning: 	(Node TextureObjectParameter) Param Tex Object> Requires valid texture
[2017.04.08-13.14.01:174][103]LogMaterial: Missing cached shader map for material M_Prototyper_2, compiling. 
[2017.04.08-13.14.01:181][103]LogMaterial:Warning: Failed to compile Material Instance /Game/Materials/Solids/Dual_Color/MI_Black_White.MI_Black_White with Base M_Prototyper_2 for platform PCD3D_SM5, Default Material will be used in game.
[2017.04.08-13.14.01:181][103]LogMaterial:Warning: 	(Node TextureObjectParameter) Param Tex Object> Requires valid texture
[2017.04.08-13.14.02:587][103]LogAIModule: Creating AISystem for world Purgastory_Level
[2017.04.08-13.14.02:588][103]LogLoad: Game class is 'MP_GM_C'
[2017.04.08-13.14.02:591][103]LogNet:Display: SteamNetDriver_0 bound to port 7777
[2017.04.08-13.14.02:591][103]PacketHandlerLog: Loaded PacketHandler component: Engine.EngineHandlerComponentFactory (StatelessConnectHandlerComponent)
[2017.04.08-13.14.02:591][103]LogNet: GameNetDriver SteamNetDriver_0 IpNetDriver listening on port 7777
[2017.04.08-13.14.02:695][103]LogPhysics:Error: PHYSX: (D:\Build\++UE4+Release-4.14+PhysX_Compile\Sync\Engine\Source\ThirdParty\PhysX\PhysX_3.4\Source\PhysX\src\NpMaterial.cpp 143) eINVALID_PARAMETER : PxMaterial::setRestitution: Invalid value 1.150000 was clamped to [0,1]!
[2017.04.08-13.14.03:144][103]LogWorld: Bringing World /Game/Multiplayer/Maps/Purgastory_Level.Purgastory_Level up for play (max tick rate 0) at 2017.04.08-21.14.03
[2017.04.08-13.14.03:425][103]LogWorld: Bringing up level for play took: 0.829890
[2017.04.08-13.14.03:431][103]LogBlueprintUserMessages: [MP_GM_C_0] Respawning new player
[2017.04.08-13.14.03:431][103]LogScript:Warning: Accessed None trying to read property CallFunc_K2_GetPawn_ReturnValue
	MP_GM_C /Game/Multiplayer/Maps/Purgastory_Level.Purgastory_Level:PersistentLevel.MP_GM_C_0
	Function /Game/Multiplayer/Blueprints/MP_GM.MP_GM_C:ExecuteUbergraph_MP_GM:0F31
[2017.04.08-13.14.03:431][103]LogScript:Warning: Script call stack:
	Function /Game/Multiplayer/Blueprints/MP_GM.MP_GM_C:K2_PostLogin
	Function /Game/Multiplayer/Blueprints/MP_GM.MP_GM_C:ExecuteUbergraph_MP_GM
	Function /Game/Multiplayer/Blueprints/MP_GM.MP_GM_C:RespawnPlayerEvent
	Function /Game/Multiplayer/Blueprints/MP_GM.MP_GM_C:ExecuteUbergraph_MP_GM

[2017.04.08-13.14.03:431][103]LogBlueprintUserMessages: [MP_GM_C_0] 257 Actor has been destroyed
[2017.04.08-13.14.03:457][103]LogGameMode:Display: Match State Changed from EnteringMap to WaitingToStart
[2017.04.08-13.14.03:457][103]LogGameState: Match State Changed from EnteringMap to WaitingToStart
[2017.04.08-13.14.03:457][103]LogGameMode:Display: Match State Changed from WaitingToStart to InProgress
[2017.04.08-13.14.03:460][103]LogScriptCore:Warning: Script Msg: Attempted to access index 0 from array CallFunc_GetAllActorsOfClass_OutActors of length 0!
[2017.04.08-13.14.03:460][103]LogScript:Warning: Accessed None trying to read property HiderRef
	GS_MP_C /Game/Multiplayer/Maps/Purgastory_Level.Purgastory_Level:PersistentLevel.GS_MP_C_0
	Function /Game/Multiplayer/Blueprints/GS_MP.GS_MP_C:ExecuteUbergraph_GS_MP:090A
[2017.04.08-13.14.03:460][103]LogScript:Warning: Script call stack:
	Function /Game/Multiplayer/Blueprints/GS_MP.GS_MP_C:ReceiveBeginPlay
	Function /Game/Multiplayer/Blueprints/GS_MP.GS_MP_C:ExecuteUbergraph_GS_MP

[2017.04.08-13.14.03:461][103]LogBlueprintUserMessages: [BP_Seeker_C_0] MAKE WAIT SCREEN
[2017.04.08-13.14.03:474][103]LogGameState: Match State Changed from WaitingToStart to InProgress
[2017.04.08-13.14.03:489][103]LogLoad: Took 11.440354 seconds to LoadMap(/Game/Multiplayer/Maps/Purgastory_Level)
[2017.04.08-13.14.03:668][103]LogUnrealMath:Error: FMatrix::InverseFast(), trying to invert a NIL matrix, this results in NaNs! Use Inverse() instead.
[2017.04.08-13.14.05:607][104]LogUnrealMath:Error: FMatrix::InverseFast(), trying to invert a NIL matrix, this results in NaNs! Use Inverse() instead.
[2017.04.08-13.14.05:739][104]LogWindowsTextInputMethodSystem:Display: IME system now deactivated.
[2017.04.08-13.14.05:754][104]LogEngine: All Windows Closed
[2017.04.08-13.14.05:754][104]LogWindows: FPlatformMisc::RequestExit(0)
[2017.04.08-13.14.05:758][105]LogMoviePlayer: Shutting down movie player
[2017.04.08-13.14.05:997][105]LogNet: World NetDriver shutdown SteamNetDriver_0 [GameNetDriver]
[2017.04.08-13.14.05:997][105]LogNet: DestroyNamedNetDriver SteamNetDriver_0 [GameNetDriver]
[2017.04.08-13.14.05:997][105]LogExit: GameNetDriver SteamNetDriver_0 shut down
[2017.04.08-13.14.06:031][105]LogExit: Preparing to exit.
[2017.04.08-13.14.07:292][105]LogExit: Game engine shut down
[2017.04.08-13.14.07:825][105]LogObj: Freed 0b from 0 cluster array pools.
[2017.04.08-13.14.07:825][105]LogExit: Object subsystem successfully closed.
[2017.04.08-13.14.07:864][105]LogD3D11RHI: Shutdown
[2017.04.08-13.14.07:864][105]LogD3D11RHI: CleanupD3DDevice
[2017.04.08-13.14.08:325][105]LogD3D11RHI: ~FD3D11DynamicRHI
[2017.04.08-13.14.08:357][105]LogModuleManager: Shutting down and abandoning module SequenceRecorderSections (127)
[2017.04.08-13.14.08:357][105]LogModuleManager: Shutting down and abandoning module SequenceRecorder (126)
[2017.04.08-13.14.08:357][105]LogModuleManager: Shutting down and abandoning module AutomationController (125)
[2017.04.08-13.14.08:357][105]LogModuleManager: Shutting down and abandoning module AutomationWorker (124)
[2017.04.08-13.14.08:357][105]LogModuleManager: Shutting down and abandoning module GameplayDebugger (123)
[2017.04.08-13.14.08:357][105]LogModuleManager: Shutting down and abandoning module AITestSuite (122)
[2017.04.08-13.14.08:357][105]LogModuleManager: Shutting down and abandoning module AIModule (121)
[2017.04.08-13.14.08:357][105]LogModuleManager: Shutting down and abandoning module WmfMediaFactory (120)
[2017.04.08-13.14.08:357][105]LogModuleManager: Shutting down and abandoning module AvfMediaFactory (119)
[2017.04.08-13.14.08:357][105]LogModuleManager: Shutting down and abandoning module Media (118)
[2017.04.08-13.14.08:357][105]LogModuleManager: Shutting down and abandoning module AndroidMediaFactory (117)
[2017.04.08-13.14.08:357][105]LogModuleManager: Shutting down and abandoning module CharacterAI (116)
[2017.04.08-13.14.08:357][105]LogModuleManager: Shutting down and abandoning module SessionServices (115)
[2017.04.08-13.14.08:357][105]LogModuleManager: Shutting down and abandoning module MovieSceneCapture (114)
[2017.04.08-13.14.08:358][105]LogModuleManager: Shutting down and abandoning module GeometryCacheEd (113)
[2017.04.08-13.14.08:358][105]LogModuleManager: Shutting down and abandoning module GeometryCache (112)
[2017.04.08-13.14.08:358][105]LogModuleManager: Shutting down and abandoning module Niagara (111)
[2017.04.08-13.14.08:358][105]LogModuleManager: Shutting down and abandoning module StreamingPauseRendering (110)
[2017.04.08-13.14.08:358][105]LogModuleManager: Shutting down and abandoning module PortalServices (109)
[2017.04.08-13.14.08:358][105]LogModuleManager: Shutting down and abandoning module PortalRpc (108)
[2017.04.08-13.14.08:358][105]LogModuleManager: Shutting down and abandoning module MessagingRpc (107)
[2017.04.08-13.14.08:358][105]LogModuleManager: Shutting down and abandoning module ProfilerService (106)
[2017.04.08-13.14.08:520][105]LogModuleManager: Shutting down and abandoning module TaskGraph (105)
[2017.04.08-13.14.08:520][105]LogModuleManager: Shutting down and abandoning module SlateRemote (104)
[2017.04.08-13.14.08:520][105]LogModuleManager: Shutting down and abandoning module SteamVRController (103)
[2017.04.08-13.14.08:520][105]LogModuleManager: Shutting down and abandoning module SteamVR (102)
[2017.04.08-13.14.08:520][105]LogModuleManager: Shutting down and abandoning module ProceduralMeshComponent (101)
[2017.04.08-13.14.08:520][105]LogModuleManager: Shutting down and abandoning module OculusLibrary (100)
[2017.04.08-13.14.08:520][105]LogModuleManager: Shutting down and abandoning module OculusInput (99)
[2017.04.08-13.14.08:520][105]LogModuleManager: Shutting down and abandoning module MobilePatchingUtils (98)
[2017.04.08-13.14.08:520][105]LogModuleManager: Shutting down and abandoning module CustomMeshComponent (97)
[2017.04.08-13.14.08:520][105]LogModuleManager: Shutting down and abandoning module CableComponent (96)
[2017.04.08-13.14.08:520][105]LogModuleManager: Shutting down and abandoning module ArchVisCharacter (95)
[2017.04.08-13.14.08:520][105]LogModuleManager: Shutting down and abandoning module HTML5Networking (93)
[2017.04.08-13.14.08:520][105]LogModuleManager: Shutting down and abandoning module DesktopPlatform (92)
[2017.04.08-13.14.08:520][105]LogModuleManager: Shutting down and abandoning module DirectoryWatcher (91)
[2017.04.08-13.14.08:520][105]LogModuleManager: Shutting down and abandoning module HotReload (90)
[2017.04.08-13.14.08:521][105]LogModuleManager: Shutting down and abandoning module VisualStudioSourceCodeAccess (89)
[2017.04.08-13.14.08:521][105]LogModuleManager: Shut